[    0s] Using BUILD_ROOT=/var/cache/obs/worker/root_9/.mount
[    0s] Using BUILD_ARCH=riscv64
[    0s] Doing kvm build in /var/cache/obs/worker/root_9/root
[    0s] 
[    0s] 
[    0s] sheep87 started "build meson.spec" at Mon Feb 27 12:03:42 UTC 2023.
[    0s] 
[    0s] Building meson:test for project 'openSUSE:Factory:RISCV' repository 'standard' arch 'riscv64' srcmd5 '790674923d7df2c53d230c064c1a40a1'
[    0s] 
[    0s] processing recipe /var/cache/obs/worker/root_9/.build-srcdir/meson.spec ...
[    0s] running changelog2spec --target rpm --file /var/cache/obs/worker/root_9/.build-srcdir/meson.spec
[    0s] init_buildsystem --configdir /var/run/obs/worker/9/build/configs --cachedir /var/cache/build --prepare --buildflavor test --clean --rpmlist /var/cache/obs/worker/root_9/.build.rpmlist /var/cache/obs/worker/root_9/.build-srcdir/meson.spec build ...
[    1s] cycle: rpm-config-SUSE -> rpm
[    1s]   breaking dependency rpm-config-SUSE -> rpm
[    2s] [1/34] preinstalling filesystem...
[    2s] [2/34] preinstalling permissions...
[    2s] [3/34] preinstalling glibc...
[    2s] [4/34] preinstalling diffutils...
[    2s] [5/34] preinstalling fillup...
[    2s] [6/34] preinstalling libacl1...
[    2s] [7/34] preinstalling libattr1...
[    2s] [8/34] preinstalling libbz2-1...
[    2s] [9/34] preinstalling libcap2...
[    2s] [10/34] preinstalling libgcc_s1...
[    2s] [11/34] preinstalling libgpg-error0...
[    2s] [12/34] preinstalling liblua5_4-5...
[    2s] [13/34] preinstalling liblzma5...
[    2s] [14/34] preinstalling libpcre2-8-0...
[    2s] [15/34] preinstalling libpopt0...
[    2s] [16/34] preinstalling libz1...
[    2s] [17/34] preinstalling libzstd1...
[    2s] [18/34] preinstalling attr...
[    2s] [19/34] preinstalling libelf1...
[    2s] [20/34] preinstalling libgcrypt20...
[    2s] [21/34] preinstalling libncurses6...
[    2s] [22/34] preinstalling libselinux1...
[    2s] [23/34] preinstalling libreadline8...
[    2s] [24/34] preinstalling sed...
[    2s] [25/34] preinstalling tar...
[    2s] [26/34] preinstalling bash...
[    2s] [27/34] preinstalling bash-sh...
[    2s] [28/34] preinstalling grep...
[    2s] [29/34] preinstalling qemu-linux-user...
[    3s] [30/34] preinstalling pam...
[    3s] [31/34] preinstalling coreutils...
[    3s] [32/34] preinstalling aaa_base...
[    3s] [33/34] preinstalling rpm-config-SUSE...
[    3s] [34/34] preinstalling rpm...
[    3s] 
[    3s] [1/9] preinstalling kernel-obs-build...
[    3s] [2/9] preinstalling libblkid1...
[    3s] [3/9] preinstalling libcrypt1...
[    3s] [4/9] preinstalling libdb-4_8...
[    3s] [5/9] preinstalling libsmartcols1...
[    3s] [6/9] preinstalling libuuid1...
[    3s] [7/9] preinstalling libmount1...
[    3s] [8/9] preinstalling perl-base...
[    3s] [9/9] preinstalling util-linux...
[    3s] copying packages...
[    4s] reordering...cycle: libncurses6 -> terminfo-base
[    4s]   breaking dependency terminfo-base -> libncurses6
[    4s] cycle: python310-base -> libpython3_10-1_0
[    4s]   breaking dependency python310-base -> libpython3_10-1_0
[    4s] cycle: binutils -> libctf0
[    4s]   breaking dependency binutils -> libctf0
[    4s] cycle: gio-branding-upstream -> libgio-2_0-0
[    4s]   breaking dependency libgio-2_0-0 -> gio-branding-upstream
[    4s] cycle: libgio-2_0-0 -> glib2-tools
[    4s]   breaking dependency libgio-2_0-0 -> glib2-tools
[    4s] cycle: girepository-1_0 -> libgirepository-1_0-1
[    4s]   breaking dependency libgirepository-1_0-1 -> girepository-1_0
[    4s] cycle: Mesa-dri -> Mesa
[    4s]   breaking dependency Mesa -> Mesa-dri
[    4s] cycle: libglvnd -> Mesa-dri -> Mesa -> Mesa-libEGL1
[    4s]   breaking dependency Mesa -> Mesa-libEGL1
[    4s] cycle: Mesa -> Mesa-libGL1
[    4s]   breaking dependency Mesa-libGL1 -> Mesa
[    4s] cycle: libglvnd -> Mesa-dri -> Mesa -> Mesa-libGL1
[    4s]   breaking dependency Mesa-dri -> Mesa
[    4s] cycle: libfontconfig1 -> fontconfig
[    4s]   breaking dependency libfontconfig1 -> fontconfig
[    4s] cycle: llvm15-devel -> llvm15-polly-devel
[    4s]   breaking dependency llvm15-devel -> llvm15-polly-devel
[    4s] cycle: rpm -> rpm-config-SUSE
[    4s]   breaking dependency rpm -> rpm-config-SUSE
[    4s] cycle: gstreamer -> libgstreamer-1_0-0
[    4s]   breaking dependency gstreamer -> libgstreamer-1_0-0
[    4s] cycle: libgstallocators-1_0-0 -> gstreamer-plugins-base
[    4s]   breaking dependency gstreamer-plugins-base -> libgstallocators-1_0-0
[    4s] cycle: gstreamer-plugins-base -> libgstapp-1_0-0
[    4s]   breaking dependency gstreamer-plugins-base -> libgstapp-1_0-0
[    4s] cycle: gstreamer-plugins-base -> libgstaudio-1_0-0
[    4s]   breaking dependency gstreamer-plugins-base -> libgstaudio-1_0-0
[    4s] cycle: libgstallocators-1_0-0 -> gstreamer-plugins-base -> libgstgl-1_0-0
[    4s]   breaking dependency gstreamer-plugins-base -> libgstgl-1_0-0
[    4s] cycle: gstreamer-plugins-base -> libgstpbutils-1_0-0
[    4s]   breaking dependency gstreamer-plugins-base -> libgstpbutils-1_0-0
[    4s] cycle: gstreamer-plugins-base -> libgstriff-1_0-0
[    4s]   breaking dependency gstreamer-plugins-base -> libgstriff-1_0-0
[    4s] cycle: gstreamer-plugins-base -> libgsttag-1_0-0
[    4s]   breaking dependency gstreamer-plugins-base -> libgsttag-1_0-0
[    4s] cycle: gstreamer-plugins-base -> libgstvideo-1_0-0
[    4s]   breaking dependency gstreamer-plugins-base -> libgstvideo-1_0-0
[    4s] cycle: libsoftokn3 -> mozilla-nss
[    4s]   breaking dependency mozilla-nss -> libsoftokn3
[    4s] cycle: libgtk-2_0-0 -> gtk2-tools
[    4s]   breaking dependency libgtk-2_0-0 -> gtk2-tools
[    4s] cycle: libgtk-3-0 -> gtk3-tools
[    4s]   breaking dependency libgtk-3-0 -> gtk3-tools
[    4s] done
[    4s] Detected virtio-serial support
[    5s] booting kvm...
[    5s] ### VM INTERACTION START ###
[    5s] Using virtio-serial support
[    5s] /usr/bin/qemu-kvm -nodefaults -no-reboot -nographic -vga none -cpu host -M pc,accel=kvm,usb=off,dump-guest-core=off,vmport=off -sandbox on -bios /usr/share/qemu/qboot.rom -object rng-random,filename=/dev/hwrng,id=rng0 -device virtio-rng-pci,rng=rng0 -object iothread,id=io0 -runas qemu -net none -kernel /var/cache/obs/worker/root_9/.mount/boot/kernel -initrd /var/cache/obs/worker/root_9/.mount/boot/initrd -append root=/dev/disk/by-id/virtio-0 rootfstype=ext4 rootflags=noatime kvmclock mitigations=off elevator=noop nmi_watchdog=0 rw rd.driver.pre=binfmt_misc oops=panic panic=1 quiet console=hvc0 init=/.build/initvm.x86_64 -m 8192 -drive file=/var/cache/obs/worker/root_9/root,format=raw,if=none,id=disk,cache=unsafe,aio=io_uring -device virtio-blk-pci,iothread=io0,drive=disk,serial=0 -drive file=/var/cache/obs/worker/root_9/swap,format=raw,if=none,id=swap,cache=unsafe,aio=io_uring -device virtio-blk-pci,iothread=io0,drive=swap,serial=1 -device virtio-serial,max_ports=2 -device virtconsole,chardev=virtiocon0 -chardev stdio,id=virtiocon0 -chardev socket,id=monitor,server=on,wait=off,path=/var/cache/obs/worker/root_9/root.qemu/monitor -mon chardev=monitor,mode=readline -smp 6
[    8s] ### VM INTERACTION END ###
[    8s] 2nd stage started in virtual machine
[    8s] machine type: riscv64
[    8s] Linux version: 6.1.12-1-default #1 SMP PREEMPT_DYNAMIC Wed Feb 15 05:31:41 UTC 2023 (373f017)
[    8s] Increasing log level from now on...
[    8s] [    2.774305][  T385] sysrq: Changing Loglevel
[    8s] [    2.774486][  T385] sysrq: Loglevel set to 4
[    8s] Enable sysrq operations
[    8s] Setting up swapspace version 1, size = 2 GiB (2147479552 bytes)
[    8s] no label, UUID=a5832f4c-97cb-4c44-b1b1-3b31927b3798
[    8s] swapon: /dev/vdb: found signature [pagesize=4096, signature=swap]
[    8s] swapon: /dev/vdb: pagesize=4096, swapsize=2147483648, devsize=2147483648
[    8s] swapon /dev/vdb
[    9s] WARNING: udev not running, creating extra device nodes
[    9s] logging output to //.build.log...
[    9s] processing recipe /.build-srcdir/meson.spec ...
[    9s] init_buildsystem --configdir /.build/configs --cachedir /var/cache/build --buildflavor test /.build-srcdir/meson.spec build ...
[    9s] initializing rpm db...
[   10s] querying package ids...
[   34s] [1/640] cumulate Mesa-KHR-devel-22.3.5-350.1
[   34s] [2/640] cumulate boost-license1_81_0-1.81.0-1.1
[   34s] [3/640] cumulate compat-usrmerge-tools-84.87-5.1
[   34s] [4/640] cumulate crypto-policies-20210917.c9d86d1-1.1
[   34s] [5/640] cumulate dbus-1-common-1.14.6-1.1
[   34s] [6/640] cumulate dummy-release-15-5.1
[   34s] [7/640] cumulate file-magic-5.44-1.2
[   34s] [8/640] cumulate gettext-its-gtk3-3.24.35+10-1.1
[   34s] [9/640] cumulate gtk3-data-3.24.35+10-1.1
[   34s] [10/640] cumulate gtk3-schema-3.24.35+10-1.1
[   34s] [11/640] cumulate hicolor-icon-theme-0.17-4.1
[   34s] [12/640] cumulate javapackages-filesystem-6.1.0-2.1
[   34s] [13/640] cumulate kernel-obs-build-6.1.12-1.1
[   34s] [14/640] cumulate libX11-data-1.8.1-4.1
[   34s] [15/640] cumulate libicu72-ledata-72.1-1.1
[   34s] [16/640] cumulate libnl-config-3.7.0-1.1
[   34s] [17/640] cumulate libsemanage-conf-3.4-1.1
[   34s] [18/640] cumulate libssh-config-0.10.4-1.2
[   34s] [19/640] cumulate libthai-data-0.1.29-1.1
[   34s] [20/640] cumulate libwacom-data-2.5.0-1.1
[   34s] [21/640] cumulate pkgconf-m4-1.8.0-2.1
[   34s] [22/640] cumulate python-rpm-macros-20230128.e704796-1.2
[   34s] [23/640] cumulate rpmlint-strict-2.4.0+git20230214.1bab129-1.1
[   34s] [24/640] cumulate system-user-root-20190513-2.1
[   34s] [25/640] cumulate filesystem-84.87-12.1
[   34s] [26/640] cumulate javapackages-tools-6.1.0-2.1
[   34s] [27/640] cumulate glibc-2.37-1.1
[   34s] [28/640] cumulate Mesa-libglapi0-22.3.5-350.1
[   34s] [29/640] cumulate diffutils-3.9-1.1
[   34s] [30/640] cumulate fillup-1.42-279.1
[   34s] [31/640] cumulate libICE6-1.1.1-1.1
[   34s] [32/640] cumulate libXau6-1.0.11-1.1
[   34s] [33/640] cumulate libacl1-2.3.1-2.1
[   34s] [34/640] cumulate libalternatives1-1.2+3.b848aad-3.1
[   34s] [35/640] cumulate libasound2-1.2.8-1.1
[   34s] [36/640] cumulate libatomic1-13.0.1+git5428-6.1
[   34s] [37/640] cumulate libattr1-2.5.1-1.1
[   34s] [38/640] cumulate libaudit1-3.0.9-1.1
[   34s] [39/640] cumulate libavahi-common3-0.8-22.2
[   34s] [40/640] cumulate libblkid1-2.38.1-7.1
[   34s] [41/640] cumulate libbrotlicommon1-1.0.9-1.1
[   34s] [42/640] cumulate libbz2-1-1.0.8-4.1
[   34s] [43/640] cumulate libcap-ng0-0.8.3-1.1
[   34s] [44/640] cumulate libcap2-2.67-1.1
[   34s] [45/640] cumulate libcbor0_10-0.10.1-2.1
[   34s] [46/640] cumulate libcdda_interface0-3.10.2-28.2
[   34s] [47/640] cumulate libcom_err2-1.46.5-4.1
[   34s] [48/640] cumulate libcrypt1-4.4.33-1.1
[   34s] [49/640] cumulate libdatrie1-0.2.13-1.1
[   34s] [50/640] cumulate libdrm2-2.4.115-2.1
[   34s] [51/640] cumulate libeconf0-0.5.1-1.1
[   34s] [52/640] cumulate libepoxy0-1.5.10-2.1
[   34s] [53/640] cumulate libevdev2-1.13.0-1.1
[   34s] [54/640] cumulate libexpat1-2.5.0-2.1
[   34s] [55/640] cumulate libffi8-3.4.4-1.1
[   34s] [56/640] cumulate libfl2-2.6.4-6.1
[   34s] [57/640] cumulate libfreebl3-3.87-1.1
[   34s] [58/640] cumulate libfribidi0-1.0.12-1.1
[   34s] [59/640] cumulate libgcc_s1-13.0.1+git5428-6.1
[   34s] [60/640] cumulate libgdbm6-1.23-1.1
[   34s] [61/640] cumulate libgmp10-6.2.1-4.1
[   34s] [62/640] cumulate libgomp1-13.0.1+git5428-6.1
[   34s] [63/640] cumulate libgpg-error0-1.46-1.1
[   34s] [64/640] cumulate libgraphite2-3-1.3.14-3.1
[   34s] [65/640] cumulate libjbig2-2.1-4.1
[   34s] [66/640] cumulate libjitterentropy3-3.4.1-1.1
[   34s] [67/640] cumulate libjpeg8-8.2.2-73.1
[   34s] [68/640] cumulate libkeyutils1-1.6.3-5.1
[   34s] [69/640] cumulate liblcms2-2-2.14-3.3
[   34s] [70/640] cumulate libltdl7-2.4.7-3.2
[   34s] [71/640] cumulate liblua5_4-5-5.4.4-8.1
[   34s] [72/640] cumulate liblzma5-5.4.1-1.1
[   34s] [73/640] cumulate libmpdec3-2.5.1-2.1
[   34s] [74/640] cumulate libmspack0-0.11-1.1
[   34s] [75/640] cumulate libmtdev1-1.1.6-1.1
[   34s] [76/640] cumulate libnettle8-3.8.1-1.1
[   34s] [77/640] cumulate libnghttp2-14-1.51.0-7.2
[   34s] [78/640] cumulate libogg0-1.3.5-1.1
[   34s] [79/640] cumulate libopus0-1.3.1-3.2
[   34s] [80/640] cumulate liborc-0_4-0-0.4.33-1.1
[   34s] [81/640] cumulate libpcre2-16-0-10.42-3.2
[   34s] [82/640] cumulate libpcre2-32-0-10.42-3.2
[   34s] [83/640] cumulate libpcre2-8-0-10.42-3.2
[   34s] [84/640] cumulate libpcsclite1-1.9.9-1.1
[   34s] [85/640] cumulate libpixman-1-0-0.42.2-1.1
[   34s] [86/640] cumulate libpkgconf3-1.8.0-2.1
[   34s] [87/640] cumulate libpopt0-1.19-1.1
[   34s] [88/640] cumulate librhash0-1.4.3-1.1
[   34s] [89/640] cumulate libsasl2-3-2.1.28-4.2
[   34s] [90/640] cumulate libseccomp2-2.5.4-2.1
[   34s] [91/640] cumulate libsepol2-3.4-1.1
[   34s] [92/640] cumulate libsha1detectcoll1-1.0.3-4.3
[   34s] [93/640] cumulate libsmartcols1-2.38.1-7.1
[   34s] [94/640] cumulate libsodium23-1.0.18-2.2
[   34s] [95/640] cumulate libsqlite3-0-3.41.0-1.1
[   34s] [96/640] cumulate libtasn1-6-4.19.0-1.1
[   34s] [97/640] cumulate libtextstyle0-0.21.1-1.1
[   34s] [98/640] cumulate libtheoradec1-1.1.1-30.1
[   34s] [99/640] cumulate libts0-1.22-1.1
[   34s] [100/640] cumulate libturbojpeg0-8.2.2-73.1
[   34s] [101/640] cumulate libudev-mini1-252.5-1.1
[   34s] [102/640] cumulate libunistring5-1.1-1.1
[   34s] [103/640] cumulate libuuid1-2.38.1-7.1
[   34s] [104/640] cumulate libuv1-1.44.2-3.1
[   34s] [105/640] cumulate libverto1-0.3.2-1.1
[   34s] [106/640] cumulate libvisual-0_4-0-0.4.0-204.1
[   34s] [107/640] cumulate libvulkan1-1.3.239.0-1.1
[   34s] [108/640] cumulate libwayland-egl1-1.21.0-4.2
[   34s] [109/640] cumulate libwx_gtk2u_adv-suse8_0_0-3.2.1-1.2
[   34s] [110/640] cumulate libxshmfence1-1.3.2-1.1
[   34s] [111/640] cumulate libz1-1.2.13-2.1
[   34s] [112/640] cumulate libzstd1-1.5.4-1.1
[   34s] [113/640] cumulate mozilla-nspr-4.35-1.1
[   34s] [114/640] cumulate patch-2.7.6-6.1
[   34s] [115/640] cumulate update-alternatives-1.21.8-1.1
[   34s] [116/640] cumulate libX11-xcb1-1.8.1-4.1
[   34s] [117/640] cumulate libboost_date_time1_81_0-1.81.0-1.1
[   34s] [118/640] cumulate libboost_system1_81_0-1.81.0-1.1
[   34s] [119/640] cumulate libnl3-200-3.7.0-1.1
[   34s] [120/640] cumulate libfl-devel-2.6.4-6.1
[   34s] [121/640] cumulate alts-1.2+3.b848aad-3.1
[   34s] [122/640] cumulate attr-2.5.1-1.1
[   34s] [123/640] cumulate libSDL2-2_0-0-2.26.3-1.1
[   34s] [124/640] cumulate libavahi-core7-0.8-22.2
[   34s] [125/640] cumulate libbrotlidec1-1.0.9-1.1
[   34s] [126/640] cumulate libbrotlienc1-1.0.9-1.1
[   34s] [127/640] cumulate libcdda_paranoia0-3.10.2-28.2
[   34s] [128/640] cumulate libctf-nobfd0-2.40-1.1
[   34s] [129/640] cumulate libdrm_amdgpu1-2.4.115-2.1
[   34s] [130/640] cumulate libdrm_nouveau2-2.4.115-2.1
[   34s] [131/640] cumulate libdrm_radeon1-2.4.115-2.1
[   34s] [132/640] cumulate libelf1-0.188-4.1
[   34s] [133/640] cumulate libgcrypt20-1.10.1-1.1
[   34s] [134/640] cumulate libgdbm_compat4-1.23-1.1
[   34s] [135/640] cumulate libgfortran5-13.0.1+git5428-6.1
[   34s] [136/640] cumulate libglib-2_0-0-2.74.6-1.1
[   34s] [137/640] cumulate libhidapi-hidraw0-0.13.1-1.1
[   34s] [138/640] cumulate libidn2-0-2.3.4-1.1
[   34s] [139/640] cumulate libisl23-0.25-1.1
[   34s] [140/640] cumulate libmpfr6-4.2.0-1.1
[   34s] [141/640] cumulate libobjc4-13.0.1+git5428-6.1
[   34s] [142/640] cumulate libp11-kit0-0.24.1-2.1
[   34s] [143/640] cumulate libpciaccess0-0.17-1.1
[   34s] [144/640] cumulate libpcre2-posix3-10.42-3.2
[   34s] [145/640] cumulate libpng16-16-1.6.39-2.1
[   34s] [146/640] cumulate libselinux1-3.4-2.1
[   34s] [147/640] cumulate libstdc++6-13.0.1+git5428-6.1
[   34s] [148/640] cumulate libsystemd0-mini-252.5-1.1
[   34s] [149/640] cumulate libtheoraenc1-1.1.1-30.1
[   34s] [150/640] cumulate libunwind8-1.6.2-4.1
[   34s] [151/640] cumulate libvorbis0-1.3.7-2.1
[   34s] [152/640] cumulate libwayland-client0-1.21.0-4.2
[   34s] [153/640] cumulate libwayland-server0-1.21.0-4.2
[   34s] [154/640] cumulate libxcb1-1.15-2.1
[   34s] [155/640] cumulate mozilla-nss-certs-3.87-1.1
[   34s] [156/640] cumulate perl-base-5.36.0-4.1
[   34s] [157/640] cumulate pkgconf-1.8.0-2.1
[   34s] [158/640] cumulate tslib-1.22-1.1
[   34s] [159/640] cumulate tslib-plugins-1.22-1.1
[   34s] [160/640] cumulate chkstat-1599_20230217-1.1
[   34s] [161/640] cumulate libSM6-1.2.4-2.1
[   34s] [162/640] cumulate libfdisk1-2.38.1-7.1
[   34s] [163/640] cumulate libhogweed6-3.8.1-1.1
[   34s] [164/640] cumulate libopenssl3-3.0.8-1.1
[   34s] [165/640] cumulate libthai0-0.1.29-1.1
[   34s] [166/640] cumulate libxml2-2-2.10.3-3.1
[   34s] [167/640] cumulate libmagic1-5.44-1.2
[   34s] [168/640] cumulate build-mkbaselibs-20230215-1.1
[   34s] [169/640] cumulate rpm-build-perl-4.18.0-3.2
[   34s] [170/640] cumulate dwz-0.15-2.1
[   34s] [171/640] cumulate findutils-4.9.0-2.1
[   34s] [172/640] cumulate libevent-2_1-7-2.1.12-3.2
[   34s] [173/640] cumulate libgmodule-2_0-0-2.74.6-1.1
[   34s] [174/640] cumulate libgthread-2_0-0-2.74.6-1.1
[   34s] [175/640] cumulate libvorbisenc2-1.3.7-2.1
[   34s] [176/640] cumulate libwayland-cursor0-1.21.0-4.2
[   34s] [177/640] cumulate libxcb-composite0-1.15-2.1
[   34s] [178/640] cumulate libxcb-damage0-1.15-2.1
[   34s] [179/640] cumulate libxcb-dpms0-1.15-2.1
[   34s] [180/640] cumulate libxcb-dri2-0-1.15-2.1
[   34s] [181/640] cumulate libxcb-dri3-0-1.15-2.1
[   34s] [182/640] cumulate libxcb-glx0-1.15-2.1
[   34s] [183/640] cumulate libxcb-icccm4-0.4.2-1.1
[   34s] [184/640] cumulate libxcb-keysyms1-0.4.1-1.1
[   34s] [185/640] cumulate libxcb-present0-1.15-2.1
[   34s] [186/640] cumulate libxcb-randr0-1.15-2.1
[   34s] [187/640] cumulate libxcb-record0-1.15-2.1
[   34s] [188/640] cumulate libxcb-render0-1.15-2.1
[   34s] [189/640] cumulate libxcb-res0-1.15-2.1
[   34s] [190/640] cumulate libxcb-screensaver0-1.15-2.1
[   34s] [191/640] cumulate libxcb-shape0-1.15-2.1
[   34s] [192/640] cumulate libxcb-shm0-1.15-2.1
[   34s] [193/640] cumulate libxcb-sync1-1.15-2.1
[   34s] [194/640] cumulate libxcb-util1-0.4.1-1.1
[   34s] [195/640] cumulate libxcb-xf86dri0-1.15-2.1
[   34s] [196/640] cumulate libxcb-xfixes0-1.15-2.1
[   34s] [197/640] cumulate libxcb-xinerama0-1.15-2.1
[   34s] [198/640] cumulate libxcb-xinput0-1.15-2.1
[   34s] [199/640] cumulate libxcb-xkb1-1.15-2.1
[   34s] [200/640] cumulate libxcb-xtest0-1.15-2.1
[   34s] [201/640] cumulate libxcb-xv0-1.15-2.1
[   34s] [202/640] cumulate libxcb-xvmc0-1.15-2.1
[   34s] [203/640] cumulate libxslt1-1.1.37-1.1
[   34s] [204/640] cumulate llvm15-polly-15.0.7-1.1
[   34s] [205/640] cumulate fdupes-2.2.1-1.1
[   34s] [206/640] cumulate file-5.44-1.2
[   34s] [207/640] cumulate libX11-6-1.8.1-4.1
[   34s] [208/640] cumulate libasan8-13.0.1+git5428-6.1
[   34s] [209/640] cumulate libboost_atomic1_81_0-1.81.0-1.1
[   34s] [210/640] cumulate libdb-4_8-4.8.30-39.1
[   34s] [211/640] cumulate libdbus-1-3-1.14.6-1.1
[   34s] [212/640] cumulate libdouble-conversion3-3.2.1-1.1
[   34s] [213/640] cumulate libdrm_intel1-2.4.115-2.1
[   34s] [214/640] cumulate libgobject-2_0-0-2.74.6-1.1
[   34s] [215/640] cumulate libldap2-2.6.3-3.2
[   34s] [216/640] cumulate libmount1-2.38.1-7.1
[   34s] [217/640] cumulate libmpc3-1.3.1-1.2
[   34s] [218/640] cumulate libproxy1-0.4.18-1.1
[   34s] [219/640] cumulate libpsl5-0.21.2-1.1
[   34s] [220/640] cumulate libsubid4-4.13-4.1
[   34s] [221/640] cumulate libubsan1-13.0.1+git5428-6.1
[   34s] [222/640] cumulate ninja-1.11.1-8.1
[   34s] [223/640] cumulate p11-kit-0.24.1-2.1
[   34s] [224/640] cumulate p11-kit-tools-0.24.1-2.1
[   34s] [225/640] cumulate sed-4.9-2.1
[   34s] [226/640] cumulate tar-1.34-9.1
[   34s] [227/640] cumulate libboost_chrono1_81_0-1.81.0-1.1
[   34s] [228/640] cumulate libboost_filesystem1_81_0-1.81.0-1.1
[   34s] [229/640] cumulate libboost_python-py3-1_81_0-1.81.0-1.1
[   34s] [230/640] cumulate libboost_regex1_81_0-1.81.0-1.1
[   34s] [231/640] cumulate libboost_test1_81_0-1.81.0-1.1
[   34s] [232/640] cumulate libboost_thread1_81_0-1.81.0-1.1
[   34s] [233/640] cumulate libgbm1-22.3.5-350.1
[   34s] [234/640] cumulate libgmpxx4-6.2.1-4.1
[   34s] [235/640] cumulate openssh-common-8.9p1-7.3
[   34s] [236/640] cumulate libfreetype6-2.12.1-4.1
[   34s] [237/640] cumulate libwx_baseu-suse8_0_0-3.2.1-1.2
[   34s] [238/640] cumulate libdw1-0.188-4.1
[   34s] [239/640] cumulate libfido2-1-1.13.0-1.1
[   34s] [240/640] cumulate libsemanage2-3.4-1.1
[   34s] [241/640] cumulate libtiff6-4.5.0-3.1
[   34s] [242/640] cumulate libgnutls30-3.7.9-1.1
[   34s] [243/640] cumulate dbus-1-tools-1.14.6-1.1
[   34s] [244/640] cumulate libXcomposite1-0.4.6-1.1
[   34s] [245/640] cumulate libXdamage1-1.1.6-1.2
[   34s] [246/640] cumulate libXext6-1.3.5-1.1
[   34s] [247/640] cumulate libXfixes3-6.0.0-2.1
[   34s] [248/640] cumulate libXrender1-0.9.11-1.1
[   34s] [249/640] cumulate libasm1-0.188-4.1
[   34s] [250/640] cumulate libatk-1_0-0-2.46.0-2.1
[   34s] [251/640] cumulate libavahi-client3-0.8-22.2
[   34s] [252/640] cumulate libavahi-libevent1-0.8-22.2
[   34s] [253/640] cumulate libgraphene-1_0-0-1.10.8-1.1
[   34s] [254/640] cumulate libpcap1-1.10.3-1.1
[   34s] [255/640] cumulate libxcb-render-util0-0.3.10-1.1
[   34s] [256/640] cumulate libexslt0-1.1.37-1.1
[   34s] [257/640] cumulate libgudev-1_0-0-237-2.1
[   34s] [258/640] cumulate libharfbuzz0-7.0.1-1.1
[   34s] [259/640] cumulate libvala-0_56-0-0.56.4-1.1
[   34s] [260/640] cumulate libwx_baseu_net-suse8_0_0-3.2.1-1.2
[   34s] [261/640] cumulate libxcb-image0-0.4.1-1.1
[   34s] [262/640] cumulate libwx_baseu_xml-suse8_0_0-3.2.1-1.2
[   34s] [263/640] cumulate libboost_log1_81_0-1.81.0-1.1
[   34s] [264/640] cumulate cpp12-12.2.1+git749-4.1
[   34s] [265/640] cumulate dbus-1-daemon-1.14.6-1.1
[   34s] [266/640] cumulate libwmf-0_2-7-0.2.12-2.1
[   34s] [267/640] cumulate perl-5.36.0-4.1
[   34s] [268/640] cumulate brp-check-suse-84.87+git20221115.2f7add6-1.1
[   34s] [269/640] cumulate perl-Error-0.17029-1.6
[   34s] [270/640] cumulate libharfbuzz-subset0-7.0.1-1.1
[   34s] [271/640] cumulate libXi6-1.8-1.1
[   34s] [272/640] cumulate libXinerama1-1.1.5-1.1
[   34s] [273/640] cumulate libXtst6-1.2.4-1.1
[   34s] [274/640] cumulate libXv1-1.0.12-1.1
[   34s] [275/640] cumulate libXxf86vm1-1.1.5-1.1
[   34s] [276/640] cumulate libwx_base-suse-devel-3.2.1-1.2
[   34s] [277/640] cumulate libXcursor1-1.2.1-1.1
[   34s] [278/640] cumulate libXrandr2-1.5.3-1.1
[   34s] [279/640] cumulate libharfbuzz-gobject0-7.0.1-1.1
[   34s] [280/640] cumulate libxslt-tools-1.1.37-1.1
[   34s] [281/640] cumulate libwacom9-2.5.0-1.1
[   34s] [282/640] cumulate perl-Git-2.39.2-1.1
[   34s] [283/640] cumulate libinput10-1.22.1-1.1
[   34s] [284/640] cumulate libatspi0-2.46.0-2.1
[   34s] [285/640] cumulate libatk-bridge-2_0-0-2.46.0-2.1
[   34s] [286/640] cumulate terminfo-base-6.4.20230218-6.1
[   34s] [287/640] cumulate libfontconfig1-2.14.2-1.1
[   34s] [288/640] cumulate mozilla-nss-3.87-1.1
[   34s] [289/640] cumulate fontconfig-2.14.2-1.1
[   34s] [290/640] cumulate libncurses6-6.4.20230218-6.1
[   34s] [291/640] cumulate libXft2-2.3.7-1.1
[   34s] [292/640] cumulate libsoftokn3-3.87-1.1
[   34s] [293/640] cumulate libedit0-20210910.3.1-1.1
[   34s] [294/640] cumulate libreadline8-8.2-2.1
[   34s] [295/640] cumulate ncurses-utils-6.4.20230218-6.1
[   34s] [296/640] cumulate bash-5.2.15-8.1
[   34s] [297/640] cumulate libxml2-tools-2.10.3-3.1
[   34s] [298/640] cumulate libLLVM15-15.0.7-1.1
[   34s] [299/640] cumulate pcre2-tools-10.42-3.2
[   34s] [300/640] cumulate bash-sh-5.2.15-8.1
[   34s] [301/640] cumulate timezone-2022g-2.1
[   34s] [302/640] cumulate grep-3.8-3.1
[   34s] [303/640] cumulate libLTO15-15.0.7-1.1
[   34s] [304/640] cumulate libclang-cpp15-15.0.7-1.1
[   34s] [305/640] cumulate llvm15-gold-15.0.7-1.1
[   34s] [306/640] cumulate Mesa-dri-22.3.5-350.1
[   34s] [307/640] cumulate llvm-gold-15.0.7-1.1
[   34s] [308/640] cumulate login_defs-4.13-4.1
[   34s] [309/640] cumulate qemu-linux-user-7.1.0-50.1
[   34s] [310/640] cumulate sysuser-shadow-3.1-5.1
[   34s] [311/640] cumulate cpio-2.13-5.1
[   34s] [312/640] cumulate cpp-12-2.1
[   34s] [313/640] cumulate m4-1.4.18-7.1
[   34s] [314/640] cumulate make-4.4-2.1
[   34s] [315/640] cumulate which-2.21-5.1
[   34s] [316/640] cumulate bzip2-1.0.8-4.1
[   34s] [317/640] cumulate gnustep-make-2.9.1-1.1
[   34s] [318/640] cumulate gzip-1.12-3.1
[   34s] [319/640] cumulate libglvnd-1.6.0-1.1
[   34s] [320/640] cumulate pkgconf-pkg-config-1.8.0-2.1
[   34s] [321/640] cumulate libclang13-15.0.7-1.1
[   34s] [322/640] cumulate xz-5.4.1-1.1
[   34s] [323/640] cumulate elfutils-0.188-4.1
[   34s] [324/640] cumulate gawk-5.2.1-2.1
[   34s] [325/640] cumulate gettext-runtime-0.21.1-1.1
[   34s] [326/640] cumulate libicu72-72.1-1.1
[   34s] [327/640] cumulate llvm15-15.0.7-1.1
[   34s] [328/640] cumulate lua54-5.4.4-8.1
[   34s] [329/640] cumulate binutils-2.40-1.1
[   34s] [330/640] cumulate lld15-15.0.7-1.1
[   34s] [331/640] cumulate coreutils-9.1-5.1
[   34s] [332/640] cumulate python310-base-3.10.9-3.1
[   34s] [333/640] cumulate compat-usrmerge-build-84.87-5.1
[   34s] [334/640] cumulate python310-attrs-22.2.0-1.2
[   34s] [335/640] cumulate python310-exceptiongroup-1.1.0-1.2
[   34s] [336/640] cumulate python310-execnet-1.9.0-2.2
[   34s] [337/640] cumulate python310-extras-1.0.0-5.8
[   34s] [338/640] cumulate python310-iniconfig-2.0.0-1.1
[   34s] [339/640] cumulate python310-packaging-23.0-1.1
[   34s] [340/640] cumulate python310-pluggy-1.0.0-1.5
[   34s] [341/640] cumulate python310-python-mimeparse-1.6.0-4.10
[   34s] [342/640] cumulate python310-tomli-2.0.1-1.3
[   34s] [343/640] cumulate python310-zipp-3.8.1-1.2
[   34s] [344/640] cumulate systemd-rpm-macros-19-1.1
[   34s] [345/640] cumulate xorgproto-devel-2022.2-2.1
[   34s] [346/640] cumulate fribidi-devel-1.0.12-1.1
[   34s] [347/640] cumulate libblkid-devel-2.38.1-7.1
[   34s] [348/640] cumulate libffi-devel-3.4.4-1.1
[   34s] [349/640] cumulate libglvnd-devel-1.6.0-1.1
[   34s] [350/640] cumulate libidn2-devel-2.3.4-1.1
[   34s] [351/640] cumulate libinput-devel-1.22.1-1.1
[   34s] [352/640] cumulate libnl3-devel-3.7.0-1.1
[   34s] [353/640] cumulate libpciaccess-devel-0.17-1.1
[   34s] [354/640] cumulate libpixman-1-0-devel-0.42.2-1.1
[   34s] [355/640] cumulate libpython3_10-1_0-3.10.9-3.1
[   34s] [356/640] cumulate libtasn1-devel-4.19.0-1.1
[   34s] [357/640] cumulate libxcrypt-devel-4.4.33-1.1
[   34s] [358/640] cumulate linux-glibc-devel-6.1-1.1
[   34s] [359/640] cumulate meson-1.0.1-1.1
[   34s] [360/640] cumulate p11-kit-devel-0.24.1-2.1
[   34s] [361/640] cumulate python310-setuptools-65.6.3-1.2
[   34s] [362/640] cumulate system-group-hardware-20170617-24.1
[   34s] [363/640] cumulate xz-devel-5.4.1-1.1
[   34s] [364/640] cumulate autoconf-2.71-2.1
[   34s] [365/640] cumulate bison-3.8.2-3.1
[   34s] [366/640] cumulate glibc-locale-base-2.37-1.1
[   34s] [367/640] cumulate libctf0-2.40-1.1
[   34s] [368/640] cumulate libdatrie-devel-0.2.13-1.1
[   34s] [369/640] cumulate libharfbuzz-icu0-7.0.1-1.1
[   34s] [370/640] cumulate libicu-devel-72.1-1.1
[   34s] [371/640] cumulate libjpeg8-devel-8.2.2-73.1
[   34s] [372/640] cumulate python310-Pygments-2.14.0-1.2
[   34s] [373/640] cumulate xkeyboard-config-2.38-1.1
[   34s] [374/640] cumulate flex-2.6.4-6.1
[   34s] [375/640] cumulate gmp-devel-6.2.1-4.1
[   34s] [376/640] cumulate gtest-1.12.1-5.1
[   34s] [377/640] cumulate libGLU1-9.0.2-2.1
[   34s] [378/640] cumulate libbrotli-devel-1.0.9-1.1
[   34s] [379/640] cumulate ncurses-devel-6.4.20230218-6.1
[   34s] [380/640] cumulate ca-certificates-2+git20211004.3efbea9-1.1
[   34s] [381/640] cumulate permissions-config-1599_20230217-1.1
[   34s] [382/640] cumulate polkit-default-privs-1550+20221102.9f111fa-1.1
[   34s] [383/640] cumulate shared-mime-info-2.2-1.1
[   34s] [384/640] cumulate less-608-2.1
[   34s] [385/640] cumulate gettext-tools-0.21.1-1.1
[   34s] [386/640] cumulate clang15-15.0.7-1.1
[   34s] [387/640] cumulate krb5-mini-1.20.1-2.3
[   34s] [388/640] cumulate sgml-skel-0.7.2-1.1
[   34s] [389/640] cumulate vala-0.56.4-1.1
[   34s] [390/640] cumulate libQt5Core5-5.15.8+kde160-1.2
[   34s] [391/640] cumulate aaa_base-84.87+git20220822.6b9f7a3-1.1
[   34s] [392/640] cumulate debugedit-5.0-5.1
[   34s] [393/640] cumulate libcairo2-1.17.6-1.1
[   34s] [394/640] cumulate cmake-mini-3.25.2-1.2
[   34s] [395/640] cumulate rpm-4.18.0-3.2
[   34s] [396/640] cumulate Mesa-libEGL1-22.3.5-350.1
[   34s] [397/640] cumulate Mesa-libGL1-22.3.5-350.1
[   34s] [398/640] cumulate aaa_base-malloccheck-84.87+git20220822.6b9f7a3-1.1
[   34s] [399/640] cumulate clang-15.0.7-1.1
[   34s] [400/640] cumulate cmake-3.25.2-1.1
[   34s] [401/640] cumulate libxkbcommon0-1.5.0-1.1
[   34s] [402/640] cumulate permissions-1599_20230217-1.1
[   34s] [403/640] cumulate python310-importlib-metadata-6.0.0-1.2
[   34s] [404/640] cumulate glibc-devel-2.37-1.1
[   34s] [405/640] cumulate libQt5Sql5-5.15.8+kde160-1.2
[   34s] [406/640] cumulate libQt5Xml5-5.15.8+kde160-1.2
[   34s] [407/640] cumulate libXau-devel-1.0.11-1.1
[   34s] [408/640] cumulate libthai-devel-0.1.29-1.1
[   34s] [409/640] cumulate python310-pycairo-1.23.0-1.2
[   34s] [410/640] cumulate rpm-config-SUSE-20220926-1.1
[   34s] [411/640] cumulate system-user-lp-20170617-24.1
[   34s] [412/640] cumulate automake-1.16.5-3.1
[   34s] [413/640] cumulate libQt5Concurrent5-5.15.8+kde160-1.2
[   34s] [414/640] cumulate libQt5Test5-5.15.8+kde160-1.2
[   34s] [415/640] cumulate libcairo-gobject2-1.17.6-1.1
[   34s] [416/640] cumulate python310-pbr-5.11.1-1.2
[   34s] [417/640] cumulate systemd-mini-devel-252.5-1.1
[   34s] [418/640] cumulate Mesa-22.3.5-350.1
[   34s] [419/640] cumulate gmock-1.12.1-5.1
[   34s] [420/640] cumulate libQt5DBus5-5.15.8+kde160-1.2
[   34s] [421/640] cumulate libcairo-script-interpreter2-1.17.6-1.1
[   34s] [422/640] cumulate libssh4-0.10.4-1.2
[   34s] [423/640] cumulate python-rpm-packaging-20210526+a18ca48-1.2
[   34s] [424/640] cumulate python310-devel-3.10.9-3.1
[   34s] [425/640] cumulate rpmlint-mini-2.4.0+git20230214.1bab129-9.9
[   34s] [426/640] cumulate docbook_4-4.5-143.2
[   34s] [427/640] cumulate libdrm-devel-2.4.115-2.1
[   34s] [428/640] cumulate build-compare-20221206T204012.bb70754-1.2
[   34s] [429/640] cumulate librpmbuild9-4.18.0-3.2
[   34s] [430/640] cumulate openssh-clients-8.9p1-7.3
[   34s] [431/640] cumulate wayland-devel-1.21.0-4.2
[   34s] [432/640] cumulate java-17-openjdk-headless-17.0.6.0-20.1
[   34s] [433/640] cumulate libstdc++6-devel-gcc12-12.2.1+git749-4.1
[   34s] [434/640] cumulate libxkbcommon-devel-1.5.0-1.1
[   34s] [435/640] cumulate python310-linecache2-1.0.0-5.10
[   34s] [436/640] cumulate cups-config-2.4.2-4.2
[   34s] [437/640] cumulate docbook-xsl-stylesheets-1.79.2-2.2
[   34s] [438/640] cumulate graphite2-devel-1.3.14-3.1
[   34s] [439/640] cumulate libbz2-devel-1.0.8-4.1
[   34s] [440/640] cumulate libexpat-devel-2.5.0-2.1
[   34s] [441/640] cumulate libsepol-devel-3.4-1.1
[   34s] [442/640] cumulate libzstd-devel-1.5.4-1.1
[   34s] [443/640] cumulate mtdev-devel-1.1.6-1.1
[   34s] [444/640] cumulate zlib-devel-1.2.13-2.1
[   34s] [445/640] cumulate libevent-devel-2.1.12-3.2
[   34s] [446/640] cumulate libutempter0-1.2.0-3.2
[   34s] [447/640] cumulate libxkbcommon-x11-0-1.5.0-1.1
[   34s] [448/640] cumulate tslib-devel-1.22-1.1
[   34s] [449/640] cumulate libnettle-devel-3.8.1-1.1
[   34s] [450/640] cumulate libtool-2.4.7-3.2
[   34s] [451/640] cumulate libQt5Network5-5.15.8+kde160-1.2
[   34s] [452/640] cumulate pam-1.5.2-12.1
[   34s] [453/640] cumulate post-build-checks-84.87+git20230106.3a359c5-1.1
[   34s] [454/640] cumulate libcurl4-7.87.0-1.3
[   34s] [455/640] cumulate python310-pytest-7.2.0-2.2
[   34s] [456/640] cumulate dbus-1-1.14.6-1.1
[   34s] [457/640] cumulate gcc12-12.2.1+git749-4.1
[   34s] [458/640] cumulate libxcb-devel-1.15-2.1
[   34s] [459/640] cumulate gcc12-PIE-12.2.1+git749-4.1
[   34s] [460/640] cumulate libstdc++-devel-12-2.1
[   34s] [461/640] cumulate zlib-devel-static-1.2.13-2.1
[   34s] [462/640] cumulate gcc-12-2.1
[   34s] [463/640] cumulate python310-pytest-xdist-3.0.2-1.2
[   34s] [464/640] cumulate python310-traceback2-1.4.0-6.10
[   34s] [465/640] cumulate dbus-1-devel-1.14.6-1.1
[   34s] [466/640] cumulate libxkbcommon-x11-devel-1.5.0-1.1
[   34s] [467/640] cumulate libX11-devel-1.8.1-4.1
[   34s] [468/640] cumulate libpng16-devel-1.6.39-2.1
[   34s] [469/640] cumulate freetype2-devel-2.12.1-4.1
[   34s] [470/640] cumulate libunbound-devel-mini-1.17.1-1.1
[   34s] [471/640] cumulate libcups2-2.4.2-4.2
[   34s] [472/640] cumulate gcc12-c++-12.2.1+git749-4.1
[   34s] [473/640] cumulate gcc12-fortran-12.2.1+git749-4.1
[   34s] [474/640] cumulate gcc12-objc-12.2.1+git749-4.1
[   34s] [475/640] cumulate rust1.67-1.67.1-1.1
[   34s] [476/640] cumulate git-core-2.39.2-1.1
[   34s] [477/640] cumulate libgio-2_0-0-2.74.6-1.1
[   34s] [478/640] cumulate shadow-4.13-4.1
[   34s] [479/640] cumulate util-linux-2.38.1-7.1
[   34s] [480/640] cumulate libQt5Gui5-5.15.8+kde160-1.2
[   34s] [481/640] cumulate gcc-PIE-12-2.1
[   34s] [482/640] cumulate gio-branding-upstream-2.74.6-1.1
[   34s] [483/640] cumulate rust-1.67.1-1.1
[   34s] [484/640] cumulate gcc-c++-12-2.1
[   34s] [485/640] cumulate gcc-fortran-12-2.1
[   34s] [486/640] cumulate gcc-objc-12-2.1
[   34s] [487/640] cumulate libboost_headers1_81_0-devel-1.81.0-1.1
[   34s] [488/640] cumulate libcupsimage2-2.4.2-4.2
[   34s] [489/640] cumulate git-2.39.2-1.1
[   34s] [490/640] cumulate libgnutls-dane0-3.7.9-1.1
[   34s] [491/640] cumulate libpng16-compat-devel-1.6.39-2.1
[   34s] [492/640] cumulate python310-pycups-2.0.1-2.3
[   34s] [493/640] cumulate libXext-devel-1.3.5-1.1
[   34s] [494/640] cumulate libXfixes-devel-6.0.0-2.1
[   34s] [495/640] cumulate libXrender-devel-0.9.11-1.1
[   34s] [496/640] cumulate Mesa-libEGL-devel-22.3.5-350.1
[   34s] [497/640] cumulate Mesa-libGL-devel-22.3.5-350.1
[   34s] [498/640] cumulate libQt5Widgets5-5.15.8+kde160-1.2
[   34s] [499/640] cumulate python310-testtools-2.5.0-3.2
[   34s] [500/640] cumulate fontconfig-devel-2.14.2-1.1
[   34s] [501/640] cumulate gdk-pixbuf-query-loaders-2.42.10-1.2
[   34s] [502/640] cumulate libcolord2-1.4.6-2.1
[   34s] [503/640] cumulate libpcap-devel-1.10.3-1.1
[   34s] [504/640] cumulate glib2-tools-2.74.6-1.1
[   34s] [505/640] cumulate libgirepository-1_0-1-1.74.0-2.1
[   34s] [506/640] cumulate pcre2-devel-10.42-3.2
[   34s] [507/640] cumulate gstreamer-1.22.0-2.1
[   34s] [508/640] cumulate libavahi-devel-0.8-22.2
[   34s] [509/640] cumulate libtiff-devel-4.5.0-3.1
[   34s] [510/640] cumulate gcc12-obj-c++-12.2.1+git749-4.1
[   34s] [511/640] cumulate llvm15-devel-15.0.7-1.1
[   34s] [512/640] cumulate at-spi2-core-2.46.0-2.1
[   34s] [513/640] cumulate libpango-1_0-0-1.50.13-1.1
[   34s] [514/640] cumulate rpm-build-4.18.0-3.2
[   34s] [515/640] cumulate girepository-1_0-1.74.0-2.1
[   34s] [516/640] cumulate gcc-obj-c++-12-2.1
[   34s] [517/640] cumulate libboost_chrono1_81_0-devel-1.81.0-1.1
[   34s] [518/640] cumulate libboost_python-py3-1_81_0-devel-1.81.0-1.1
[   34s] [519/640] cumulate libboost_system1_81_0-devel-1.81.0-1.1
[   34s] [520/640] cumulate libboost_test1_81_0-devel-1.81.0-1.1
[   34s] [521/640] cumulate llvm-devel-15.0.7-1.1
[   34s] [522/640] cumulate cups-rpm-helper-2.0.1-2.3
[   34s] [523/640] cumulate glu-devel-9.0.2-2.1
[   34s] [524/640] cumulate libboost_atomic1_81_0-devel-1.81.0-1.1
[   34s] [525/640] cumulate libboost_date_time1_81_0-devel-1.81.0-1.1
[   34s] [526/640] cumulate libboost_regex1_81_0-devel-1.81.0-1.1
[   34s] [527/640] cumulate llvm15-polly-devel-15.0.7-1.1
[   34s] [528/640] cumulate Mesa-libGLESv1_CM-devel-22.3.5-350.1
[   34s] [529/640] cumulate Mesa-libGLESv2-devel-22.3.5-350.1
[   34s] [530/640] cumulate libXcomposite-devel-0.4.6-1.1
[   34s] [531/640] cumulate libXdamage-devel-1.1.6-1.2
[   34s] [532/640] cumulate libXinerama-devel-1.1.5-1.1
[   34s] [533/640] cumulate libselinux-devel-3.4-2.1
[   34s] [534/640] cumulate python310-libxml2-2.10.3-3.1
[   34s] [535/640] cumulate gnutls-3.7.9-1.1
[   34s] [536/640] cumulate libQt5OpenGL5-5.15.8+kde160-1.2
[   34s] [537/640] cumulate libXcursor-devel-1.2.1-1.1
[   34s] [538/640] cumulate libXft-devel-2.3.7-1.1
[   34s] [539/640] cumulate libXi-devel-1.8-1.1
[   34s] [540/640] cumulate libXrandr-devel-1.5.3-1.1
[   34s] [541/640] cumulate libepoxy-devel-1.5.10-2.1
[   34s] [542/640] cumulate libQt5PrintSupport5-5.15.8+kde160-1.2
[   34s] [543/640] cumulate libgstreamer-1_0-0-1.22.0-2.1
[   34s] [544/640] cumulate gobject-introspection-1.74.0-2.1
[   34s] [545/640] cumulate libgdk_pixbuf-2_0-0-2.42.10-1.2
[   34s] [546/640] cumulate libqt5-qtbase-common-devel-5.15.8+kde160-1.2
[   34s] [547/640] cumulate libboost_python3-devel-1.81.0-1.1
[   34s] [548/640] cumulate libboost_system-devel-1.81.0-1.1
[   34s] [549/640] cumulate libboost_test-devel-1.81.0-1.1
[   34s] [550/640] cumulate itstool-2.0.7-1.1
[   34s] [551/640] cumulate typelib-1_0-Atk-1_0-2.46.0-2.1
[   34s] [552/640] cumulate typelib-1_0-Atspi-2_0-2.46.0-2.1
[   34s] [553/640] cumulate typelib-1_0-GdkPixbuf-2_0-2.42.10-1.2
[   34s] [554/640] cumulate typelib-1_0-HarfBuzz-0_0-7.0.1-1.1
[   34s] [555/640] cumulate libQt5Core-devel-5.15.8+kde160-1.2
[   34s] [556/640] cumulate libboost_filesystem1_81_0-devel-1.81.0-1.1
[   34s] [557/640] cumulate libboost_thread1_81_0-devel-1.81.0-1.1
[   34s] [558/640] cumulate libmount-devel-2.38.1-7.1
[   34s] [559/640] cumulate libwmf-gnome-0.2.12-2.1
[   34s] [560/640] cumulate libnotify4-0.8.2-1.1
[   34s] [561/640] cumulate vulkan-headers-1.3.239.0-1.1
[   34s] [562/640] cumulate libXtst-devel-1.2.4-1.1
[   34s] [563/640] cumulate python310-gobject-3.42.2-1.2
[   34s] [564/640] cumulate libqt5-linguist-5.15.8+kde1-1.1
[   34s] [565/640] cumulate SDL2-devel-2.26.3-1.1
[   34s] [566/640] cumulate libgnutls-devel-3.7.9-1.1
[   34s] [567/640] cumulate libgtk-2_0-0-2.24.33-4.1
[   34s] [568/640] cumulate gstreamer-plugins-base-1.22.0-1.1
[   34s] [569/640] cumulate libgtk-3-0-3.24.35+10-1.1
[   34s] [570/640] cumulate libQt5Core-private-headers-devel-5.15.8+kde160-1.2
[   34s] [571/640] cumulate libboost_thread-devel-1.81.0-1.1
[   34s] [572/640] cumulate libqt5-linguist-devel-5.15.8+kde1-1.1
[   34s] [573/640] cumulate libQt5Concurrent-devel-5.15.8+kde160-1.2
[   34s] [574/640] cumulate libQt5Network-devel-5.15.8+kde160-1.2
[   34s] [575/640] cumulate libQt5Sql-devel-5.15.8+kde160-1.2
[   34s] [576/640] cumulate libQt5Test-devel-5.15.8+kde160-1.2
[   34s] [577/640] cumulate libQt5Xml-devel-5.15.8+kde160-1.2
[   34s] [578/640] cumulate typelib-1_0-GdkPixdata-2_0-2.42.10-1.2
[   34s] [579/640] cumulate typelib-1_0-Pango-1_0-1.50.13-1.1
[   34s] [580/640] cumulate vulkan-devel-1.3.239.0-1.1
[   34s] [581/640] cumulate libgstallocators-1_0-0-1.22.0-1.1
[   34s] [582/640] cumulate libgstapp-1_0-0-1.22.0-1.1
[   34s] [583/640] cumulate libgsttag-1_0-0-1.22.0-1.1
[   34s] [584/640] cumulate libgstvideo-1_0-0-1.22.0-1.1
[   34s] [585/640] cumulate cups-devel-2.4.2-4.2
[   34s] [586/640] cumulate libQt5DBus-devel-5.15.8+kde160-1.2
[   34s] [587/640] cumulate python310-gobject-cairo-3.42.2-1.2
[   34s] [588/640] cumulate libboost_log1_81_0-devel-1.81.0-1.1
[   34s] [589/640] cumulate libwmf-devel-0.2.12-2.1
[   34s] [590/640] cumulate gtk2-tools-2.24.33-4.1
[   34s] [591/640] cumulate gtk3-tools-3.24.35+10-1.1
[   34s] [592/640] cumulate glib2-devel-2.74.6-1.1
[   34s] [593/640] cumulate libwx_gtk2u_core-suse8_0_0-3.2.1-1.2
[   34s] [594/640] cumulate libboost_log-devel-1.81.0-1.1
[   34s] [595/640] cumulate libQt5DBus-private-headers-devel-5.15.8+kde160-1.2
[   34s] [596/640] cumulate libQt5Network-private-headers-devel-5.15.8+kde160-1.2
[   34s] [597/640] cumulate libQt5Sql-private-headers-devel-5.15.8+kde160-1.2
[   34s] [598/640] cumulate libQt5Test-private-headers-devel-5.15.8+kde160-1.2
[   34s] [599/640] cumulate gobject-introspection-devel-1.74.0-2.1
[   34s] [600/640] cumulate libwx_gtk2u_ribbon-suse8_0_0-3.2.1-1.2
[   34s] [601/640] cumulate libwx_gtk2u_html-suse8_0_0-3.2.1-1.2
[   34s] [602/640] cumulate libwx_gtk2u_propgrid-suse8_0_0-3.2.1-1.2
[   34s] [603/640] cumulate libwx_gtk2u_qa-suse8_0_0-3.2.1-1.2
[   34s] [604/640] cumulate libwx_gtk2u_stc-suse8_0_0-3.2.1-1.2
[   34s] [605/640] cumulate typelib-1_0-Gtk-2_0-2.24.33-4.1
[   34s] [606/640] cumulate typelib-1_0-Gtk-3_0-3.24.35+10-1.1
[   34s] [607/640] cumulate libQt5Gui-devel-5.15.8+kde160-1.2
[   34s] [608/640] cumulate libgstaudio-1_0-0-1.22.0-1.1
[   34s] [609/640] cumulate libwx_gtk2u_aui-suse8_0_0-3.2.1-1.2
[   34s] [610/640] cumulate gtk-doc-1.33.2-1.2
[   34s] [611/640] cumulate libwx_gtk2u_gl-suse8_0_0-3.2.1-1.2
[   34s] [612/640] cumulate libwx_gtk2u_media-suse8_0_0-3.2.1-1.2
[   34s] [613/640] cumulate at-spi2-core-devel-2.46.0-2.1
[   34s] [614/640] cumulate gdk-pixbuf-devel-2.42.10-1.2
[   34s] [615/640] cumulate cairo-devel-1.17.6-1.1
[   34s] [616/640] cumulate libgstgl-1_0-0-1.22.0-1.1
[   34s] [617/640] cumulate libQt5Gui-private-headers-devel-5.15.8+kde160-1.2
[   34s] [618/640] cumulate libQt5KmsSupport-devel-static-5.15.8+kde160-1.2
[   34s] [619/640] cumulate libQt5Widgets-devel-5.15.8+kde160-1.2
[   34s] [620/640] cumulate libQt5PlatformHeaders-devel-5.15.8+kde160-1.2
[   34s] [621/640] cumulate libgstriff-1_0-0-1.22.0-1.1
[   34s] [622/640] cumulate libwx_gtk2u_richtext-suse8_0_0-3.2.1-1.2
[   34s] [623/640] cumulate libwx_gtk2u_xrc-suse8_0_0-3.2.1-1.2
[   34s] [624/640] cumulate libgstpbutils-1_0-0-1.22.0-1.1
[   34s] [625/640] cumulate python310-gobject-Gdk-3.42.2-1.2
[   34s] [626/640] cumulate harfbuzz-devel-7.0.1-1.1
[   34s] [627/640] cumulate libQt5KmsSupport-private-headers-devel-5.15.8+kde160-1.2
[   34s] [628/640] cumulate libQt5Widgets-private-headers-devel-5.15.8+kde160-1.2
[   34s] [629/640] cumulate libQt5PrintSupport-devel-5.15.8+kde160-1.2
[   34s] [630/640] cumulate libQt5OpenGL-devel-5.15.8+kde160-1.2
[   34s] [631/640] cumulate pango-devel-1.50.13-1.1
[   34s] [632/640] cumulate libQt5PlatformSupport-devel-static-5.15.8+kde160-1.2
[   34s] [633/640] cumulate libQt5PlatformSupport-private-headers-devel-5.15.8+kde160-1.2
[   34s] [634/640] cumulate libQt5OpenGL-private-headers-devel-5.15.8+kde160-1.2
[   34s] [635/640] cumulate libQt5PrintSupport-private-headers-devel-5.15.8+kde160-1.2
[   34s] [636/640] cumulate libqt5-qtbase-devel-5.15.8+kde160-1.2
[   34s] [637/640] cumulate gtk2-devel-2.24.33-4.1
[   34s] [638/640] cumulate gtk3-devel-3.24.35+10-1.1
[   34s] [639/640] cumulate libqt5-qtbase-private-headers-devel-5.15.8+kde160-1.2
[   34s] [640/640] cumulate wxWidgets-3_2-devel-3.2.1-1.2
[   34s] now installing cumulated packages
[   36s] Preparing...                          ########################################
[   36s] Updating / installing...
[   36s] boost-license1_81_0-1.81.0-1.1        ########################################
[   36s] system-user-root-20190513-2.1         ########################################
[   37s] crypto-policies-20210917.c9d86d1-1.1  ########################################
[   37s] Mesa-KHR-devel-22.3.5-350.1           ########################################
[   37s] libX11-data-1.8.1-4.1                 ########################################
[   37s] hicolor-icon-theme-0.17-4.1           ########################################
[   37s] dbus-1-common-1.14.6-1.1              ########################################
[   37s] python-rpm-macros-20230128.e704796-1.2########################################
[   37s] pkgconf-m4-1.8.0-2.1                  ########################################
[   37s] libwacom-data-2.5.0-1.1               ########################################
[   37s] libthai-data-0.1.29-1.1               ########################################
[   37s] libssh-config-0.10.4-1.2              ########################################
[   37s] libsemanage-conf-3.4-1.1              ########################################
[   37s] libnl-config-3.7.0-1.1                ########################################
[   40s] libicu72-ledata-72.1-1.1              ########################################
[   40s] javapackages-filesystem-6.1.0-2.1     ########################################
[   40s] javapackages-tools-6.1.0-2.1          ########################################
[   40s] gtk3-schema-3.24.35+10-1.1            ########################################
[   40s] gtk3-data-3.24.35+10-1.1              ########################################
[   40s] gettext-its-gtk3-3.24.35+10-1.1       ########################################
[   41s] file-magic-5.44-1.2                   ########################################
[   41s] dummy-release-15-5.1                  ########################################
[   41s] compat-usrmerge-tools-84.87-5.1       ########################################
[   41s] filesystem-84.87-12.1                 ########################################
[   42s] glibc-2.37-1.1                        ########################################
[   42s] libgcc_s1-13.0.1+git5428-6.1          ########################################
[   42s] timezone-2022g-2.1                    ########################################
[   42s] libstdc++6-13.0.1+git5428-6.1         ########################################
[   42s] terminfo-base-6.4.20230218-6.1        ########################################
[   42s] ncurses-utils-6.4.20230218-6.1        ########################################
[   42s] libncurses6-6.4.20230218-6.1          ########################################
[   43s] libreadline8-8.2-2.1                  ########################################
[   43s] bash-5.2.15-8.1                       ########################################
[   43s] bash-sh-5.2.15-8.1                    ########################################
[   43s] libz1-1.2.13-2.1                      ########################################
[   43s] libgmp10-6.2.1-4.1                    ########################################
[   43s] libzstd1-1.5.4-1.1                    ########################################
[   43s] libexpat1-2.5.0-2.1                   ########################################
[   44s] libopenssl3-3.0.8-1.1                 ########################################
[   44s] libbz2-1-1.0.8-4.1                    ########################################
[   44s] libdrm2-2.4.115-2.1                   ########################################
[   44s] update-alternatives-1.21.8-1.1        ########################################
[   44s] liblzma5-5.4.1-1.1                    ########################################
[   44s] libxml2-2-2.10.3-3.1                  ########################################
[   44s] libelf1-0.188-4.1                     ########################################
[   44s] libffi8-3.4.4-1.1                     ########################################
[   44s] libmpfr6-4.2.0-1.1                    ########################################
[   44s] libpng16-16-1.6.39-2.1                ########################################
[   44s] libjpeg8-8.2.2-73.1                   ########################################
[   45s] gawk-5.2.1-2.1                        ########################################
[   45s] libcrypt1-4.4.33-1.1                  ########################################
[   46s] perl-base-5.36.0-4.1                  ########################################
[   46s] libpcre2-8-0-10.42-3.2                ########################################
[   46s] libglib-2_0-0-2.74.6-1.1              ########################################
[   46s] libgobject-2_0-0-2.74.6-1.1           ########################################
[   46s] libselinux1-3.4-2.1                   ########################################
[   46s] libgmodule-2_0-0-2.74.6-1.1           ########################################
[   46s] libatk-1_0-0-2.46.0-2.1               ########################################
[   46s] libudev-mini1-252.5-1.1               ########################################
[   46s] libmpc3-1.3.1-1.2                     ########################################
[   46s] libisl23-0.25-1.1                     ########################################
[   47s] libaudit1-3.0.9-1.1                   ########################################
[   47s] libcap2-2.67-1.1                      ########################################
[   47s] libsystemd0-mini-252.5-1.1            ########################################
[   47s] libdbus-1-3-1.14.6-1.1                ########################################
[   47s] grep-3.8-3.1                          ########################################
[   47s] libwayland-client0-1.21.0-4.2         ########################################
[   47s] libdw1-0.188-4.1                      ########################################
[   47s] xz-5.4.1-1.1                          ########################################
[   47s] fillup-1.42-279.1                     ########################################
[   47s] libacl1-2.3.1-2.1                     ########################################
[   47s] sed-4.9-2.1                           ########################################
[   47s] libavahi-common3-0.8-22.2             ########################################
[   47s] libtasn1-6-4.19.0-1.1                 ########################################
[   47s] libX11-xcb1-1.8.1-4.1                 ########################################
[   48s] libp11-kit0-0.24.1-2.1                ########################################
[   48s] m4-1.4.18-7.1                         ########################################
[   48s] libblkid1-2.38.1-7.1                  ########################################
[   48s] libuuid1-2.38.1-7.1                   ########################################
[   48s] libmount1-2.38.1-7.1                  ########################################
[   48s] findutils-4.9.0-2.1                   ########################################
[   48s] libwayland-server0-1.21.0-4.2         ########################################
[   48s] libgbm1-22.3.5-350.1                  ########################################
[   48s] libxml2-tools-2.10.3-3.1              ########################################
[   48s] libmagic1-5.44-1.2                    ########################################
[   48s] libevent-2_1-7-2.1.12-3.2             ########################################
[   48s] login_defs-4.13-4.1                   ########################################
[   49s] cpio-2.13-5.1                         ########################################
[   49s] libedit0-20210910.3.1-1.1             ########################################
[   58s] libLLVM15-15.0.7-1.1                  ########################################
[   58s] libboost_thread1_81_0-1.81.0-1.1      ########################################
[   58s] libicu72-72.1-1.1                     ########################################
[   59s] Mesa-libglapi0-22.3.5-350.1           ########################################
[   59s] diffutils-3.9-1.1                     ########################################
[   59s] libasound2-1.2.8-1.1                  ########################################
[   59s] libattr1-2.5.1-1.1                    ########################################
[   59s] coreutils-9.1-5.1                     ########################################
[   59s] libbrotlicommon1-1.0.9-1.1            ########################################
[   60s] libbrotlidec1-1.0.9-1.1               ########################################
[   60s] libfreetype6-2.12.1-4.1               ########################################
[   60s] libfontconfig1-2.14.2-1.1             ########################################
[   60s] fontconfig-2.14.2-1.1                 ########################################
[   60s] libeconf0-0.5.1-1.1                   ########################################
[   60s] libepoxy0-1.5.10-2.1                  ########################################
[   60s] libfribidi0-1.0.12-1.1                ########################################
[   60s] libgomp1-13.0.1+git5428-6.1           ########################################
[   60s] liblua5_4-5-5.4.4-8.1                 ########################################
[   60s] libmtdev1-1.1.6-1.1                   ########################################
[   60s] libnettle8-3.8.1-1.1                  ########################################
[   60s] libogg0-1.3.5-1.1                     ########################################
[   61s] liborc-0_4-0-0.4.33-1.1               ########################################
[   61s] libpcre2-16-0-10.42-3.2               ########################################
[   61s] libpcre2-32-0-10.42-3.2               ########################################
[   61s] libwx_baseu-suse8_0_0-3.2.1-1.2       ########################################
[   61s] libwx_baseu_xml-suse8_0_0-3.2.1-1.2   ########################################
[   61s] libpopt0-1.19-1.1                     ########################################
[   61s] libts0-1.22-1.1                       ########################################
[   61s] libunistring5-1.1-1.1                 ########################################
[   61s] libidn2-0-2.3.4-1.1                   ########################################
[   61s] libwayland-egl1-1.21.0-4.2            ########################################
[   62s] mozilla-nspr-4.35-1.1                 ########################################
[   62s] libvorbis0-1.3.7-2.1                  ########################################
[   62s] libhogweed6-3.8.1-1.1                 ########################################
[   62s] systemd-rpm-macros-19-1.1             ########################################
[   62s] aaa_base-84.87+git20220822.6b9f7a3-1.1########################################
[   62s] Updating /etc/sysconfig/language ...
[   62s] Updating /etc/sysconfig/proxy ...
[   62s] Updating /etc/sysconfig/windowmanager ...
[   68s] libclang-cpp15-15.0.7-1.1             ########################################
[   68s] llvm15-gold-15.0.7-1.1                ########################################
[   68s] libavahi-client3-0.8-22.2             ########################################
[   69s] tar-1.34-9.1                          ########################################
[   69s] libwayland-cursor0-1.21.0-4.2         ########################################
[   69s] chkstat-1599_20230217-1.1             ########################################
[   71s] cpp12-12.2.1+git749-4.1               ########################################
[   71s] libgudev-1_0-0-237-2.1                ########################################
[   71s] libpcre2-posix3-10.42-3.2             ########################################
[   71s] dwz-0.15-2.1                          ########################################
[   71s] libxslt1-1.1.37-1.1                   ########################################
[   71s] libdrm_amdgpu1-2.4.115-2.1            ########################################
[   72s] libdrm_nouveau2-2.4.115-2.1           ########################################
[   72s] libdrm_radeon1-2.4.115-2.1            ########################################
[   72s] libpciaccess0-0.17-1.1                ########################################
[   72s] make-4.4-2.1                          ########################################
[   72s] which-2.21-5.1                        ########################################
[   72s] libboost_filesystem1_81_0-1.81.0-1.1  ########################################
[   72s] libICE6-1.1.1-1.1                     ########################################
[   72s] libSM6-1.2.4-2.1                      ########################################
[   72s] libXau6-1.0.11-1.1                    ########################################
[   72s] libxcb1-1.15-2.1                      ########################################
[   72s] libX11-6-1.8.1-4.1                    ########################################
[   72s] libXext6-1.3.5-1.1                    ########################################
[   72s] libXrender1-0.9.11-1.1                ########################################
[   72s] libXi6-1.8-1.1                        ########################################
[   73s] libXfixes3-6.0.0-2.1                  ########################################
[   73s] libxcb-shm0-1.15-2.1                  ########################################
[   73s] libatspi0-2.46.0-2.1                  ########################################
[   73s] libxcb-randr0-1.15-2.1                ########################################
[   73s] libxcb-render0-1.15-2.1               ########################################
[   73s] libxcb-sync1-1.15-2.1                 ########################################
[   73s] libxcb-xfixes0-1.15-2.1               ########################################
[   73s] libatk-bridge-2_0-0-2.46.0-2.1        ########################################
[   73s] libXcursor1-1.2.1-1.1                 ########################################
[   73s] libXrandr2-1.5.3-1.1                  ########################################
[   73s] libXinerama1-1.1.5-1.1                ########################################
[   73s] libXtst6-1.2.4-1.1                    ########################################
[   73s] libXcomposite1-0.4.6-1.1              ########################################
[   73s] libXdamage1-1.1.6-1.2                 ########################################
[   73s] libxcb-dri2-0-1.15-2.1                ########################################
[   73s] libxcb-dri3-0-1.15-2.1                ########################################
[   73s] libxcb-glx0-1.15-2.1                  ########################################
[   73s] libxcb-present0-1.15-2.1              ########################################
[   74s] libxcb-xkb1-1.15-2.1                  ########################################
[   74s] libXft2-2.3.7-1.1                     ########################################
[   74s] libwmf-0_2-7-0.2.12-2.1               ########################################
[   74s] libxcb-shape0-1.15-2.1                ########################################
[   74s] libxcb-xinerama0-1.15-2.1             ########################################
[   74s] libxcb-xinput0-1.15-2.1               ########################################
[   74s] libcap-ng0-0.8.3-1.1                  ########################################
[   74s] libcdda_interface0-3.10.2-28.2        ########################################
[   74s] libdatrie1-0.2.13-1.1                 ########################################
[   74s] libthai0-0.1.29-1.1                   ########################################
[   74s] libfreebl3-3.87-1.1                   ########################################
[   74s] libgdbm6-1.23-1.1                     ########################################
[   74s] libgraphite2-3-1.3.14-3.1             ########################################
[   75s] libharfbuzz0-7.0.1-1.1                ########################################
[   75s] libharfbuzz-gobject0-7.0.1-1.1        ########################################
[   75s] libjitterentropy3-3.4.1-1.1           ########################################
[   75s] libgnutls30-3.7.9-1.1                 ########################################
[   75s] liblcms2-2-2.14-3.3                   ########################################
[   75s] libpixman-1-0-0.42.2-1.1              ########################################
[   75s] libsepol2-3.4-1.1                     ########################################
[   75s] libtextstyle0-0.21.1-1.1              ########################################
[   75s] libxshmfence1-1.3.2-1.1               ########################################
[   76s] libnl3-200-3.7.0-1.1                  ########################################
[   76s] libpcap1-1.10.3-1.1                   ########################################
[   76s] gettext-runtime-0.21.1-1.1            ########################################
[   76s] gettext-tools-0.21.1-1.1              ########################################
[   77s] libsemanage2-3.4-1.1                  ########################################
[   77s] libharfbuzz-subset0-7.0.1-1.1         ########################################
[   77s] libharfbuzz-icu0-7.0.1-1.1            ########################################
[   77s] libgdbm_compat4-1.23-1.1              ########################################
[   77s] libcdda_paranoia0-3.10.2-28.2         ########################################
[   77s] dbus-1-daemon-1.14.6-1.1              ########################################
[   77s] libxcb-render-util0-0.3.10-1.1        ########################################
[   77s] libXv1-1.0.12-1.1                     ########################################
[   77s] libXxf86vm1-1.1.5-1.1                 ########################################
[   77s] Mesa-libEGL1-22.3.5-350.1             ########################################
[   77s] libglvnd-1.6.0-1.1                    ########################################
[   79s] Mesa-dri-22.3.5-350.1                 ########################################
[   79s] Mesa-libGL1-22.3.5-350.1              ########################################
[   79s] Mesa-22.3.5-350.1                     ########################################
[   79s] libGLU1-9.0.2-2.1                     ########################################
[   79s] libxcb-composite0-1.15-2.1            ########################################
[   80s] libxcb-damage0-1.15-2.1               ########################################
[   80s] libxcb-dpms0-1.15-2.1                 ########################################
[   80s] libxcb-icccm4-0.4.2-1.1               ########################################
[   80s] libxcb-keysyms1-0.4.1-1.1             ########################################
[   80s] libxcb-record0-1.15-2.1               ########################################
[   80s] libxcb-res0-1.15-2.1                  ########################################
[   80s] libxcb-screensaver0-1.15-2.1          ########################################
[   80s] libxcb-util1-0.4.1-1.1                ########################################
[   80s] libxcb-image0-0.4.1-1.1               ########################################
[   80s] libxcb-xf86dri0-1.15-2.1              ########################################
[   80s] libxcb-xtest0-1.15-2.1                ########################################
[   80s] libxcb-xv0-1.15-2.1                   ########################################
[   80s] libxcb-xvmc0-1.15-2.1                 ########################################
[   80s] libboost_log1_81_0-1.81.0-1.1         ########################################
[   80s] libdrm_intel1-2.4.115-2.1             ########################################
[   81s] pcre2-tools-10.42-3.2                 ########################################
[   81s] libwacom9-2.5.0-1.1                   ########################################
[   81s] cpp-12-2.1                            ########################################
[   81s] permissions-config-1599_20230217-1.1  ########################################
[   81s] Updating /etc/sysconfig/security ...
[   81s] Checking permissions and ownerships - using the permissions files
[   81s] 	/usr/share/permissions/permissions
[   81s] 	/usr/share/permissions/permissions.easy
[   81s] 	/etc/permissions.local
[   81s] /usr/sbin/unix2_chkpwd: setting to root:shadow 4755 (wrong owner/group root:root)
[   81s] /usr/sbin/unix_chkpwd: setting to root:shadow 4755 (wrong owner/group root:root)
[   81s] permissions-1599_20230217-1.1         ########################################
[   81s] pam-1.5.2-12.1                        ########################################
[   81s] llvm-gold-15.0.7-1.1                  ########################################
[   82s] libclang13-15.0.7-1.1                 ########################################
[   82s] aaa_base-malloccheck-84.87+git20220822########################################
[   82s] libvorbisenc2-1.3.7-2.1               ########################################
[   82s] mozilla-nss-certs-3.87-1.1            ########################################
[   82s] libpsl5-0.21.2-1.1                    ########################################
[   82s] tslib-1.22-1.1                        ########################################
[   82s] tslib-plugins-1.22-1.1                ########################################
[   82s] libwx_baseu_net-suse8_0_0-3.2.1-1.2   ########################################
[   82s] libwx_base-suse-devel-3.2.1-1.2       ########################################
[   82s] libtheoraenc1-1.1.1-30.1              ########################################
[   82s] lua54-5.4.4-8.1                       ########################################
[   82s] update-alternatives: using /usr/bin/lua5.4 to provide /usr/bin/lua (lua) in auto mode
[   82s] libbrotlienc1-1.0.9-1.1               ########################################
[   83s] linux-glibc-devel-6.1-1.1             ########################################
[   84s] glibc-locale-base-2.37-1.1            ########################################
[   84s] polkit-default-privs-1550+20221102.9f1########################################
[   84s] Updating /etc/sysconfig/security ...
[   85s] can't open /etc/polkit-1/rules.d/90-default-privs.rules.new: No such file or directory
[   85s] warning: %post(polkit-default-privs-1550+20221102.9f111fa-1.1.noarch) scriptlet failed, exit status 2
[   85s] libSDL2-2_0-0-2.26.3-1.1              ########################################
[   85s] libLTO15-15.0.7-1.1                   ########################################
[   86s] llvm15-15.0.7-1.1                     ########################################
[   86s] update-alternatives: using /usr/bin/llvm-ar-15.0.7 to provide /usr/bin/llvm-ar (llvm-ar) in auto mode
[   87s] lld15-15.0.7-1.1                      ########################################
[   87s] update-alternatives: using /usr/bin/lld-15.0.7 to provide /usr/bin/lld (lld) in auto mode
[   87s] update-alternatives: using /usr/bin/ld.lld to provide /usr/bin/ld (ld) in auto mode
[   87s] libavahi-libevent1-0.8-22.2           ########################################
[   87s] libfdisk1-2.38.1-7.1                  ########################################
[   87s] autoconf-2.71-2.1                     ########################################
[   87s] p11-kit-0.24.1-2.1                    ########################################
[   87s] p11-kit-tools-0.24.1-2.1              ########################################
[   88s] ca-certificates-2+git20211004.3efbea9-########################################
[   89s] libavahi-core7-0.8-22.2               ########################################
[   89s] libasm1-0.188-4.1                     ########################################
[   89s] elfutils-0.188-4.1                    ########################################
[   89s] dbus-1-tools-1.14.6-1.1               ########################################
[   89s] libsubid4-4.13-4.1                    ########################################
[   90s] shadow-4.13-4.1                       ########################################
[   91s] /usr/bin/newgidmap: setting to root:root 0755 "cap_setgid=ep". (wrong owner/group root:shadow, wrong permissions 4755, missing capabilities)
[   91s] /usr/bin/newuidmap: setting to root:root 0755 "cap_setuid=ep". (wrong owner/group root:shadow, wrong permissions 4755, missing capabilities)
[   91s] sysuser-shadow-3.1-5.1                ########################################
[   91s] /usr/sbin/groupadd -r kmem
[   91s] /usr/sbin/groupadd -r lock
[   91s] /usr/sbin/groupadd -r -g 5 tty
[   91s] /usr/sbin/groupadd -r utmp
[   91s] /usr/sbin/groupadd -r audio
[   92s] /usr/sbin/groupadd -r cdrom
[   92s] /usr/sbin/groupadd -r dialout
[   92s] /usr/sbin/groupadd -r disk
[   92s] /usr/sbin/groupadd -r input
[   92s] /usr/sbin/groupadd -r lp
[   92s] /usr/sbin/groupadd -r render
[   92s] /usr/sbin/groupadd -r sgx
[   93s] /usr/sbin/groupadd -r tape
[   93s] /usr/sbin/groupadd -r video
[   93s] system-group-hardware-20170617-24.1   ########################################
[   93s] libutempter0-1.2.0-3.2                ########################################
[   93s] /usr/sbin/useradd -r -c Printing daemon -d /var/spool/lpd -g lp lp -s /usr/sbin/nologin
[   93s] system-user-lp-20170617-24.1          ########################################
[   94s] cups-config-2.4.2-4.2                 ########################################
[   94s] libhidapi-hidraw0-0.13.1-1.1          ########################################
[   94s] libvala-0_56-0-0.56.4-1.1             ########################################
[   94s] openssh-common-8.9p1-7.3              ########################################
[   94s] libgraphene-1_0-0-1.10.8-1.1          ########################################
[   94s] libgthread-2_0-0-2.74.6-1.1           ########################################
[   94s] rpm-build-perl-4.18.0-3.2             ########################################
[   94s] libunwind8-1.6.2-4.1                  ########################################
[   94s] bzip2-1.0.8-4.1                       ########################################
[   94s] libgmpxx4-6.2.1-4.1                   ########################################
[   94s] libctf-nobfd0-2.40-1.1                ########################################
[   98s] binutils-2.40-1.1                     ########################################
[   99s] update-alternatives: using /usr/bin/ld.bfd to provide /usr/bin/ld (ld) in auto mode
[   99s] libctf0-2.40-1.1                      ########################################
[   99s] debugedit-5.0-5.1                     ########################################
[   99s] gzip-1.12-3.1                         ########################################
[   99s] llvm15-polly-15.0.7-1.1               ########################################
[   99s] libasan8-13.0.1+git5428-6.1           ########################################
[   99s] libboost_atomic1_81_0-1.81.0-1.1      ########################################
[  100s] libdb-4_8-4.8.30-39.1                 ########################################
[  104s] perl-5.36.0-4.1                       ########################################
[  105s] perl-Error-0.17029-1.6                ########################################
[  105s] perl-Git-2.39.2-1.1                   ########################################
[  105s] automake-1.16.5-3.1                   ########################################
[  105s] libdouble-conversion3-3.2.1-1.1       ########################################
[  106s] libQt5Core5-5.15.8+kde160-1.2         ########################################
[  106s] libQt5DBus5-5.15.8+kde160-1.2         ########################################
[  106s] libQt5Xml5-5.15.8+kde160-1.2          ########################################
[  106s] libQt5Sql5-5.15.8+kde160-1.2          ########################################
[  106s] libQt5Concurrent5-5.15.8+kde160-1.2   ########################################
[  106s] libQt5Test5-5.15.8+kde160-1.2         ########################################
[  106s] libproxy1-0.4.18-1.1                  ########################################
[  107s] libQt5Network5-5.15.8+kde160-1.2      ########################################
[  107s] libubsan1-13.0.1+git5428-6.1          ########################################
[  107s] ninja-1.11.1-8.1                      ########################################
[  107s] libboost_chrono1_81_0-1.81.0-1.1      ########################################
[  107s] libboost_python-py3-1_81_0-1.81.0-1.1 ########################################
[  107s] libboost_regex1_81_0-1.81.0-1.1       ########################################
[  107s] libboost_test1_81_0-1.81.0-1.1        ########################################
[  107s] libgfortran5-13.0.1+git5428-6.1       ########################################
[  107s] libobjc4-13.0.1+git5428-6.1           ########################################
[  108s] libalternatives1-1.2+3.b848aad-3.1    ########################################
[  108s] alts-1.2+3.b848aad-3.1                ########################################
[  108s] /usr/sbin/useradd -r -c User for D-Bus -d /run/dbus -U messagebus -s /usr/sbin/nologin
[  108s] dbus-1-1.14.6-1.1                     ########################################
[  108s] libatomic1-13.0.1+git5428-6.1         ########################################
[  108s] libcbor0_10-0.10.1-2.1                ########################################
[  108s] libfido2-1-1.13.0-1.1                 ########################################
[  109s] libcom_err2-1.46.5-4.1                ########################################
[  109s] libevdev2-1.13.0-1.1                  ########################################
[  109s] libinput10-1.22.1-1.1                 ########################################
[  109s] libfl2-2.6.4-6.1                      ########################################
[  109s] libfl-devel-2.6.4-6.1                 ########################################
[  109s] libgpg-error0-1.46-1.1                ########################################
[  109s] libgcrypt20-1.10.1-1.1                ########################################
[  109s] rpm-config-SUSE-20220926-1.1          ########################################
[  110s] rpm-4.18.0-3.2                        ########################################
[  110s] Updating /etc/sysconfig/services ...
[  110s] librpmbuild9-4.18.0-3.2               ########################################
[  110s] libexslt0-1.1.37-1.1                  ########################################
[  110s] libxslt-tools-1.1.37-1.1              ########################################
[  110s] sgml-skel-0.7.2-1.1                   ########################################
[  111s] docbook_4-4.5-143.2                   ########################################
[  115s] docbook-xsl-stylesheets-1.79.2-2.2    ########################################
[  115s] libjbig2-2.1-4.1                      ########################################
[  116s] libtiff6-4.5.0-3.1                    ########################################
[  116s] libkeyutils1-1.6.3-5.1                ########################################
[  116s] libltdl7-2.4.7-3.2                    ########################################
[  116s] libtool-2.4.7-3.2                     ########################################
[  116s] libmpdec3-2.5.1-2.1                   ########################################
[  120s] python310-base-3.10.9-3.1             ########################################
[  120s] libpython3_10-1_0-3.10.9-3.1          ########################################
[  120s] python310-extras-1.0.0-5.8            ########################################
[  120s] python310-packaging-23.0-1.1          ########################################
[  121s] python310-setuptools-65.6.3-1.2       ########################################
[  121s] python-rpm-packaging-20210526+a18ca48-########################################
[  121s] python310-attrs-22.2.0-1.2            ########################################
[  121s] python310-exceptiongroup-1.1.0-1.2    ########################################
[  121s] python310-execnet-1.9.0-2.2           ########################################
[  121s] python310-iniconfig-2.0.0-1.1         ########################################
[  121s] python310-pluggy-1.0.0-1.5            ########################################
[  121s] python310-python-mimeparse-1.6.0-4.10 ########################################
[  121s] python310-tomli-2.0.1-1.3             ########################################
[  121s] python310-zipp-3.8.1-1.2              ########################################
[  121s] python310-importlib-metadata-6.0.0-1.2########################################
[  122s] python310-pytest-7.2.0-2.2            ########################################
[  123s] python310-Pygments-2.14.0-1.2         ########################################
[  123s] libmspack0-0.11-1.1                   ########################################
[  123s] libnghttp2-14-1.51.0-7.2              ########################################
[  123s] libopus0-1.3.1-3.2                    ########################################
[  123s] libpcsclite1-1.9.9-1.1                ########################################
[  123s] libpkgconf3-1.8.0-2.1                 ########################################
[  124s] pkgconf-1.8.0-2.1                     ########################################
[  124s] pkgconf-pkg-config-1.8.0-2.1          ########################################
[  124s] xorgproto-devel-2022.2-2.1            ########################################
[  124s] libglvnd-devel-1.6.0-1.1              ########################################
[  124s] libffi-devel-3.4.4-1.1                ########################################
[  124s] wayland-devel-1.21.0-4.2              ########################################
[  124s] fribidi-devel-1.0.12-1.1              ########################################
[  124s] libicu-devel-72.1-1.1                 ########################################
[  125s] shared-mime-info-2.2-1.1              ########################################
[  130s] gio-branding-upstream-2.74.6-1.1      ########################################
[  131s] libgio-2_0-0-2.74.6-1.1               ########################################
[  131s] glib2-tools-2.74.6-1.1                ########################################
[  131s] girepository-1_0-1.74.0-2.1           ########################################
[  131s] libgirepository-1_0-1-1.74.0-2.1      ########################################
[  132s] python310-gobject-3.42.2-1.2          ########################################
[  132s] typelib-1_0-HarfBuzz-0_0-7.0.1-1.1    ########################################
[  132s] python310-pycairo-1.23.0-1.2          ########################################
[  132s] libcairo-gobject2-1.17.6-1.1          ########################################
[  132s] libcairo2-1.17.6-1.1                  ########################################
[  132s] python310-gobject-cairo-3.42.2-1.2    ########################################
[  132s] libpango-1_0-0-1.50.13-1.1            ########################################
[  132s] typelib-1_0-Pango-1_0-1.50.13-1.1     ########################################
[  132s] typelib-1_0-Atk-1_0-2.46.0-2.1        ########################################
[  132s] libcairo-script-interpreter2-1.17.6-1.########################################
[  132s] typelib-1_0-Atspi-2_0-2.46.0-2.1      ########################################
[  132s] gdk-pixbuf-query-loaders-2.42.10-1.2  ########################################
[  132s] libgdk_pixbuf-2_0-0-2.42.10-1.2       ########################################
[  133s] typelib-1_0-GdkPixbuf-2_0-2.42.10-1.2 ########################################
[  133s] typelib-1_0-GdkPixdata-2_0-2.42.10-1.2########################################
[  133s] libwmf-gnome-0.2.12-2.1               ########################################
[  133s] libnotify4-0.8.2-1.1                  ########################################
[  133s] libcolord2-1.4.6-2.1                  ########################################
[  133s] at-spi2-core-2.46.0-2.1               ########################################
[  133s] libXau-devel-1.0.11-1.1               ########################################
[  133s] libxcb-devel-1.15-2.1                 ########################################
[  134s] libX11-devel-1.8.1-4.1                ########################################
[  134s] Mesa-libGL-devel-22.3.5-350.1         ########################################
[  134s] libXext-devel-1.3.5-1.1               ########################################
[  134s] Mesa-libEGL-devel-22.3.5-350.1        ########################################
[  134s] libXrender-devel-0.9.11-1.1           ########################################
[  134s] libXfixes-devel-6.0.0-2.1             ########################################
[  134s] libXi-devel-1.8-1.1                   ########################################
[  134s] libXrandr-devel-1.5.3-1.1             ########################################
[  134s] glu-devel-9.0.2-2.1                   ########################################
[  135s] vulkan-headers-1.3.239.0-1.1          ########################################
[  135s] libXtst-devel-1.2.4-1.1               ########################################
[  135s] libXcomposite-devel-0.4.6-1.1         ########################################
[  135s] libXdamage-devel-1.1.6-1.2            ########################################
[  136s] libXcursor-devel-1.2.1-1.1            ########################################
[  136s] Mesa-libGLESv1_CM-devel-22.3.5-350.1  ########################################
[  136s] Mesa-libGLESv2-devel-22.3.5-350.1     ########################################
[  136s] libXinerama-devel-1.1.5-1.1           ########################################
[  136s] libblkid-devel-2.38.1-7.1             ########################################
[  136s] libidn2-devel-2.3.4-1.1               ########################################
[  136s] libinput-devel-1.22.1-1.1             ########################################
[  136s] libnl3-devel-3.7.0-1.1                ########################################
[  136s] libpciaccess-devel-0.17-1.1           ########################################
[  136s] libdrm-devel-2.4.115-2.1              ########################################
[  136s] libpixman-1-0-devel-0.42.2-1.1        ########################################
[  136s] libtasn1-devel-4.19.0-1.1             ########################################
[  136s] libxcrypt-devel-4.4.33-1.1            ########################################
[  136s] glibc-devel-2.37-1.1                  ########################################
[  136s] zlib-devel-1.2.13-2.1                 ########################################
[  147s] gcc12-12.2.1+git749-4.1               ########################################
[  147s] gcc-12-2.1                            ########################################
[  147s] dbus-1-devel-1.14.6-1.1               ########################################
[  150s] gcc12-objc-12.2.1+git749-4.1          ########################################
[  159s] libstdc++6-devel-gcc12-12.2.1+git749-4########################################
[  159s] libstdc++-devel-12-2.1                ########################################
[  172s] libboost_headers1_81_0-devel-1.81.0-1.########################################
[  173s] libboost_chrono1_81_0-devel-1.81.0-1.1########################################
[  173s] libboost_atomic1_81_0-devel-1.81.0-1.1########################################
[  173s] pcre2-devel-10.42-3.2                 ########################################
[  175s] llvm15-devel-15.0.7-1.1               ########################################
[  175s] llvm15-polly-devel-15.0.7-1.1         ########################################
[  178s] gcc12-c++-12.2.1+git749-4.1           ########################################
[  178s] libevent-devel-2.1.12-3.2             ########################################
[  178s] libavahi-devel-0.8-22.2               ########################################
[  178s] gcc-c++-12-2.1                        ########################################
[  181s] gcc12-obj-c++-12.2.1+git749-4.1       ########################################
[  181s] libboost_filesystem1_81_0-devel-1.81.0########################################
[  181s] libboost_python-py3-1_81_0-devel-1.81.########################################
[  181s] libboost_test1_81_0-devel-1.81.0-1.1  ########################################
[  181s] libboost_regex1_81_0-devel-1.81.0-1.1 ########################################
[  188s] clang15-15.0.7-1.1                    ########################################
[  188s] update-alternatives: using /usr/bin/clang-15.0.7 to provide /usr/bin/clang (clang) in auto mode
[  188s] clang-15.0.7-1.1                      ########################################
[  209s] rust1.67-1.67.1-1.1                   ########################################
[  209s] gcc-objc-12-2.1                       ########################################
[  209s] gcc12-PIE-12.2.1+git749-4.1           ########################################
[  215s] gcc12-fortran-12.2.1+git749-4.1       ########################################
[  215s] libpng16-compat-devel-1.6.39-2.1      ########################################
[  215s] libpng16-devel-1.6.39-2.1             ########################################
[  215s] graphite2-devel-1.3.14-3.1            ########################################
[  215s] libbz2-devel-1.0.8-4.1                ########################################
[  215s] libexpat-devel-2.5.0-2.1              ########################################
[  215s] libsepol-devel-3.4-1.1                ########################################
[  215s] libselinux-devel-3.4-2.1              ########################################
[  215s] libmount-devel-2.38.1-7.1             ########################################
[  215s] glib2-devel-2.74.6-1.1                ########################################
[  216s] at-spi2-core-devel-2.46.0-2.1         ########################################
[  216s] libzstd-devel-1.5.4-1.1               ########################################
[  216s] mtdev-devel-1.1.6-1.1                 ########################################
[  216s] tslib-devel-1.22-1.1                  ########################################
[  216s] libepoxy-devel-1.5.10-2.1             ########################################
[  216s] p11-kit-devel-0.24.1-2.1              ########################################
[  216s] xz-devel-5.4.1-1.1                    ########################################
[  216s] libdatrie-devel-0.2.13-1.1            ########################################
[  216s] libthai-devel-0.1.29-1.1              ########################################
[  216s] xkeyboard-config-2.38-1.1             ########################################
[  217s] libxkbcommon0-1.5.0-1.1               ########################################
[  217s] libxkbcommon-devel-1.5.0-1.1          ########################################
[  217s] libxkbcommon-x11-0-1.5.0-1.1          ########################################
[  218s] libQt5Gui5-5.15.8+kde160-1.2          ########################################
[  219s] libQt5Widgets5-5.15.8+kde160-1.2      ########################################
[  219s] libQt5OpenGL5-5.15.8+kde160-1.2       ########################################
[  219s] libxkbcommon-x11-devel-1.5.0-1.1      ########################################
[  219s] gmp-devel-6.2.1-4.1                   ########################################
[  219s] libnettle-devel-3.8.1-1.1             ########################################
[  219s] gtest-1.12.1-5.1                      ########################################
[  219s] libbrotli-devel-1.0.9-1.1             ########################################
[  220s] freetype2-devel-2.12.1-4.1            ########################################
[  220s] fontconfig-devel-2.14.2-1.1           ########################################
[  220s] cairo-devel-1.17.6-1.1                ########################################
[  220s] harfbuzz-devel-7.0.1-1.1              ########################################
[  220s] libXft-devel-2.3.7-1.1                ########################################
[  221s] pango-devel-1.50.13-1.1               ########################################
[  221s] systemd-mini-devel-252.5-1.1          ########################################
[  221s] librhash0-1.4.3-1.1                   ########################################
[  221s] libsasl2-3-2.1.28-4.2                 ########################################
[  221s] libldap2-2.6.3-3.2                    ########################################
[  221s] libseccomp2-2.5.4-2.1                 ########################################
[  221s] file-5.44-1.2                         ########################################
[  221s] less-608-2.1                          ########################################
[  222s] gobject-introspection-1.74.0-2.1      ########################################
[  222s] libsha1detectcoll1-1.0.3-4.3          ########################################
[  222s] libsmartcols1-2.38.1-7.1              ########################################
[  223s] util-linux-2.38.1-7.1                 ########################################
[  223s] /usr/bin/wall: setting to root:tty 2755 (wrong permissions 0755)
[  223s] /usr/bin/write: setting to root:tty 2755 (wrong permissions 0755)
[  223s] libsodium23-1.0.18-2.2                ########################################
[  223s] libunbound-devel-mini-1.17.1-1.1      ########################################
[  223s] libgnutls-dane0-3.7.9-1.1             ########################################
[  224s] gnutls-3.7.9-1.1                      ########################################
[  224s] libgnutls-devel-3.7.9-1.1             ########################################
[  225s] libsqlite3-0-3.41.0-1.1               ########################################
[  225s] mozilla-nss-3.87-1.1                  ########################################
[  225s] libsoftokn3-3.87-1.1                  ########################################
[  225s] libtheoradec1-1.1.1-30.1              ########################################
[  225s] libturbojpeg0-8.2.2-73.1              ########################################
[  225s] libjpeg8-devel-8.2.2-73.1             ########################################
[  225s] libtiff-devel-4.5.0-3.1               ########################################
[  225s] gdk-pixbuf-devel-2.42.10-1.2          ########################################
[  225s] libuv1-1.44.2-3.1                     ########################################
[  231s] cmake-mini-3.25.2-1.2                 ########################################
[  231s] cmake-3.25.2-1.1                      ########################################
[  232s] libqt5-qtbase-common-devel-5.15.8+kde1########################################
[  232s] libQt5Core-devel-5.15.8+kde160-1.2    ########################################
[  232s] libQt5Core-private-headers-devel-5.15.########################################
[  232s] libQt5DBus-devel-5.15.8+kde160-1.2    ########################################
[  232s] libQt5Network-devel-5.15.8+kde160-1.2 ########################################
[  232s] libQt5Sql-devel-5.15.8+kde160-1.2     ########################################
[  233s] libQt5Test-devel-5.15.8+kde160-1.2    ########################################
[  233s] libQt5Test-private-headers-devel-5.15.########################################
[  233s] libQt5Sql-private-headers-devel-5.15.8########################################
[  233s] libQt5Network-private-headers-devel-5.########################################
[  233s] libQt5DBus-private-headers-devel-5.15.########################################
[  233s] libQt5Concurrent-devel-5.15.8+kde160-1########################################
[  233s] libQt5Xml-devel-5.15.8+kde160-1.2     ########################################
[  233s] libverto1-0.3.2-1.1                   ########################################
[  233s] krb5-mini-1.20.1-2.3                  ########################################
[  234s] Updating /etc/sysconfig/kadmind ...
[  234s] Updating /etc/sysconfig/krb5kdc ...
[  234s] libcups2-2.4.2-4.2                    ########################################
[  234s] gtk2-tools-2.24.33-4.1                ########################################
[  234s] update-alternatives: using /usr/bin/gtk-update-icon-cache-2.0 to provide /usr/bin/gtk-update-icon-cache (gtk-update-icon-cache) in auto mode
[  235s] libgtk-2_0-0-2.24.33-4.1              ########################################
[  236s] libwx_gtk2u_core-suse8_0_0-3.2.1-1.2  ########################################
[  236s] libwx_gtk2u_html-suse8_0_0-3.2.1-1.2  ########################################
[  236s] gtk3-tools-3.24.35+10-1.1             ########################################
[  237s] update-alternatives: using /usr/bin/gtk-update-icon-cache-3.0 to provide /usr/bin/gtk-update-icon-cache (gtk-update-icon-cache) in auto mode
[  238s] libgtk-3-0-3.24.35+10-1.1             ########################################
[  238s] typelib-1_0-Gtk-2_0-2.24.33-4.1       ########################################
[  238s] libQt5PrintSupport5-5.15.8+kde160-1.2 ########################################
[  238s] libqt5-linguist-5.15.8+kde1-1.1       ########################################
[  239s] python310-gobject-Gdk-3.42.2-1.2      ########################################
[  239s] typelib-1_0-Gtk-3_0-3.24.35+10-1.1    ########################################
[  241s] gtk2-devel-2.24.33-4.1                ########################################
[  241s] libwx_gtk2u_richtext-suse8_0_0-3.2.1-1########################################
[  241s] libwx_gtk2u_xrc-suse8_0_0-3.2.1-1.2   ########################################
[  242s] libwx_gtk2u_ribbon-suse8_0_0-3.2.1-1.2########################################
[  242s] libwx_gtk2u_propgrid-suse8_0_0-3.2.1-1########################################
[  242s] libwx_gtk2u_qa-suse8_0_0-3.2.1-1.2    ########################################
[  242s] libwx_gtk2u_stc-suse8_0_0-3.2.1-1.2   ########################################
[  242s] libwx_gtk2u_aui-suse8_0_0-3.2.1-1.2   ########################################
[  242s] libwx_gtk2u_gl-suse8_0_0-3.2.1-1.2    ########################################
[  243s] libcupsimage2-2.4.2-4.2               ########################################
[  243s] python310-pycups-2.0.1-2.3            ########################################
[  243s] libssh4-0.10.4-1.2                    ########################################
[  243s] libcurl4-7.87.0-1.3                   ########################################
[  243s] openssh-clients-8.9p1-7.3             ########################################
[  245s] git-core-2.39.2-1.1                   ########################################
[  245s] python310-pbr-5.11.1-1.2              ########################################
[  245s] python310-linecache2-1.0.0-5.10       ########################################
[  245s] python310-traceback2-1.4.0-6.10       ########################################
[  246s] python310-testtools-2.5.0-3.2         ########################################
[  246s] python310-libxml2-2.10.3-3.1          ########################################
[  246s] libvisual-0_4-0-0.4.0-204.1           ########################################
[  246s] libgstreamer-1_0-0-1.22.0-2.1         ########################################
[  246s] gstreamer-1.22.0-2.1                  ########################################
[  246s] /usr/libexec/gstreamer-1.0/gst-ptp-helper: setting to root:root 0755 "cap_net_bind_service=ep". (missing capabilities)
[  246s] libgstallocators-1_0-0-1.22.0-1.1     ########################################
[  247s] libgstapp-1_0-0-1.22.0-1.1            ########################################
[  247s] libgsttag-1_0-0-1.22.0-1.1            ########################################
[  247s] libgstgl-1_0-0-1.22.0-1.1             ########################################
[  247s] libgstvideo-1_0-0-1.22.0-1.1          ########################################
[  247s] libgstaudio-1_0-0-1.22.0-1.1          ########################################
[  247s] libgstriff-1_0-0-1.22.0-1.1           ########################################
[  248s] gstreamer-plugins-base-1.22.0-1.1     ########################################
[  248s] libgstpbutils-1_0-0-1.22.0-1.1        ########################################
[  248s] libwx_gtk2u_media-suse8_0_0-3.2.1-1.2 ########################################
[  248s] libvulkan1-1.3.239.0-1.1              ########################################
[  248s] vulkan-devel-1.3.239.0-1.1            ########################################
[  248s] libQt5Gui-devel-5.15.8+kde160-1.2     ########################################
[  249s] libQt5Gui-private-headers-devel-5.15.8########################################
[  249s] libQt5Widgets-devel-5.15.8+kde160-1.2 ########################################
[  249s] libQt5Widgets-private-headers-devel-5.########################################
[  249s] libQt5PrintSupport-devel-5.15.8+kde160########################################
[  249s] libQt5OpenGL-devel-5.15.8+kde160-1.2  ########################################
[  249s] libQt5PlatformHeaders-devel-5.15.8+kde########################################
[  260s] libQt5PlatformSupport-devel-static-5.1########################################
[  260s] libQt5PlatformSupport-private-headers-########################################
[  260s] libqt5-qtbase-devel-5.15.8+kde160-1.2 ########################################
[  260s] libQt5OpenGL-private-headers-devel-5.1########################################
[  260s] libQt5KmsSupport-devel-static-5.15.8+k########################################
[  261s] libQt5KmsSupport-private-headers-devel########################################
[  261s] libwx_gtk2u_adv-suse8_0_0-3.2.1-1.2   ########################################
[  261s] patch-2.7.6-6.1                       ########################################
[  261s] rpm-build-4.18.0-3.2                  ########################################
[  261s] cups-rpm-helper-2.0.1-2.3             ########################################
[  261s] cups-devel-2.4.2-4.2                  ########################################
[  261s] libQt5PrintSupport-private-headers-dev########################################
[  261s] libboost_date_time1_81_0-1.81.0-1.1   ########################################
[  261s] libboost_date_time1_81_0-devel-1.81.0-########################################
[  261s] libboost_thread1_81_0-devel-1.81.0-1.1########################################
[  261s] libboost_log1_81_0-devel-1.81.0-1.1   ########################################
[  261s] libboost_system1_81_0-1.81.0-1.1      ########################################
[  261s] libboost_system1_81_0-devel-1.81.0-1.1########################################
[  261s] libboost_system-devel-1.81.0-1.1      ########################################
[  261s] libboost_log-devel-1.81.0-1.1         ########################################
[  261s] libboost_thread-devel-1.81.0-1.1      ########################################
[  261s] libqt5-qtbase-private-headers-devel-5.########################################
[  262s] wxWidgets-3_2-devel-3.2.1-1.2         ########################################
[  262s] itstool-2.0.7-1.1                     ########################################
[  262s] git-2.39.2-1.1                        ########################################
[  263s] gtk3-devel-3.24.35+10-1.1             ########################################
[  264s] libqt5-linguist-devel-5.15.8+kde1-1.1 ########################################
[  281s] java-17-openjdk-headless-17.0.6.0-20.1########################################
[  281s] update-alternatives: using /usr/lib64/jvm/jre-17-openjdk/bin/java to provide /usr/bin/java (java) in auto mode
[  281s] update-alternatives: using /usr/lib64/jvm/jre-17-openjdk to provide /usr/lib64/jvm/jre-openjdk (jre_openjdk) in auto mode
[  281s] update-alternatives: using /usr/lib64/jvm/jre-17-openjdk to provide /usr/lib64/jvm/jre-17 (jre_17) in auto mode
[  281s] gobject-introspection-devel-1.74.0-2.1########################################
[  281s] build-compare-20221206T204012.bb70754-########################################
[  282s] libwmf-devel-0.2.12-2.1               ########################################
[  282s] gmock-1.12.1-5.1                      ########################################
[  282s] gtk-doc-1.33.2-1.2                    ########################################
[  282s] gcc-fortran-12-2.1                    ########################################
[  282s] gcc-PIE-12-2.1                        ########################################
[  282s] gcc-obj-c++-12-2.1                    ########################################
[  282s] rust-1.67.1-1.1                       ########################################
[  282s] libboost_test-devel-1.81.0-1.1        ########################################
[  282s] libboost_python3-devel-1.81.0-1.1     ########################################
[  282s] llvm-devel-15.0.7-1.1                 ########################################
[  282s] libpcap-devel-1.10.3-1.1              ########################################
[  282s] SDL2-devel-2.26.3-1.1                 ########################################
[  283s] zlib-devel-static-1.2.13-2.1          ########################################
[  283s] ncurses-devel-6.4.20230218-6.1        ########################################
[  284s] vala-0.56.4-1.1                       ########################################
[  284s] update-alternatives: using /usr/bin/vala-0.56 to provide /usr/bin/vala (vala) in auto mode
[  285s] python310-devel-3.10.9-3.1            ########################################
[  285s] python310-pytest-xdist-3.0.2-1.2      ########################################
[  285s] meson-1.0.1-1.1                       ########################################
[  286s] flex-2.6.4-6.1                        ########################################
[  286s] brp-check-suse-84.87+git20221115.2f7ad########################################
[  288s] rpmlint-mini-2.4.0+git20230214.1bab129########################################
[  288s] compat-usrmerge-build-84.87-5.1       ########################################
[  288s] post-build-checks-84.87+git20230106.3a########################################
[  288s] attr-2.5.1-1.1                        ########################################
[  288s] bison-3.8.2-3.1                       ########################################
[  288s] build-mkbaselibs-20230215-1.1         ########################################
[  298s] qemu-linux-user-7.1.0-50.1            ########################################
[  298s] gnustep-make-2.9.1-1.1                ########################################
[  299s] fdupes-2.2.1-1.1                      ########################################
[  299s] rpmlint-strict-2.4.0+git20230214.1bab1########################################
[  300s] kernel-obs-build-6.1.12-1.1           ########################################
[  325s] now finalizing build dir...
[  325s] ... running 01-add_abuild_user_to_trusted_group
[  326s] ... running 02-set_timezone_to_utc
[  326s] ... running 03-set-permissions-secure
[  326s] ... running 11-hack_uname_version_to_kernel_version
[  332s] -----------------------------------------------------------------
[  332s] I have the following modifications for meson.spec:
[  332s] 19c19
[  332s] < %global flavor @BUILD_FLAVOR@%{nil}
[  332s] ---
[  332s] > %global flavor test%{nil}
[  332s] 33c33
[  332s] < Release:        0
[  332s] ---
[  332s] > Release:        1.1
[  337s] build target is riscv64-suse-linux
[  337s] -----------------------------------------------------------------
[  337s] ----- building meson.spec (user abuild)
[  337s] -----------------------------------------------------------------
[  337s] -----------------------------------------------------------------
[  339s] + exec rpmbuild -ba --define '_srcdefattr (-,root,root)' --nosignature --target=riscv64-suse-linux --define '_build_create_debug 1' --define 'disturl obs://build.opensuse.org/openSUSE:Factory:RISCV/standard/790674923d7df2c53d230c064c1a40a1-meson:test' /home/abuild/rpmbuild/SOURCES/meson.spec
[  340s] Building target platforms: riscv64-suse-linux
[  340s] Building for target riscv64-suse-linux
[  340s] setting SOURCE_DATE_EPOCH=1677283200
[  340s] Executing(%prep): /usr/bin/bash -e /var/tmp/rpm-tmp.fYnWZT
[  340s] + umask 022
[  340s] + cd /home/abuild/rpmbuild/BUILD
[  340s] + cd /home/abuild/rpmbuild/BUILD
[  340s] + rm -rf meson-1.0.1
[  340s] + /usr/lib/rpm/rpmuncompress -x /home/abuild/rpmbuild/SOURCES/meson-1.0.1.tar.gz
[  341s] + STATUS=0
[  341s] + '[' 0 -ne 0 ']'
[  341s] + cd meson-1.0.1
[  341s] + /usr/bin/chmod -Rf a+rX,u+w,g-w,o-w .
[  341s] + echo 'Patch #0 (meson-test-installed-bin.patch):'
[  341s] Patch #0 (meson-test-installed-bin.patch):
[  341s] + /usr/bin/patch --no-backup-if-mismatch -f -p1 --fuzz=0
[  341s] patching file run_tests.py
[  341s] + echo 'Patch #1 (extend-test-timeout-on-qemu-builds.patch):'
[  341s] Patch #1 (extend-test-timeout-on-qemu-builds.patch):
[  341s] + /usr/bin/patch --no-backup-if-mismatch -f -p1 --fuzz=0
[  341s] patching file data/macros.meson
[  341s] + echo 'Patch #2 (meson-distutils.patch):'
[  341s] Patch #2 (meson-distutils.patch):
[  341s] + /usr/bin/patch --no-backup-if-mismatch -f -p1 --fuzz=0
[  341s] patching file setup.py
[  341s] patching file MANIFEST.in
[  341s] + rm -r 'test cases/frameworks/1 boost' 'test cases/objc/2 nsstring'
[  341s] + sed -i '/def test_generate_gir_with_address_sanitizer/{
[  341s]        s/$/\n        raise unittest.SkipTest('\''ulimit'\'')/;
[  341s]        }' run_unittests.py
[  341s] + sed -i '1{/\/usr\/bin\/env/d;}' ./mesonbuild/rewriter.py ./mesonbuild/scripts/cmake_run_ctgt.py
[  341s] + rm -rf 'test cases/failing/85 gtest dependency with version'
[  341s] + RPM_EC=0
[  341s] ++ jobs -p
[  341s] + exit 0
[  341s] Executing(%build): /usr/bin/bash -e /var/tmp/rpm-tmp.v7Pqbo
[  341s] + umask 022
[  341s] + cd /home/abuild/rpmbuild/BUILD
[  341s] + /usr/bin/rm -rf /home/abuild/rpmbuild/BUILDROOT/meson-test-1.0.1-1.1.riscv64
[  341s] ++ dirname /home/abuild/rpmbuild/BUILDROOT/meson-test-1.0.1-1.1.riscv64
[  341s] + /usr/bin/mkdir -p /home/abuild/rpmbuild/BUILDROOT
[  341s] + /usr/bin/mkdir /home/abuild/rpmbuild/BUILDROOT/meson-test-1.0.1-1.1.riscv64
[  341s] + cd meson-1.0.1
[  341s] + ref=/usr/lib/rpm
[  341s] + mints=0
[  341s] + case $(uname -m) in
[  341s] ++ uname -m
[  342s] + mints=20160911
[  342s] + for s in guess sub
[  342s] ++ find -maxdepth 8 -name config.guess
[  342s] + for s in guess sub
[  342s] ++ find -maxdepth 8 -name config.sub
[  342s] + rm -r meson.py mesonbuild
[  342s] + RPM_EC=0
[  342s] ++ jobs -p
[  342s] + exit 0
[  342s] Executing(%install): /usr/bin/bash -e /var/tmp/rpm-tmp.V5vAHt
[  342s] + umask 022
[  342s] + cd /home/abuild/rpmbuild/BUILD
[  342s] + /usr/bin/rm -rf /home/abuild/rpmbuild/BUILDROOT/meson-test-1.0.1-1.1.riscv64
[  342s] + /usr/bin/mkdir -p /home/abuild/rpmbuild/BUILDROOT
[  342s] + /usr/bin/mkdir /home/abuild/rpmbuild/BUILDROOT/meson-test-1.0.1-1.1.riscv64
[  342s] + cd meson-1.0.1
[  342s] + /usr/lib/rpm/find-debuginfo -j6 -n --run-dwz --dwz-low-mem-die-limit 10000000 --dwz-max-die-limit 50000000 -S debugsourcefiles.list /home/abuild/rpmbuild/BUILD/meson-1.0.1
[  343s] + /usr/lib/rpm/brp-compress
[  343s] + /usr/lib/rpm/brp-suse
[  343s] calling /usr/lib/rpm/brp-suse.d/brp-05-permissions
[  343s] calling /usr/lib/rpm/brp-suse.d/brp-15-strip-debug
[  343s] calling /usr/lib/rpm/brp-suse.d/brp-25-symlink
[  343s] calling /usr/lib/rpm/brp-suse.d/brp-50-generate-fips-hmac
[  343s] calling /usr/lib/rpm/brp-suse.d/brp-75-ar
[  343s] Executing(%check): /usr/bin/bash -e /var/tmp/rpm-tmp.i0d0kk
[  344s] + umask 022
[  344s] + cd /home/abuild/rpmbuild/BUILD
[  344s] + cd meson-1.0.1
[  344s] + export LANG=C.UTF-8
[  344s] + LANG=C.UTF-8
[  344s] + export MESON_EXE=/usr/bin/meson
[  344s] + MESON_EXE=/usr/bin/meson
[  344s] + python3 run_tests.py --failfast
[  346s] Meson build system 1.0.1 Project and Unit Tests
[  346s] System information.
[  346s] Architecture: ('64bit', 'ELF')
[  346s] Machine: riscv64
[  346s] Platform: Linux
[  346s] Processor: riscv64
[  346s] System: Linux
[  346s] 
[  346s] 
[  346s] Running unittests.
[  346s] 
[  352s] /usr/lib/python3.10/site-packages/_pytest/faulthandler.py:30: EncodingWarning: 'encoding' argument not specified
[  352s]   config.stash[fault_handler_stderr_key] = open(stderr_fd_copy, "w")
[  353s] /usr/lib/python3.10/site-packages/execnet/gateway_base.py:163: EncodingWarning: 'encoding' argument not specified
[  353s]   return self._fdopen(fd, mode, bufsize)
[  354s] /usr/lib/python3.10/site-packages/execnet/gateway_base.py:163: EncodingWarning: 'encoding' argument not specified
[  354s]   return self._fdopen(fd, mode, bufsize)
[  355s] /usr/lib/python3.10/site-packages/execnet/gateway_base.py:163: EncodingWarning: 'encoding' argument not specified
[  355s]   return self._fdopen(fd, mode, bufsize)
[  355s] /usr/lib/python3.10/site-packages/_pytest/faulthandler.py:30: EncodingWarning: 'encoding' argument not specified
[  355s]   config.stash[fault_handler_stderr_key] = open(stderr_fd_copy, "w")
[  356s] /usr/lib/python3.10/site-packages/execnet/gateway_base.py:163: EncodingWarning: 'encoding' argument not specified
[  356s]   return self._fdopen(fd, mode, bufsize)
[  356s] /usr/lib/python3.10/site-packages/_pytest/faulthandler.py:30: EncodingWarning: 'encoding' argument not specified
[  356s]   config.stash[fault_handler_stderr_key] = open(stderr_fd_copy, "w")
[  356s] /usr/lib/python3.10/site-packages/execnet/gateway_base.py:163: EncodingWarning: 'encoding' argument not specified
[  356s]   return self._fdopen(fd, mode, bufsize)
[  357s] /usr/lib/python3.10/site-packages/_pytest/faulthandler.py:30: EncodingWarning: 'encoding' argument not specified
[  357s]   config.stash[fault_handler_stderr_key] = open(stderr_fd_copy, "w")
[  357s] /usr/lib/python3.10/site-packages/execnet/gateway_base.py:163: EncodingWarning: 'encoding' argument not specified
[  357s]   return self._fdopen(fd, mode, bufsize)
[  357s] /usr/lib/python3.10/site-packages/_pytest/faulthandler.py:30: EncodingWarning: 'encoding' argument not specified
[  357s]   config.stash[fault_handler_stderr_key] = open(stderr_fd_copy, "w")
[  358s] /usr/lib/python3.10/site-packages/_pytest/faulthandler.py:30: EncodingWarning: 'encoding' argument not specified
[  358s]   config.stash[fault_handler_stderr_key] = open(stderr_fd_copy, "w")
[  359s] /usr/lib/python3.10/site-packages/_pytest/faulthandler.py:30: EncodingWarning: 'encoding' argument not specified
[  359s]   config.stash[fault_handler_stderr_key] = open(stderr_fd_copy, "w")
[  361s] ============================= test session starts ==============================
[  361s] platform linux -- Python 3.10.9, pytest-7.2.0, pluggy-1.0.0 -- /usr/bin/python3
[  361s] cachedir: .pytest_cache
[  361s] rootdir: /home/abuild/rpmbuild/BUILD/meson-1.0.1, configfile: setup.cfg
[  361s] plugins: xdist-3.0.2
[  361s] gw0 I / gw1 I / gw2 I / gw3 I / gw4 I / gw5 I
[  361s] [gw0] linux Python 3.10.9 cwd: /home/abuild/rpmbuild/BUILD/meson-1.0.1
[  361s] [gw1] linux Python 3.10.9 cwd: /home/abuild/rpmbuild/BUILD/meson-1.0.1
[  361s] [gw2] linux Python 3.10.9 cwd: /home/abuild/rpmbuild/BUILD/meson-1.0.1
[  361s] [gw3] linux Python 3.10.9 cwd: /home/abuild/rpmbuild/BUILD/meson-1.0.1
[  361s] [gw4] linux Python 3.10.9 cwd: /home/abuild/rpmbuild/BUILD/meson-1.0.1
[  361s] [gw5] linux Python 3.10.9 cwd: /home/abuild/rpmbuild/BUILD/meson-1.0.1
[  361s] [gw0] Python 3.10.9 (main, Dec 08 2022, 14:49:06) [GCC]
[  361s] [gw1] Python 3.10.9 (main, Dec 08 2022, 14:49:06) [GCC]
[  361s] [gw2] Python 3.10.9 (main, Dec 08 2022, 14:49:06) [GCC]
[  361s] [gw3] Python 3.10.9 (main, Dec 08 2022, 14:49:06) [GCC]
[  361s] [gw4] Python 3.10.9 (main, Dec 08 2022, 14:49:06) [GCC]
[  361s] [gw5] Python 3.10.9 (main, Dec 08 2022, 14:49:06) [GCC]
[  361s] gw0 [482] / gw1 [482] / gw2 [482] / gw3 [482] / gw4 [482] / gw5 [482]
[  361s] 
[  361s] scheduling tests via LoadScheduling
[  361s] 
[  361s] run_unittests.py::AllPlatformTests::test_cmake_prefix_path <- unittests/allplatformstests.py 
[  361s] run_unittests.py::AllPlatformTests::test_absolute_prefix_libdir <- unittests/allplatformstests.py 
[  361s] run_unittests.py::AllPlatformTests::test_identical_target_name_in_subdir_flat_layout <- unittests/allplatformstests.py 
[  361s] run_unittests.py::AllPlatformTests::test_introspect_meson_info <- unittests/allplatformstests.py 
[  361s] run_unittests.py::AllPlatformTests::test_multi_output_custom_target_no_warning <- unittests/allplatformstests.py 
[  366s] run_unittests.py::AllPlatformTests::test_dash_d_dedup <- unittests/allplatformstests.py 
[  366s] [gw1] [  0%] PASSED run_unittests.py::AllPlatformTests::test_cmake_prefix_path <- unittests/allplatformstests.py 
[  367s] run_unittests.py::AllPlatformTests::test_command_line <- unittests/allplatformstests.py 
[  367s] [gw2] [  0%] PASSED run_unittests.py::AllPlatformTests::test_dash_d_dedup <- unittests/allplatformstests.py 
[  369s] run_unittests.py::AllPlatformTests::test_default_options_prefix <- unittests/allplatformstests.py 
[  369s] [gw3] [  0%] PASSED run_unittests.py::AllPlatformTests::test_identical_target_name_in_subdir_flat_layout <- unittests/allplatformstests.py 
[  373s] run_unittests.py::AllPlatformTests::test_identical_target_name_in_subproject_flat_layout <- unittests/allplatformstests.py 
[  373s] [gw0] [  0%] PASSED run_unittests.py::AllPlatformTests::test_absolute_prefix_libdir <- unittests/allplatformstests.py 
[  375s] run_unittests.py::AllPlatformTests::test_adding_subproject_to_configure_project <- unittests/allplatformstests.py 
[  375s] [gw5] [  1%] PASSED run_unittests.py::AllPlatformTests::test_multi_output_custom_target_no_warning <- unittests/allplatformstests.py 
[  377s] run_unittests.py::AllPlatformTests::test_native_dep_pkgconfig <- unittests/allplatformstests.py 
[  377s] [gw2] [  1%] PASSED run_unittests.py::AllPlatformTests::test_default_options_prefix <- unittests/allplatformstests.py 
[  378s] run_unittests.py::AllPlatformTests::test_default_options_prefix_dependent_defaults <- unittests/allplatformstests.py 
[  378s] [gw3] [  1%] PASSED run_unittests.py::AllPlatformTests::test_identical_target_name_in_subproject_flat_layout <- unittests/allplatformstests.py 
[  383s] run_unittests.py::AllPlatformTests::test_identity_cross <- unittests/allplatformstests.py 
[  383s] [gw3] [  1%] PASSED run_unittests.py::AllPlatformTests::test_identity_cross <- unittests/allplatformstests.py 
[  387s] run_unittests.py::AllPlatformTests::test_implicit_forcefallback <- unittests/allplatformstests.py 
[  387s] [gw0] [  1%] PASSED run_unittests.py::AllPlatformTests::test_adding_subproject_to_configure_project <- unittests/allplatformstests.py 
[  387s] run_unittests.py::AllPlatformTests::test_alias_target <- unittests/allplatformstests.py 
[  387s] [gw4] [  2%] PASSED run_unittests.py::AllPlatformTests::test_introspect_meson_info <- unittests/allplatformstests.py 
[  392s] run_unittests.py::AllPlatformTests::test_introspect_projectinfo_subproject_dir <- unittests/allplatformstests.py 
[  392s] [gw5] [  2%] PASSED run_unittests.py::AllPlatformTests::test_native_dep_pkgconfig <- unittests/allplatformstests.py 
[  393s] run_unittests.py::AllPlatformTests::test_ndebug_if_release_disabled <- unittests/allplatformstests.py 
[  393s] [gw3] [  2%] PASSED run_unittests.py::AllPlatformTests::test_implicit_forcefallback <- unittests/allplatformstests.py 
[  396s] run_unittests.py::AllPlatformTests::test_install_introspection <- unittests/allplatformstests.py 
[  396s] [gw4] [  2%] PASSED run_unittests.py::AllPlatformTests::test_introspect_projectinfo_subproject_dir <- unittests/allplatformstests.py 
[  396s] run_unittests.py::AllPlatformTests::test_introspect_projectinfo_subproject_dir_from_source <- unittests/allplatformstests.py 
[  396s] [gw2] [  2%] PASSED run_unittests.py::AllPlatformTests::test_default_options_prefix_dependent_defaults <- unittests/allplatformstests.py 
[  397s] run_unittests.py::AllPlatformTests::test_devenv <- unittests/allplatformstests.py 
[  397s] [gw0] [  3%] PASSED run_unittests.py::AllPlatformTests::test_alias_target <- unittests/allplatformstests.py 
[  397s] run_unittests.py::AllPlatformTests::test_all_forbidden_targets_tested <- unittests/allplatformstests.py 
[  397s] [gw0] [  3%] PASSED run_unittests.py::AllPlatformTests::test_all_forbidden_targets_tested <- unittests/allplatformstests.py 
[  399s] run_unittests.py::AllPlatformTests::test_always_prefer_c_compiler_for_asm <- unittests/allplatformstests.py 
[  399s] [gw4] [  3%] PASSED run_unittests.py::AllPlatformTests::test_introspect_projectinfo_subproject_dir_from_source <- unittests/allplatformstests.py 
[  400s] run_unittests.py::AllPlatformTests::test_introspect_projectinfo_subprojects <- unittests/allplatformstests.py 
[  400s] [gw5] [  3%] PASSED run_unittests.py::AllPlatformTests::test_ndebug_if_release_disabled <- unittests/allplatformstests.py 
[  402s] run_unittests.py::AllPlatformTests::test_ndebug_if_release_enabled <- unittests/allplatformstests.py 
[  402s] [gw3] [  3%] PASSED run_unittests.py::AllPlatformTests::test_install_introspection <- unittests/allplatformstests.py 
[  407s] run_unittests.py::AllPlatformTests::test_install_introspection_multiple_outputs <- unittests/allplatformstests.py 
[  407s] [gw3] [  4%] PASSED run_unittests.py::AllPlatformTests::test_install_introspection_multiple_outputs <- unittests/allplatformstests.py 
[  407s] run_unittests.py::AllPlatformTests::test_install_log_content <- unittests/allplatformstests.py 
[  407s] [gw0] [  4%] SKIPPED run_unittests.py::AllPlatformTests::test_always_prefer_c_compiler_for_asm <- unittests/allplatformstests.py 
[  407s] run_unittests.py::AllPlatformTests::test_array_option_bad_change <- unittests/allplatformstests.py 
[  407s] [gw5] [  4%] PASSED run_unittests.py::AllPlatformTests::test_ndebug_if_release_enabled <- unittests/allplatformstests.py 
[  416s] run_unittests.py::AllPlatformTests::test_nested_cmake_rebuild <- unittests/allplatformstests.py 
[  416s] [gw0] [  4%] PASSED run_unittests.py::AllPlatformTests::test_array_option_bad_change <- unittests/allplatformstests.py 
[  417s] run_unittests.py::AllPlatformTests::test_array_option_change <- unittests/allplatformstests.py 
[  417s] [gw3] [  4%] PASSED run_unittests.py::AllPlatformTests::test_install_log_content <- unittests/allplatformstests.py 
[  418s] run_unittests.py::AllPlatformTests::test_install_skip_subprojects <- unittests/allplatformstests.py 
[  418s] [gw2] [  5%] PASSED run_unittests.py::AllPlatformTests::test_devenv <- unittests/allplatformstests.py 
[  418s] run_unittests.py::AllPlatformTests::test_dirs <- unittests/allplatformstests.py 
[  418s] [gw4] [  5%] PASSED run_unittests.py::AllPlatformTests::test_introspect_projectinfo_subprojects <- unittests/allplatformstests.py 
[  426s] run_unittests.py::AllPlatformTests::test_introspect_projectinfo_without_configured_build <- unittests/allplatformstests.py 
[  426s] [gw0] [  5%] PASSED run_unittests.py::AllPlatformTests::test_array_option_change <- unittests/allplatformstests.py 
[  426s] run_unittests.py::AllPlatformTests::test_array_option_empty_equivalents <- unittests/allplatformstests.py 
[  426s] [gw2] [  5%] PASSED run_unittests.py::AllPlatformTests::test_dirs <- unittests/allplatformstests.py 
[  427s] run_unittests.py::AllPlatformTests::test_dist_git <- unittests/allplatformstests.py 
[  427s] [gw4] [  6%] PASSED run_unittests.py::AllPlatformTests::test_introspect_projectinfo_without_configured_build <- unittests/allplatformstests.py 
[  430s] run_unittests.py::AllPlatformTests::test_introspect_targets_from_source <- unittests/allplatformstests.py 
[  430s] [gw0] [  6%] PASSED run_unittests.py::AllPlatformTests::test_array_option_empty_equivalents <- unittests/allplatformstests.py 
[  435s] run_unittests.py::AllPlatformTests::test_build_b_options <- unittests/allplatformstests.py 
[  435s] [gw3] [  6%] PASSED run_unittests.py::AllPlatformTests::test_install_skip_subprojects <- unittests/allplatformstests.py 
[  437s] run_unittests.py::AllPlatformTests::test_install_subdir_introspection <- unittests/allplatformstests.py 
[  437s] [gw0] [  6%] PASSED run_unittests.py::AllPlatformTests::test_build_b_options <- unittests/allplatformstests.py 
[  440s] run_unittests.py::AllPlatformTests::test_build_by_default <- unittests/allplatformstests.py 
[  440s] [gw3] [  6%] PASSED run_unittests.py::AllPlatformTests::test_install_subdir_introspection <- unittests/allplatformstests.py 
[  440s] run_unittests.py::AllPlatformTests::test_install_tag <- unittests/allplatformstests.py 
[  440s] [gw5] [  7%] PASSED run_unittests.py::AllPlatformTests::test_nested_cmake_rebuild <- unittests/allplatformstests.py 
[  447s] run_unittests.py::AllPlatformTests::test_noop_changes_cause_no_rebuilds <- unittests/allplatformstests.py 
[  447s] [gw0] [  7%] PASSED run_unittests.py::AllPlatformTests::test_build_by_default <- unittests/allplatformstests.py 
[  447s] run_unittests.py::AllPlatformTests::test_build_generated_pyx_directly <- unittests/allplatformstests.py 
[  447s] [gw0] [  7%] SKIPPED run_unittests.py::AllPlatformTests::test_build_generated_pyx_directly <- unittests/allplatformstests.py 
[  447s] run_unittests.py::AllPlatformTests::test_build_pyx_depfiles <- unittests/allplatformstests.py 
[  447s] [gw0] [  7%] SKIPPED run_unittests.py::AllPlatformTests::test_build_pyx_depfiles <- unittests/allplatformstests.py 
[  459s] run_unittests.py::AllPlatformTests::test_buildtype_setting <- unittests/allplatformstests.py 
[  459s] [gw4] [  7%] PASSED run_unittests.py::AllPlatformTests::test_introspect_targets_from_source <- unittests/allplatformstests.py 
[  461s] run_unittests.py::AllPlatformTests::test_introspection_target_subproject <- unittests/allplatformstests.py 
[  461s] [gw5] [  8%] PASSED run_unittests.py::AllPlatformTests::test_noop_changes_cause_no_rebuilds <- unittests/allplatformstests.py 
[  464s] run_unittests.py::AllPlatformTests::test_nopromote <- unittests/allplatformstests.py 
[  464s] [gw3] [  8%] PASSED run_unittests.py::AllPlatformTests::test_install_tag <- unittests/allplatformstests.py 
[  468s] run_unittests.py::AllPlatformTests::test_internal_include_order <- unittests/allplatformstests.py 
[  468s] [gw0] [  8%] PASSED run_unittests.py::AllPlatformTests::test_buildtype_setting <- unittests/allplatformstests.py 
[  468s] run_unittests.py::AllPlatformTests::test_cflags_cppflags <- unittests/allplatformstests.py 
[  468s] [gw4] [  8%] PASSED run_unittests.py::AllPlatformTests::test_introspection_target_subproject <- unittests/allplatformstests.py 
[  468s] run_unittests.py::AllPlatformTests::test_junit_valid_exitcode <- unittests/allplatformstests.py 
[  468s] [gw4] [  8%] SKIPPED run_unittests.py::AllPlatformTests::test_junit_valid_exitcode <- unittests/allplatformstests.py 
[  468s] run_unittests.py::AllPlatformTests::test_junit_valid_gtest <- unittests/allplatformstests.py 
[  468s] [gw4] [  9%] SKIPPED run_unittests.py::AllPlatformTests::test_junit_valid_gtest <- unittests/allplatformstests.py 
[  468s] run_unittests.py::AllPlatformTests::test_junit_valid_tap <- unittests/allplatformstests.py 
[  468s] [gw4] [  9%] SKIPPED run_unittests.py::AllPlatformTests::test_junit_valid_tap <- unittests/allplatformstests.py 
[  470s] run_unittests.py::AllPlatformTests::test_libdir_can_be_outside_prefix <- unittests/allplatformstests.py 
[  470s] [gw1] [  9%] PASSED run_unittests.py::AllPlatformTests::test_command_line <- unittests/allplatformstests.py 
[  470s] run_unittests.py::AllPlatformTests::test_commands_documented <- unittests/allplatformstests.py 
[  470s] [gw1] [  9%] SKIPPED run_unittests.py::AllPlatformTests::test_commands_documented <- unittests/allplatformstests.py 
[  474s] run_unittests.py::AllPlatformTests::test_compiler_detection <- unittests/allplatformstests.py 
[  474s] [gw3] [  9%] PASSED run_unittests.py::AllPlatformTests::test_internal_include_order <- unittests/allplatformstests.py 
[  477s] run_unittests.py::AllPlatformTests::test_introspect_ast_source <- unittests/allplatformstests.py 
[  477s] [gw5] [ 10%] PASSED run_unittests.py::AllPlatformTests::test_nopromote <- unittests/allplatformstests.py 
[  477s] run_unittests.py::AllPlatformTests::test_nostdlib <- unittests/allplatformstests.py 
[  477s] [gw5] [ 10%] SKIPPED run_unittests.py::AllPlatformTests::test_nostdlib <- unittests/allplatformstests.py 
[  480s] run_unittests.py::AllPlatformTests::test_options_with_choices_changing <- unittests/allplatformstests.py 
[  480s] [gw3] [ 10%] PASSED run_unittests.py::AllPlatformTests::test_introspect_ast_source <- unittests/allplatformstests.py 
[  480s] run_unittests.py::AllPlatformTests::test_introspect_buildoptions_cross_only <- unittests/allplatformstests.py 
[  480s] [gw0] [ 10%] PASSED run_unittests.py::AllPlatformTests::test_cflags_cppflags <- unittests/allplatformstests.py 
[  483s] run_unittests.py::AllPlatformTests::test_check_module_linking <- unittests/allplatformstests.py 
[  483s] [gw3] [ 10%] PASSED run_unittests.py::AllPlatformTests::test_introspect_buildoptions_cross_only <- unittests/allplatformstests.py 
[  491s] run_unittests.py::AllPlatformTests::test_introspect_buildoptions_without_configured_build <- unittests/allplatformstests.py 
[  491s] [gw0] [ 11%] PASSED run_unittests.py::AllPlatformTests::test_check_module_linking <- unittests/allplatformstests.py 
[  491s] run_unittests.py::AllPlatformTests::test_clang_format <- unittests/allplatformstests.py 
[  491s] [gw4] [ 11%] PASSED run_unittests.py::AllPlatformTests::test_libdir_can_be_outside_prefix <- unittests/allplatformstests.py 
[  492s] run_unittests.py::AllPlatformTests::test_link_language_linker <- unittests/allplatformstests.py 
[  492s] [gw5] [ 11%] PASSED run_unittests.py::AllPlatformTests::test_options_with_choices_changing <- unittests/allplatformstests.py 
[  497s] run_unittests.py::AllPlatformTests::test_permitted_method_kwargs <- unittests/allplatformstests.py 
[  497s] [gw1] [ 11%] PASSED run_unittests.py::AllPlatformTests::test_compiler_detection <- unittests/allplatformstests.py 
[  498s] run_unittests.py::AllPlatformTests::test_compiler_run_command <- unittests/allplatformstests.py 
[  498s] [gw5] [ 12%] PASSED run_unittests.py::AllPlatformTests::test_permitted_method_kwargs <- unittests/allplatformstests.py 
[  500s] run_unittests.py::AllPlatformTests::test_pkg_config_libdir <- unittests/allplatformstests.py 
[  500s] [gw3] [ 12%] PASSED run_unittests.py::AllPlatformTests::test_introspect_buildoptions_without_configured_build <- unittests/allplatformstests.py 
[  501s] run_unittests.py::AllPlatformTests::test_introspect_config_update <- unittests/allplatformstests.py 
[  501s] [gw0] [ 12%] PASSED run_unittests.py::AllPlatformTests::test_clang_format <- unittests/allplatformstests.py 
[  501s] run_unittests.py::AllPlatformTests::test_clang_format_check <- unittests/allplatformstests.py 
[  502s] [gw4] [ 12%] PASSED run_unittests.py::AllPlatformTests::test_link_language_linker <- unittests/allplatformstests.py 
[  503s] run_unittests.py::AllPlatformTests::test_long_output <- unittests/allplatformstests.py 
[  503s] [gw1] [ 12%] PASSED run_unittests.py::AllPlatformTests::test_compiler_run_command <- unittests/allplatformstests.py 
[  507s] run_unittests.py::AllPlatformTests::test_configure <- unittests/allplatformstests.py 
[  507s] [gw5] [ 13%] PASSED run_unittests.py::AllPlatformTests::test_pkg_config_libdir <- unittests/allplatformstests.py 
[  512s] run_unittests.py::AllPlatformTests::test_pkgconfig_gen_escaping <- unittests/allplatformstests.py 
[  512s] [gw1] [ 13%] PASSED run_unittests.py::AllPlatformTests::test_configure <- unittests/allplatformstests.py 
[  517s] run_unittests.py::AllPlatformTests::test_configure_file_warnings <- unittests/allplatformstests.py 
[  517s] [gw0] [ 13%] PASSED run_unittests.py::AllPlatformTests::test_clang_format_check <- unittests/allplatformstests.py 
[  519s] run_unittests.py::AllPlatformTests::test_clang_tidy <- unittests/allplatformstests.py 
[  519s] [gw5] [ 13%] PASSED run_unittests.py::AllPlatformTests::test_pkgconfig_gen_escaping <- unittests/allplatformstests.py 
[  527s] run_unittests.py::AllPlatformTests::test_pkgconfig_relocatable <- unittests/allplatformstests.py 
[  527s] [gw0] [ 13%] PASSED run_unittests.py::AllPlatformTests::test_clang_tidy <- unittests/allplatformstests.py 
[  527s] run_unittests.py::AllPlatformTests::test_clike_get_library_dirs <- unittests/allplatformstests.py 
[  527s] [gw0] [ 14%] PASSED run_unittests.py::AllPlatformTests::test_clike_get_library_dirs <- unittests/allplatformstests.py 
[  528s] run_unittests.py::AllPlatformTests::test_cmake_parser <- unittests/allplatformstests.py 
[  528s] [gw2] [ 14%] PASSED run_unittests.py::AllPlatformTests::test_dist_git <- unittests/allplatformstests.py 
[  528s] run_unittests.py::AllPlatformTests::test_dist_git_script <- unittests/allplatformstests.py 
[  528s] [gw1] [ 14%] PASSED run_unittests.py::AllPlatformTests::test_configure_file_warnings <- unittests/allplatformstests.py 
[  530s] run_unittests.py::AllPlatformTests::test_configure_same_noop <- unittests/allplatformstests.py 
[  530s] [gw3] [ 14%] PASSED run_unittests.py::AllPlatformTests::test_introspect_config_update <- unittests/allplatformstests.py 
[  533s] run_unittests.py::AllPlatformTests::test_introspect_dependencies_from_source <- unittests/allplatformstests.py 
[  533s] [gw0] [ 14%] PASSED run_unittests.py::AllPlatformTests::test_cmake_parser <- unittests/allplatformstests.py 
[  534s] run_unittests.py::AllPlatformTests::test_reconfigure <- unittests/allplatformstests.py 
[  534s] [gw1] [ 15%] PASSED run_unittests.py::AllPlatformTests::test_configure_same_noop <- unittests/allplatformstests.py 
[  535s] run_unittests.py::AllPlatformTests::test_conflicting_d_dash_option <- unittests/allplatformstests.py 
[  535s] [gw3] [ 15%] PASSED run_unittests.py::AllPlatformTests::test_introspect_dependencies_from_source <- unittests/allplatformstests.py 
[  536s] run_unittests.py::AllPlatformTests::test_introspect_file_dump_equals_all <- unittests/allplatformstests.py 
[  536s] [gw1] [ 15%] PASSED run_unittests.py::AllPlatformTests::test_conflicting_d_dash_option <- unittests/allplatformstests.py 
[  536s] run_unittests.py::AllPlatformTests::test_coverage <- unittests/allplatformstests.py 
[  536s] [gw1] [ 15%] SKIPPED run_unittests.py::AllPlatformTests::test_coverage <- unittests/allplatformstests.py 
[  536s] run_unittests.py::AllPlatformTests::test_coverage_complex <- unittests/allplatformstests.py 
[  536s] [gw1] [ 15%] SKIPPED run_unittests.py::AllPlatformTests::test_coverage_complex <- unittests/allplatformstests.py 
[  536s] run_unittests.py::AllPlatformTests::test_coverage_escaping <- unittests/allplatformstests.py 
[  536s] [gw1] [ 16%] SKIPPED run_unittests.py::AllPlatformTests::test_coverage_escaping <- unittests/allplatformstests.py 
[  536s] run_unittests.py::AllPlatformTests::test_coverage_html <- unittests/allplatformstests.py 
[  536s] [gw1] [ 16%] SKIPPED run_unittests.py::AllPlatformTests::test_coverage_html <- unittests/allplatformstests.py 
[  536s] run_unittests.py::AllPlatformTests::test_coverage_text <- unittests/allplatformstests.py 
[  536s] [gw1] [ 16%] SKIPPED run_unittests.py::AllPlatformTests::test_coverage_text <- unittests/allplatformstests.py 
[  536s] run_unittests.py::AllPlatformTests::test_coverage_xml <- unittests/allplatformstests.py 
[  536s] [gw1] [ 16%] SKIPPED run_unittests.py::AllPlatformTests::test_coverage_xml <- unittests/allplatformstests.py 
[  536s] run_unittests.py::AllPlatformTests::test_cross_file_constants <- unittests/allplatformstests.py 
[  536s] [gw1] [ 17%] PASSED run_unittests.py::AllPlatformTests::test_cross_file_constants <- unittests/allplatformstests.py 
[  543s] run_unittests.py::AllPlatformTests::test_custom_target_changes_cause_rebuild <- unittests/allplatformstests.py 
[  543s] [gw5] [ 17%] PASSED run_unittests.py::AllPlatformTests::test_pkgconfig_relocatable <- unittests/allplatformstests.py 
[  549s] run_unittests.py::AllPlatformTests::test_pkgconfig_static <- unittests/allplatformstests.py 
[  549s] [gw1] [ 17%] PASSED run_unittests.py::AllPlatformTests::test_custom_target_changes_cause_rebuild <- unittests/allplatformstests.py 
[  554s] run_unittests.py::AllPlatformTests::test_custom_target_exe_data_deterministic <- unittests/allplatformstests.py 
[  554s] [gw1] [ 17%] PASSED run_unittests.py::AllPlatformTests::test_custom_target_exe_data_deterministic <- unittests/allplatformstests.py 
[  561s] run_unittests.py::AllPlatformTests::test_custom_target_implicit_include <- unittests/allplatformstests.py 
[  561s] [gw5] [ 17%] PASSED run_unittests.py::AllPlatformTests::test_pkgconfig_static <- unittests/allplatformstests.py 
[  562s] run_unittests.py::AllPlatformTests::test_prebuilt_object <- unittests/allplatformstests.py 
[  562s] [gw3] [ 18%] PASSED run_unittests.py::AllPlatformTests::test_introspect_file_dump_equals_all <- unittests/allplatformstests.py 
[  563s] run_unittests.py::AllPlatformTests::test_introspect_install_plan <- unittests/allplatformstests.py 
[  563s] [gw1] [ 18%] PASSED run_unittests.py::AllPlatformTests::test_custom_target_implicit_include <- unittests/allplatformstests.py 
[  564s] run_unittests.py::AllPlatformTests::test_custom_target_name <- unittests/allplatformstests.py 
[  564s] [gw4] [ 18%] PASSED run_unittests.py::AllPlatformTests::test_long_output <- unittests/allplatformstests.py 
[  564s] run_unittests.py::AllPlatformTests::test_lto_mode <- unittests/allplatformstests.py 
[  564s] [gw4] [ 18%] SKIPPED run_unittests.py::AllPlatformTests::test_lto_mode <- unittests/allplatformstests.py 
[  567s] run_unittests.py::AllPlatformTests::test_lto_threads <- unittests/allplatformstests.py 
[  567s] [gw0] [ 18%] PASSED run_unittests.py::AllPlatformTests::test_reconfigure <- unittests/allplatformstests.py 
[  570s] run_unittests.py::AllPlatformTests::test_rpath_uses_ORIGIN <- unittests/allplatformstests.py 
[  570s] [gw3] [ 19%] PASSED run_unittests.py::AllPlatformTests::test_introspect_install_plan <- unittests/allplatformstests.py 
[  573s] run_unittests.py::AllPlatformTests::test_introspect_json_dump <- unittests/allplatformstests.py 
[  574s] [gw1] [ 19%] PASSED run_unittests.py::AllPlatformTests::test_custom_target_name <- unittests/allplatformstests.py 
[  576s] run_unittests.py::FailureTests::test_dependency_invalid_method <- unittests/failuretests.py 
[  576s] [gw5] [ 19%] PASSED run_unittests.py::AllPlatformTests::test_prebuilt_object <- unittests/allplatformstests.py 
[  577s] run_unittests.py::AllPlatformTests::test_prebuilt_shared_lib <- unittests/allplatformstests.py 
[  577s] [gw2] [ 19%] PASSED run_unittests.py::AllPlatformTests::test_dist_git_script <- unittests/allplatformstests.py 
[  577s] run_unittests.py::AllPlatformTests::test_dist_hg <- unittests/allplatformstests.py 
[  577s] [gw2] [ 19%] SKIPPED run_unittests.py::AllPlatformTests::test_dist_hg <- unittests/allplatformstests.py 
[  577s] run_unittests.py::AllPlatformTests::test_do_conf_file_by_format <- unittests/allplatformstests.py 
[  577s] [gw2] [ 20%] PASSED run_unittests.py::AllPlatformTests::test_do_conf_file_by_format <- unittests/allplatformstests.py 
[  577s] run_unittests.py::AllPlatformTests::test_do_conf_file_preserve_newlines <- unittests/allplatformstests.py 
[  577s] [gw2] [ 20%] PASSED run_unittests.py::AllPlatformTests::test_do_conf_file_preserve_newlines <- unittests/allplatformstests.py 
[  579s] run_unittests.py::AllPlatformTests::test_env_flags_to_linker <- unittests/allplatformstests.py 
[  579s] [gw2] [ 20%] PASSED run_unittests.py::AllPlatformTests::test_env_flags_to_linker <- unittests/allplatformstests.py 
[  582s] run_unittests.py::AllPlatformTests::test_error_location_path <- unittests/allplatformstests.py 
[  582s] [gw0] [ 20%] PASSED run_unittests.py::AllPlatformTests::test_rpath_uses_ORIGIN <- unittests/allplatformstests.py 
[  591s] run_unittests.py::AllPlatformTests::test_run_target_files_path <- unittests/allplatformstests.py 
[  591s] [gw0] [ 20%] PASSED run_unittests.py::AllPlatformTests::test_run_target_files_path <- unittests/allplatformstests.py 
[  592s] run_unittests.py::AllPlatformTests::test_run_target_subdir <- unittests/allplatformstests.py 
[  592s] [gw4] [ 21%] PASSED run_unittests.py::AllPlatformTests::test_lto_threads <- unittests/allplatformstests.py 
[  594s] run_unittests.py::AllPlatformTests::test_meson_compile <- unittests/allplatformstests.py 
[  594s] [gw5] [ 21%] PASSED run_unittests.py::AllPlatformTests::test_prebuilt_shared_lib <- unittests/allplatformstests.py 
[  598s] run_unittests.py::AllPlatformTests::test_prebuilt_shared_lib_rpath <- unittests/allplatformstests.py 
[  598s] [gw0] [ 21%] PASSED run_unittests.py::AllPlatformTests::test_run_target_subdir <- unittests/allplatformstests.py 
[  598s] run_unittests.py::AllPlatformTests::test_rust_clippy <- unittests/allplatformstests.py 
[  598s] [gw0] [ 21%] SKIPPED run_unittests.py::AllPlatformTests::test_rust_clippy <- unittests/allplatformstests.py 
[  599s] run_unittests.py::AllPlatformTests::test_rust_rlib_linkage <- unittests/allplatformstests.py 
[  599s] [gw3] [ 21%] PASSED run_unittests.py::AllPlatformTests::test_introspect_json_dump <- unittests/allplatformstests.py 
[  601s] run_unittests.py::AllPlatformTests::test_introspect_json_flat <- unittests/allplatformstests.py 
[  601s] [gw1] [ 22%] PASSED run_unittests.py::FailureTests::test_dependency_invalid_method <- unittests/failuretests.py 
[  608s] run_unittests.py::FailureTests::test_dict_forbids_duplicate_keys <- unittests/failuretests.py 
[  608s] [gw1] [ 22%] PASSED run_unittests.py::FailureTests::test_dict_forbids_duplicate_keys <- unittests/failuretests.py 
[  611s] run_unittests.py::FailureTests::test_dict_forbids_integer_key <- unittests/failuretests.py 
[  611s] [gw5] [ 22%] PASSED run_unittests.py::AllPlatformTests::test_prebuilt_shared_lib_rpath <- unittests/allplatformstests.py 
[  615s] run_unittests.py::AllPlatformTests::test_prebuilt_static_lib <- unittests/allplatformstests.py 
[  615s] [gw1] [ 22%] PASSED run_unittests.py::FailureTests::test_dict_forbids_integer_key <- unittests/failuretests.py 
[  615s] run_unittests.py::FailureTests::test_dict_requires_key_value_pairs <- unittests/failuretests.py 
[  615s] [gw2] [ 23%] PASSED run_unittests.py::AllPlatformTests::test_error_location_path <- unittests/allplatformstests.py 
[  615s] run_unittests.py::AllPlatformTests::test_extract_objects_custom_target_no_warning <- unittests/allplatformstests.py 
[  615s] [gw1] [ 23%] PASSED run_unittests.py::FailureTests::test_dict_requires_key_value_pairs <- unittests/failuretests.py 
[  622s] run_unittests.py::FailureTests::test_error_func <- unittests/failuretests.py 
[  622s] [gw1] [ 23%] PASSED run_unittests.py::FailureTests::test_error_func <- unittests/failuretests.py 
[  622s] run_unittests.py::FailureTests::test_exception_exit_status <- unittests/failuretests.py 
[  622s] [gw2] [ 23%] PASSED run_unittests.py::AllPlatformTests::test_extract_objects_custom_target_no_warning <- unittests/allplatformstests.py 
[  624s] run_unittests.py::AllPlatformTests::test_feature_check_usage_subprojects <- unittests/allplatformstests.py 
[  624s] [gw3] [ 23%] PASSED run_unittests.py::AllPlatformTests::test_introspect_json_flat <- unittests/allplatformstests.py 
[  624s] run_unittests.py::LinuxCrossArmTests::test_cross_libdir <- unittests/linuxcrosstests.py 
[  624s] [gw3] [ 24%] SKIPPED run_unittests.py::LinuxCrossArmTests::test_cross_libdir <- unittests/linuxcrosstests.py 
[  624s] run_unittests.py::LinuxCrossArmTests::test_cross_libdir_subproject <- unittests/linuxcrosstests.py 
[  624s] [gw3] [ 24%] SKIPPED run_unittests.py::LinuxCrossArmTests::test_cross_libdir_subproject <- unittests/linuxcrosstests.py 
[  624s] run_unittests.py::LinuxCrossArmTests::test_pkg_config_option <- unittests/linuxcrosstests.py 
[  624s] [gw3] [ 24%] SKIPPED run_unittests.py::LinuxCrossArmTests::test_pkg_config_option <- unittests/linuxcrosstests.py 
[  624s] run_unittests.py::LinuxCrossArmTests::test_run_native_test <- unittests/linuxcrosstests.py 
[  624s] [gw3] [ 24%] SKIPPED run_unittests.py::LinuxCrossArmTests::test_run_native_test <- unittests/linuxcrosstests.py 
[  624s] run_unittests.py::LinuxCrossArmTests::test_std_remains <- unittests/linuxcrosstests.py 
[  624s] [gw3] [ 24%] SKIPPED run_unittests.py::LinuxCrossArmTests::test_std_remains <- unittests/linuxcrosstests.py 
[  624s] run_unittests.py::LinuxCrossMingwTests::test_cross_pkg_config_option <- unittests/linuxcrosstests.py 
[  624s] [gw3] [ 25%] SKIPPED run_unittests.py::LinuxCrossMingwTests::test_cross_pkg_config_option <- unittests/linuxcrosstests.py 
[  624s] run_unittests.py::LinuxCrossMingwTests::test_exe_wrapper_behaviour <- unittests/linuxcrosstests.py 
[  624s] [gw3] [ 25%] SKIPPED run_unittests.py::LinuxCrossMingwTests::test_exe_wrapper_behaviour <- unittests/linuxcrosstests.py 
[  625s] run_unittests.py::NativeFileTests::test_builtin_options <- unittests/machinefiletests.py 
[  625s] [gw1] [ 25%] PASSED run_unittests.py::FailureTests::test_exception_exit_status <- unittests/failuretests.py 
[  625s] run_unittests.py::FailureTests::test_extraframework_dependency_method <- unittests/failuretests.py 
[  625s] [gw2] [ 25%] PASSED run_unittests.py::AllPlatformTests::test_feature_check_usage_subprojects <- unittests/allplatformstests.py 
[  625s] run_unittests.py::AllPlatformTests::test_flock <- unittests/allplatformstests.py 
[  625s] [gw2] [ 25%] PASSED run_unittests.py::AllPlatformTests::test_flock <- unittests/allplatformstests.py 
[  626s] run_unittests.py::AllPlatformTests::test_force_fallback_for <- unittests/allplatformstests.py 
[  626s] [gw5] [ 26%] PASSED run_unittests.py::AllPlatformTests::test_prebuilt_static_lib <- unittests/allplatformstests.py 
[  630s] run_unittests.py::AllPlatformTests::test_prefix_dependent_defaults <- unittests/allplatformstests.py 
[  630s] [gw0] [ 26%] PASSED run_unittests.py::AllPlatformTests::test_rust_rlib_linkage <- unittests/allplatformstests.py 
[  631s] run_unittests.py::AllPlatformTests::test_same_d_option_twice <- unittests/allplatformstests.py 
[  631s] [gw1] [ 26%] PASSED run_unittests.py::FailureTests::test_extraframework_dependency_method <- unittests/failuretests.py 
[  633s] run_unittests.py::FailureTests::test_get_variable_on_not_found_project <- unittests/failuretests.py 
[  633s] [gw3] [ 26%] PASSED run_unittests.py::NativeFileTests::test_builtin_options <- unittests/machinefiletests.py 
[  635s] run_unittests.py::NativeFileTests::test_builtin_options_compiler_properties <- unittests/machinefiletests.py 
[  635s] [gw0] [ 26%] PASSED run_unittests.py::AllPlatformTests::test_same_d_option_twice <- unittests/allplatformstests.py 
[  638s] run_unittests.py::AllPlatformTests::test_same_d_option_twice_configure <- unittests/allplatformstests.py 
[  638s] [gw1] [ 27%] PASSED run_unittests.py::FailureTests::test_get_variable_on_not_found_project <- unittests/failuretests.py 
[  638s] run_unittests.py::FailureTests::test_gnustep_notfound_dependency <- unittests/failuretests.py 
[  638s] [gw1] [ 27%] SKIPPED run_unittests.py::FailureTests::test_gnustep_notfound_dependency <- unittests/failuretests.py 
[  642s] run_unittests.py::FailureTests::test_llvm_dependency <- unittests/failuretests.py 
[  642s] [gw0] [ 27%] PASSED run_unittests.py::AllPlatformTests::test_same_d_option_twice_configure <- unittests/allplatformstests.py 
[  642s] run_unittests.py::AllPlatformTests::test_same_dash_option_twice <- unittests/allplatformstests.py 
[  642s] [gw3] [ 27%] PASSED run_unittests.py::NativeFileTests::test_builtin_options_compiler_properties <- unittests/machinefiletests.py 
[  646s] run_unittests.py::NativeFileTests::test_builtin_options_compiler_properties_legacy <- unittests/machinefiletests.py 
[  646s] [gw0] [ 28%] PASSED run_unittests.py::AllPlatformTests::test_same_dash_option_twice <- unittests/allplatformstests.py 
[  647s] run_unittests.py::AllPlatformTests::test_same_dash_option_twice_configure <- unittests/allplatformstests.py 
[  647s] [gw2] [ 28%] PASSED run_unittests.py::AllPlatformTests::test_force_fallback_for <- unittests/allplatformstests.py 
[  650s] run_unittests.py::AllPlatformTests::test_force_fallback_for_nofallback <- unittests/allplatformstests.py 
[  650s] [gw4] [ 28%] PASSED run_unittests.py::AllPlatformTests::test_meson_compile <- unittests/allplatformstests.py 
[  651s] run_unittests.py::AllPlatformTests::test_meson_configure_from_source_does_not_crash <- unittests/allplatformstests.py 
[  651s] [gw3] [ 28%] PASSED run_unittests.py::NativeFileTests::test_builtin_options_compiler_properties_legacy <- unittests/machinefiletests.py 
[  653s] run_unittests.py::NativeFileTests::test_builtin_options_conf_overrides_env <- unittests/machinefiletests.py 
[  653s] [gw0] [ 28%] PASSED run_unittests.py::AllPlatformTests::test_same_dash_option_twice_configure <- unittests/allplatformstests.py 
[  655s] run_unittests.py::AllPlatformTests::test_same_project_d_option_twice <- unittests/allplatformstests.py 
[  655s] [gw4] [ 29%] PASSED run_unittests.py::AllPlatformTests::test_meson_configure_from_source_does_not_crash <- unittests/allplatformstests.py 
[  658s] run_unittests.py::AllPlatformTests::test_meson_version_compare <- unittests/allplatformstests.py 
[  658s] [gw4] [ 29%] PASSED run_unittests.py::AllPlatformTests::test_meson_version_compare <- unittests/allplatformstests.py 
[  658s] run_unittests.py::AllPlatformTests::test_mixed_language_linker_check <- unittests/allplatformstests.py 
[  658s] [gw0] [ 29%] PASSED run_unittests.py::AllPlatformTests::test_same_project_d_option_twice <- unittests/allplatformstests.py 
[  659s] run_unittests.py::AllPlatformTests::test_same_project_d_option_twice_configure <- unittests/allplatformstests.py 
[  659s] [gw1] [ 29%] PASSED run_unittests.py::FailureTests::test_llvm_dependency <- unittests/failuretests.py 
[  659s] run_unittests.py::FailureTests::test_message <- unittests/failuretests.py 
[  659s] [gw3] [ 29%] PASSED run_unittests.py::NativeFileTests::test_builtin_options_conf_overrides_env <- unittests/machinefiletests.py 
[  660s] run_unittests.py::NativeFileTests::test_builtin_options_paths <- unittests/machinefiletests.py 
[  660s] [gw5] [ 30%] PASSED run_unittests.py::AllPlatformTests::test_prefix_dependent_defaults <- unittests/allplatformstests.py 
[  665s] run_unittests.py::AllPlatformTests::test_preprocessor_checks_CPPFLAGS <- unittests/allplatformstests.py 
[  665s] [gw0] [ 30%] PASSED run_unittests.py::AllPlatformTests::test_same_project_d_option_twice_configure <- unittests/allplatformstests.py 
[  666s] run_unittests.py::AllPlatformTests::test_scripts_loaded_modules <- unittests/allplatformstests.py 
[  666s] [gw1] [ 30%] PASSED run_unittests.py::FailureTests::test_message <- unittests/failuretests.py 
[  666s] run_unittests.py::FailureTests::test_missing_subproject_not_required_and_required <- unittests/failuretests.py 
[  666s] [gw0] [ 30%] PASSED run_unittests.py::AllPlatformTests::test_scripts_loaded_modules <- unittests/allplatformstests.py 
[  668s] run_unittests.py::AllPlatformTests::test_source_changes_cause_rebuild <- unittests/allplatformstests.py 
[  668s] [gw3] [ 30%] PASSED run_unittests.py::NativeFileTests::test_builtin_options_paths <- unittests/machinefiletests.py 
[  668s] run_unittests.py::NativeFileTests::test_builtin_options_paths_legacy <- unittests/machinefiletests.py 
[  668s] [gw2] [ 31%] PASSED run_unittests.py::AllPlatformTests::test_force_fallback_for_nofallback <- unittests/allplatformstests.py 
[  672s] run_unittests.py::AllPlatformTests::test_forcefallback <- unittests/allplatformstests.py 
[  672s] [gw1] [ 31%] PASSED run_unittests.py::FailureTests::test_missing_subproject_not_required_and_required <- unittests/failuretests.py 
[  674s] run_unittests.py::FailureTests::test_objc_cpp_detection <- unittests/failuretests.py 
[  674s] [gw1] [ 31%] SKIPPED run_unittests.py::FailureTests::test_objc_cpp_detection <- unittests/failuretests.py 
[  675s] run_unittests.py::FailureTests::test_override_dependency_twice <- unittests/failuretests.py 
[  675s] [gw4] [ 31%] PASSED run_unittests.py::AllPlatformTests::test_mixed_language_linker_check <- unittests/allplatformstests.py 
[  675s] run_unittests.py::AllPlatformTests::test_mtest_reconfigure <- unittests/allplatformstests.py 
[  675s] [gw0] [ 31%] PASSED run_unittests.py::AllPlatformTests::test_source_changes_cause_rebuild <- unittests/allplatformstests.py 
[  676s] run_unittests.py::AllPlatformTests::test_source_generator_program_cause_rebuild <- unittests/allplatformstests.py 
[  676s] [gw3] [ 32%] PASSED run_unittests.py::NativeFileTests::test_builtin_options_paths_legacy <- unittests/machinefiletests.py 
[  680s] run_unittests.py::NativeFileTests::test_builtin_options_subprojects <- unittests/machinefiletests.py 
[  680s] [gw1] [ 32%] PASSED run_unittests.py::FailureTests::test_override_dependency_twice <- unittests/failuretests.py 
[  681s] run_unittests.py::FailureTests::test_override_resolved_dependency <- unittests/failuretests.py 
[  681s] [gw5] [ 32%] PASSED run_unittests.py::AllPlatformTests::test_preprocessor_checks_CPPFLAGS <- unittests/allplatformstests.py 
[  683s] run_unittests.py::AllPlatformTests::test_warning_location <- unittests/allplatformstests.py 
[  683s] [gw2] [ 32%] PASSED run_unittests.py::AllPlatformTests::test_forcefallback <- unittests/allplatformstests.py 
[  687s] run_unittests.py::AllPlatformTests::test_free_stringarray_setting <- unittests/allplatformstests.py 
[  687s] [gw0] [ 32%] PASSED run_unittests.py::AllPlatformTests::test_source_generator_program_cause_rebuild <- unittests/allplatformstests.py 
[  690s] run_unittests.py::AllPlatformTests::test_spurious_reconfigure_built_dep_file <- unittests/allplatformstests.py 
[  690s] [gw1] [ 33%] PASSED run_unittests.py::FailureTests::test_override_resolved_dependency <- unittests/failuretests.py 
[  693s] run_unittests.py::NativeFileTests::test_find_program <- unittests/machinefiletests.py 
[  693s] [gw4] [ 33%] PASSED run_unittests.py::AllPlatformTests::test_mtest_reconfigure <- unittests/allplatformstests.py 
[  693s] run_unittests.py::AllPlatformTests::test_suite_selection <- unittests/allplatformstests.py 
[  693s] [gw1] [ 33%] PASSED run_unittests.py::NativeFileTests::test_find_program <- unittests/machinefiletests.py 
[  694s] run_unittests.py::NativeFileTests::test_fortran_compiler <- unittests/machinefiletests.py 
[  694s] [gw1] [ 33%] SKIPPED run_unittests.py::NativeFileTests::test_fortran_compiler <- unittests/machinefiletests.py 
[  694s] run_unittests.py::NativeFileTests::test_java_classpath <- unittests/machinefiletests.py 
[  694s] [gw1] [ 34%] SKIPPED run_unittests.py::NativeFileTests::test_java_classpath <- unittests/machinefiletests.py 
[  695s] run_unittests.py::NativeFileTests::test_java_compiler <- unittests/machinefiletests.py 
[  695s] [gw1] [ 34%] SKIPPED run_unittests.py::NativeFileTests::test_java_compiler <- unittests/machinefiletests.py 
[  696s] run_unittests.py::NativeFileTests::test_multiple_native_files <- unittests/machinefiletests.py 
[  696s] [gw3] [ 34%] PASSED run_unittests.py::NativeFileTests::test_builtin_options_subprojects <- unittests/machinefiletests.py 
[  698s] run_unittests.py::NativeFileTests::test_builtin_options_subprojects_dont_inherits_parent_override <- unittests/machinefiletests.py 
[  698s] [gw1] [ 34%] PASSED run_unittests.py::NativeFileTests::test_multiple_native_files <- unittests/machinefiletests.py 
[  702s] run_unittests.py::NativeFileTests::test_multiple_native_files_override <- unittests/machinefiletests.py 
[  702s] [gw2] [ 34%] PASSED run_unittests.py::AllPlatformTests::test_free_stringarray_setting <- unittests/allplatformstests.py 
[  702s] run_unittests.py::AllPlatformTests::test_guessed_linker_dependencies <- unittests/allplatformstests.py 
[  702s] [gw1] [ 35%] PASSED run_unittests.py::NativeFileTests::test_multiple_native_files_override <- unittests/machinefiletests.py 
[  705s] run_unittests.py::NativeFileTests::test_native_file_dirs <- unittests/machinefiletests.py 
[  705s] [gw1] [ 35%] PASSED run_unittests.py::NativeFileTests::test_native_file_dirs <- unittests/machinefiletests.py 
[  707s] run_unittests.py::NativeFileTests::test_native_file_dirs_overridden <- unittests/machinefiletests.py 
[  707s] [gw0] [ 35%] PASSED run_unittests.py::AllPlatformTests::test_spurious_reconfigure_built_dep_file <- unittests/allplatformstests.py 
[  707s] run_unittests.py::AllPlatformTests::test_static_compile_order <- unittests/allplatformstests.py 
[  707s] [gw1] [ 35%] PASSED run_unittests.py::NativeFileTests::test_native_file_dirs_overridden <- unittests/machinefiletests.py 
[  710s] run_unittests.py::NativeFileTests::test_native_file_is_pipe <- unittests/machinefiletests.py 
[  710s] [gw5] [ 35%] PASSED run_unittests.py::AllPlatformTests::test_warning_location <- unittests/allplatformstests.py 
[  713s] run_unittests.py::AllPlatformTests::test_wipe_from_builddir <- unittests/allplatformstests.py 
[  713s] [gw0] [ 36%] PASSED run_unittests.py::AllPlatformTests::test_static_compile_order <- unittests/allplatformstests.py 
[  714s] run_unittests.py::AllPlatformTests::test_static_library_lto <- unittests/allplatformstests.py 
[  714s] [gw1] [ 36%] PASSED run_unittests.py::NativeFileTests::test_native_file_is_pipe <- unittests/machinefiletests.py 
[  716s] run_unittests.py::NativeFileTests::test_objc_compiler <- unittests/machinefiletests.py 
[  716s] [gw1] [ 36%] PASSED run_unittests.py::NativeFileTests::test_objc_compiler <- unittests/machinefiletests.py 
[  719s] run_unittests.py::NativeFileTests::test_objcpp_compiler <- unittests/machinefiletests.py 
[  719s] [gw1] [ 36%] PASSED run_unittests.py::NativeFileTests::test_objcpp_compiler <- unittests/machinefiletests.py 
[  721s] run_unittests.py::NativeFileTests::test_option_bool <- unittests/machinefiletests.py 
[  722s] [gw3] [ 36%] PASSED run_unittests.py::NativeFileTests::test_builtin_options_subprojects_dont_inherits_parent_override <- unittests/machinefiletests.py 
[  723s] run_unittests.py::NativeFileTests::test_builtin_options_subprojects_overrides_buildfiles <- unittests/machinefiletests.py 
[  723s] [gw5] [ 37%] PASSED run_unittests.py::AllPlatformTests::test_wipe_from_builddir <- unittests/allplatformstests.py 
[  728s] run_unittests.py::AllPlatformTests::test_wrap_git <- unittests/allplatformstests.py 
[  728s] [gw1] [ 37%] PASSED run_unittests.py::NativeFileTests::test_option_bool <- unittests/machinefiletests.py 
[  728s] run_unittests.py::NativeFileTests::test_option_integer <- unittests/machinefiletests.py 
[  728s] [gw0] [ 37%] PASSED run_unittests.py::AllPlatformTests::test_static_library_lto <- unittests/allplatformstests.py 
[  730s] run_unittests.py::AllPlatformTests::test_static_library_overwrite <- unittests/allplatformstests.py 
[  730s] [gw2] [ 37%] PASSED run_unittests.py::AllPlatformTests::test_guessed_linker_dependencies <- unittests/allplatformstests.py 
[  730s] run_unittests.py::FailureTests::test_sdl2_notfound_dependency <- unittests/failuretests.py 
[  730s] [gw2] [ 37%] SKIPPED run_unittests.py::FailureTests::test_sdl2_notfound_dependency <- unittests/failuretests.py 
[  730s] run_unittests.py::FailureTests::test_subproject_variables <- unittests/failuretests.py 
[  730s] [gw3] [ 38%] PASSED run_unittests.py::NativeFileTests::test_builtin_options_subprojects_overrides_buildfiles <- unittests/machinefiletests.py 
[  732s] run_unittests.py::NativeFileTests::test_c_compiler <- unittests/machinefiletests.py 
[  732s] [gw3] [ 38%] PASSED run_unittests.py::NativeFileTests::test_c_compiler <- unittests/machinefiletests.py 
[  737s] run_unittests.py::NativeFileTests::test_compile_sys_path <- unittests/machinefiletests.py 
[  737s] [gw1] [ 38%] PASSED run_unittests.py::NativeFileTests::test_option_integer <- unittests/machinefiletests.py 
[  740s] run_unittests.py::NativeFileTests::test_python3_module <- unittests/machinefiletests.py 
[  740s] [gw3] [ 38%] PASSED run_unittests.py::NativeFileTests::test_compile_sys_path <- unittests/machinefiletests.py 
[  740s] run_unittests.py::NativeFileTests::test_config_tool_dep <- unittests/machinefiletests.py 
[  740s] [gw1] [ 39%] PASSED run_unittests.py::NativeFileTests::test_python3_module <- unittests/machinefiletests.py 
[  741s] run_unittests.py::NativeFileTests::test_python_module <- unittests/machinefiletests.py 
[  741s] [gw5] [ 39%] PASSED run_unittests.py::AllPlatformTests::test_wrap_git <- unittests/allplatformstests.py 
[  741s] run_unittests.py::AllPlatformTests::test_wrap_redirect <- unittests/allplatformstests.py 
[  741s] [gw5] [ 39%] PASSED run_unittests.py::AllPlatformTests::test_wrap_redirect <- unittests/allplatformstests.py 
[  741s] run_unittests.py::DarwinTests::test_apple_bitcode <- unittests/darwintests.py 
[  741s] [gw5] [ 39%] SKIPPED run_unittests.py::DarwinTests::test_apple_bitcode <- unittests/darwintests.py 
[  741s] run_unittests.py::DarwinTests::test_apple_bitcode_modules <- unittests/darwintests.py 
[  741s] [gw5] [ 39%] SKIPPED run_unittests.py::DarwinTests::test_apple_bitcode_modules <- unittests/darwintests.py 
[  741s] run_unittests.py::DarwinTests::test_duplicate_rpath <- unittests/darwintests.py 
[  741s] [gw5] [ 40%] SKIPPED run_unittests.py::DarwinTests::test_duplicate_rpath <- unittests/darwintests.py 
[  741s] run_unittests.py::DarwinTests::test_library_versioning <- unittests/darwintests.py 
[  741s] [gw5] [ 40%] SKIPPED run_unittests.py::DarwinTests::test_library_versioning <- unittests/darwintests.py 
[  741s] run_unittests.py::DarwinTests::test_objc_versions <- unittests/darwintests.py 
[  741s] [gw5] [ 40%] SKIPPED run_unittests.py::DarwinTests::test_objc_versions <- unittests/darwintests.py 
[  741s] run_unittests.py::DarwinTests::test_removing_unused_linker_args <- unittests/darwintests.py 
[  741s] [gw5] [ 40%] SKIPPED run_unittests.py::DarwinTests::test_removing_unused_linker_args <- unittests/darwintests.py 
[  741s] run_unittests.py::FailureTests::test_apple_frameworks_dependency <- unittests/failuretests.py 
[  741s] [gw5] [ 40%] SKIPPED run_unittests.py::FailureTests::test_apple_frameworks_dependency <- unittests/failuretests.py 
[  741s] run_unittests.py::FailureTests::test_assert_default_message <- unittests/failuretests.py 
[  741s] [gw1] [ 41%] SKIPPED run_unittests.py::NativeFileTests::test_python_module <- unittests/machinefiletests.py 
[  743s] run_unittests.py::NativeFileTests::test_rust_compiler <- unittests/machinefiletests.py 
[  743s] [gw1] [ 41%] PASSED run_unittests.py::NativeFileTests::test_rust_compiler <- unittests/machinefiletests.py 
[  743s] run_unittests.py::NativeFileTests::test_swift_compiler <- unittests/machinefiletests.py 
[  743s] [gw1] [ 41%] SKIPPED run_unittests.py::NativeFileTests::test_swift_compiler <- unittests/machinefiletests.py 
[  743s] run_unittests.py::NativeFileTests::test_user_options <- unittests/machinefiletests.py 
[  743s] [gw2] [ 41%] PASSED run_unittests.py::FailureTests::test_subproject_variables <- unittests/failuretests.py 
[  745s] run_unittests.py::FailureTests::test_using_recent_feature <- unittests/failuretests.py 
[  745s] [gw0] [ 41%] PASSED run_unittests.py::AllPlatformTests::test_static_library_overwrite <- unittests/allplatformstests.py 
[  748s] run_unittests.py::AllPlatformTests::test_subproject_promotion <- unittests/allplatformstests.py 
[  748s] [gw5] [ 42%] PASSED run_unittests.py::FailureTests::test_assert_default_message <- unittests/failuretests.py 
[  750s] run_unittests.py::FailureTests::test_boost_BOOST_ROOT_dependency <- unittests/failuretests.py 
[  750s] [gw3] [ 42%] PASSED run_unittests.py::NativeFileTests::test_config_tool_dep <- unittests/machinefiletests.py 
[  750s] run_unittests.py::NativeFileTests::test_cpp_compiler <- unittests/machinefiletests.py 
[  750s] [gw2] [ 42%] PASSED run_unittests.py::FailureTests::test_using_recent_feature <- unittests/failuretests.py 
[  752s] run_unittests.py::FailureTests::test_using_too_recent_feature <- unittests/failuretests.py 
[  752s] [gw3] [ 42%] PASSED run_unittests.py::NativeFileTests::test_cpp_compiler <- unittests/machinefiletests.py 
[  752s] run_unittests.py::NativeFileTests::test_cs_compiler <- unittests/machinefiletests.py 
[  752s] [gw3] [ 42%] SKIPPED run_unittests.py::NativeFileTests::test_cs_compiler <- unittests/machinefiletests.py 
[  753s] run_unittests.py::NativeFileTests::test_d_compiler <- unittests/machinefiletests.py 
[  753s] [gw3] [ 43%] SKIPPED run_unittests.py::NativeFileTests::test_d_compiler <- unittests/machinefiletests.py 
[  754s] run_unittests.py::RewriterTests::test_target_add_sources <- unittests/rewritetests.py 
[  754s] [gw5] [ 43%] PASSED run_unittests.py::FailureTests::test_boost_BOOST_ROOT_dependency <- unittests/failuretests.py 
[  757s] run_unittests.py::FailureTests::test_boost_notfound_dependency <- unittests/failuretests.py 
[  757s] [gw2] [ 43%] PASSED run_unittests.py::FailureTests::test_using_too_recent_feature <- unittests/failuretests.py 
[  761s] run_unittests.py::FailureTests::test_using_too_recent_feature_dependency <- unittests/failuretests.py 
[  761s] [gw3] [ 43%] PASSED run_unittests.py::RewriterTests::test_target_add_sources <- unittests/rewritetests.py 
[  764s] run_unittests.py::RewriterTests::test_target_add_sources_abs <- unittests/rewritetests.py 
[  764s] [gw0] [ 43%] PASSED run_unittests.py::AllPlatformTests::test_subproject_promotion <- unittests/allplatformstests.py 
[  767s] run_unittests.py::AllPlatformTests::test_subproject_promotion_wrap <- unittests/allplatformstests.py 
[  767s] [gw2] [ 44%] PASSED run_unittests.py::FailureTests::test_using_too_recent_feature_dependency <- unittests/failuretests.py 
[  768s] run_unittests.py::FailureTests::test_vcs_tag_featurenew_build_always_stale <- unittests/failuretests.py 
[  768s] [gw3] [ 44%] PASSED run_unittests.py::RewriterTests::test_target_add_sources_abs <- unittests/rewritetests.py 
[  769s] run_unittests.py::RewriterTests::test_target_add_subdir <- unittests/rewritetests.py 
[  769s] [gw0] [ 44%] PASSED run_unittests.py::AllPlatformTests::test_subproject_promotion_wrap <- unittests/allplatformstests.py 
[  769s] run_unittests.py::TAPParserTests::test_empty_plan <- unittests/taptests.py 
[  769s] [gw0] [ 44%] PASSED run_unittests.py::TAPParserTests::test_empty_plan <- unittests/taptests.py 
[  769s] run_unittests.py::TAPParserTests::test_many_early_plan <- unittests/taptests.py 
[  769s] [gw0] [ 45%] PASSED run_unittests.py::TAPParserTests::test_many_early_plan <- unittests/taptests.py 
[  769s] run_unittests.py::TAPParserTests::test_many_late_plan <- unittests/taptests.py 
[  769s] [gw0] [ 45%] PASSED run_unittests.py::TAPParserTests::test_many_late_plan <- unittests/taptests.py 
[  769s] run_unittests.py::TAPParserTests::test_middle_plan <- unittests/taptests.py 
[  769s] [gw0] [ 45%] PASSED run_unittests.py::TAPParserTests::test_middle_plan <- unittests/taptests.py 
[  769s] run_unittests.py::TAPParserTests::test_one_test_early_plan <- unittests/taptests.py 
[  769s] [gw0] [ 45%] PASSED run_unittests.py::TAPParserTests::test_one_test_early_plan <- unittests/taptests.py 
[  769s] run_unittests.py::TAPParserTests::test_one_test_late_plan <- unittests/taptests.py 
[  769s] [gw0] [ 45%] PASSED run_unittests.py::TAPParserTests::test_one_test_late_plan <- unittests/taptests.py 
[  769s] run_unittests.py::TAPParserTests::test_one_test_not_ok <- unittests/taptests.py 
[  769s] [gw0] [ 46%] PASSED run_unittests.py::TAPParserTests::test_one_test_not_ok <- unittests/taptests.py 
[  769s] run_unittests.py::TAPParserTests::test_one_test_ok <- unittests/taptests.py 
[  769s] [gw0] [ 46%] PASSED run_unittests.py::TAPParserTests::test_one_test_ok <- unittests/taptests.py 
[  769s] run_unittests.py::TAPParserTests::test_one_test_skip <- unittests/taptests.py 
[  769s] [gw0] [ 46%] PASSED run_unittests.py::TAPParserTests::test_one_test_skip <- unittests/taptests.py 
[  769s] run_unittests.py::TAPParserTests::test_one_test_skip_failure <- unittests/taptests.py 
[  769s] [gw0] [ 46%] PASSED run_unittests.py::TAPParserTests::test_one_test_skip_failure <- unittests/taptests.py 
[  769s] run_unittests.py::TAPParserTests::test_one_test_todo <- unittests/taptests.py 
[  769s] [gw0] [ 46%] PASSED run_unittests.py::TAPParserTests::test_one_test_todo <- unittests/taptests.py 
[  769s] run_unittests.py::TAPParserTests::test_one_test_with_name <- unittests/taptests.py 
[  769s] [gw0] [ 47%] PASSED run_unittests.py::TAPParserTests::test_one_test_with_name <- unittests/taptests.py 
[  769s] run_unittests.py::TAPParserTests::test_one_test_with_number <- unittests/taptests.py 
[  769s] [gw0] [ 47%] PASSED run_unittests.py::TAPParserTests::test_one_test_with_number <- unittests/taptests.py 
[  769s] run_unittests.py::TAPParserTests::test_out_of_order <- unittests/taptests.py 
[  769s] [gw0] [ 47%] PASSED run_unittests.py::TAPParserTests::test_out_of_order <- unittests/taptests.py 
[  769s] run_unittests.py::TAPParserTests::test_plan_directive <- unittests/taptests.py 
[  769s] [gw5] [ 47%] PASSED run_unittests.py::FailureTests::test_boost_notfound_dependency <- unittests/failuretests.py 
[  769s] [gw0] [ 47%] PASSED run_unittests.py::TAPParserTests::test_plan_directive <- unittests/taptests.py 
[  769s] run_unittests.py::TAPParserTests::test_too_few <- unittests/taptests.py 
[  769s] run_unittests.py::FailureTests::test_dependency <- unittests/failuretests.py 
[  769s] [gw0] [ 48%] PASSED run_unittests.py::TAPParserTests::test_too_few <- unittests/taptests.py 
[  769s] run_unittests.py::TAPParserTests::test_too_few_bailout <- unittests/taptests.py 
[  769s] [gw0] [ 48%] PASSED run_unittests.py::TAPParserTests::test_too_few_bailout <- unittests/taptests.py 
[  769s] run_unittests.py::TAPParserTests::test_too_many <- unittests/taptests.py 
[  769s] [gw0] [ 48%] PASSED run_unittests.py::TAPParserTests::test_too_many <- unittests/taptests.py 
[  769s] run_unittests.py::TAPParserTests::test_too_many_plans <- unittests/taptests.py 
[  769s] [gw0] [ 48%] PASSED run_unittests.py::TAPParserTests::test_too_many_plans <- unittests/taptests.py 
[  769s] run_unittests.py::TAPParserTests::test_unexpected <- unittests/taptests.py 
[  769s] [gw0] [ 48%] PASSED run_unittests.py::TAPParserTests::test_unexpected <- unittests/taptests.py 
[  769s] run_unittests.py::TAPParserTests::test_version <- unittests/taptests.py 
[  769s] [gw0] [ 49%] PASSED run_unittests.py::TAPParserTests::test_version <- unittests/taptests.py 
[  770s] run_unittests.py::TAPParserTests::test_yaml <- unittests/taptests.py 
[  770s] [gw0] [ 49%] PASSED run_unittests.py::TAPParserTests::test_yaml <- unittests/taptests.py 
[  770s] run_unittests.py::DataTests::test_all_functions_defined_in_ast_interpreter <- unittests/datatests.py 
[  770s] [gw0] [ 49%] SKIPPED run_unittests.py::DataTests::test_all_functions_defined_in_ast_interpreter <- unittests/datatests.py 
[  770s] run_unittests.py::DataTests::test_builtin_options_documented <- unittests/datatests.py 
[  770s] [gw0] [ 49%] SKIPPED run_unittests.py::DataTests::test_builtin_options_documented <- unittests/datatests.py 
[  770s] run_unittests.py::DataTests::test_compiler_options_documented <- unittests/datatests.py 
[  770s] [gw0] [ 50%] SKIPPED run_unittests.py::DataTests::test_compiler_options_documented <- unittests/datatests.py 
[  770s] run_unittests.py::DataTests::test_cpu_families_documented <- unittests/datatests.py 
[  770s] [gw0] [ 50%] SKIPPED run_unittests.py::DataTests::test_cpu_families_documented <- unittests/datatests.py 
[  770s] run_unittests.py::DataTests::test_markdown_files_in_sitemap <- unittests/datatests.py 
[  770s] [gw0] [ 50%] SKIPPED run_unittests.py::DataTests::test_markdown_files_in_sitemap <- unittests/datatests.py 
[  770s] run_unittests.py::DataTests::test_modules_in_navbar <- unittests/datatests.py 
[  770s] [gw0] [ 50%] SKIPPED run_unittests.py::DataTests::test_modules_in_navbar <- unittests/datatests.py 
[  770s] run_unittests.py::DataTests::test_snippets <- unittests/datatests.py 
[  770s] [gw0] [ 50%] SKIPPED run_unittests.py::DataTests::test_snippets <- unittests/datatests.py 
[  770s] run_unittests.py::DataTests::test_vim_syntax_highlighting <- unittests/datatests.py 
[  770s] [gw0] [ 51%] SKIPPED run_unittests.py::DataTests::test_vim_syntax_highlighting <- unittests/datatests.py 
[  770s] run_unittests.py::InternalTests::test_compiler_args_class_clike <- unittests/internaltests.py 
[  770s] [gw0] [ 51%] PASSED run_unittests.py::InternalTests::test_compiler_args_class_clike <- unittests/internaltests.py 
[  770s] run_unittests.py::InternalTests::test_compiler_args_class_d <- unittests/internaltests.py 
[  770s] [gw0] [ 51%] PASSED run_unittests.py::InternalTests::test_compiler_args_class_d <- unittests/internaltests.py 
[  770s] run_unittests.py::InternalTests::test_compiler_args_class_gnuld <- unittests/internaltests.py 
[  770s] [gw0] [ 51%] PASSED run_unittests.py::InternalTests::test_compiler_args_class_gnuld <- unittests/internaltests.py 
[  770s] run_unittests.py::InternalTests::test_compiler_args_class_none_flush <- unittests/internaltests.py 
[  770s] [gw0] [ 51%] PASSED run_unittests.py::InternalTests::test_compiler_args_class_none_flush <- unittests/internaltests.py 
[  770s] run_unittests.py::InternalTests::test_compiler_args_class_visualstudio <- unittests/internaltests.py 
[  770s] [gw0] [ 52%] PASSED run_unittests.py::InternalTests::test_compiler_args_class_visualstudio <- unittests/internaltests.py 
[  770s] run_unittests.py::InternalTests::test_compiler_args_remove_system <- unittests/internaltests.py 
[  770s] [gw0] [ 52%] PASSED run_unittests.py::InternalTests::test_compiler_args_remove_system <- unittests/internaltests.py 
[  772s] run_unittests.py::InternalTests::test_dependency_factory_order <- unittests/internaltests.py 
[  772s] [gw0] [ 52%] PASSED run_unittests.py::InternalTests::test_dependency_factory_order <- unittests/internaltests.py 
[  772s] run_unittests.py::InternalTests::test_depfile <- unittests/internaltests.py 
[  772s] [gw0] [ 52%] PASSED run_unittests.py::InternalTests::test_depfile <- unittests/internaltests.py 
[  772s] run_unittests.py::InternalTests::test_detect_cpu <- unittests/internaltests.py 
[  772s] [gw0] [ 52%] PASSED run_unittests.py::InternalTests::test_detect_cpu <- unittests/internaltests.py 
[  772s] run_unittests.py::InternalTests::test_detect_cpu_family <- unittests/internaltests.py 
[  772s] [gw0] [ 53%] PASSED run_unittests.py::InternalTests::test_detect_cpu_family <- unittests/internaltests.py 
[  772s] run_unittests.py::InternalTests::test_extract_as_list <- unittests/internaltests.py 
[  772s] [gw0] [ 53%] PASSED run_unittests.py::InternalTests::test_extract_as_list <- unittests/internaltests.py 
[  772s] run_unittests.py::InternalTests::test_find_library_patterns <- unittests/internaltests.py 
[  773s] [gw0] [ 53%] PASSED run_unittests.py::InternalTests::test_find_library_patterns <- unittests/internaltests.py 
[  773s] run_unittests.py::InternalTests::test_interpreter_unpicklable <- unittests/internaltests.py 
[  773s] [gw0] [ 53%] PASSED run_unittests.py::InternalTests::test_interpreter_unpicklable <- unittests/internaltests.py 
[  773s] run_unittests.py::InternalTests::test_listify <- unittests/internaltests.py 
[  773s] [gw0] [ 53%] PASSED run_unittests.py::InternalTests::test_listify <- unittests/internaltests.py 
[  773s] run_unittests.py::InternalTests::test_log_once <- unittests/internaltests.py 
[  773s] [gw0] [ 54%] PASSED run_unittests.py::InternalTests::test_log_once <- unittests/internaltests.py 
[  773s] run_unittests.py::InternalTests::test_log_once_ansi <- unittests/internaltests.py 
[  773s] [gw0] [ 54%] PASSED run_unittests.py::InternalTests::test_log_once_ansi <- unittests/internaltests.py 
[  773s] run_unittests.py::InternalTests::test_major_versions_differ <- unittests/internaltests.py 
[  773s] [gw0] [ 54%] PASSED run_unittests.py::InternalTests::test_major_versions_differ <- unittests/internaltests.py 
[  773s] run_unittests.py::InternalTests::test_mode_symbolic_to_bits <- unittests/internaltests.py 
[  773s] [gw0] [ 54%] PASSED run_unittests.py::InternalTests::test_mode_symbolic_to_bits <- unittests/internaltests.py 
[  773s] run_unittests.py::InternalTests::test_msvc_toolset_version <- unittests/internaltests.py 
[  773s] [gw0] [ 54%] SKIPPED run_unittests.py::InternalTests::test_msvc_toolset_version <- unittests/internaltests.py 
[  773s] run_unittests.py::InternalTests::test_needs_exe_wrapper_override <- unittests/internaltests.py 
[  773s] [gw0] [ 55%] PASSED run_unittests.py::InternalTests::test_needs_exe_wrapper_override <- unittests/internaltests.py 
[  773s] run_unittests.py::InternalTests::test_option_key_from_string <- unittests/internaltests.py 
[  773s] [gw0] [ 55%] PASSED run_unittests.py::InternalTests::test_option_key_from_string <- unittests/internaltests.py 
[  774s] run_unittests.py::InternalTests::test_pkgconfig_parse_libs <- unittests/internaltests.py 
[  774s] [gw2] [ 55%] PASSED run_unittests.py::FailureTests::test_vcs_tag_featurenew_build_always_stale <- unittests/failuretests.py 
[  774s] run_unittests.py::FailureTests::test_version_checked_before_parsing_options <- unittests/failuretests.py 
[  774s] [gw2] [ 55%] PASSED run_unittests.py::FailureTests::test_version_checked_before_parsing_options <- unittests/failuretests.py 
[  775s] run_unittests.py::FailureTests::test_warning <- unittests/failuretests.py 
[  775s] [gw0] [ 56%] PASSED run_unittests.py::InternalTests::test_pkgconfig_parse_libs <- unittests/internaltests.py 
[  775s] run_unittests.py::InternalTests::test_quote_arg <- unittests/internaltests.py 
[  775s] [gw0] [ 56%] PASSED run_unittests.py::InternalTests::test_quote_arg <- unittests/internaltests.py 
[  775s] run_unittests.py::InternalTests::test_sort_libpaths <- unittests/internaltests.py 
[  775s] [gw0] [ 56%] PASSED run_unittests.py::InternalTests::test_sort_libpaths <- unittests/internaltests.py 
[  775s] run_unittests.py::InternalTests::test_split_args <- unittests/internaltests.py 
[  775s] [gw0] [ 56%] PASSED run_unittests.py::InternalTests::test_split_args <- unittests/internaltests.py 
[  775s] run_unittests.py::InternalTests::test_string_templates_substitution <- unittests/internaltests.py 
[  775s] [gw0] [ 56%] PASSED run_unittests.py::InternalTests::test_string_templates_substitution <- unittests/internaltests.py 
[  775s] run_unittests.py::InternalTests::test_typed_kwarg_basic <- unittests/internaltests.py 
[  775s] [gw0] [ 57%] PASSED run_unittests.py::InternalTests::test_typed_kwarg_basic <- unittests/internaltests.py 
[  775s] run_unittests.py::InternalTests::test_typed_kwarg_contained_invalid <- unittests/internaltests.py 
[  775s] [gw0] [ 57%] PASSED run_unittests.py::InternalTests::test_typed_kwarg_contained_invalid <- unittests/internaltests.py 
[  775s] run_unittests.py::InternalTests::test_typed_kwarg_container_default_copy <- unittests/internaltests.py 
[  775s] [gw0] [ 57%] PASSED run_unittests.py::InternalTests::test_typed_kwarg_container_default_copy <- unittests/internaltests.py 
[  775s] run_unittests.py::InternalTests::test_typed_kwarg_container_in_tuple <- unittests/internaltests.py 
[  775s] [gw0] [ 57%] PASSED run_unittests.py::InternalTests::test_typed_kwarg_container_in_tuple <- unittests/internaltests.py 
[  775s] [gw3] [ 57%] PASSED run_unittests.py::RewriterTests::test_target_add_subdir <- unittests/rewritetests.py 
[  775s] run_unittests.py::InternalTests::test_typed_kwarg_container_invalid <- unittests/internaltests.py 
[  775s] [gw0] [ 58%] PASSED run_unittests.py::InternalTests::test_typed_kwarg_container_invalid <- unittests/internaltests.py 
[  775s] run_unittests.py::InternalTests::test_typed_kwarg_container_listify <- unittests/internaltests.py 
[  775s] run_unittests.py::RewriterTests::test_target_remove <- unittests/rewritetests.py 
[  775s] [gw0] [ 58%] PASSED run_unittests.py::InternalTests::test_typed_kwarg_container_listify <- unittests/internaltests.py 
[  775s] run_unittests.py::InternalTests::test_typed_kwarg_container_pairs <- unittests/internaltests.py 
[  775s] [gw0] [ 58%] PASSED run_unittests.py::InternalTests::test_typed_kwarg_container_pairs <- unittests/internaltests.py 
[  775s] run_unittests.py::InternalTests::test_typed_kwarg_container_valid <- unittests/internaltests.py 
[  775s] [gw0] [ 58%] PASSED run_unittests.py::InternalTests::test_typed_kwarg_container_valid <- unittests/internaltests.py 
[  775s] run_unittests.py::InternalTests::test_typed_kwarg_convertor <- unittests/internaltests.py 
[  775s] [gw0] [ 58%] PASSED run_unittests.py::InternalTests::test_typed_kwarg_convertor <- unittests/internaltests.py 
[  775s] run_unittests.py::InternalTests::test_typed_kwarg_default <- unittests/internaltests.py 
[  775s] [gw0] [ 59%] PASSED run_unittests.py::InternalTests::test_typed_kwarg_default <- unittests/internaltests.py 
[  775s] run_unittests.py::InternalTests::test_typed_kwarg_default_type <- unittests/internaltests.py 
[  775s] [gw0] [ 59%] PASSED run_unittests.py::InternalTests::test_typed_kwarg_default_type <- unittests/internaltests.py 
[  775s] run_unittests.py::InternalTests::test_typed_kwarg_evolve <- unittests/internaltests.py 
[  775s] [gw0] [ 59%] PASSED run_unittests.py::InternalTests::test_typed_kwarg_evolve <- unittests/internaltests.py 
[  775s] run_unittests.py::InternalTests::test_typed_kwarg_invalid_default_type <- unittests/internaltests.py 
[  775s] [gw0] [ 59%] PASSED run_unittests.py::InternalTests::test_typed_kwarg_invalid_default_type <- unittests/internaltests.py 
[  775s] run_unittests.py::InternalTests::test_typed_kwarg_missing_optional <- unittests/internaltests.py 
[  775s] [gw0] [ 59%] PASSED run_unittests.py::InternalTests::test_typed_kwarg_missing_optional <- unittests/internaltests.py 
[  775s] run_unittests.py::InternalTests::test_typed_kwarg_missing_required <- unittests/internaltests.py 
[  775s] [gw0] [ 60%] PASSED run_unittests.py::InternalTests::test_typed_kwarg_missing_required <- unittests/internaltests.py 
[  775s] run_unittests.py::InternalTests::test_typed_kwarg_since <- unittests/internaltests.py 
[  775s] [gw0] [ 60%] PASSED run_unittests.py::InternalTests::test_typed_kwarg_since <- unittests/internaltests.py 
[  776s] run_unittests.py::InternalTests::test_typed_kwarg_since_values <- unittests/internaltests.py 
[  776s] [gw0] [ 60%] PASSED run_unittests.py::InternalTests::test_typed_kwarg_since_values <- unittests/internaltests.py 
[  776s] run_unittests.py::InternalTests::test_typed_kwarg_validator <- unittests/internaltests.py 
[  776s] [gw0] [ 60%] PASSED run_unittests.py::InternalTests::test_typed_kwarg_validator <- unittests/internaltests.py 
[  776s] run_unittests.py::InternalTests::test_typed_pos_args_max_varargs <- unittests/internaltests.py 
[  776s] [gw0] [ 60%] PASSED run_unittests.py::InternalTests::test_typed_pos_args_max_varargs <- unittests/internaltests.py 
[  776s] run_unittests.py::InternalTests::test_typed_pos_args_max_varargs_exceeded <- unittests/internaltests.py 
[  776s] [gw0] [ 61%] PASSED run_unittests.py::InternalTests::test_typed_pos_args_max_varargs_exceeded <- unittests/internaltests.py 
[  776s] run_unittests.py::InternalTests::test_typed_pos_args_min_and_max_varargs_exceeded <- unittests/internaltests.py 
[  776s] [gw0] [ 61%] PASSED run_unittests.py::InternalTests::test_typed_pos_args_min_and_max_varargs_exceeded <- unittests/internaltests.py 
[  776s] run_unittests.py::InternalTests::test_typed_pos_args_min_and_max_varargs_not_met <- unittests/internaltests.py 
[  776s] [gw0] [ 61%] PASSED run_unittests.py::InternalTests::test_typed_pos_args_min_and_max_varargs_not_met <- unittests/internaltests.py 
[  776s] run_unittests.py::InternalTests::test_typed_pos_args_min_optargs_max_exceeded <- unittests/internaltests.py 
[  776s] [gw0] [ 61%] PASSED run_unittests.py::InternalTests::test_typed_pos_args_min_optargs_max_exceeded <- unittests/internaltests.py 
[  776s] run_unittests.py::InternalTests::test_typed_pos_args_min_optargs_not_met <- unittests/internaltests.py 
[  776s] [gw0] [ 62%] PASSED run_unittests.py::InternalTests::test_typed_pos_args_min_optargs_not_met <- unittests/internaltests.py 
[  776s] run_unittests.py::InternalTests::test_typed_pos_args_min_varargs <- unittests/internaltests.py 
[  776s] [gw0] [ 62%] PASSED run_unittests.py::InternalTests::test_typed_pos_args_min_varargs <- unittests/internaltests.py 
[  776s] run_unittests.py::InternalTests::test_typed_pos_args_min_varargs_not_met <- unittests/internaltests.py 
[  776s] [gw0] [ 62%] PASSED run_unittests.py::InternalTests::test_typed_pos_args_min_varargs_not_met <- unittests/internaltests.py 
[  776s] run_unittests.py::InternalTests::test_typed_pos_args_optargs_all_given <- unittests/internaltests.py 
[  776s] [gw0] [ 62%] PASSED run_unittests.py::InternalTests::test_typed_pos_args_optargs_all_given <- unittests/internaltests.py 
[  776s] run_unittests.py::InternalTests::test_typed_pos_args_optargs_not_given <- unittests/internaltests.py 
[  776s] [gw0] [ 62%] PASSED run_unittests.py::InternalTests::test_typed_pos_args_optargs_not_given <- unittests/internaltests.py 
[  776s] run_unittests.py::InternalTests::test_typed_pos_args_optargs_some_given <- unittests/internaltests.py 
[  776s] [gw0] [ 63%] PASSED run_unittests.py::InternalTests::test_typed_pos_args_optargs_some_given <- unittests/internaltests.py 
[  776s] run_unittests.py::InternalTests::test_typed_pos_args_types <- unittests/internaltests.py 
[  776s] [gw0] [ 63%] PASSED run_unittests.py::InternalTests::test_typed_pos_args_types <- unittests/internaltests.py 
[  776s] run_unittests.py::InternalTests::test_typed_pos_args_types_invalid <- unittests/internaltests.py 
[  776s] [gw0] [ 63%] PASSED run_unittests.py::InternalTests::test_typed_pos_args_types_invalid <- unittests/internaltests.py 
[  776s] run_unittests.py::InternalTests::test_typed_pos_args_types_wrong_number <- unittests/internaltests.py 
[  776s] [gw0] [ 63%] PASSED run_unittests.py::InternalTests::test_typed_pos_args_types_wrong_number <- unittests/internaltests.py 
[  776s] run_unittests.py::InternalTests::test_typed_pos_args_varargs <- unittests/internaltests.py 
[  776s] [gw0] [ 63%] PASSED run_unittests.py::InternalTests::test_typed_pos_args_varargs <- unittests/internaltests.py 
[  776s] run_unittests.py::InternalTests::test_typed_pos_args_varargs_invalid <- unittests/internaltests.py 
[  776s] [gw0] [ 64%] PASSED run_unittests.py::InternalTests::test_typed_pos_args_varargs_invalid <- unittests/internaltests.py 
[  776s] run_unittests.py::InternalTests::test_typed_pos_args_varargs_invalid_mulitple_types <- unittests/internaltests.py 
[  776s] [gw0] [ 64%] PASSED run_unittests.py::InternalTests::test_typed_pos_args_varargs_invalid_mulitple_types <- unittests/internaltests.py 
[  776s] run_unittests.py::InternalTests::test_typed_pos_args_varargs_not_given <- unittests/internaltests.py 
[  776s] [gw0] [ 64%] PASSED run_unittests.py::InternalTests::test_typed_pos_args_varargs_not_given <- unittests/internaltests.py 
[  776s] run_unittests.py::InternalTests::test_typed_pos_args_variadic_and_optional <- unittests/internaltests.py 
[  776s] [gw0] [ 64%] PASSED run_unittests.py::InternalTests::test_typed_pos_args_variadic_and_optional <- unittests/internaltests.py 
[  776s] run_unittests.py::InternalTests::test_validate_json <- unittests/internaltests.py 
[  776s] [gw0] [ 64%] SKIPPED run_unittests.py::InternalTests::test_validate_json <- unittests/internaltests.py 
[  776s] run_unittests.py::InternalTests::test_version_compare <- unittests/internaltests.py 
[  776s] [gw0] [ 65%] PASSED run_unittests.py::InternalTests::test_version_compare <- unittests/internaltests.py 
[  776s] run_unittests.py::InternalTests::test_version_number <- unittests/internaltests.py 
[  776s] [gw0] [ 65%] PASSED run_unittests.py::InternalTests::test_version_number <- unittests/internaltests.py 
[  782s] run_unittests.py::LinuxlikeTests::test_as_link_whole <- unittests/linuxliketests.py 
[  782s] [gw2] [ 65%] PASSED run_unittests.py::FailureTests::test_warning <- unittests/failuretests.py 
[  782s] run_unittests.py::FailureTests::test_wrap_nofallback <- unittests/failuretests.py 
[  782s] [gw3] [ 65%] PASSED run_unittests.py::RewriterTests::test_target_remove <- unittests/rewritetests.py 
[  783s] run_unittests.py::RewriterTests::test_target_remove_extra_files <- unittests/rewritetests.py 
[  783s] [gw0] [ 65%] PASSED run_unittests.py::LinuxlikeTests::test_as_link_whole <- unittests/linuxliketests.py 
[  785s] run_unittests.py::LinuxlikeTests::test_basic_soname <- unittests/linuxliketests.py 
[  785s] [gw1] [ 66%] PASSED run_unittests.py::NativeFileTests::test_user_options <- unittests/machinefiletests.py 
[  789s] run_unittests.py::NativeFileTests::test_user_options_command_line_overrides <- unittests/machinefiletests.py 
[  789s] [gw2] [ 66%] PASSED run_unittests.py::FailureTests::test_wrap_nofallback <- unittests/failuretests.py 
[  789s] run_unittests.py::FailureTests::test_wx_dependency <- unittests/failuretests.py 
[  789s] [gw3] [ 66%] PASSED run_unittests.py::RewriterTests::test_target_remove_extra_files <- unittests/rewritetests.py 
[  790s] run_unittests.py::RewriterTests::test_target_remove_sources <- unittests/rewritetests.py 
[  790s] [gw0] [ 66%] PASSED run_unittests.py::LinuxlikeTests::test_basic_soname <- unittests/linuxliketests.py 
[  791s] run_unittests.py::LinuxlikeTests::test_build_rpath <- unittests/linuxliketests.py 
[  791s] [gw1] [ 67%] PASSED run_unittests.py::NativeFileTests::test_user_options_command_line_overrides <- unittests/machinefiletests.py 
[  796s] run_unittests.py::NativeFileTests::test_user_options_subproject <- unittests/machinefiletests.py 
[  796s] [gw2] [ 67%] PASSED run_unittests.py::FailureTests::test_wx_dependency <- unittests/failuretests.py 
[  796s] run_unittests.py::FailureTests::test_wx_notfound_dependency <- unittests/failuretests.py 
[  796s] [gw2] [ 67%] SKIPPED run_unittests.py::FailureTests::test_wx_notfound_dependency <- unittests/failuretests.py 
[  796s] [gw3] [ 67%] PASSED run_unittests.py::RewriterTests::test_target_remove_sources <- unittests/rewritetests.py 
[  796s] run_unittests.py::RewriterTests::test_target_remove_subdir <- unittests/rewritetests.py 
[  796s] run_unittests.py::LinuxCrossArmTests::test_cflags_cross_environment_pollution <- unittests/linuxcrosstests.py 
[  796s] [gw2] [ 67%] SKIPPED run_unittests.py::LinuxCrossArmTests::test_cflags_cross_environment_pollution <- unittests/linuxcrosstests.py 
[  796s] run_unittests.py::LinuxCrossArmTests::test_cross_file_overrides_always_args <- unittests/linuxcrosstests.py 
[  796s] [gw2] [ 68%] SKIPPED run_unittests.py::LinuxCrossArmTests::test_cross_file_overrides_always_args <- unittests/linuxcrosstests.py 
[  799s] run_unittests.py::LinuxlikeTests::test_compiler_cpp_stds <- unittests/linuxliketests.py 
[  799s] [gw4] [ 68%] PASSED run_unittests.py::AllPlatformTests::test_suite_selection <- unittests/allplatformstests.py 
[  803s] run_unittests.py::AllPlatformTests::test_summary <- unittests/allplatformstests.py 
[  803s] [gw1] [ 68%] PASSED run_unittests.py::NativeFileTests::test_user_options_subproject <- unittests/machinefiletests.py 
[  804s] run_unittests.py::NativeFileTests::test_vala_compiler <- unittests/machinefiletests.py 
[  804s] [gw1] [ 68%] PASSED run_unittests.py::NativeFileTests::test_vala_compiler <- unittests/machinefiletests.py 
[  804s] run_unittests.py::CrossFileTests::test_builtin_options <- unittests/machinefiletests.py 
[  804s] [gw3] [ 68%] PASSED run_unittests.py::RewriterTests::test_target_remove_subdir <- unittests/rewritetests.py 
[  806s] run_unittests.py::RewriterTests::test_target_same_name_skip <- unittests/rewritetests.py 
[  806s] [gw4] [ 69%] PASSED run_unittests.py::AllPlatformTests::test_summary <- unittests/allplatformstests.py 
[  809s] run_unittests.py::AllPlatformTests::test_symlinked_subproject <- unittests/allplatformstests.py 
[  809s] [gw0] [ 69%] PASSED run_unittests.py::LinuxlikeTests::test_build_rpath <- unittests/linuxliketests.py 
[  812s] run_unittests.py::LinuxlikeTests::test_build_rpath_pkgconfig <- unittests/linuxliketests.py 
[  812s] [gw3] [ 69%] PASSED run_unittests.py::RewriterTests::test_target_same_name_skip <- unittests/rewritetests.py 
[  813s] run_unittests.py::RewriterTests::test_target_source_list <- unittests/rewritetests.py 
[  813s] [gw1] [ 69%] PASSED run_unittests.py::CrossFileTests::test_builtin_options <- unittests/machinefiletests.py 
[  815s] run_unittests.py::CrossFileTests::test_builtin_options_conf_overrides_env <- unittests/machinefiletests.py 
[  815s] [gw4] [ 69%] PASSED run_unittests.py::AllPlatformTests::test_symlinked_subproject <- unittests/allplatformstests.py 
[  815s] run_unittests.py::AllPlatformTests::test_target_construct_id_from_path <- unittests/allplatformstests.py 
[  815s] [gw4] [ 70%] PASSED run_unittests.py::AllPlatformTests::test_target_construct_id_from_path <- unittests/allplatformstests.py 
[  816s] run_unittests.py::AllPlatformTests::test_templates <- unittests/allplatformstests.py 
[  816s] [gw3] [ 70%] PASSED run_unittests.py::RewriterTests::test_target_source_list <- unittests/rewritetests.py 
[  822s] run_unittests.py::RewriterTests::test_target_source_sorting <- unittests/rewritetests.py 
[  822s] [gw1] [ 70%] PASSED run_unittests.py::CrossFileTests::test_builtin_options_conf_overrides_env <- unittests/machinefiletests.py 
[  826s] run_unittests.py::CrossFileTests::test_builtin_options_per_machine <- unittests/machinefiletests.py 
[  826s] [gw5] [ 70%] PASSED run_unittests.py::FailureTests::test_dependency <- unittests/failuretests.py 
[  826s] run_unittests.py::CrossFileTests::test_user_options <- unittests/machinefiletests.py 
[  826s] [gw3] [ 70%] PASSED run_unittests.py::RewriterTests::test_target_source_sorting <- unittests/rewritetests.py 
[  830s] run_unittests.py::RewriterTests::test_target_subdir <- unittests/rewritetests.py 
[  830s] [gw0] [ 71%] PASSED run_unittests.py::LinuxlikeTests::test_build_rpath_pkgconfig <- unittests/linuxliketests.py 
[  832s] run_unittests.py::LinuxlikeTests::test_cmake_multilib <- unittests/linuxliketests.py 
[  832s] [gw1] [ 71%] PASSED run_unittests.py::CrossFileTests::test_builtin_options_per_machine <- unittests/machinefiletests.py 
[  832s] run_unittests.py::CrossFileTests::test_cross_exe_passed_no_wrapper <- unittests/machinefiletests.py 
[  832s] [gw5] [ 71%] PASSED run_unittests.py::CrossFileTests::test_user_options <- unittests/machinefiletests.py 
[  833s] run_unittests.py::RewriterTests::test_default_options_delete <- unittests/rewritetests.py 
[  833s] [gw0] [ 71%] SKIPPED run_unittests.py::LinuxlikeTests::test_cmake_multilib <- unittests/linuxliketests.py 
[  834s] run_unittests.py::LinuxlikeTests::test_compiler_c_stds <- unittests/linuxliketests.py 
[  834s] [gw3] [ 71%] PASSED run_unittests.py::RewriterTests::test_target_subdir <- unittests/rewritetests.py 
[  839s] run_unittests.py::RewriterTests::test_tatrget_add <- unittests/rewritetests.py 
[  839s] [gw5] [ 72%] PASSED run_unittests.py::RewriterTests::test_default_options_delete <- unittests/rewritetests.py 
[  842s] run_unittests.py::RewriterTests::test_default_options_set <- unittests/rewritetests.py 
[  842s] [gw3] [ 72%] PASSED run_unittests.py::RewriterTests::test_tatrget_add <- unittests/rewritetests.py 
[  842s] run_unittests.py::TAPParserTests::test_diagnostics <- unittests/taptests.py 
[  842s] [gw3] [ 72%] PASSED run_unittests.py::TAPParserTests::test_diagnostics <- unittests/taptests.py 
[  842s] run_unittests.py::TAPParserTests::test_directive_case <- unittests/taptests.py 
[  842s] [gw3] [ 72%] PASSED run_unittests.py::TAPParserTests::test_directive_case <- unittests/taptests.py 
[  842s] run_unittests.py::TAPParserTests::test_directive_explanation <- unittests/taptests.py 
[  842s] [gw3] [ 73%] PASSED run_unittests.py::TAPParserTests::test_directive_explanation <- unittests/taptests.py 
[  842s] run_unittests.py::TAPParserTests::test_empty <- unittests/taptests.py 
[  842s] [gw3] [ 73%] PASSED run_unittests.py::TAPParserTests::test_empty <- unittests/taptests.py 
[  842s] run_unittests.py::TAPParserTests::test_empty_line <- unittests/taptests.py 
[  842s] [gw3] [ 73%] PASSED run_unittests.py::TAPParserTests::test_empty_line <- unittests/taptests.py 
[  845s] run_unittests.py::LinuxlikeTests::test_deterministic_rpath_order <- unittests/linuxliketests.py 
[  845s] [gw1] [ 73%] PASSED run_unittests.py::CrossFileTests::test_cross_exe_passed_no_wrapper <- unittests/machinefiletests.py 
[  847s] run_unittests.py::CrossFileTests::test_cross_file_dirs <- unittests/machinefiletests.py 
[  847s] [gw5] [ 73%] PASSED run_unittests.py::RewriterTests::test_default_options_set <- unittests/rewritetests.py 
[  848s] run_unittests.py::RewriterTests::test_kwargs_add <- unittests/rewritetests.py 
[  848s] [gw1] [ 74%] PASSED run_unittests.py::CrossFileTests::test_cross_file_dirs <- unittests/machinefiletests.py 
[  849s] run_unittests.py::CrossFileTests::test_cross_file_dirs_chain <- unittests/machinefiletests.py 
[  849s] [gw3] [ 74%] PASSED run_unittests.py::LinuxlikeTests::test_deterministic_rpath_order <- unittests/linuxliketests.py 
[  851s] run_unittests.py::LinuxlikeTests::test_freezing <- unittests/linuxliketests.py 
[  851s] [gw1] [ 74%] PASSED run_unittests.py::CrossFileTests::test_cross_file_dirs_chain <- unittests/machinefiletests.py 
[  854s] run_unittests.py::CrossFileTests::test_cross_file_dirs_overridden <- unittests/machinefiletests.py 
[  854s] [gw1] [ 74%] PASSED run_unittests.py::CrossFileTests::test_cross_file_dirs_overridden <- unittests/machinefiletests.py 
[  854s] run_unittests.py::CrossFileTests::test_cross_file_system_paths <- unittests/machinefiletests.py 
[  854s] [gw1] [ 74%] SKIPPED run_unittests.py::CrossFileTests::test_cross_file_system_paths <- unittests/machinefiletests.py 
[  855s] run_unittests.py::CrossFileTests::test_for_build_env_vars <- unittests/machinefiletests.py 
[  855s] [gw5] [ 75%] PASSED run_unittests.py::RewriterTests::test_kwargs_add <- unittests/rewritetests.py 
[  862s] run_unittests.py::RewriterTests::test_kwargs_delete <- unittests/rewritetests.py 
[  862s] [gw3] [ 75%] PASSED run_unittests.py::LinuxlikeTests::test_freezing <- unittests/linuxliketests.py 
[  863s] run_unittests.py::LinuxlikeTests::test_generate_gir_with_address_sanitizer <- unittests/linuxliketests.py 
[  863s] [gw1] [ 75%] PASSED run_unittests.py::CrossFileTests::test_for_build_env_vars <- unittests/machinefiletests.py 
[  863s] run_unittests.py::CrossFileTests::test_needs_exe_wrapper_false <- unittests/machinefiletests.py 
[  863s] [gw5] [ 75%] PASSED run_unittests.py::RewriterTests::test_kwargs_delete <- unittests/rewritetests.py 
[  867s] run_unittests.py::RewriterTests::test_kwargs_info <- unittests/rewritetests.py 
[  867s] [gw5] [ 75%] PASSED run_unittests.py::RewriterTests::test_kwargs_info <- unittests/rewritetests.py 
[  875s] run_unittests.py::RewriterTests::test_kwargs_remove <- unittests/rewritetests.py 
[  875s] [gw5] [ 76%] PASSED run_unittests.py::RewriterTests::test_kwargs_remove <- unittests/rewritetests.py 
[  876s] run_unittests.py::RewriterTests::test_kwargs_remove_regex <- unittests/rewritetests.py 
[  876s] [gw1] [ 76%] PASSED run_unittests.py::CrossFileTests::test_needs_exe_wrapper_false <- unittests/machinefiletests.py 
[  883s] run_unittests.py::CrossFileTests::test_needs_exe_wrapper_true <- unittests/machinefiletests.py 
[  883s] [gw5] [ 76%] PASSED run_unittests.py::RewriterTests::test_kwargs_remove_regex <- unittests/rewritetests.py 
[  890s] run_unittests.py::RewriterTests::test_kwargs_set <- unittests/rewritetests.py 
[  890s] [gw1] [ 76%] PASSED run_unittests.py::CrossFileTests::test_needs_exe_wrapper_true <- unittests/machinefiletests.py 
[  891s] run_unittests.py::CrossFileTests::test_needs_exe_wrapper_true_wrapper <- unittests/machinefiletests.py 
[  891s] [gw5] [ 76%] PASSED run_unittests.py::RewriterTests::test_kwargs_set <- unittests/rewritetests.py 
[  900s] run_unittests.py::RewriterTests::test_target_add_extra_files <- unittests/rewritetests.py 
[  900s] [gw5] [ 77%] PASSED run_unittests.py::RewriterTests::test_target_add_extra_files <- unittests/rewritetests.py 
[  914s] run_unittests.py::LinuxlikeTests::test_identity_cross_env <- unittests/linuxliketests.py 
[  914s] [gw1] [ 77%] PASSED run_unittests.py::CrossFileTests::test_needs_exe_wrapper_true_wrapper <- unittests/machinefiletests.py 
[  928s] run_unittests.py::CrossFileTests::test_project_options_native_only <- unittests/machinefiletests.py 
[  928s] [gw1] [ 77%] PASSED run_unittests.py::CrossFileTests::test_project_options_native_only <- unittests/machinefiletests.py 
[  933s] run_unittests.py::LinuxlikeTests::test_installed_modes <- unittests/linuxliketests.py 
[  933s] [gw5] [ 77%] PASSED run_unittests.py::LinuxlikeTests::test_identity_cross_env <- unittests/linuxliketests.py 
[  937s] run_unittests.py::LinuxlikeTests::test_install_strip <- unittests/linuxliketests.py 
[  948s] [gw3] [ 78%] FAILED run_unittests.py::LinuxlikeTests::test_generate_gir_with_address_sanitizer <- unittests/linuxliketests.py 
[  948s] 
[  948s] =================================== FAILURES ===================================
[  948s] ___________ LinuxlikeTests.test_generate_gir_with_address_sanitizer ____________
[  948s] [gw3] linux -- Python 3.10.9 /usr/bin/python3
[  948s] 
[  948s] self = <unittests.linuxliketests.LinuxlikeTests testMethod=test_generate_gir_with_address_sanitizer>
[  948s] 
[  948s]     @skip_if_not_base_option('b_sanitize')
[  948s]     def test_generate_gir_with_address_sanitizer(self):
[  948s]         if is_cygwin():
[  948s]             raise SkipTest('asan not available on Cygwin')
[  948s]         if is_openbsd():
[  948s]             raise SkipTest('-fsanitize=address is not supported on OpenBSD')
[  948s]     
[  948s]         testdir = os.path.join(self.framework_test_dir, '7 gnome')
[  948s]         self.init(testdir, extra_args=['-Db_sanitize=address', '-Db_lundef=false'])
[  948s] >       self.build()
[  948s] 
[  948s] unittests/linuxliketests.py:365: 
[  948s] _ _ _ _ _ _ _ _ _ _ _ _ _ _ _ _ _ _ _ _ _ _ _ _ _ _ _ _ _ _ _ _ _ _ _ _ _ _ _ _ 
[  948s] unittests/baseplatformtests.py:255: in build
[  948s]     return self._run(self.build_command + args + extra_args, workdir=self.builddir, override_envvars=override_envvars, stderr=stderr)
[  948s] _ _ _ _ _ _ _ _ _ _ _ _ _ _ _ _ _ _ _ _ _ _ _ _ _ _ _ _ _ _ _ _ _ _ _ _ _ _ _ _ 
[  948s] 
[  948s] self = <unittests.linuxliketests.LinuxlikeTests testMethod=test_generate_gir_with_address_sanitizer>
[  948s] command = ['/usr/bin/ninja', '-w', 'dupbuild=err', '-d', 'explain']
[  948s] 
[  948s]     def _run(self, command, *, workdir=None, override_envvars: T.Optional[T.Mapping[str, str]] = None, stderr=True):
[  948s]         '''
[  948s]         Run a command while printing the stdout and stderr to stdout,
[  948s]         and also return a copy of it
[  948s]         '''
[  948s]         # If this call hangs CI will just abort. It is very hard to distinguish
[  948s]         # between CI issue and test bug in that case. Set timeout and fail loud
[  948s]         # instead.
[  948s]         if override_envvars is None:
[  948s]             env = None
[  948s]         else:
[  948s]             env = os.environ.copy()
[  948s]             env.update(override_envvars)
[  948s]     
[  948s]         p = subprocess.run(command, stdout=subprocess.PIPE,
[  948s]                            stderr=subprocess.STDOUT if stderr else subprocess.PIPE,
[  948s]                            env=env,
[  948s]                            encoding='utf-8',
[  948s]                            text=True, cwd=workdir, timeout=60 * 5)
[  948s]         print('$', join_args(command))
[  948s]         print('stdout:')
[  948s]         print(p.stdout)
[  948s]         if not stderr:
[  948s]             print('stderr:')
[  948s]             print(p.stderr)
[  948s]         if p.returncode != 0:
[  948s]             if 'MESON_SKIP_TEST' in p.stdout:
[  948s]                 raise SkipTest('Project requested skipping.')
[  948s] >           raise subprocess.CalledProcessError(p.returncode, command, output=p.stdout)
[  948s] E           subprocess.CalledProcessError: Command '['/usr/bin/ninja', '-w', 'dupbuild=err', '-d', 'explain']' returned non-zero exit status 1.
[  948s] 
[  948s] unittests/baseplatformtests.py:179: CalledProcessError
[  948s] ----------------------------- Captured stdout call -----------------------------
[  948s] $ /usr/bin/python3 /usr/bin/meson setup --backend=ninja '/home/abuild/rpmbuild/BUILD/meson-1.0.1/test cases/frameworks/7 gnome' /home/abuild/rpmbuild/BUILD/meson-1.0.1/tmphpb1_95_ --prefix /usr --libdir lib -Db_sanitize=address -Db_lundef=false
[  948s] stdout:
[  948s] The Meson build system
[  948s] Version: 1.0.1
[  948s] Source dir: /home/abuild/rpmbuild/BUILD/meson-1.0.1/test cases/frameworks/7 gnome
[  948s] Build dir: /home/abuild/rpmbuild/BUILD/meson-1.0.1/tmphpb1_95_
[  948s] Build type: native build
[  948s] Project name: gobject-introspection
[  948s] Project version: undefined
[  948s] C compiler for the host machine: cc (gcc 12.2.1 "cc (SUSE Linux) 12.2.1 20230124 [revision 193f7e62815b4089dfaed4c2bd34fd4f10209e27]")
[  948s] C linker for the host machine: cc ld.bfd 2.40.20230127-1
[  948s] Host machine cpu family: riscv64
[  948s] Host machine cpu: riscv64
[  948s] Program copyfile.py found: YES (/usr/bin/python3 /home/abuild/rpmbuild/BUILD/meson-1.0.1/test cases/frameworks/7 gnome/copyfile.py)
[  948s] Found pkg-config: /usr/bin/pkg-config (1.8.0)
[  948s] Run-time dependency glib-2.0 found: YES 2.74.6
[  948s] Run-time dependency gobject-introspection-1.0 found: YES 1.74.0
[  948s] Run-time dependency gio-2.0 found: YES 2.74.6
[  948s] Run-time dependency gio-unix-2.0 found: YES 2.74.6
[  948s] Dependency glib-2.0 found: YES 2.74.6 (cached)
[  948s] Run-time dependency gobject-2.0 found: YES 2.74.6
[  948s] Dependency gobject-introspection-1.0 found: YES 1.74.0 (cached)
[  948s] Run-time dependency gmodule-2.0 found: YES 2.74.6
[  948s] WARNING: Static library 'glib-2.0' not found for dependency 'glib-2.0', may not be statically linked
[  948s] WARNING: Static library 'pcre2-8' not found for dependency 'glib-2.0', may not be statically linked
[  948s] Run-time dependency glib-2.0 found: YES 2.74.6
[  948s] Configuring res4.txt using configuration
[  948s] Configuring simple-gen.gresource.xml with command
[  948s] Found pkg-config: /usr/bin/pkg-config (1.8.0)
[  948s] Program glib-compile-resources found: YES (/usr/bin/glib-compile-resources)
[  948s] Program glib-compile-resources found: YES (/usr/bin/glib-compile-resources)
[  948s] Program resources.py found: YES (/usr/bin/python3 /home/abuild/rpmbuild/BUILD/meson-1.0.1/test cases/frameworks/7 gnome/resources/resources.py)
[  948s] Program glib-compile-resources found: YES (/usr/bin/glib-compile-resources)
[  948s] Program glib-compile-resources found: YES (/usr/bin/glib-compile-resources)
[  948s] Program glib-compile-resources found: YES (/usr/bin/glib-compile-resources)
[  948s] Program glib-compile-resources found: YES (/usr/bin/glib-compile-resources)
[  948s] Dependency gobject-introspection-1.0 found: YES 1.74.0 (cached)
[  948s] Dependency gobject-introspection-1.0 found: YES 1.74.0 (cached)
[  948s] Program g-ir-scanner found: YES (/usr/bin/g-ir-scanner)
[  948s] Dependency gobject-introspection-1.0 found: YES 1.74.0 (cached)
[  948s] Program g-ir-compiler found: YES (/usr/bin/g-ir-compiler)
[  948s] Program copy.py found: YES (/home/abuild/rpmbuild/BUILD/meson-1.0.1/test cases/frameworks/7 gnome/gir/copy.py)
[  948s] Found CMake: /usr/bin/cmake (3.25.2)
[  948s] Run-time dependency no-way-this-exists found: NO (tried pkgconfig and cmake)
[  948s] Program prog.py found: YES (/home/abuild/rpmbuild/BUILD/meson-1.0.1/test cases/frameworks/7 gnome/gir/prog.py)
[  948s] Program glib-compile-schemas found: YES (/usr/bin/glib-compile-schemas)
[  948s] Program gdbus-codegen found: YES (/usr/bin/gdbus-codegen)
[  948s] Program gdbus-codegen found: YES (/usr/bin/gdbus-codegen)
[  948s] Program gdbus-codegen found: YES (/usr/bin/gdbus-codegen)
[  948s] Program gdbus-codegen found: YES (/usr/bin/gdbus-codegen)
[  948s] Program gdbus-codegen found: YES (/usr/bin/gdbus-codegen)
[  948s] Program gdbus-codegen found: YES (/usr/bin/gdbus-codegen)
[  948s] Program gdbus-codegen found: YES (/usr/bin/gdbus-codegen)
[  948s] Program glib-mkenums found: YES (/usr/bin/glib-mkenums)
[  948s] Program glib-mkenums found: YES (/usr/bin/glib-mkenums)
[  948s] Configuring main1.c using configuration
[  948s] Program glib-mkenums found: YES (/usr/bin/glib-mkenums)
[  948s] Program glib-mkenums found: YES (/usr/bin/glib-mkenums)
[  948s] Configuring main2.c using configuration
[  948s] Program glib-mkenums found: YES (/usr/bin/glib-mkenums)
[  948s] Program glib-mkenums found: YES (/usr/bin/glib-mkenums)
[  948s] Configuring main3.c using configuration
[  948s] Program glib-mkenums found: YES (/usr/bin/glib-mkenums)
[  948s] Program glib-mkenums found: YES (/usr/bin/glib-mkenums)
[  948s] Program glib-mkenums found: YES (/usr/bin/glib-mkenums)
[  948s] Program glib-mkenums found: YES (/usr/bin/glib-mkenums)
[  948s] Configuring main5.c using configuration
[  948s] Configuring enums6.h.in using configuration
[  948s] Program glib-mkenums found: YES (/usr/bin/glib-mkenums)
[  948s] Configuring main6.c using configuration
[  948s] Program glib-genmarshal found: YES (/usr/bin/glib-genmarshal)
[  948s] Configuring main-0.c using configuration
[  948s] Program glib-genmarshal found: YES (/usr/bin/glib-genmarshal)
[  948s] Configuring main-1.c using configuration
[  948s] Program glib-genmarshal found: YES (/usr/bin/glib-genmarshal)
[  948s] Configuring main-2.c using configuration
[  948s] Program glib-genmarshal found: YES (/usr/bin/glib-genmarshal)
[  948s] Configuring main-3.c using configuration
[  948s] Program glib-genmarshal found: YES (/usr/bin/glib-genmarshal)
[  948s] Configuring main-4.c using configuration
[  948s] Program glib-genmarshal found: YES (/usr/bin/glib-genmarshal)
[  948s] Configuring main-5.c using configuration
[  948s] Build targets in project: 83
[  948s] 
[  948s] gobject-introspection undefined
[  948s] 
[  948s]   User defined options
[  948s]     backend   : ninja
[  948s]     libdir    : lib
[  948s]     prefix    : /usr
[  948s]     b_lundef  : false
[  948s]     b_sanitize: address
[  948s] 
[  948s] Found ninja-1.11.1 at /usr/bin/ninja
[  948s] 
[  948s] $ /usr/bin/ninja -w dupbuild=err -d explain
[  948s] stdout:
[  948s] ninja explain: deps for 'resources/simple-resources-test.p/meson-generated_.._simple-resources.c.o' are missing
[  948s] ninja explain: deps for 'resources/simple-resources.c' are missing
[  948s] ninja explain: resources/simple-resources.c is dirty
[  948s] ninja explain: output resources/simple-resources.h doesn't exist
[  948s] ninja explain: resources/simple-resources-test.p/meson-generated_.._simple-resources.c.o is dirty
[  948s] ninja explain: deps for 'resources/simple-resources-test.p/simple-main.c.o' are missing
[  948s] ninja explain: resources/simple-resources-test.p/simple-main.c.o is dirty
[  948s] ninja explain: resources/simple-resources-test is dirty
[  948s] ninja explain: deps for 'resources/generated-resources-test.p/meson-generated_.._generated-resources.c.o' are missing
[  948s] ninja explain: deps for 'resources/generated-resources.c' are missing
[  948s] ninja explain: output resources-data/res3.txt doesn't exist
[  948s] ninja explain: resources-data/res3.txt is dirty
[  948s] ninja explain: resources/generated-resources.c is dirty
[  948s] ninja explain: resources-data/res3.txt is dirty
[  948s] ninja explain: resources/generated-resources-test.p/meson-generated_.._generated-resources.c.o is dirty
[  948s] ninja explain: deps for 'resources/generated-resources-test.p/generated-main.c.o' are missing
[  948s] ninja explain: resources/generated-resources-test.p/generated-main.c.o is dirty
[  948s] ninja explain: resources/generated-resources-test is dirty
[  948s] ninja explain: deps for 'gir/girprog.p/prog.c.o' are missing
[  948s] ninja explain: gir/girprog.p/prog.c.o is dirty
[  948s] ninja explain: deps for 'gir/dep1/dep2/libdep2lib.so.p/dep2.c.o' are missing
[  948s] ninja explain: gir/dep1/dep2/libdep2lib.so.p/dep2.c.o is dirty
[  948s] ninja explain: gir/dep1/dep2/libdep2lib.so is dirty
[  948s] ninja explain: gir/dep1/dep2/libdep2lib.so.p/libdep2lib.so.symbols is dirty
[  948s] ninja explain: deps for 'gir/dep1/dep3/libdep3lib.so.p/dep3.c.o' are missing
[  948s] ninja explain: gir/dep1/dep3/libdep3lib.so.p/dep3.c.o is dirty
[  948s] ninja explain: gir/dep1/dep3/libdep3lib.so is dirty
[  948s] ninja explain: gir/dep1/dep3/libdep3lib.so.p/libdep3lib.so.symbols is dirty
[  948s] ninja explain: deps for 'gir/dep1/libdep1lib.so.p/dep1.c.o' are missing
[  948s] ninja explain: gir/dep1/libdep1lib.so.p/dep1.c.o is dirty
[  948s] ninja explain: gir/dep1/libdep1lib.so is dirty
[  948s] ninja explain: gir/dep1/libdep1lib.so.p/libdep1lib.so.symbols is dirty
[  948s] ninja explain: deps for 'gir/libgir_lib.so.p/meson-sample.c.o' are missing
[  948s] ninja explain: gir/libgir_lib.so.p/meson-sample.c.o is dirty
[  948s] ninja explain: gir/dep1/dep2/libdep2lib.so.p/libdep2lib.so.symbols is dirty
[  948s] ninja explain: gir/dep1/dep3/libdep3lib.so.p/libdep3lib.so.symbols is dirty
[  948s] ninja explain: gir/dep1/libdep1lib.so.p/libdep1lib.so.symbols is dirty
[  948s] ninja explain: gir/libgir_lib.so is dirty
[  948s] ninja explain: gir/libgir_lib.so.p/libgir_lib.so.symbols is dirty
[  948s] ninja explain: gir/girprog is dirty
[  948s] ninja explain: deps for 'schemas/schemaprog.p/schemaprog.c.o' are missing
[  948s] ninja explain: schemas/schemaprog.p/schemaprog.c.o is dirty
[  948s] ninja explain: schemas/schemaprog is dirty
[  948s] ninja explain: deps for 'gdbus/gdbus-test.p/meson-generated_.._generated-gdbus.c.o' are missing
[  948s] ninja explain: output gdbus/generated-gdbus.c doesn't exist
[  948s] ninja explain: gdbus/generated-gdbus.c is dirty
[  948s] ninja explain: output gdbus/generated-gdbus-doc-com.example.Sample.xml doesn't exist
[  948s] ninja explain: output gdbus/generated-gdbus.h doesn't exist
[  948s] ninja explain: gdbus/gdbus-test.p/meson-generated_.._generated-gdbus.c.o is dirty
[  948s] ninja explain: deps for 'gdbus/gdbus-test.p/gdbusprog.c.o' are missing
[  948s] ninja explain: gdbus/gdbus-test.p/gdbusprog.c.o is dirty
[  948s] ninja explain: gdbus/gdbus-test is dirty
[  948s] ninja explain: deps for 'mkenums/enumprog1.p/meson-generated_.._enums.c.o' are missing
[  948s] ninja explain: output mkenums/enums.h doesn't exist
[  948s] ninja explain: mkenums/enums.h is dirty
[  948s] ninja explain: mkenums/enums.c is dirty
[  948s] ninja explain: mkenums/enumprog1.p/meson-generated_.._enums.c.o is dirty
[  948s] ninja explain: deps for 'mkenums/enumprog1.p/meson-generated_.._main1.c.o' are missing
[  948s] ninja explain: mkenums/enumprog1.p/meson-generated_.._main1.c.o is dirty
[  948s] ninja explain: mkenums/enumprog1 is dirty
[  948s] ninja explain: deps for 'mkenums/enumprog2.p/meson-generated_.._enums2.c.o' are missing
[  948s] ninja explain: mkenums/enums.h is dirty
[  948s] ninja explain: output mkenums/enums2.h doesn't exist
[  948s] ninja explain: mkenums/enums2.h is dirty
[  948s] ninja explain: mkenums/enums2.c is dirty
[  948s] ninja explain: mkenums/enumprog2.p/meson-generated_.._enums2.c.o is dirty
[  948s] ninja explain: deps for 'mkenums/enumprog2.p/meson-generated_.._main2.c.o' are missing
[  948s] ninja explain: mkenums/enumprog2.p/meson-generated_.._main2.c.o is dirty
[  948s] ninja explain: mkenums/enumprog2 is dirty
[  948s] ninja explain: deps for 'mkenums/enumprog3.p/meson-generated_.._enums3.c.o' are missing
[  948s] ninja explain: output mkenums/enums3.c doesn't exist
[  948s] ninja explain: mkenums/enums3.c is dirty
[  948s] ninja explain: output mkenums/enums3.h doesn't exist
[  948s] ninja explain: mkenums/enumprog3.p/meson-generated_.._enums3.c.o is dirty
[  948s] ninja explain: deps for 'mkenums/enumprog3.p/meson-generated_.._main3.c.o' are missing
[  948s] ninja explain: mkenums/enumprog3.p/meson-generated_.._main3.c.o is dirty
[  948s] ninja explain: mkenums/enumprog3 is dirty
[  948s] ninja explain: deps for 'mkenums/enumprog6.p/meson-generated_.._enums2.c.o' are missing
[  948s] ninja explain: mkenums/enums2.c is dirty
[  948s] ninja explain: output mkenums/enums6.h doesn't exist
[  948s] ninja explain: mkenums/enumprog6.p/meson-generated_.._enums2.c.o is dirty
[  948s] ninja explain: deps for 'mkenums/enumprog6.p/meson-generated_.._main6.c.o' are missing
[  948s] ninja explain: mkenums/enumprog6.p/meson-generated_.._main6.c.o is dirty
[  948s] ninja explain: mkenums/enumprog6 is dirty
[  948s] ninja explain: deps for 'genmarshal/genmarshalprog-0.p/meson-generated_.._marshaller-0.c.o' are missing
[  948s] ninja explain: output genmarshal/marshaller-0.h doesn't exist
[  948s] ninja explain: genmarshal/marshaller-0.h is dirty
[  948s] ninja explain: genmarshal/marshaller-0.c is dirty
[  948s] ninja explain: genmarshal/genmarshalprog-0.p/meson-generated_.._marshaller-0.c.o is dirty
[  948s] ninja explain: deps for 'genmarshal/genmarshalprog-0.p/meson-generated_.._main-0.c.o' are missing
[  948s] ninja explain: genmarshal/genmarshalprog-0.p/meson-generated_.._main-0.c.o is dirty
[  948s] ninja explain: genmarshal/genmarshalprog-0 is dirty
[  948s] ninja explain: deps for 'genmarshal/genmarshalprog-1.p/meson-generated_.._marshaller-1.c.o' are missing
[  948s] ninja explain: output genmarshal/marshaller-1.h doesn't exist
[  948s] ninja explain: genmarshal/marshaller-1.h is dirty
[  948s] ninja explain: genmarshal/marshaller-1.c is dirty
[  948s] ninja explain: genmarshal/genmarshalprog-1.p/meson-generated_.._marshaller-1.c.o is dirty
[  948s] ninja explain: deps for 'genmarshal/genmarshalprog-1.p/meson-generated_.._main-1.c.o' are missing
[  948s] ninja explain: genmarshal/genmarshalprog-1.p/meson-generated_.._main-1.c.o is dirty
[  948s] ninja explain: genmarshal/genmarshalprog-1 is dirty
[  948s] ninja explain: deps for 'genmarshal/genmarshalprog-2.p/meson-generated_.._marshaller-2.c.o' are missing
[  948s] ninja explain: output genmarshal/marshaller-2.h doesn't exist
[  948s] ninja explain: genmarshal/marshaller-2.h is dirty
[  948s] ninja explain: genmarshal/marshaller-2.c is dirty
[  948s] ninja explain: genmarshal/genmarshalprog-2.p/meson-generated_.._marshaller-2.c.o is dirty
[  948s] ninja explain: deps for 'genmarshal/genmarshalprog-2.p/meson-generated_.._main-2.c.o' are missing
[  948s] ninja explain: genmarshal/genmarshalprog-2.p/meson-generated_.._main-2.c.o is dirty
[  948s] ninja explain: genmarshal/genmarshalprog-2 is dirty
[  948s] ninja explain: deps for 'genmarshal/genmarshalprog-3.p/meson-generated_.._marshaller-3.c.o' are missing
[  948s] ninja explain: output genmarshal/marshaller-3.h doesn't exist
[  948s] ninja explain: genmarshal/marshaller-3.h is dirty
[  948s] ninja explain: genmarshal/marshaller-3.c is dirty
[  948s] ninja explain: genmarshal/genmarshalprog-3.p/meson-generated_.._marshaller-3.c.o is dirty
[  948s] ninja explain: deps for 'genmarshal/genmarshalprog-3.p/meson-generated_.._main-3.c.o' are missing
[  948s] ninja explain: genmarshal/genmarshalprog-3.p/meson-generated_.._main-3.c.o is dirty
[  948s] ninja explain: genmarshal/genmarshalprog-3 is dirty
[  948s] ninja explain: deps for 'genmarshal/genmarshalprog-4.p/meson-generated_.._marshaller-4.c.o' are missing
[  948s] ninja explain: output genmarshal/marshaller-4.h doesn't exist
[  948s] ninja explain: genmarshal/marshaller-4.h is dirty
[  948s] ninja explain: genmarshal/marshaller-4.c is dirty
[  948s] ninja explain: genmarshal/genmarshalprog-4.p/meson-generated_.._marshaller-4.c.o is dirty
[  948s] ninja explain: deps for 'genmarshal/genmarshalprog-4.p/meson-generated_.._main-4.c.o' are missing
[  948s] ninja explain: genmarshal/genmarshalprog-4.p/meson-generated_.._main-4.c.o is dirty
[  948s] ninja explain: genmarshal/genmarshalprog-4 is dirty
[  948s] ninja explain: deps for 'genmarshal/genmarshalprog-5.p/meson-generated_.._marshaller-5.c.o' are missing
[  948s] ninja explain: output genmarshal/marshaller-5.h doesn't exist
[  948s] ninja explain: genmarshal/marshaller-5.h is dirty
[  948s] ninja explain: genmarshal/marshaller-5.c is dirty
[  948s] ninja explain: genmarshal/genmarshalprog-5.p/meson-generated_.._marshaller-5.c.o is dirty
[  948s] ninja explain: deps for 'genmarshal/genmarshalprog-5.p/meson-generated_.._main-5.c.o' are missing
[  948s] ninja explain: genmarshal/genmarshalprog-5.p/meson-generated_.._main-5.c.o is dirty
[  948s] ninja explain: genmarshal/genmarshalprog-5 is dirty
[  948s] ninja explain: meson-test-prereq is dirty
[  948s] ninja explain: output meson-benchmark-prereq of phony edge with no inputs doesn't exist
[  948s] ninja explain: meson-benchmark-prereq is dirty
[  948s] ninja explain: resources/simple-resources.c is dirty
[  948s] ninja explain: resources/simple-resources.h is dirty
[  948s] ninja explain: resources/simple-resources-test is dirty
[  948s] ninja explain: deps for 'resources/simple-resources.gresource' are missing
[  948s] ninja explain: resources/simple-resources.gresource is dirty
[  948s] ninja explain: resources/generated-resources.c is dirty
[  948s] ninja explain: resources/generated-resources.h is dirty
[  948s] ninja explain: resources/generated-resources-test is dirty
[  948s] ninja explain: deps for 'resources/ct-resources.c' are missing
[  948s] ninja explain: output resources/generated/simple-ct.gresource.xml doesn't exist
[  948s] ninja explain: resources/generated/simple-ct.gresource.xml is dirty
[  948s] ninja explain: resources/ct-resources.c is dirty
[  948s] ninja explain: resources/generated/simple-ct.gresource.xml is dirty
[  948s] ninja explain: resources/ct-resources.h is dirty
[  948s] ninja explain: deps for 'resources/cti-resources.c' are missing
[  948s] ninja explain: resources/generated/simple-ct.gresource.xml is dirty
[  948s] ninja explain: resources/cti-resources.c is dirty
[  948s] ninja explain: resources/generated/simple-ct.gresource.xml is dirty
[  948s] ninja explain: resources/cti-resources.h is dirty
[  948s] ninja explain: deps for 'resources/build-resources.gresource' are missing
[  948s] ninja explain: resources/build-resources.gresource is dirty
[  948s] ninja explain: gir/dep1/dep2/libdep2lib.so is dirty
[  948s] ninja explain: gir/dep1/dep2/libdep2lib.so is dirty
[  948s] ninja explain: gir/dep1/dep2/MesonDep2-1.0.gir is dirty
[  948s] ninja explain: gir/dep1/dep2/MesonDep2-1.0.gir is dirty
[  948s] ninja explain: gir/dep1/dep2/MesonDep2-1.0.typelib is dirty
[  948s] ninja explain: gir/dep1/dep3/libdep3lib.so is dirty
[  948s] ninja explain: gir/dep1/dep3/libdep3lib.so is dirty
[  948s] ninja explain: gir/dep1/dep3/MesonDep3-1.0.gir is dirty
[  948s] ninja explain: gir/dep1/dep3/MesonDep3-1.0.gir is dirty
[  948s] ninja explain: gir/dep1/dep3/MesonDep3-1.0.typelib is dirty
[  948s] ninja explain: gir/dep1/libdep1lib.so is dirty
[  948s] ninja explain: gir/dep1/dep2/MesonDep2-1.0.gir is dirty
[  948s] ninja explain: gir/dep1/dep2/libdep2lib.so is dirty
[  948s] ninja explain: gir/dep1/dep3/MesonDep3-1.0.gir is dirty
[  948s] ninja explain: gir/dep1/libdep1lib.so is dirty
[  948s] ninja explain: gir/dep1/MesonDep1-1.0.gir is dirty
[  948s] ninja explain: gir/dep1/MesonDep1-1.0.gir is dirty
[  948s] ninja explain: gir/dep1/MesonDep1-1.0.typelib is dirty
[  948s] ninja explain: gir/libgir_lib.so is dirty
[  948s] ninja explain: deps for 'gir/libgir_lib2.so.p/meson-sample2.c.o' are missing
[  948s] ninja explain: gir/libgir_lib2.so.p/meson-sample2.c.o is dirty
[  948s] ninja explain: gir/libgir_lib2.so is dirty
[  948s] ninja explain: gir/girprog is dirty
[  948s] ninja explain: output gir/meson-sample3.h doesn't exist
[  948s] ninja explain: gir/meson-sample3.h is dirty
[  948s] ninja explain: gir/dep1/MesonDep1-1.0.gir is dirty
[  948s] ninja explain: gir/dep1/dep2/libdep2lib.so is dirty
[  948s] ninja explain: gir/dep1/dep3/libdep3lib.so is dirty
[  948s] ninja explain: gir/dep1/libdep1lib.so is dirty
[  948s] ninja explain: gir/libgir_lib.so is dirty
[  948s] ninja explain: gir/libgir_lib2.so is dirty
[  948s] ninja explain: gir/Meson-1.0.gir is dirty
[  948s] ninja explain: gir/meson-sample3.h is dirty
[  948s] ninja explain: gir/Meson-1.0.gir is dirty
[  948s] ninja explain: gir/Meson-1.0.typelib is dirty
[  948s] ninja explain: output schemas/gschemas.compiled doesn't exist
[  948s] ninja explain: schemas/gschemas.compiled is dirty
[  948s] ninja explain: schemas/schemaprog is dirty
[  948s] ninja explain: output gdbus/generated-gdbus-no-docbook.c doesn't exist
[  948s] ninja explain: gdbus/generated-gdbus-no-docbook.c is dirty
[  948s] ninja explain: output gdbus/generated-gdbus-no-docbook.h doesn't exist
[  948s] ninja explain: gdbus/generated-gdbus-no-docbook.h is dirty
[  948s] ninja explain: output gdbus/generated-gdbus-no-docbook2.c doesn't exist
[  948s] ninja explain: gdbus/generated-gdbus-no-docbook2.c is dirty
[  948s] ninja explain: output gdbus/generated-gdbus-no-docbook2.h doesn't exist
[  948s] ninja explain: gdbus/generated-gdbus-no-docbook2.h is dirty
[  948s] ninja explain: output gdbus/generated-gdbus-no-docbook-files-posarg.c doesn't exist
[  948s] ninja explain: gdbus/generated-gdbus-no-docbook-files-posarg.c is dirty
[  948s] ninja explain: output gdbus/generated-gdbus-no-docbook-files-posarg.h doesn't exist
[  948s] ninja explain: gdbus/generated-gdbus-no-docbook-files-posarg.h is dirty
[  948s] ninja explain: gdbus/generated-gdbus.c is dirty
[  948s] ninja explain: gdbus/generated-gdbus.h is dirty
[  948s] ninja explain: gdbus/generated-gdbus-doc-com.example.Sample.xml is dirty
[  948s] ninja explain: output gdbus/com.example.SampleCustomTarget.xml doesn't exist
[  948s] ninja explain: gdbus/com.example.SampleCustomTarget.xml is dirty
[  948s] ninja explain: gdbus/generated-gdbus-customtarget-src.c is dirty
[  948s] ninja explain: gdbus/com.example.SampleCustomTarget.xml is dirty
[  948s] ninja explain: gdbus/generated-gdbus-customtarget-src.h is dirty
[  948s] ninja explain: gdbus/com.example.SampleCustomTarget.xml is dirty
[  948s] ninja explain: gdbus/generated-gdbus-customtargetindex-src.c is dirty
[  948s] ninja explain: gdbus/com.example.SampleCustomTarget.xml is dirty
[  948s] ninja explain: gdbus/generated-gdbus-customtargetindex-src.h is dirty
[  948s] ninja explain: output gdbus/generated-gdbus-generator-src.c.p/com.example.SampleGen.xml doesn't exist
[  948s] ninja explain: gdbus/generated-gdbus-generator-src.c.p/com.example.SampleGen.xml is dirty
[  948s] ninja explain: gdbus/generated-gdbus-generator-src.c is dirty
[  948s] ninja explain: output gdbus/generated-gdbus-generator-src.h.p/com.example.SampleGen.xml doesn't exist
[  948s] ninja explain: gdbus/generated-gdbus-generator-src.h.p/com.example.SampleGen.xml is dirty
[  948s] ninja explain: gdbus/generated-gdbus-generator-src.h is dirty
[  948s] ninja explain: gdbus/gdbus-test is dirty
[  948s] ninja explain: mkenums/enums.h is dirty
[  948s] ninja explain: mkenums/enumprog1 is dirty
[  948s] ninja explain: mkenums/enums2.h is dirty
[  948s] ninja explain: mkenums/enumprog2 is dirty
[  948s] ninja explain: mkenums/enums3.h is dirty
[  948s] ninja explain: mkenums/enumprog3 is dirty
[  948s] ninja explain: deps for 'mkenums/enumprog4.p/meson-generated_.._enums4.c.o' are missing
[  948s] ninja explain: output mkenums/enums4.c doesn't exist
[  948s] ninja explain: mkenums/enums4.c is dirty
[  948s] ninja explain: output mkenums/enums4.h doesn't exist
[  948s] ninja explain: mkenums/enumprog4.p/meson-generated_.._enums4.c.o is dirty
[  948s] ninja explain: deps for 'mkenums/enumprog4.p/main4.c.o' are missing
[  948s] ninja explain: mkenums/enumprog4.p/main4.c.o is dirty
[  948s] ninja explain: mkenums/enumprog4 is dirty
[  948s] ninja explain: output mkenums/enums5.h doesn't exist
[  948s] ninja explain: mkenums/enums5.h is dirty
[  948s] ninja explain: deps for 'mkenums/enumprog5.p/meson-generated_.._enums5.c.o' are missing
[  948s] ninja explain: output mkenums/enums5.c doesn't exist
[  948s] ninja explain: mkenums/enums5.c is dirty
[  948s] ninja explain: mkenums/enumprog5.p/meson-generated_.._enums5.c.o is dirty
[  948s] ninja explain: deps for 'mkenums/enumprog5.p/meson-generated_.._main5.c.o' are missing
[  948s] ninja explain: mkenums/enumprog5.p/meson-generated_.._main5.c.o is dirty
[  948s] ninja explain: mkenums/enumprog5 is dirty
[  948s] ninja explain: mkenums/enums6.h is dirty
[  948s] ninja explain: mkenums/enumprog6 is dirty
[  948s] ninja explain: genmarshal/marshaller-0.h is dirty
[  948s] ninja explain: genmarshal/genmarshalprog-0 is dirty
[  948s] ninja explain: genmarshal/marshaller-1.h is dirty
[  948s] ninja explain: genmarshal/genmarshalprog-1 is dirty
[  948s] ninja explain: genmarshal/marshaller-2.h is dirty
[  948s] ninja explain: genmarshal/genmarshalprog-2 is dirty
[  948s] ninja explain: genmarshal/marshaller-3.h is dirty
[  948s] ninja explain: genmarshal/genmarshalprog-3 is dirty
[  948s] ninja explain: genmarshal/marshaller-4.h is dirty
[  948s] ninja explain: genmarshal/genmarshalprog-4 is dirty
[  948s] ninja explain: genmarshal/marshaller-5.h is dirty
[  948s] ninja explain: genmarshal/genmarshalprog-5 is dirty
[  948s] [1/126] Generating resources/simple-resources_c with a custom command
[  948s] [2/126] Generating resources/simple-resources_h with a custom command
[  948s] [3/126] Generating resources/build-resources_gresource with a custom command
[  948s] [4/126] Generating resources/simple-resources_gresource with a custom command
[  948s] [5/126] Generating resources/generated/simple-ct.gresource.xml with a custom command
[  948s] [6/126] Generating resources/ct-resources_c with a custom command
[  948s] [7/126] Generating gir/meson_smaple3.h with a custom command
[  948s] [8/126] Generating resources/ct-resources_h with a custom command
[  948s] [9/126] Generating resources/cti-resources_c with a custom command
[  948s] [10/126] Generating resources/cti-resources_h with a custom command
[  948s] [11/126] Generating resources-data/res3 with a custom command (wrapped by meson because command contains newlines, to capture output)
[  948s] [12/126] Generating resources/generated-resources_c with a custom command
[  948s] [13/126] Generating resources/generated-resources_h with a custom command
[  948s] [14/126] Compiling C object gir/dep1/dep2/libdep2lib.so.p/dep2.c.o
[  948s] [15/126] Compiling C object gir/dep1/dep3/libdep3lib.so.p/dep3.c.o
[  948s] [16/126] Compiling C object gir/dep1/libdep1lib.so.p/dep1.c.o
[  948s] [17/126] Linking target gir/dep1/dep3/libdep3lib.so
[  948s] [18/126] Linking target gir/dep1/dep2/libdep2lib.so
[  948s] [19/126] Compiling C object gir/libgir_lib.so.p/meson-sample.c.o
[  948s] [20/126] Compiling C object resources/simple-resources-test.p/simple-main.c.o
[  948s] [21/126] Compiling C object gir/libgir_lib2.so.p/meson-sample2.c.o
[  948s] [22/126] Compiling C object resources/simple-resources-test.p/meson-generated_.._simple-resources.c.o
[  948s] [23/126] Linking target gir/dep1/libdep1lib.so
[  948s] [24/126] Linking target resources/simple-resources-test
[  948s] [25/126] Generating symbol file gir/dep1/dep2/libdep2lib.so.p/libdep2lib.so.symbols
[  948s] [26/126] Generating symbol file gir/dep1/dep3/libdep3lib.so.p/libdep3lib.so.symbols
[  948s] [27/126] Generating schemas/gsettings-compile-schemas with a custom command
[  948s] [28/126] Linking target gir/libgir_lib2.so
[  948s] [29/126] Compiling C object resources/generated-resources-test.p/meson-generated_.._generated-resources.c.o
[  948s] [30/126] Compiling C object resources/generated-resources-test.p/generated-main.c.o
[  948s] [31/126] Generating symbol file gir/dep1/libdep1lib.so.p/libdep1lib.so.symbols
[  948s] [32/126] Linking target resources/generated-resources-test
[  948s] [33/126] Linking target gir/libgir_lib.so
[  948s] [34/126] Compiling C object gir/girprog.p/prog.c.o
[  948s] [35/126] Compiling C object schemas/schemaprog.p/schemaprog.c.o
[  948s] [36/126] Linking target schemas/schemaprog
[  948s] [37/126] Generating symbol file gir/libgir_lib.so.p/libgir_lib.so.symbols
[  948s] [38/126] Linking target gir/girprog
[  948s] [39/126] Generating gdbus/generated-gdbus-no-docbook.h with a custom command
[  948s] /usr/share/glib-2.0/codegen/codegen_main.py:437: EncodingWarning: 'encoding' argument not specified
[  948s]   with open(h_file, "w") as outfile:
[  948s] [40/126] Generating gdbus/generated-gdbus-no-docbook.c with a custom command
[  948s] /usr/share/glib-2.0/codegen/codegen_main.py:454: EncodingWarning: 'encoding' argument not specified
[  948s]   with open(c_file, "w") as outfile:
[  948s] [41/126] Generating gdbus/generated-gdbus-no-docbook2.c with a custom command
[  948s] /usr/share/glib-2.0/codegen/codegen_main.py:454: EncodingWarning: 'encoding' argument not specified
[  948s]   with open(c_file, "w") as outfile:
[  948s] [42/126] Generating gdbus/generated-gdbus-no-docbook2.h with a custom command
[  948s] /usr/share/glib-2.0/codegen/codegen_main.py:437: EncodingWarning: 'encoding' argument not specified
[  948s]   with open(h_file, "w") as outfile:
[  948s] [43/126] Generating gdbus/built xml sources for gdbus with a custom command
[  948s] [44/126] Generating gdbus/generated-gdbus-no-docbook-files-posarg.c with a custom command
[  948s] /usr/share/glib-2.0/codegen/codegen_main.py:454: EncodingWarning: 'encoding' argument not specified
[  948s]   with open(c_file, "w") as outfile:
[  948s] [45/126] Generating gdbus/generated-gdbus.h with a custom command
[  948s] /usr/share/glib-2.0/codegen/codegen_main.py:437: EncodingWarning: 'encoding' argument not specified
[  948s]   with open(h_file, "w") as outfile:
[  948s] [46/126] Generating gdbus/generated-gdbus.c with a custom command
[  948s] /usr/share/glib-2.0/codegen/codegen_main.py:454: EncodingWarning: 'encoding' argument not specified
[  948s]   with open(c_file, "w") as outfile:
[  948s] [47/126] Generating gdbus/generated-gdbus-no-docbook-files-posarg.h with a custom command
[  948s] /usr/share/glib-2.0/codegen/codegen_main.py:437: EncodingWarning: 'encoding' argument not specified
[  948s]   with open(h_file, "w") as outfile:
[  948s] [48/126] Generating gdbus/generated-gdbus-docbook with a custom command
[  948s] /usr/share/glib-2.0/codegen/codegen_docbook.py:401: EncodingWarning: 'encoding' argument not specified
[  948s]   self.out = open(path.join(outdir, "%s-%s.xml" % (docbook, i.name)), "w")
[  948s] [49/126] Generating 'gdbus/generated-gdbus-generator-src.c.p/com.example.SampleGen.xml'.
[  948s] [50/126] Generating 'gdbus/generated-gdbus-generator-src.h.p/com.example.SampleGen.xml'.
[  948s] [51/126] Generating gdbus/generated-gdbus-customtarget-src.c with a custom command
[  948s] /usr/share/glib-2.0/codegen/codegen_main.py:454: EncodingWarning: 'encoding' argument not specified
[  948s]   with open(c_file, "w") as outfile:
[  948s] [52/126] Generating gdbus/generated-gdbus-customtarget-src.h with a custom command
[  948s] /usr/share/glib-2.0/codegen/codegen_main.py:437: EncodingWarning: 'encoding' argument not specified
[  948s]   with open(h_file, "w") as outfile:
[  948s] [53/126] Generating gdbus/generated-gdbus-customtargetindex-src.c with a custom command
[  948s] /usr/share/glib-2.0/codegen/codegen_main.py:454: EncodingWarning: 'encoding' argument not specified
[  948s]   with open(c_file, "w") as outfile:
[  948s] [54/126] Generating gdbus/generated-gdbus-customtargetindex-src.h with a custom command
[  948s] /usr/share/glib-2.0/codegen/codegen_main.py:437: EncodingWarning: 'encoding' argument not specified
[  948s]   with open(h_file, "w") as outfile:
[  948s] [55/126] Generating gdbus/generated-gdbus-generator-src.c with a custom command
[  948s] /usr/share/glib-2.0/codegen/codegen_main.py:454: EncodingWarning: 'encoding' argument not specified
[  948s]   with open(c_file, "w") as outfile:
[  948s] [56/126] Generating gdbus/generated-gdbus-generator-src.h with a custom command
[  948s] /usr/share/glib-2.0/codegen/codegen_main.py:437: EncodingWarning: 'encoding' argument not specified
[  948s]   with open(h_file, "w") as outfile:
[  948s] [57/126] Generating gir/dep1/dep2/MesonDep2-1.0.gir with a custom command (wrapped by meson to set env)
[  948s] FAILED: gir/dep1/dep2/MesonDep2-1.0.gir 
[  948s] env PKG_CONFIG_PATH=/usr/lib64/pkgconfig:/usr/share/pkgconfig:/home/abuild/rpmbuild/BUILD/meson-1.0.1/tmphpb1_95_/meson-uninstalled /usr/bin/g-ir-scanner --quiet --no-libtool --namespace=MesonDep2 --nsversion=1.0 --warn-all --output gir/dep1/dep2/MesonDep2-1.0.gir '-I/home/abuild/rpmbuild/BUILD/meson-1.0.1/test cases/frameworks/7 gnome/gir/dep1/dep2' -I/home/abuild/rpmbuild/BUILD/meson-1.0.1/tmphpb1_95_/gir/dep1/dep2 --filelist=/home/abuild/rpmbuild/BUILD/meson-1.0.1/tmphpb1_95_/gir/dep1/dep2/libdep2lib.so.p/MesonDep2_1.0_gir_filelist --include=GObject-2.0 --symbol-prefix=meson --identifier-prefix=Meson --cflags-begin -DMESON_TEST -I/usr/include/glib-2.0 -I/usr/lib64/glib-2.0/include -I/usr/include/gobject-introspection-1.0 --cflags-end --add-include-path=/usr/share/gir-1.0 -lasan -L/home/abuild/rpmbuild/BUILD/meson-1.0.1/tmphpb1_95_/gir/dep1/dep2 --library dep2lib --extra-library=gobject-2.0 --extra-library=glib-2.0 --extra-library=girepository-1.0 --sources-top-dirs '/home/abuild/rpmbuild/BUILD/meson-1.0.1/test cases/frameworks/7 gnome/' --sources-top-dirs /home/abuild/rpmbuild/BUILD/meson-1.0.1/tmphpb1_95_/
[  948s] /usr/lib64/gobject-introspection/giscanner/scannermain.py:343: EncodingWarning: 'encoding' argument not specified
[  948s]   with open(options.filelist, "r", encoding=None) as filelist_file:
[  948s] AddressSanitizer: CHECK failed: sanitizer_allocator_primary32.h:292 "((res)) < ((kNumPossibleRegions))" (0x4003b, 0x40000) (tid=25841)
[  948s]     <empty stack>
[  948s] 
[  948s] Command '['/home/abuild/rpmbuild/BUILD/meson-1.0.1/tmphpb1_95_/tmp-introspectp8zavlf8/MesonDep2-1.0', '--introspect-dump=/home/abuild/rpmbuild/BUILD/meson-1.0.1/tmphpb1_95_/tmp-introspectp8zavlf8/functions.txt,/home/abuild/rpmbuild/BUILD/meson-1.0.1/tmphpb1_95_/tmp-introspectp8zavlf8/dump.xml']' returned non-zero exit status 1.
[  948s] [58/126] Generating gir/dep1/dep3/MesonDep3-1.0.gir with a custom command (wrapped by meson to set env)
[  948s] FAILED: gir/dep1/dep3/MesonDep3-1.0.gir 
[  948s] env PKG_CONFIG_PATH=/usr/lib64/pkgconfig:/usr/share/pkgconfig:/home/abuild/rpmbuild/BUILD/meson-1.0.1/tmphpb1_95_/meson-uninstalled /usr/bin/g-ir-scanner --quiet --no-libtool --namespace=MesonDep3 --nsversion=1.0 --warn-all --output gir/dep1/dep3/MesonDep3-1.0.gir '-I/home/abuild/rpmbuild/BUILD/meson-1.0.1/test cases/frameworks/7 gnome/gir/dep1/dep3' -I/home/abuild/rpmbuild/BUILD/meson-1.0.1/tmphpb1_95_/gir/dep1/dep3 --filelist=/home/abuild/rpmbuild/BUILD/meson-1.0.1/tmphpb1_95_/gir/dep1/dep3/libdep3lib.so.p/MesonDep3_1.0_gir_filelist --include=GObject-2.0 --symbol-prefix=meson --identifier-prefix=Meson --cflags-begin -DMESON_TEST -I/usr/include/glib-2.0 -I/usr/lib64/glib-2.0/include -I/usr/include/gobject-introspection-1.0 --cflags-end --add-include-path=/usr/share/gir-1.0 -lasan -L/home/abuild/rpmbuild/BUILD/meson-1.0.1/tmphpb1_95_/gir/dep1/dep3 --library dep3lib --extra-library=gobject-2.0 --extra-library=glib-2.0 --extra-library=girepository-1.0 --sources-top-dirs '/home/abuild/rpmbuild/BUILD/meson-1.0.1/test cases/frameworks/7 gnome/' --sources-top-dirs /home/abuild/rpmbuild/BUILD/meson-1.0.1/tmphpb1_95_/
[  948s] /usr/lib64/gobject-introspection/giscanner/scannermain.py:343: EncodingWarning: 'encoding' argument not specified
[  948s]   with open(options.filelist, "r", encoding=None) as filelist_file:
[  948s] AddressSanitizer: CHECK failed: sanitizer_allocator_primary32.h:292 "((res)) < ((kNumPossibleRegions))" (0x4003b, 0x40000) (tid=25865)
[  948s]     <empty stack>
[  948s] 
[  948s] Command '['/home/abuild/rpmbuild/BUILD/meson-1.0.1/tmphpb1_95_/tmp-introspectgrudtbmy/MesonDep3-1.0', '--introspect-dump=/home/abuild/rpmbuild/BUILD/meson-1.0.1/tmphpb1_95_/tmp-introspectgrudtbmy/functions.txt,/home/abuild/rpmbuild/BUILD/meson-1.0.1/tmphpb1_95_/tmp-introspectgrudtbmy/dump.xml']' returned non-zero exit status 1.
[  948s] [59/126] Generating mkenums/enums.h with a custom command (wrapped by meson to capture output)
[  948s] [60/126] Generating mkenums/enums2.h with a custom command (wrapped by meson to capture output)
[  948s] [61/126] Compiling C object gdbus/gdbus-test.p/gdbusprog.c.o
[  948s] [62/126] Generating mkenums/enums3.h with a custom command (wrapped by meson because command contains newlines, to capture output)
[  948s] [63/126] Generating mkenums/enums3.c with a custom command (wrapped by meson because command contains newlines, to capture output)
[  948s] [64/126] Compiling C object gdbus/gdbus-test.p/meson-generated_.._generated-gdbus.c.o
[  948s] ninja: build stopped: subcommand failed.
[  948s] 
[  948s] =============================== warnings summary ===============================
[  948s] run_unittests.py::AllPlatformTests::test_native_dep_pkgconfig
[  948s]   /home/abuild/rpmbuild/BUILD/meson-1.0.1/unittests/allplatformstests.py:2569: EncodingWarning: 'encoding' argument not specified
[  948s]     with tempfile.NamedTemporaryFile(mode='w', delete=False) as crossfile:
[  948s] 
[  948s] run_unittests.py::AllPlatformTests::test_pkg_config_libdir
[  948s]   /home/abuild/rpmbuild/BUILD/meson-1.0.1/unittests/allplatformstests.py:2596: EncodingWarning: 'encoding' argument not specified
[  948s]     with tempfile.NamedTemporaryFile(mode='w', delete=False) as crossfile:
[  948s] 
[  948s] run_unittests.py::AllPlatformTests::test_rust_rlib_linkage
[  948s]   /home/abuild/rpmbuild/BUILD/meson-1.0.1/unittests/allplatformstests.py:4425: EncodingWarning: 'encoding' argument not specified
[  948s]     with open(gen_file, 'w') as f:
[  948s] 
[  948s] run_unittests.py::AllPlatformTests::test_rust_rlib_linkage
[  948s]   /home/abuild/rpmbuild/BUILD/meson-1.0.1/unittests/allplatformstests.py:4433: EncodingWarning: 'encoding' argument not specified
[  948s]     with open(gen_file, 'w') as f:
[  948s] 
[  948s] run_unittests.py::InternalTests::test_needs_exe_wrapper_override
[  948s]   /home/abuild/rpmbuild/BUILD/meson-1.0.1/unittests/internaltests.py:455: EncodingWarning: 'encoding' argument not specified
[  948s]     configfile = tempfile.NamedTemporaryFile(mode='w+', delete=False)
[  948s] 
[  948s] run_unittests.py::InternalTests::test_needs_exe_wrapper_override
[  948s]   /home/abuild/rpmbuild/BUILD/meson-1.0.1/unittests/internaltests.py:471: EncodingWarning: 'encoding' argument not specified
[  948s]     configfile = tempfile.NamedTemporaryFile(mode='w+', delete=False)
[  948s] 
[  948s] run_unittests.py::LinuxlikeTests::test_identity_cross_env
[  948s]   /home/abuild/rpmbuild/BUILD/meson-1.0.1/unittests/linuxliketests.py:1552: EncodingWarning: 'encoding' argument not specified
[  948s]     crossfile = tempfile.NamedTemporaryFile(mode='w')
[  948s] 
[  948s] -- Docs: https://docs.pytest.org/en/stable/how-to/capture-warnings.html
[  948s] =========================== short test summary info ============================
[  948s] FAILED run_unittests.py::LinuxlikeTests::test_generate_gir_with_address_sanitizer
[  948s] !!!!!!!!!!!!!!!!!!!!!!!!!! stopping after 1 failures !!!!!!!!!!!!!!!!!!!!!!!!!!!
[  948s] !!!!!!!!!!!! xdist.dsession.Interrupted: stopping after 1 failures !!!!!!!!!!!!!
[  948s] ====== 1 failed, 319 passed, 56 skipped, 7 warnings in 595.04s (0:09:55) =======
[  948s] Meson build system 1.0.1 Unit Tests
[  948s] Total time: 598.773 seconds
[  948s] $ /usr/bin/python3 run_unittests.py --backend=ninja -v --failfast
[  948s] error: Bad exit status from /var/tmp/rpm-tmp.i0d0kk (%check)
[  948s] 
[  948s] RPM build errors:
[  948s]     Bad exit status from /var/tmp/rpm-tmp.i0d0kk (%check)
[  949s] ### VM INTERACTION START ###
[  949s] [  943.535028][    T1] sysrq: Power Off
[  949s] [  943.538230][   T18] reboot: Power down
[  949s] ### VM INTERACTION END ###
[  949s] 
[  949s] sheep87 failed "build meson.spec" at Mon Feb 27 12:19:31 UTC 2023.
[  949s] 
