[    0s] Using BUILD_ROOT=/var/cache/obs/worker/root_8/.mount
[    0s] Using BUILD_ARCH=riscv64
[    0s] Doing kvm build in /var/cache/obs/worker/root_8/root
[    0s] 
[    0s] 
[    0s] sheep88 started "build rubygem-slim.spec" at Wed Apr 19 16:08:15 UTC 2023.
[    0s] 
[    0s] Building rubygem-slim for project 'openSUSE:Factory:RISCV' repository 'standard' arch 'riscv64' srcmd5 'ea151ddcb01d3ede52797777d2d788f3'
[    0s] 
[    0s] processing recipe /var/cache/obs/worker/root_8/.build-srcdir/rubygem-slim.spec ...
[    1s] running changelog2spec --target rpm --file /var/cache/obs/worker/root_8/.build-srcdir/rubygem-slim.spec
[    1s] init_buildsystem --configdir /var/run/obs/worker/8/build/configs --cachedir /var/cache/build --prepare --clean --rpmlist /var/cache/obs/worker/root_8/.build.rpmlist /var/cache/obs/worker/root_8/.build-srcdir/rubygem-slim.spec build ...
[    1s] unpacking preinstall image openSUSE:Factory:RISCV/standard/preinstallimage-base [dfcd5cb3338f49f0d25e684137761894]
[    2s] 
[    2s] copying packages...
[    3s] reordering...cycle: ruby3.2-rubygem-gem2rpm -> ruby3.2 -> ruby-common
[    3s]   breaking dependency ruby3.2-rubygem-gem2rpm -> ruby3.2
[    3s] done
[    3s] Detected virtio-serial support
[    4s] booting kvm...
[    4s] ### VM INTERACTION START ###
[    4s] Using virtio-serial support
[    4s] /usr/bin/qemu-kvm -nodefaults -no-reboot -nographic -vga none -cpu host -M pc,accel=kvm,usb=off,dump-guest-core=off,vmport=off -sandbox on -bios /usr/share/qemu/qboot.rom -object rng-random,filename=/dev/hwrng,id=rng0 -device virtio-rng-pci,rng=rng0 -object iothread,id=io0 -runas qemu -net none -kernel /var/cache/obs/worker/root_8/.mount/boot/kernel -initrd /var/cache/obs/worker/root_8/.mount/boot/initrd -append root=/dev/disk/by-id/virtio-0 rootfstype=ext4 rootflags=noatime kvmclock mitigations=off elevator=noop nmi_watchdog=0 rw rd.driver.pre=binfmt_misc oops=panic panic=1 quiet console=hvc0 init=/.build/initvm.x86_64 -m 10240 -drive file=/var/cache/obs/worker/root_8/root,format=raw,if=none,id=disk,cache=unsafe,aio=io_uring -device virtio-blk-pci,iothread=io0,drive=disk,serial=0 -drive file=/var/cache/obs/worker/root_8/swap,format=raw,if=none,id=swap,cache=unsafe,aio=io_uring -device virtio-blk-pci,iothread=io0,drive=swap,serial=1 -device virtio-serial,max_ports=2 -device virtconsole,chardev=virtiocon0 -chardev stdio,id=virtiocon0 -chardev socket,id=monitor,server=on,wait=off,path=/var/cache/obs/worker/root_8/root.qemu/monitor -mon chardev=monitor,mode=readline -smp 4
[    8s] ### VM INTERACTION END ###
[    8s] 2nd stage started in virtual machine
[    8s] machine type: riscv64
[    8s] Linux version: 6.2.10-1-default #1 SMP PREEMPT_DYNAMIC Thu Apr 6 10:36:55 UTC 2023 (ba7816e)
[    8s] Increasing log level from now on...
[    8s] [    3.633013][  T370] sysrq: Changing Loglevel
[    8s] [    3.633288][  T370] sysrq: Loglevel set to 4
[    8s] Enable sysrq operations
[    8s] Setting up swapspace version 1, size = 2 GiB (2147479552 bytes)
[    8s] no label, UUID=5ba29ff0-01f8-41b0-85f7-727764fe7720
[    9s] swapon: /dev/vdb: found signature [pagesize=4096, signature=swap]
[    9s] swapon: /dev/vdb: pagesize=4096, swapsize=2147483648, devsize=2147483648
[    9s] swapon /dev/vdb
[    9s] WARNING: udev not running, creating extra device nodes
[    9s] logging output to //.build.log...
[    9s] processing recipe /.build-srcdir/rubygem-slim.spec ...
[    9s] init_buildsystem --configdir /.build/configs --cachedir /var/cache/build /.build-srcdir/rubygem-slim.spec build ...
[   10s] initializing rpm db...
[   10s] querying package ids...
[   25s] [1/136] preinstalled aaa_base-84.87+git20230329.b39efbc-1.1
[   25s] [2/136] preinstalled aaa_base-malloccheck-84.87+git20230329.b39efbc-1.1
[   25s] [3/136] preinstalled attr-2.5.1-1.1
[   25s] [4/136] preinstalled bash-5.2.15-8.1
[   25s] [5/136] preinstalled bash-sh-5.2.15-8.1
[   25s] [6/136] preinstalled binutils-2.40-4.1
[   25s] [7/136] preinstalled brp-check-suse-84.87+git20230324.8680ce4-1.1
[   25s] [8/136] preinstalled build-compare-20221206T204012.bb70754-1.2
[   25s] [9/136] preinstalled build-mkbaselibs-20230314-1.1
[   25s] [10/136] preinstalled bzip2-1.0.8-5.1
[   25s] [11/136] preinstalled chkstat-1599_20230217-1.1
[   25s] [12/136] preinstalled compat-usrmerge-build-84.87-5.1
[   25s] [13/136] preinstalled compat-usrmerge-tools-84.87-5.1
[   25s] [14/136] preinstalled coreutils-9.2-2.1
[   25s] [15/136] preinstalled cpio-2.13-5.1
[   25s] [16/136] preinstalled cpp-13-1.1
[   25s] [17/136] preinstalled cpp13-13.0.1+git7162-1.1
[   25s] [18/136] cumulate crypto-policies-20210917.c9d86d1-1.1
[   25s] [19/136] preinstalled debugedit-5.0-5.1
[   25s] [20/136] preinstalled diffutils-3.9-1.1
[   25s] [21/136] preinstalled dwz-0.15-2.1
[   25s] [22/136] preinstalled elfutils-0.189-2.1
[   25s] [23/136] cumulate fdupes-2.2.1-1.1
[   25s] [24/136] preinstalled file-5.44-1.3
[   25s] [25/136] preinstalled file-magic-5.44-1.3
[   25s] [26/136] preinstalled filesystem-84.87-12.1
[   25s] [27/136] preinstalled fillup-1.42-279.1
[   25s] [28/136] preinstalled findutils-4.9.0-2.1
[   25s] [29/136] preinstalled gawk-5.2.1-2.1
[   25s] [30/136] preinstalled gcc-13-1.1
[   25s] [31/136] preinstalled gcc-PIE-13-1.1
[   25s] [32/136] preinstalled gcc13-13.0.1+git7162-1.1
[   25s] [33/136] preinstalled gcc13-PIE-13.0.1+git7162-1.1
[   25s] [34/136] preinstalled gettext-runtime-mini-0.21.1-1.1
[   25s] [35/136] preinstalled gettext-tools-mini-0.21.1-1.1
[   25s] [36/136] preinstalled glibc-2.37-3.1
[   25s] [37/136] preinstalled glibc-devel-2.37-3.1
[   25s] [38/136] preinstalled glibc-locale-base-2.37-3.1
[   25s] [39/136] preinstalled grep-3.9-1.1
[   25s] [40/136] preinstalled gzip-1.12-3.1
[   25s] [41/136] preinstalled kernel-obs-build-6.2.10-1.1
[   25s] [42/136] preinstalled libacl1-2.3.1-2.1
[   25s] [43/136] preinstalled libasan8-13.0.1+git7162-1.1
[   25s] [44/136] preinstalled libasm1-0.189-2.1
[   25s] [45/136] preinstalled libatomic1-13.0.1+git7162-1.1
[   25s] [46/136] preinstalled libattr1-2.5.1-1.1
[   25s] [47/136] preinstalled libaudit1-3.0.9-1.1
[   25s] [48/136] preinstalled libblkid1-2.38.1-12.1
[   25s] [49/136] preinstalled libbz2-1-1.0.8-5.1
[   25s] [50/136] preinstalled libcap-ng0-0.8.3-1.1
[   25s] [51/136] preinstalled libcap2-2.68-1.1
[   25s] [52/136] preinstalled libcrypt1-4.4.33-3.1
[   25s] [53/136] preinstalled libctf-nobfd0-2.40-4.1
[   25s] [54/136] preinstalled libctf0-2.40-4.1
[   25s] [55/136] preinstalled libdb-4_8-4.8.30-40.1
[   25s] [56/136] preinstalled libdw1-0.189-2.1
[   25s] [57/136] preinstalled libeconf0-0.5.2-1.1
[   25s] [58/136] preinstalled libelf1-0.189-2.1
[   25s] [59/136] preinstalled libfdisk1-2.38.1-12.1
[   25s] [60/136] cumulate libffi8-3.4.4-1.1
[   25s] [61/136] preinstalled libgcc_s1-13.0.1+git7162-1.1
[   25s] [62/136] preinstalled libgcrypt20-1.10.2-1.1
[   25s] [63/136] preinstalled libgdbm6-1.23-1.1
[   25s] [64/136] preinstalled libgdbm_compat4-1.23-1.1
[   25s] [65/136] preinstalled libgmp10-6.2.1-4.1
[   25s] [66/136] preinstalled libgomp1-13.0.1+git7162-1.1
[   25s] [67/136] preinstalled libgpg-error0-1.47-1.1
[   25s] [68/136] preinstalled libisl23-0.26-1.1
[   25s] [69/136] preinstalled libitm1-13.0.1+git7162-1.1
[   25s] [70/136] preinstalled liblua5_4-5-5.4.4-10.1
[   25s] [71/136] preinstalled liblzma5-5.4.2-2.1
[   25s] [72/136] preinstalled libmagic1-5.44-1.3
[   25s] [73/136] preinstalled libmount1-2.38.1-12.1
[   25s] [74/136] preinstalled libmpc3-1.3.1-1.2
[   25s] [75/136] preinstalled libmpfr6-4.2.0-1.1
[   25s] [76/136] preinstalled libncurses6-6.4.20230408-9.1
[   25s] [77/136] preinstalled libpcre2-8-0-10.42-3.2
[   25s] [78/136] preinstalled libpkgconf3-1.8.0-2.1
[   25s] [79/136] preinstalled libpopt0-1.19-1.1
[   25s] [80/136] preinstalled libreadline8-8.2-2.1
[   25s] [81/136] preinstalled librpmbuild9-4.18.0-4.2
[   25s] [82/136] cumulate libruby3_2-3_2-3.2.2-1.1
[   25s] [83/136] preinstalled libseccomp2-2.5.4-2.1
[   25s] [84/136] preinstalled libselinux1-3.5-1.1
[   25s] [85/136] preinstalled libsemanage-conf-3.5-1.2
[   25s] [86/136] preinstalled libsemanage2-3.5-1.2
[   25s] [87/136] preinstalled libsepol2-3.5-1.1
[   25s] [88/136] preinstalled libsmartcols1-2.38.1-12.1
[   25s] [89/136] preinstalled libstdc++6-13.0.1+git7162-1.1
[   25s] [90/136] preinstalled libsubid4-4.13-5.1
[   25s] [91/136] preinstalled libubsan1-13.0.1+git7162-1.1
[   25s] [92/136] preinstalled libutempter0-1.2.0-3.2
[   25s] [93/136] preinstalled libuuid1-2.38.1-12.1
[   25s] [94/136] preinstalled libxcrypt-devel-4.4.33-3.1
[   25s] [95/136] cumulate libyaml-0-2-0.2.5-2.1
[   25s] [96/136] preinstalled libz1-1.2.13-3.1
[   25s] [97/136] preinstalled libzstd1-1.5.4-2.1
[   25s] [98/136] preinstalled linux-glibc-devel-6.2-1.1
[   25s] [99/136] preinstalled login_defs-4.13-5.1
[   25s] [100/136] preinstalled lua54-5.4.4-10.1
[   25s] [101/136] preinstalled make-4.4.1-2.1
[   25s] [102/136] preinstalled ncurses-utils-6.4.20230408-9.1
[   25s] [103/136] preinstalled pam-1.5.2-14.1
[   25s] [104/136] preinstalled patch-2.7.6-6.1
[   25s] [105/136] preinstalled perl-5.36.0-4.1
[   25s] [106/136] preinstalled perl-base-5.36.0-4.1
[   25s] [107/136] preinstalled permissions-1599_20230217-1.1
[   25s] [108/136] preinstalled permissions-config-1599_20230217-1.1
[   25s] [109/136] preinstalled pkgconf-1.8.0-2.1
[   25s] [110/136] preinstalled pkgconf-m4-1.8.0-2.1
[   25s] [111/136] preinstalled pkgconf-pkg-config-1.8.0-2.1
[   25s] [112/136] preinstalled polkit-default-privs-1550+20230307.7f42172-1.1
[   25s] [113/136] preinstalled post-build-checks-84.87+git20230328.de7e9df-1.1
[   25s] [114/136] preinstalled qemu-linux-user-7.1.0-61.1
[   25s] [115/136] preinstalled rpm-4.18.0-4.2
[   25s] [116/136] preinstalled rpm-build-4.18.0-4.2
[   25s] [117/136] preinstalled rpm-build-perl-4.18.0-4.2
[   25s] [118/136] preinstalled rpm-config-SUSE-20220926-1.1
[   25s] [119/136] preinstalled rpmlint-mini-2.4.0+git20230411.8f9c3d4-10.7
[   25s] [120/136] preinstalled rpmlint-strict-2.4.0+git20230411.8f9c3d4-1.1
[   25s] [121/136] preinstalled sed-4.9-2.1
[   25s] [122/136] preinstalled shadow-4.13-5.1
[   25s] [123/136] preinstalled system-group-hardware-20170617-24.1
[   25s] [124/136] preinstalled system-user-root-20190513-2.1
[   25s] [125/136] preinstalled systemd-rpm-macros-20-1.1
[   25s] [126/136] preinstalled sysuser-shadow-3.1-5.1
[   25s] [127/136] preinstalled tar-1.34-10.1
[   25s] [128/136] preinstalled terminfo-base-6.4.20230408-9.1
[   25s] [129/136] preinstalled update-alternatives-1.21.8-1.1
[   25s] [130/136] preinstalled util-linux-2.38.1-12.1
[   25s] [131/136] preinstalled which-2.21-5.1
[   25s] [132/136] preinstalled xz-5.4.2-2.1
[   25s] [133/136] cumulate libopenssl3-3.0.8-2.1
[   25s] [134/136] cumulate ruby3.2-rubygem-gem2rpm-0.10.1-20.2
[   25s] [135/136] cumulate ruby-common-3.2-2.1
[   25s] [136/136] cumulate ruby3.2-3.2.2-1.1
[   25s] now installing cumulated packages
[   25s] Preparing...                          ########################################
[   25s] Updating / installing...
[   25s] libyaml-0-2-0.2.5-2.1                 ########################################
[   26s] libruby3_2-3_2-3.2.2-1.1              ########################################
[   26s] libffi8-3.4.4-1.1                     ########################################
[   26s] fdupes-2.2.1-1.1                      ########################################
[   26s] crypto-policies-20210917.c9d86d1-1.1  ########################################
[   27s] libopenssl3-3.0.8-2.1                 ########################################
[   27s] ruby-common-3.2-2.1                   ########################################
[   30s] ruby3.2-3.2.2-1.1                     ########################################
[   30s] update-alternatives: using /usr/bin/bundle.ruby.ruby3.2 to provide /usr/bin/bundle (bundle) in auto mode
[   30s] update-alternatives: using /usr/bin/bundle.ruby.ruby3.2 to provide /usr/bin/bundle.ruby3.2 (bundle.ruby3.2) in auto mode
[   30s] update-alternatives: using /usr/bin/bundler.ruby.ruby3.2 to provide /usr/bin/bundler (bundler) in auto mode
[   30s] update-alternatives: using /usr/bin/bundler.ruby.ruby3.2 to provide /usr/bin/bundler.ruby3.2 (bundler.ruby3.2) in auto mode
[   30s] update-alternatives: using /usr/bin/racc.ruby.ruby3.2 to provide /usr/bin/racc (racc) in auto mode
[   30s] update-alternatives: using /usr/bin/racc.ruby.ruby3.2 to provide /usr/bin/racc.ruby3.2 (racc.ruby3.2) in auto mode
[   30s] update-alternatives: using /usr/bin/rake.ruby.ruby3.2 to provide /usr/bin/rake (rake) in auto mode
[   30s] update-alternatives: using /usr/bin/rake.ruby.ruby3.2 to provide /usr/bin/rake.ruby3.2 (rake.ruby3.2) in auto mode
[   30s] update-alternatives: using /usr/bin/rbs.ruby.ruby3.2 to provide /usr/bin/rbs (rbs) in auto mode
[   30s] update-alternatives: using /usr/bin/rbs.ruby.ruby3.2 to provide /usr/bin/rbs.ruby3.2 (rbs.ruby3.2) in auto mode
[   30s] update-alternatives: using /usr/bin/rdoc.ruby.ruby3.2 to provide /usr/bin/rdoc (rdoc) in auto mode
[   30s] update-alternatives: using /usr/bin/rdoc.ruby.ruby3.2 to provide /usr/bin/rdoc.ruby3.2 (rdoc.ruby3.2) in auto mode
[   30s] update-alternatives: using /usr/bin/ri.ruby.ruby3.2 to provide /usr/bin/ri (ri) in auto mode
[   30s] update-alternatives: using /usr/bin/ri.ruby.ruby3.2 to provide /usr/bin/ri.ruby3.2 (ri.ruby3.2) in auto mode
[   30s] update-alternatives: using /usr/bin/typeprof.ruby.ruby3.2 to provide /usr/bin/typeprof (typeprof) in auto mode
[   31s] update-alternatives: using /usr/bin/typeprof.ruby.ruby3.2 to provide /usr/bin/typeprof.ruby3.2 (typeprof.ruby3.2) in auto mode
[   31s] update-alternatives: using /usr/bin/rdbg.ruby.ruby3.2 to provide /usr/bin/rdbg (rdbg) in auto mode
[   31s] update-alternatives: using /usr/bin/rdbg.ruby.ruby3.2 to provide /usr/bin/rdbg.ruby3.2 (rdbg.ruby3.2) in auto mode
[   31s] ruby3.2-rubygem-gem2rpm-0.10.1-20.2   ########################################
[   31s] update-alternatives: using /usr/bin/gem2rpm.ruby3.2-0.10.1 to provide /usr/bin/gem2rpm (gem2rpm) in auto mode
[   31s] update-alternatives: using /usr/bin/gem2rpm.ruby3.2-0.10.1 to provide /usr/bin/gem2rpm-0.10.1 (gem2rpm-0.10.1) in auto mode
[   31s] update-alternatives: using /usr/bin/gem2rpm.ruby3.2-0.10.1 to provide /usr/bin/gem2rpm.ruby3.2 (gem2rpm.ruby3.2) in auto mode
[   31s] now finalizing build dir...
[   31s] ... running 01-add_abuild_user_to_trusted_group
[   32s] ... running 02-set_timezone_to_utc
[   32s] ... running 03-set-permissions-secure
[   32s] ... running 11-hack_uname_version_to_kernel_version
[   37s] -----------------------------------------------------------------
[   37s] I have the following modifications for rubygem-slim.spec:
[   38s] 28c28
[   38s] < Release:        0
[   38s] ---
[   38s] > Release:        2.4
[   42s] build target is riscv64-suse-linux
[   42s] -----------------------------------------------------------------
[   42s] ----- building rubygem-slim.spec (user abuild)
[   42s] -----------------------------------------------------------------
[   42s] -----------------------------------------------------------------
[   45s] + exec rpmbuild -ba --define '_srcdefattr (-,root,root)' --nosignature --target=riscv64-suse-linux --define '_build_create_debug 1' --define 'disturl obs://build.opensuse.org/openSUSE:Factory:RISCV/standard/ea151ddcb01d3ede52797777d2d788f3-rubygem-slim' /home/abuild/rpmbuild/SOURCES/rubygem-slim.spec
[   45s] ++ /usr/bin/ruby-find-versioned gem2rpm
[   46s] + for gr in $(/usr/bin/ruby-find-versioned gem2rpm)
[   46s] + /usr/bin/gem2rpm.ruby3.2 --local -t /usr/lib/rpm/gem_packages.template --config=./rpmbuild/SOURCES/gem2rpm.yml ./rpmbuild/SOURCES/slim-4.1.0.gem
[   48s] /usr/lib64/ruby/gems/3.2.0/gems/gem2rpm-0.10.1/lib/gem2rpm.rb:52: warning: Passing safe_level with the 2nd argument of ERB.new is deprecated. Do not use it, and specify other arguments as keyword arguments.
[   48s] /usr/lib64/ruby/gems/3.2.0/gems/gem2rpm-0.10.1/lib/gem2rpm.rb:52: warning: Passing trim_mode with the 3rd argument of ERB.new is deprecated. Use keyword argument like ERB.new(str, trim_mode: ...) instead.
[   48s] NOTE: Gem::Specification#has_rdoc? is deprecated with no replacement. It will be removed in Rubygems 4
[   48s] Gem::Specification#has_rdoc? called from /usr/lib64/ruby/3.2.0/delegate.rb:87.
[   48s] NOTE: Gem::Specification#has_rdoc is deprecated with no replacement. It will be removed in Rubygems 4
[   48s] Gem::Specification#has_rdoc called from /usr/lib64/ruby/3.2.0/rubygems/deprecate.rb:139.
[   48s] NOTE: Gem::Specification#has_rdoc? is deprecated with no replacement. It will be removed in Rubygems 4
[   48s] Gem::Specification#has_rdoc? called from /usr/lib64/ruby/3.2.0/delegate.rb:87.
[   48s] NOTE: Gem::Specification#has_rdoc is deprecated with no replacement. It will be removed in Rubygems 4
[   48s] Gem::Specification#has_rdoc called from /usr/lib64/ruby/3.2.0/rubygems/deprecate.rb:139.
[   48s] Building target platforms: riscv64-suse-linux
[   48s] Building for target riscv64-suse-linux
[   48s] setting SOURCE_DATE_EPOCH=1670889600
[   48s] Executing(%prep): /usr/bin/bash -e /var/tmp/rpm-tmp.OKEEth
[   49s] + umask 022
[   49s] + cd /home/abuild/rpmbuild/BUILD
[   49s] + source=/home/abuild/rpmbuild/SOURCES/slim-4.1.0.gem
[   49s] + /usr/bin/gem.ruby3.2 unpack --verbose /home/abuild/rpmbuild/SOURCES/slim-4.1.0.gem
[   51s] /home/abuild/rpmbuild/BUILD/slim-4.1.0/.gitignore
[   51s] /home/abuild/rpmbuild/BUILD/slim-4.1.0/.travis.yml
[   51s] /home/abuild/rpmbuild/BUILD/slim-4.1.0/.yardopts
[   51s] /home/abuild/rpmbuild/BUILD/slim-4.1.0/CHANGES
[   51s] /home/abuild/rpmbuild/BUILD/slim-4.1.0/Gemfile
[   51s] /home/abuild/rpmbuild/BUILD/slim-4.1.0/LICENSE
[   51s] /home/abuild/rpmbuild/BUILD/slim-4.1.0/README.jp.md
[   51s] /home/abuild/rpmbuild/BUILD/slim-4.1.0/README.md
[   51s] /home/abuild/rpmbuild/BUILD/slim-4.1.0/Rakefile
[   51s] /home/abuild/rpmbuild/BUILD/slim-4.1.0/benchmarks/context.rb
[   51s] /home/abuild/rpmbuild/BUILD/slim-4.1.0/benchmarks/profile-parser.rb
[   51s] /home/abuild/rpmbuild/BUILD/slim-4.1.0/benchmarks/profile-render.rb
[   51s] /home/abuild/rpmbuild/BUILD/slim-4.1.0/benchmarks/run-benchmarks.rb
[   51s] /home/abuild/rpmbuild/BUILD/slim-4.1.0/benchmarks/run-diffbench.rb
[   51s] /home/abuild/rpmbuild/BUILD/slim-4.1.0/benchmarks/view.erb
[   51s] /home/abuild/rpmbuild/BUILD/slim-4.1.0/benchmarks/view.haml
[   51s] /home/abuild/rpmbuild/BUILD/slim-4.1.0/benchmarks/view.slim
[   51s] /home/abuild/rpmbuild/BUILD/slim-4.1.0/bin/slimrb
[   51s] /home/abuild/rpmbuild/BUILD/slim-4.1.0/doc/include.md
[   51s] /home/abuild/rpmbuild/BUILD/slim-4.1.0/doc/jp/include.md
[   51s] /home/abuild/rpmbuild/BUILD/slim-4.1.0/doc/jp/logic_less.md
[   51s] /home/abuild/rpmbuild/BUILD/slim-4.1.0/doc/jp/smart.md
[   51s] /home/abuild/rpmbuild/BUILD/slim-4.1.0/doc/jp/translator.md
[   51s] /home/abuild/rpmbuild/BUILD/slim-4.1.0/doc/logic_less.md
[   51s] /home/abuild/rpmbuild/BUILD/slim-4.1.0/doc/smart.md
[   51s] /home/abuild/rpmbuild/BUILD/slim-4.1.0/doc/translator.md
[   51s] /home/abuild/rpmbuild/BUILD/slim-4.1.0/lib/slim.rb
[   51s] /home/abuild/rpmbuild/BUILD/slim-4.1.0/lib/slim/code_attributes.rb
[   51s] /home/abuild/rpmbuild/BUILD/slim-4.1.0/lib/slim/command.rb
[   51s] /home/abuild/rpmbuild/BUILD/slim-4.1.0/lib/slim/controls.rb
[   51s] /home/abuild/rpmbuild/BUILD/slim-4.1.0/lib/slim/do_inserter.rb
[   51s] /home/abuild/rpmbuild/BUILD/slim-4.1.0/lib/slim/embedded.rb
[   51s] /home/abuild/rpmbuild/BUILD/slim-4.1.0/lib/slim/end_inserter.rb
[   51s] /home/abuild/rpmbuild/BUILD/slim-4.1.0/lib/slim/engine.rb
[   51s] /home/abuild/rpmbuild/BUILD/slim-4.1.0/lib/slim/erb_converter.rb
[   51s] /home/abuild/rpmbuild/BUILD/slim-4.1.0/lib/slim/filter.rb
[   51s] /home/abuild/rpmbuild/BUILD/slim-4.1.0/lib/slim/grammar.rb
[   51s] /home/abuild/rpmbuild/BUILD/slim-4.1.0/lib/slim/include.rb
[   51s] /home/abuild/rpmbuild/BUILD/slim-4.1.0/lib/slim/interpolation.rb
[   51s] /home/abuild/rpmbuild/BUILD/slim-4.1.0/lib/slim/logic_less.rb
[   51s] /home/abuild/rpmbuild/BUILD/slim-4.1.0/lib/slim/logic_less/context.rb
[   51s] /home/abuild/rpmbuild/BUILD/slim-4.1.0/lib/slim/logic_less/filter.rb
[   51s] /home/abuild/rpmbuild/BUILD/slim-4.1.0/lib/slim/parser.rb
[   51s] /home/abuild/rpmbuild/BUILD/slim-4.1.0/lib/slim/smart.rb
[   51s] /home/abuild/rpmbuild/BUILD/slim-4.1.0/lib/slim/smart/escaper.rb
[   51s] /home/abuild/rpmbuild/BUILD/slim-4.1.0/lib/slim/smart/filter.rb
[   51s] /home/abuild/rpmbuild/BUILD/slim-4.1.0/lib/slim/smart/parser.rb
[   51s] /home/abuild/rpmbuild/BUILD/slim-4.1.0/lib/slim/splat/builder.rb
[   51s] /home/abuild/rpmbuild/BUILD/slim-4.1.0/lib/slim/splat/filter.rb
[   51s] /home/abuild/rpmbuild/BUILD/slim-4.1.0/lib/slim/template.rb
[   51s] /home/abuild/rpmbuild/BUILD/slim-4.1.0/lib/slim/translator.rb
[   51s] /home/abuild/rpmbuild/BUILD/slim-4.1.0/lib/slim/version.rb
[   51s] /home/abuild/rpmbuild/BUILD/slim-4.1.0/slim.gemspec
[   51s] /home/abuild/rpmbuild/BUILD/slim-4.1.0/test/core/helper.rb
[   51s] /home/abuild/rpmbuild/BUILD/slim-4.1.0/test/core/test_code_blocks.rb
[   51s] /home/abuild/rpmbuild/BUILD/slim-4.1.0/test/core/test_code_escaping.rb
[   51s] /home/abuild/rpmbuild/BUILD/slim-4.1.0/test/core/test_code_evaluation.rb
[   51s] /home/abuild/rpmbuild/BUILD/slim-4.1.0/test/core/test_code_output.rb
[   51s] /home/abuild/rpmbuild/BUILD/slim-4.1.0/test/core/test_code_structure.rb
[   51s] /home/abuild/rpmbuild/BUILD/slim-4.1.0/test/core/test_commands.rb
[   51s] /home/abuild/rpmbuild/BUILD/slim-4.1.0/test/core/test_embedded_engines.rb
[   51s] /home/abuild/rpmbuild/BUILD/slim-4.1.0/test/core/test_encoding.rb
[   51s] /home/abuild/rpmbuild/BUILD/slim-4.1.0/test/core/test_erb_converter.rb
[   51s] /home/abuild/rpmbuild/BUILD/slim-4.1.0/test/core/test_html_attributes.rb
[   51s] /home/abuild/rpmbuild/BUILD/slim-4.1.0/test/core/test_html_escaping.rb
[   51s] /home/abuild/rpmbuild/BUILD/slim-4.1.0/test/core/test_html_structure.rb
[   51s] /home/abuild/rpmbuild/BUILD/slim-4.1.0/test/core/test_parser_errors.rb
[   51s] /home/abuild/rpmbuild/BUILD/slim-4.1.0/test/core/test_pretty.rb
[   51s] /home/abuild/rpmbuild/BUILD/slim-4.1.0/test/core/test_ruby_errors.rb
[   51s] /home/abuild/rpmbuild/BUILD/slim-4.1.0/test/core/test_slim_template.rb
[   51s] /home/abuild/rpmbuild/BUILD/slim-4.1.0/test/core/test_splat_prefix_option.rb
[   51s] /home/abuild/rpmbuild/BUILD/slim-4.1.0/test/core/test_tabs.rb
[   51s] /home/abuild/rpmbuild/BUILD/slim-4.1.0/test/core/test_text_interpolation.rb
[   51s] /home/abuild/rpmbuild/BUILD/slim-4.1.0/test/core/test_thread_options.rb
[   51s] /home/abuild/rpmbuild/BUILD/slim-4.1.0/test/core/test_unicode.rb
[   51s] /home/abuild/rpmbuild/BUILD/slim-4.1.0/test/include/files/recursive.slim
[   51s] /home/abuild/rpmbuild/BUILD/slim-4.1.0/test/include/files/slimfile.slim
[   51s] /home/abuild/rpmbuild/BUILD/slim-4.1.0/test/include/files/subdir/test.slim
[   51s] /home/abuild/rpmbuild/BUILD/slim-4.1.0/test/include/files/textfile
[   51s] /home/abuild/rpmbuild/BUILD/slim-4.1.0/test/include/test_include.rb
[   51s] /home/abuild/rpmbuild/BUILD/slim-4.1.0/test/literate/TESTS.md
[   51s] /home/abuild/rpmbuild/BUILD/slim-4.1.0/test/literate/helper.rb
[   51s] /home/abuild/rpmbuild/BUILD/slim-4.1.0/test/literate/run.rb
[   51s] /home/abuild/rpmbuild/BUILD/slim-4.1.0/test/logic_less/test_logic_less.rb
[   51s] /home/abuild/rpmbuild/BUILD/slim-4.1.0/test/rails/Rakefile
[   51s] /home/abuild/rpmbuild/BUILD/slim-4.1.0/test/rails/app/assets/config/manifest.js
[   51s] /home/abuild/rpmbuild/BUILD/slim-4.1.0/test/rails/app/controllers/application_controller.rb
[   51s] /home/abuild/rpmbuild/BUILD/slim-4.1.0/test/rails/app/controllers/entries_controller.rb
[   51s] /home/abuild/rpmbuild/BUILD/slim-4.1.0/test/rails/app/controllers/slim_controller.rb
[   51s] /home/abuild/rpmbuild/BUILD/slim-4.1.0/test/rails/app/helpers/application_helper.rb
[   51s] /home/abuild/rpmbuild/BUILD/slim-4.1.0/test/rails/app/models/entry.rb
[   51s] /home/abuild/rpmbuild/BUILD/slim-4.1.0/test/rails/app/views/entries/edit.html.slim
[   51s] /home/abuild/rpmbuild/BUILD/slim-4.1.0/test/rails/app/views/layouts/application.html.slim
[   51s] /home/abuild/rpmbuild/BUILD/slim-4.1.0/test/rails/app/views/slim/_partial.html.slim
[   51s] /home/abuild/rpmbuild/BUILD/slim-4.1.0/test/rails/app/views/slim/content_for.html.slim
[   51s] /home/abuild/rpmbuild/BUILD/slim-4.1.0/test/rails/app/views/slim/erb.html.erb
[   51s] /home/abuild/rpmbuild/BUILD/slim-4.1.0/test/rails/app/views/slim/form_for.html.slim
[   51s] /home/abuild/rpmbuild/BUILD/slim-4.1.0/test/rails/app/views/slim/helper.html.slim
[   51s] /home/abuild/rpmbuild/BUILD/slim-4.1.0/test/rails/app/views/slim/integers.html.slim
[   51s] /home/abuild/rpmbuild/BUILD/slim-4.1.0/test/rails/app/views/slim/no_layout.html.slim
[   51s] /home/abuild/rpmbuild/BUILD/slim-4.1.0/test/rails/app/views/slim/normal.html.slim
[   51s] /home/abuild/rpmbuild/BUILD/slim-4.1.0/test/rails/app/views/slim/partial.html.slim
[   51s] /home/abuild/rpmbuild/BUILD/slim-4.1.0/test/rails/app/views/slim/splat.html.slim
[   51s] /home/abuild/rpmbuild/BUILD/slim-4.1.0/test/rails/app/views/slim/thread_options.html.slim
[   51s] /home/abuild/rpmbuild/BUILD/slim-4.1.0/test/rails/app/views/slim/variables.html.slim
[   51s] /home/abuild/rpmbuild/BUILD/slim-4.1.0/test/rails/app/views/slim/xml.slim
[   51s] /home/abuild/rpmbuild/BUILD/slim-4.1.0/test/rails/config.ru
[   51s] /home/abuild/rpmbuild/BUILD/slim-4.1.0/test/rails/config/application.rb
[   51s] /home/abuild/rpmbuild/BUILD/slim-4.1.0/test/rails/config/boot.rb
[   51s] /home/abuild/rpmbuild/BUILD/slim-4.1.0/test/rails/config/environment.rb
[   51s] /home/abuild/rpmbuild/BUILD/slim-4.1.0/test/rails/config/environments/test.rb
[   51s] /home/abuild/rpmbuild/BUILD/slim-4.1.0/test/rails/config/initializers/backtrace_silencers.rb
[   51s] /home/abuild/rpmbuild/BUILD/slim-4.1.0/test/rails/config/initializers/inflections.rb
[   51s] /home/abuild/rpmbuild/BUILD/slim-4.1.0/test/rails/config/initializers/mime_types.rb
[   51s] /home/abuild/rpmbuild/BUILD/slim-4.1.0/test/rails/config/initializers/secret_token.rb
[   51s] /home/abuild/rpmbuild/BUILD/slim-4.1.0/test/rails/config/initializers/session_store.rb
[   51s] /home/abuild/rpmbuild/BUILD/slim-4.1.0/test/rails/config/locales/en.yml
[   51s] /home/abuild/rpmbuild/BUILD/slim-4.1.0/test/rails/config/routes.rb
[   51s] /home/abuild/rpmbuild/BUILD/slim-4.1.0/test/rails/script/rails
[   51s] /home/abuild/rpmbuild/BUILD/slim-4.1.0/test/rails/test/helper.rb
[   51s] /home/abuild/rpmbuild/BUILD/slim-4.1.0/test/rails/test/test_slim.rb
[   51s] /home/abuild/rpmbuild/BUILD/slim-4.1.0/test/sinatra/contest.rb
[   51s] /home/abuild/rpmbuild/BUILD/slim-4.1.0/test/sinatra/helper.rb
[   51s] /home/abuild/rpmbuild/BUILD/slim-4.1.0/test/sinatra/test_core.rb
[   51s] /home/abuild/rpmbuild/BUILD/slim-4.1.0/test/sinatra/test_include.rb
[   51s] /home/abuild/rpmbuild/BUILD/slim-4.1.0/test/sinatra/views/embed_include_js.slim
[   51s] /home/abuild/rpmbuild/BUILD/slim-4.1.0/test/sinatra/views/embed_js.slim
[   51s] /home/abuild/rpmbuild/BUILD/slim-4.1.0/test/sinatra/views/footer.slim
[   51s] /home/abuild/rpmbuild/BUILD/slim-4.1.0/test/sinatra/views/hello.slim
[   51s] /home/abuild/rpmbuild/BUILD/slim-4.1.0/test/sinatra/views/layout2.slim
[   51s] /home/abuild/rpmbuild/BUILD/slim-4.1.0/test/smart/test_smart_text.rb
[   51s] /home/abuild/rpmbuild/BUILD/slim-4.1.0/test/translator/test_translator.rb
[   51s] Unpacked gem: '/home/abuild/rpmbuild/BUILD/slim-4.1.0'
[   51s] + cd slim-4.1.0
[   51s] + chmod og-w -R .
[   51s] + /usr/bin/gem.ruby3.2 specification --ruby /home/abuild/rpmbuild/SOURCES/slim-4.1.0.gem
[   53s] + echo 'Patch #0 (894.patch):'
[   53s] Patch #0 (894.patch):
[   53s] + /usr/bin/patch --no-backup-if-mismatch -f -p1 --fuzz=0
[   53s] patching file slim-4.1.0.gemspec
[   53s] Hunk #1 FAILED at 24.
[   53s] 1 out of 1 hunk FAILED -- saving rejects to file slim-4.1.0.gemspec.rej
[   53s] patching file test/core/test_commands.rb
[   53s] error: Bad exit status from /var/tmp/rpm-tmp.OKEEth (%prep)
[   53s] 
[   53s] RPM build errors:
[   53s]     Bad exit status from /var/tmp/rpm-tmp.OKEEth (%prep)
[   53s] ### VM INTERACTION START ###
[   53s] [   48.962800][    T1] sysrq: Power Off
[   53s] [   48.964771][   T18] reboot: Power down
[   54s] ### VM INTERACTION END ###
[   54s] 
[   54s] sheep88 failed "build rubygem-slim.spec" at Wed Apr 19 16:09:09 UTC 2023.
[   54s] 
