[    0s] Memory limit set to 127090600KB
[    0s] Using BUILD_ROOT=/var/cache/obs/worker/root_11
[    0s] Using BUILD_ARCH=riscv64
[    0s] Doing docker build
[    0s] 
[    0s] 
[    0s] oerv-obs-worker-09 started "build _service:tar_scm:spirv-tools.spec" at Sat Apr 15 02:00:52 UTC 2023.
[    0s] 
[    0s] Building spirv-tools for project 'openEuler:23.03' repository '23.03' arch 'riscv64' srcmd5 '175151385602ad8caf7f20ea161826ca'
[    0s] 
[    0s] processing recipe /var/cache/obs/worker/root_11/.build-srcdir/_service:tar_scm:spirv-tools.spec ...
[    0s] running changelog2spec --target rpm --file /var/cache/obs/worker/root_11/.build-srcdir/_service:tar_scm:spirv-tools.spec
[    0s] init_buildsystem --configdir /var/run/obs/worker/11/build/configs --cachedir /var/cache/build --prepare --clean --rpmlist /var/cache/obs/worker/root_11/.build.rpmlist /var/cache/obs/worker/root_11/.build-srcdir/_service:tar_scm:spirv-tools.spec build ...
[    1s] cycle: coreutils -> bash
[    1s]   breaking dependency coreutils -> bash
[    1s] cycle: coreutils -> info
[    1s]   breaking dependency coreutils -> info
[    1s] cycle: filesystem -> coreutils -> glibc
[    1s]   breaking dependency filesystem -> coreutils
[    1s] cycle: filesystem -> bash -> coreutils -> glibc
[    1s]   breaking dependency filesystem -> bash
[    1s] cycle: filesystem -> ncurses-libs -> glibc
[    1s]   breaking dependency filesystem -> ncurses-libs
[    1s] cycle: coreutils -> libcap
[    1s]   breaking dependency coreutils -> libcap
[    1s] cycle: coreutils -> openssl-libs
[    1s]   breaking dependency coreutils -> openssl-libs
[    1s] cycle: systemd -> audit
[    1s]   breaking dependency audit -> systemd
[    1s] cycle: perl-Carp -> perl-libs
[    1s]   breaking dependency perl-libs -> perl-Carp
[    1s] cycle: perl-libs -> perl-Exporter
[    1s]   breaking dependency perl-libs -> perl-Exporter
[    1s] cycle: perl-Carp -> perl-Exporter
[    1s]   breaking dependency perl-Exporter -> perl-Carp
[    1s] cycle: nss-util -> nss
[    1s]   breaking dependency nss -> nss-util
[    1s] cycle: nss-softokn -> nss-util -> nss
[    1s]   breaking dependency nss -> nss-softokn
[    1s] cycle: perl -> perl-Getopt-Long -> perl-constant
[    1s]   breaking dependency perl -> perl-Getopt-Long
[    1s] cycle: perl -> perl-constant
[    1s]   breaking dependency perl -> perl-constant
[    1s] cycle: perl -> perl-Data-Dumper
[    1s]   breaking dependency perl-Data-Dumper -> perl
[    1s] cycle: perl -> perl-Data-Dumper -> perl-constant
[    1s]   breaking dependency perl -> perl-Data-Dumper
[    1s] cycle: rpm -> rpm-libs
[    1s]   breaking dependency rpm -> rpm-libs
[    1s] [1/118] preinstalling avahi-devel...
[    1s] [2/118] preinstalling kernel-headers...
[    2s] [3/118] preinstalling libraqm-devel...
[    2s] [4/118] preinstalling pulseaudio-libs-devel...
[    2s] [5/118] preinstalling python3-setuptools...
[    2s] [6/118] preinstalling python3-pip...
[    2s] [7/118] preinstalling filesystem...
[    2s] [8/118] preinstalling dbus...
[    2s] [9/118] preinstalling glibc...
[    2s] [10/118] preinstalling libgcc...
[    2s] [11/118] preinstalling diffutils...
[    2s] [12/118] preinstalling libatomic...
[    2s] [13/118] preinstalling libcap-ng...
[    2s] [14/118] preinstalling libffi...
[    2s] [15/118] preinstalling libgpg-error...
[    2s] [16/118] preinstalling libpcap...
[    3s] [17/118] preinstalling libsmartcols...
[    3s] [18/118] preinstalling libuuid...
[    3s] [19/118] preinstalling libxcrypt...
[    3s] [20/118] preinstalling lz4...
[    3s] [21/118] preinstalling m4...
[    3s] [22/118] preinstalling nspr...
[    3s] [23/118] preinstalling xz-libs...
[    3s] [24/118] preinstalling attr...
[    3s] [25/118] preinstalling libdb...
[    3s] [26/118] preinstalling ncurses-libs...
[    3s] [27/118] preinstalling zlib...
[    3s] [28/118] preinstalling audit-libs...
[    3s] [29/118] preinstalling compat-openssl11-libs...
[    3s] [30/118] preinstalling iptables-libs...
[    3s] [31/118] preinstalling libacl...
[    3s] [32/118] preinstalling libffi-devel...
[    4s] [33/118] preinstalling libgcrypt...
[    4s] [34/118] preinstalling p11-kit...
[    4s] [35/118] preinstalling python3-ldb...
[    4s] [36/118] preinstalling readline...
[    4s] [37/118] preinstalling cmake...
[    5s] [38/118] preinstalling ncurses...
[    5s] [39/118] preinstalling perl-libs...
[    5s] [40/118] preinstalling python3-libxml2...
[    5s] [41/118] preinstalling zstd...
[    5s] [42/118] preinstalling python3-ldb-devel...
[    5s] [43/118] preinstalling perl-Exporter...
[    5s] [44/118] preinstalling pcre...
[    5s] [45/118] preinstalling pcre2...
[    5s] [46/118] preinstalling acl...
[    5s] [47/118] preinstalling sqlite...
[    5s] [48/118] preinstalling libselinux...
[    5s] [49/118] preinstalling perl-Carp...
[    5s] [50/118] preinstalling perl-Digest-MD5...
[    5s] [51/118] preinstalling sed...
[    5s] [52/118] preinstalling coreutils...
[    6s] [53/118] preinstalling openssl-libs...
[    6s] [54/118] preinstalling bash...
[    6s] [55/118] preinstalling iproute...
[    6s] [56/118] preinstalling dnf...
[    6s] [57/118] preinstalling guile-devel...
[    6s] [58/118] preinstalling ima-evm-utils-libs...
[    6s] [59/118] preinstalling selinux-policy-targeted...
[    7s] [60/118] preinstalling bzip2...
[    7s] [61/118] preinstalling hostname...
[    7s] [62/118] preinstalling libseccomp...
[    7s] [63/118] preinstalling luajit...
[    7s] [64/118] preinstalling pcre-devel...
[    7s] [65/118] preinstalling popt...
[    7s] [66/118] preinstalling elfutils...
[    7s] [67/118] preinstalling grep...
[    7s] [68/118] preinstalling info...
[    7s] [69/118] preinstalling kmod-libs...
[    7s] [70/118] preinstalling libblkid...
[    7s] [71/118] preinstalling tar...
[    7s] [72/118] preinstalling libgcrypt-devel...
[    7s] [73/118] preinstalling lua...
[    8s] [74/118] preinstalling openssl...
[    8s] [75/118] preinstalling audit...
[    8s] [76/118] preinstalling pam...
[    8s] [77/118] preinstalling nss...
[    8s] [78/118] preinstalling luajit-devel...
[    8s] [79/118] preinstalling efibootmgr...
[    8s] [80/118] preinstalling elfutils-extra...
[    8s] [81/118] preinstalling chkconfig...
[    8s] [82/118] preinstalling copy-jdk-configs...
[    8s] [83/118] preinstalling libfdisk...
[    8s] [84/118] preinstalling file...
[    8s] [85/118] preinstalling libcap...
[    8s] [86/118] preinstalling libmount...
[    8s] [87/118] preinstalling libsemanage...
[    8s] [88/118] preinstalling nss-util...
[    8s] [89/118] preinstalling xz...
[    8s] [90/118] preinstalling findutils...
[    8s] [91/118] preinstalling sudo...
[    9s] [92/118] preinstalling iputils...
[    9s] [93/118] preinstalling nss-softokn...
[    9s] [94/118] preinstalling glib2...
[    9s] [95/118] preinstalling shadow...
[    9s] [96/118] preinstalling systemd-libs...
[    9s] [97/118] preinstalling rpm...
[    9s] [98/118] preinstalling dbus-libs...
[    9s] [99/118] preinstalling vala-devel...
[    9s] [100/118] preinstalling gobject-introspection...
[    9s] [101/118] preinstalling openEuler-rpm-config...
[    9s] [102/118] preinstalling rpm-libs...
[    9s] [103/118] preinstalling util-linux...
[   10s] [104/118] preinstalling systemd...
[   10s] [105/118] preinstalling erlang...
[   10s] [106/118] preinstalling net-tools...
[   10s] [107/118] preinstalling vala...
[   10s] [108/118] preinstalling device-mapper...
[   10s] [109/118] preinstalling digest-list-tools...
[   10s] [110/118] preinstalling supermin...
[   10s] [111/118] preinstalling perl...
[   11s] [112/118] preinstalling pesign-obs-integration...
[   11s] [113/118] preinstalling perl-constant...
[   11s] [114/118] preinstalling cryptsetup...
[   11s] [115/118] preinstalling lvm2...
[   11s] [116/118] preinstalling perl-Getopt-Long...
[   11s] [117/118] preinstalling perl-Data-Dumper...
[   11s] [118/118] preinstalling git...
[   12s] 
[   12s] copying packages...
[   13s] reordering...cycle: bash -> coreutils
[   13s]   breaking dependency coreutils -> bash
[   13s] cycle: bash -> coreutils -> info
[   13s]   breaking dependency coreutils -> info
[   13s] cycle: glibc -> basesystem -> filesystem -> bash -> coreutils -> gmp
[   13s]   breaking dependency filesystem -> bash
[   13s] cycle: glibc -> basesystem -> filesystem -> coreutils -> gmp
[   13s]   breaking dependency filesystem -> coreutils
[   13s] cycle: glibc -> basesystem -> filesystem -> setup -> openEuler-release -> bash -> coreutils -> gmp
[   13s]   breaking dependency filesystem -> setup
[   13s] cycle: glibc -> basesystem -> filesystem -> ncurses-libs
[   13s]   breaking dependency filesystem -> ncurses-libs
[   13s] cycle: glibc -> basesystem -> setup -> openEuler-release -> bash -> coreutils -> gmp
[   13s]   breaking dependency coreutils -> gmp
[   13s] cycle: glibc -> basesystem -> setup -> openEuler-release -> bash -> coreutils
[   13s]   breaking dependency coreutils -> glibc
[   13s] cycle: glibc -> basesystem -> setup -> openEuler-release -> bash -> coreutils -> libacl
[   13s]   breaking dependency coreutils -> libacl
[   13s] cycle: glibc -> basesystem -> setup -> openEuler-release -> bash -> coreutils -> attr
[   13s]   breaking dependency coreutils -> attr
[   13s] cycle: bash -> coreutils -> libcap
[   13s]   breaking dependency coreutils -> libcap
[   13s] cycle: glibc -> basesystem -> setup -> openEuler-release -> bash -> coreutils -> openssl-libs
[   13s]   breaking dependency coreutils -> openssl-libs
[   13s] cycle: glibc -> basesystem -> setup -> openEuler-release -> bash -> coreutils -> libselinux
[   13s]   breaking dependency bash -> coreutils
[   13s] cycle: glibc -> basesystem -> setup -> openEuler-release -> bash
[   13s]   breaking dependency openEuler-release -> bash
[   13s] cycle: glibc -> basesystem -> setup -> openEuler-release -> coreutils -> libselinux
[   13s]   breaking dependency libselinux -> glibc
[   13s] cycle: glibc -> basesystem -> setup -> openEuler-release -> coreutils -> libselinux -> pcre2
[   13s]   breaking dependency pcre2 -> glibc
[   13s] cycle: glibc -> basesystem -> setup -> openEuler-release -> coreutils -> libselinux -> pcre2 -> readline
[   13s]   breaking dependency readline -> glibc
[   13s] cycle: glibc -> basesystem -> setup -> openEuler-release -> coreutils -> libselinux -> pcre2 -> readline -> ncurses-libs
[   13s]   breaking dependency glibc -> basesystem
[   13s] cycle: glibc -> glibc-common -> bash
[   13s]   breaking dependency glibc-common -> bash
[   13s] cycle: glibc -> glibc-common -> coreutils -> libselinux -> pcre2 -> readline -> ncurses-libs
[   13s]   breaking dependency glibc-common -> coreutils
[   13s] cycle: glibc -> glibc-common
[   13s]   breaking dependency glibc-common -> glibc
[   13s] cycle: glibc -> glibc-common -> libselinux -> pcre2 -> readline -> ncurses-libs
[   13s]   breaking dependency readline -> ncurses-libs
[   13s] cycle: glibc -> glibc-common -> libselinux -> libsepol -> bash
[   13s]   breaking dependency libsepol -> bash
[   13s] cycle: libselinux -> libsepol -> coreutils
[   13s]   breaking dependency coreutils -> libselinux
[   13s] cycle: glibc -> glibc-common -> libselinux -> libsepol -> coreutils -> ncurses
[   13s]   breaking dependency ncurses -> glibc
[   13s] cycle: glibc -> glibc-common -> libselinux -> libsepol -> coreutils -> ncurses -> ncurses-libs
[   13s]   breaking dependency ncurses -> ncurses-libs
[   13s] cycle: glibc -> glibc-common -> libselinux -> libsepol -> coreutils -> ncurses -> libstdc++
[   13s]   breaking dependency ncurses -> libstdc++
[   13s] cycle: glibc -> glibc-common -> libselinux -> libsepol
[   13s]   breaking dependency libsepol -> glibc
[   13s] cycle: adobe-mappings-cmap -> adobe-mappings-cmap-lang
[   13s]   breaking dependency adobe-mappings-cmap-lang -> adobe-mappings-cmap
[   13s] cycle: crypto-policies -> python3 -> openssl-libs
[   13s]   breaking dependency python3 -> openssl-libs
[   13s] cycle: libnsl2 -> libtirpc -> krb5-libs -> crypto-policies -> python3
[   13s]   breaking dependency python3 -> libnsl2
[   13s] cycle: libtirpc -> krb5-libs -> crypto-policies -> python3
[   13s]   breaking dependency python3 -> libtirpc
[   13s] cycle: pam -> libpwquality
[   13s]   breaking dependency pam -> libpwquality
[   13s] cycle: systemd -> audit
[   13s]   breaking dependency audit -> systemd
[   13s] cycle: rpm -> rpm-libs
[   13s]   breaking dependency rpm -> rpm-libs
[   13s] cycle: hunspell-en -> hunspell
[   13s]   breaking dependency hunspell -> hunspell-en
[   13s] cycle: perl-libs -> perl-Carp
[   13s]   breaking dependency perl-libs -> perl-Carp
[   13s] cycle: perl-libs -> perl-Exporter
[   13s]   breaking dependency perl-libs -> perl-Exporter
[   13s] cycle: erlang-erts -> erlang-kernel
[   13s]   breaking dependency erlang-erts -> erlang-kernel
[   13s] cycle: erlang-erts -> erlang-stdlib -> erlang-compiler -> erlang-crypto
[   13s]   breaking dependency erlang-erts -> erlang-stdlib
[   13s] cycle: nss -> nss-util
[   13s]   breaking dependency nss -> nss-util
[   13s] cycle: nss -> nss-softokn -> nss-util
[   13s]   breaking dependency nss -> nss-softokn
[   13s] cycle: erlang-kernel -> erlang-stdlib -> erlang-compiler -> erlang-crypto
[   13s]   breaking dependency erlang-crypto -> erlang-kernel
[   13s] cycle: erlang-stdlib -> erlang-compiler -> erlang-crypto
[   13s]   breaking dependency erlang-compiler -> erlang-crypto
[   13s] cycle: erlang-compiler -> erlang-hipe
[   13s]   breaking dependency erlang-hipe -> erlang-compiler
[   13s] cycle: erlang-kernel -> erlang-stdlib -> erlang-compiler -> erlang-hipe
[   13s]   breaking dependency erlang-stdlib -> erlang-compiler
[   13s] cycle: erlang-stdlib -> erlang-crypto
[   13s]   breaking dependency erlang-crypto -> erlang-stdlib
[   13s] cycle: erlang-kernel -> erlang-stdlib
[   13s]   breaking dependency erlang-stdlib -> erlang-kernel
[   13s] cycle: fontconfig -> urw-base35-nimbus-roman-fonts
[   13s]   breaking dependency fontconfig -> urw-base35-nimbus-roman-fonts
[   13s] cycle: fontconfig -> urw-base35-nimbus-mono-ps-fonts
[   13s]   breaking dependency fontconfig -> urw-base35-nimbus-mono-ps-fonts
[   13s] cycle: fontconfig -> urw-base35-z003-fonts
[   13s]   breaking dependency fontconfig -> urw-base35-z003-fonts
[   13s] cycle: fontconfig -> urw-base35-p052-fonts
[   13s]   breaking dependency fontconfig -> urw-base35-p052-fonts
[   13s] cycle: fontconfig -> urw-base35-gothic-fonts
[   13s]   breaking dependency fontconfig -> urw-base35-gothic-fonts
[   13s] cycle: fontconfig -> urw-base35-bookman-fonts
[   13s]   breaking dependency fontconfig -> urw-base35-bookman-fonts
[   13s] cycle: fontconfig -> urw-base35-nimbus-sans-fonts
[   13s]   breaking dependency fontconfig -> urw-base35-nimbus-sans-fonts
[   13s] cycle: fontconfig -> urw-base35-d050000l-fonts
[   13s]   breaking dependency fontconfig -> urw-base35-d050000l-fonts
[   13s] cycle: fontconfig -> urw-base35-c059-fonts
[   13s]   breaking dependency fontconfig -> urw-base35-c059-fonts
[   13s] cycle: perl-Carp -> perl-Exporter
[   13s]   breaking dependency perl-Exporter -> perl-Carp
[   13s] cycle: perl -> perl-PathTools
[   13s]   breaking dependency perl -> perl-PathTools
[   13s] cycle: perl -> perl-ExtUtils-MakeMaker
[   13s]   breaking dependency perl -> perl-ExtUtils-MakeMaker
[   13s] cycle: perl -> perl-File-Path -> perl-PathTools
[   13s]   breaking dependency perl -> perl-File-Path
[   13s] cycle: perl -> perl-Getopt-Long -> perl-Pod-Usage
[   13s]   breaking dependency perl -> perl-Getopt-Long
[   13s] cycle: perl -> perl-Locale-Maketext
[   13s]   breaking dependency perl -> perl-Locale-Maketext
[   13s] cycle: perl -> perl-Pod-Simple
[   13s]   breaking dependency perl -> perl-Pod-Simple
[   13s] cycle: perl -> perl-Socket
[   13s]   breaking dependency perl -> perl-Socket
[   13s] cycle: perl -> perl-Storable
[   13s]   breaking dependency perl -> perl-Storable
[   13s] cycle: perl -> perl-Text-Tabs+Wrap
[   13s]   breaking dependency perl -> perl-Text-Tabs+Wrap
[   13s] cycle: perl -> perl-Time-Local -> perl-constant
[   13s]   breaking dependency perl -> perl-Time-Local
[   13s] cycle: perl -> perl-constant
[   13s]   breaking dependency perl -> perl-constant
[   13s] cycle: perl -> perl-threads
[   13s]   breaking dependency perl -> perl-threads
[   13s] cycle: perl -> perl-threads-shared
[   13s]   breaking dependency perl -> perl-threads-shared
[   13s] cycle: perl -> perl-Archive-Tar
[   13s]   breaking dependency perl -> perl-Archive-Tar
[   13s] cycle: perl-B-Debug -> perl
[   13s]   breaking dependency perl -> perl-B-Debug
[   13s] cycle: perl -> perl-CPAN-Meta -> perl-CPAN-Meta-Requirements
[   13s]   breaking dependency perl -> perl-CPAN-Meta
[   13s] cycle: perl -> perl-CPAN-Meta-Requirements
[   13s]   breaking dependency perl -> perl-CPAN-Meta-Requirements
[   13s] cycle: perl -> perl-CPAN-Meta-YAML
[   13s]   breaking dependency perl -> perl-CPAN-Meta-YAML
[   13s] cycle: perl -> perl-Compress-Raw-Bzip2
[   13s]   breaking dependency perl -> perl-Compress-Raw-Bzip2
[   13s] cycle: perl -> perl-Compress-Raw-Zlib
[   13s]   breaking dependency perl -> perl-Compress-Raw-Zlib
[   13s] cycle: perl -> perl-Config-Perl-V
[   13s]   breaking dependency perl -> perl-Config-Perl-V
[   13s] cycle: perl -> perl-Data-Dumper
[   13s]   breaking dependency perl -> perl-Data-Dumper
[   13s] cycle: perl -> perl-Devel-PPPort
[   13s]   breaking dependency perl -> perl-Devel-PPPort
[   13s] cycle: perl -> perl-Digest-SHA
[   13s]   breaking dependency perl -> perl-Digest-SHA
[   13s] cycle: perl -> perl-Encode
[   13s]   breaking dependency perl -> perl-Encode
[   13s] cycle: perl -> perl-Env
[   13s]   breaking dependency perl -> perl-Env
[   13s] cycle: perl -> perl-ExtUtils-Command
[   13s]   breaking dependency perl -> perl-ExtUtils-Command
[   13s] cycle: perl -> perl-ExtUtils-Install
[   13s]   breaking dependency perl -> perl-ExtUtils-Install
[   13s] cycle: perl -> perl-ExtUtils-Manifest
[   13s]   breaking dependency perl -> perl-ExtUtils-Manifest
[   13s] cycle: perl -> perl-ExtUtils-ParseXS
[   13s]   breaking dependency perl -> perl-ExtUtils-ParseXS
[   13s] cycle: perl -> perl-File-Fetch -> perl-PathTools
[   13s]   breaking dependency perl -> perl-File-Fetch
[   13s] cycle: perl -> perl-File-Temp -> perl-PathTools
[   13s]   breaking dependency perl -> perl-File-Temp
[   13s] cycle: perl -> perl-Filter
[   13s]   breaking dependency perl -> perl-Filter
[   13s] cycle: perl -> perl-Filter-Simple -> perl-Filter
[   13s]   breaking dependency perl -> perl-Filter-Simple
[   13s] cycle: perl -> perl-HTTP-Tiny
[   13s]   breaking dependency perl -> perl-HTTP-Tiny
[   13s] cycle: perl -> perl-IO-Compress
[   13s]   breaking dependency perl -> perl-IO-Compress
[   13s] cycle: perl -> perl-IO-Socket-IP
[   13s]   breaking dependency perl -> perl-IO-Socket-IP
[   13s] cycle: perl -> perl-IPC-Cmd -> perl-ExtUtils-MakeMaker
[   13s]   breaking dependency perl -> perl-IPC-Cmd
[   13s] cycle: perl -> perl-IPC-SysV
[   13s]   breaking dependency perl -> perl-IPC-SysV
[   13s] cycle: perl -> perl-JSON-PP
[   13s]   breaking dependency perl -> perl-JSON-PP
[   13s] cycle: perl -> perl-Locale-Codes -> perl-constant
[   13s]   breaking dependency perl -> perl-Locale-Codes
[   13s] cycle: perl -> perl-Math-BigInt
[   13s]   breaking dependency perl -> perl-Math-BigInt
[   13s] cycle: perl -> perl-Math-BigInt-FastCalc -> perl-Math-BigInt
[   13s]   breaking dependency perl -> perl-Math-BigInt-FastCalc
[   13s] cycle: perl -> perl-Math-BigRat -> perl-Math-BigInt
[   13s]   breaking dependency perl -> perl-Math-BigRat
[   13s] cycle: perl -> perl-Module-CoreList
[   13s]   breaking dependency perl -> perl-Module-CoreList
[   13s] cycle: perl -> perl-Module-Load -> perl-PathTools
[   13s]   breaking dependency perl -> perl-Module-Load
[   13s] cycle: perl -> perl-Module-Load-Conditional
[   13s]   breaking dependency perl -> perl-Module-Load-Conditional
[   13s] cycle: perl -> perl-Module-Metadata
[   13s]   breaking dependency perl -> perl-Module-Metadata
[   13s] cycle: perl -> perl-Params-Check
[   13s]   breaking dependency perl -> perl-Params-Check
[   13s] cycle: perl -> perl-Pod-Checker
[   13s]   breaking dependency perl -> perl-Pod-Checker
[   13s] cycle: perl -> perl-Pod-Parser
[   13s]   breaking dependency perl -> perl-Pod-Parser
[   13s] cycle: perl -> perl-Pod-Perldoc
[   13s]   breaking dependency perl -> perl-Pod-Perldoc
[   13s] cycle: perl -> perl-Pod-Usage
[   13s]   breaking dependency perl -> perl-Pod-Usage
[   13s] cycle: perl -> perl-Sys-Syslog
[   13s]   breaking dependency perl -> perl-Sys-Syslog
[   13s] cycle: perl -> perl-Term-Cap
[   13s]   breaking dependency perl -> perl-Term-Cap
[   13s] cycle: perl -> perl-Test-Harness
[   13s]   breaking dependency perl -> perl-Test-Harness
[   13s] cycle: perl -> perl-Test-Simple
[   13s]   breaking dependency perl -> perl-Test-Simple
[   13s] cycle: perl -> perl-Text-Balanced
[   13s]   breaking dependency perl -> perl-Text-Balanced
[   13s] cycle: perl -> perl-Thread-Queue -> perl-threads-shared
[   13s]   breaking dependency perl -> perl-Thread-Queue
[   13s] cycle: perl -> perl-Unicode-Collate -> perl-PathTools
[   13s]   breaking dependency perl -> perl-Unicode-Collate
[   13s] cycle: perl -> perl-autodie
[   13s]   breaking dependency perl -> perl-autodie
[   13s] cycle: perl -> perl-bignum -> perl-Math-BigInt
[   13s]   breaking dependency perl -> perl-bignum
[   13s] cycle: perl -> perl-Encode-devel
[   13s]   breaking dependency perl -> perl-Encode-devel
[   13s] cycle: perl -> perl-experimental
[   13s]   breaking dependency perl -> perl-experimental
[   13s] cycle: perl -> perl-libnet
[   13s]   breaking dependency perl -> perl-libnet
[   13s] cycle: perl -> perl-podlators
[   13s]   breaking dependency perl -> perl-podlators
[   13s] cycle: perl -> perl-version
[   13s]   breaking dependency perl -> perl-version
[   13s] cycle: glib2-devel -> sysprof-devel
[   13s]   breaking dependency glib2-devel -> sysprof-devel
[   13s] cycle: libglvnd-egl -> mesa-libEGL
[   13s]   breaking dependency mesa-libEGL -> libglvnd-egl
[   13s] cycle: libxcrypt-devel -> glibc-devel
[   13s]   breaking dependency glibc-devel -> libxcrypt-devel
[   13s] cycle: cmake-data -> cmake
[   13s]   breaking dependency cmake -> cmake-data
[   13s] cycle: erlang-compiler -> erlang-hipe -> erlang-syntax_tools
[   13s]   breaking dependency erlang-syntax_tools -> erlang-compiler
[   13s] cycle: erlang-inets -> erlang-ssl
[   13s]   breaking dependency erlang-inets -> erlang-ssl
[   13s] cycle: libglvnd-glx -> mesa-libGL
[   13s]   breaking dependency mesa-libGL -> libglvnd-glx
[   13s] cycle: gupnp-igd -> gssdp -> gtk4 -> gstreamer1-plugins-bad-free -> libnice
[   13s]   breaking dependency gtk4 -> gstreamer1-plugins-bad-free
[   13s] cycle: selinux-policy-targeted -> selinux-policy
[   13s]   breaking dependency selinux-policy -> selinux-policy-targeted
[   13s] cycle: perl-Getopt-Long -> perl-Pod-Usage
[   13s]   breaking dependency perl-Pod-Usage -> perl-Getopt-Long
[   13s] cycle: perl-Getopt-Long -> perl-Pod-Usage -> perl-podlators -> perl-Encode
[   13s]   breaking dependency perl-podlators -> perl-Encode
[   13s] cycle: perl-Getopt-Long -> perl-Pod-Usage -> perl-podlators
[   13s]   breaking dependency perl-podlators -> perl-Getopt-Long
[   13s] cycle: perl-Getopt-Long -> perl-Pod-Usage -> perl-podlators -> perl-Pod-Simple -> perl-Encode
[   13s]   breaking dependency perl-Encode -> perl-Getopt-Long
[   13s] cycle: perl-Getopt-Long -> perl-Pod-Usage -> perl-podlators -> perl-Pod-Simple
[   13s]   breaking dependency perl-podlators -> perl-Pod-Simple
[   13s] cycle: perl-Pod-Usage -> perl-podlators
[   13s]   breaking dependency perl-podlators -> perl-Pod-Usage
[   13s] cycle: perl-Getopt-Long -> perl-Pod-Usage -> perl-Pod-Perldoc -> perl-Pod-Simple
[   13s]   breaking dependency perl-Pod-Perldoc -> perl-Pod-Simple
[   13s] cycle: openssh -> openssh-server
[   13s]   breaking dependency openssh-server -> openssh
[   13s] cycle: perl-Git -> git
[   13s]   breaking dependency git -> perl-Git
[   13s] cycle: perl-ExtUtils-Install -> perl-ExtUtils-MakeMaker
[   13s]   breaking dependency perl-ExtUtils-MakeMaker -> perl-ExtUtils-Install
[   13s] done
[   13s] Warning: cross compile not possible due to missing static binaries. please install build-initvm package for that purpose.
[   13s]          check that the right architecture is available for your build host, you need initvm.x86_64 for this one.
[   13s] booting docker...
[   13s] WARNING: Your kernel does not support swap limit capabilities or the cgroup is not mounted. Memory limited without swap.
[   14s] 2nd stage started in virtual machine
[   14s] machine type: riscv64
[   14s] Linux version: 5.3.18-150300.59.54-default #1 SMP Sat Mar 5 10:00:50 UTC 2022 (1d0fa95)
[   14s] Increasing log level from now on...
[   14s] Enable sysrq operations
[   14s] WARNING: udev not running, creating extra device nodes
[   14s] processing recipe /.build-srcdir/_service:tar_scm:spirv-tools.spec ...
[   14s] init_buildsystem --configdir /.build/configs --cachedir /var/cache/build /.build-srcdir/_service:tar_scm:spirv-tools.spec build ...
[   15s] initializing rpm db...
[   15s] querying package ids...
[   30s] [1/647] installing adobe-mappings-pdf-20190401-2.oe2303
[   33s] [2/647] installing adwaita-cursor-theme-43-1.oe2303
[   34s] [3/647] installing cmake-filesystem-3.24.3-1.oe2303
[   34s] [4/647] installing fonts-filesystem-4.0.2-1.oe2303
[   34s] [5/647] installing fuse-common-3.13.0-1.oe2303
[   34s] [6/647] installing javapackages-filesystem-5.3.0-5.oe2303
[   35s] [7/647] installing kernel-headers-6.1.19-2.oe2303
[   36s] [8/647] installing libreport-filesystem-2.15.2-6.oe2303
[   36s] [9/647] installing ncurses-base-6.4-1.oe2303
[   36s] [10/647] installing openEuler-gpg-keys-1.0-3.3.oe2303
[   36s] [11/647] installing python-ldb-devel-common-2.6.1-2.oe2303
[   36s] [12/647] installing python-setuptools-60.9.3-2.oe2303
[   37s] [13/647] installing python3-setuptools-60.9.3-2.oe2303
[   37s] [14/647] installing python3-six-1.16.0-3.oe2303
[   38s] [15/647] installing qt5-srpm-macros-5.15.2-1.oe2303
[   38s] [16/647] installing spirv-headers-devel-1.6.1+1.3.236.0-1.oe2303
[   38s] [17/647] installing tzdata-2022g-3.oe2303
[   39s] [18/647] installing tzdata-java-2022g-3.oe2303
[   39s] [19/647] installing wxGTK3-i18n-3.0.4-8.oe2303
[   39s] [20/647] installing xkeyboard-config-2.38-1.oe2303
[   40s] [21/647] installing dnf-data-4.14.0-13.oe2303
[   40s] [22/647] installing google-droid-sans-fonts-20200215-1.oe2303
[   42s] [23/647] installing openEuler-repos-1.0-3.3.oe2303
[   42s] [24/647] installing adobe-mappings-cmap-lang-20190730-3.oe2303
[   44s] [25/647] installing filesystem-3.16-5.oe2303
[   44s] warning: group mail does not exist - using root
[   44s] [26/647] installing adobe-mappings-cmap-20190730-3.oe2303
[   45s] [27/647] installing emacs-filesystem-1:28.2-4.oe2303
[   45s] [28/647] installing libgcc-10.3.1-27.oe2303
[   45s] [29/647] installing vim-filesystem-2:9.0-30.oe2303
[   45s] [30/647] installing urw-base35-fonts-common-20200910-1.oe2303
[   45s] [31/647] installing readline-8.2-2.oe2303
[   46s] [32/647] installing pcre2-10.42-1.oe2303
[   46s] [33/647] installing ncurses-6.4-1.oe2303
[   47s] [34/647] installing coreutils-9.0-7.oe2303
[   49s] [35/647] installing libsepol-3.4-1.oe2303
[   49s] [36/647] installing libselinux-3.4-1.oe2303
[   49s] [37/647] installing glibc-common-2.36-13.oe2303
[   52s] [38/647] installing glibc-2.36-13.oe2303
[   53s] [39/647] installing SDL2-2.0.12-5.oe2303
[   54s] [40/647] installing brotli-1.0.9-3.oe2303
[   54s] [41/647] installing cdparanoia-libs-10.2-31.oe2303
[   55s] [42/647] installing chrpath-0.16-13.oe2303
[   55s] [43/647] installing cpio-2.13-7.oe2303
[   55s] [44/647] installing diffutils-3.9-2.oe2303
[   56s] [45/647] installing efivar-libs-38-1.oe2303
[   56s] [46/647] installing expat-2.5.0-1.oe2303
[   56s] [47/647] installing fribidi-1.0.12-1.oe2303
[   57s] [48/647] installing gsm-1.0.18-5.oe2303
[   57s] [49/647] installing hyphen-2.8.8-15.oe2303
[   57s] [50/647] installing jbigkit-libs-2.1-21.oe2303
[   57s] [51/647] installing json-c-0.16-2.oe2303
[   58s] [52/647] installing keyutils-libs-1.6.3-5.oe2303
[   58s] [53/647] installing lcms2-2.13.1-2.oe2303
[   58s] [54/647] installing libICE-1.1.1-1.oe2303
[   59s] [55/647] installing libXau-1.0.10-1.oe2303
[   59s] [56/647] installing libaio-0.3.113-7.oe2303
[   59s] [57/647] installing libargon2-20190702-3.oe2303
[   60s] [58/647] installing libasyncns-0.8-18.oe2303
[   60s] [59/647] installing libatomic-10.3.1-27.oe2303
[   60s] [60/647] installing libcap-ng-0.8.3-1.oe2303
[   60s] [61/647] installing libdaemon-0.14-21.oe2303
[   61s] [62/647] installing libdatrie-0.2.13-1.oe2303
[   61s] [63/647] installing libdrm-2.4.114-1.oe2303
[   61s] [64/647] installing libepoxy-1.5.10-2.oe2303
[   62s] [65/647] installing libev-4.33-3.oe2303
[   62s] [66/647] installing libffi-3.4.4-2.oe2303
[   62s] [67/647] installing libglvnd-1:1.3.4-3.oe2303
[   63s] [68/647] installing libgomp-10.3.1-27.oe2303
[   63s] [69/647] installing libgpg-error-1.46-1.oe2303
[   63s] [70/647] installing libijs-0.35-10.oe2303
[   64s] [71/647] installing libjpeg-turbo-2.1.1-3.oe2303
[   64s] [72/647] installing libmnl-1.0.5-2.oe2303
[   64s] [73/647] installing libmspack-0.10.1-0.1.1.oe2303
[   65s] [74/647] installing libnfnetlink-1.0.2-1.oe2303
[   65s] [75/647] installing libnghttp2-1.47.0-3.oe2303
[   65s] [76/647] installing libogg-2:1.3.5-2.oe2303
[   66s] [77/647] installing libpcap-14:1.10.3-1.oe2303
[   66s] [78/647] installing libpipeline-1.5.7-1.oe2303
[   66s] [79/647] installing libsigsegv-2.14-1.oe2303
[   66s] [80/647] installing libsmartcols-2.37.2-14.oe2303
[   67s] [81/647] installing libsndfile-1.2.0-1.oe2303
[   67s] [82/647] installing libstemmer-0-13.oe2303
[   68s] [83/647] installing libtalloc-2.3.4-1.oe2303
[   68s] [84/647] installing libtasn1-4.17.0-3.oe2303
[   68s] [85/647] installing libtdb-1.4.7-1.oe2303
[   68s] [86/647] installing libtool-ltdl-2.4.7-2.oe2303
[   69s] [87/647] installing libunistring-1.1-2.oe2303
[   69s] [88/647] installing libuuid-2.37.2-14.oe2303
[   70s] [89/647] installing libuv-1:1.42.0-4.oe2303
[   70s] [90/647] installing libvisual-1:0.4.1-1.oe2303
[   70s] [91/647] installing libwebp-1.3.0-1.oe2303
[   71s] [92/647] installing libxcrypt-4.4.33-1.oe2303
[   71s] [93/647] installing libxshmfence-1.3.2-1.oe2303
[   71s] [94/647] installing libyaml-0.2.5-4.oe2303
[   71s] [95/647] installing lmdb-0.9.30-2.oe2303
[   72s] [96/647] installing lz4-1.9.4-2.oe2303
[   72s] [97/647] installing m4-1.4.19-3.oe2303
[   72s] [98/647] installing nspr-4.35.0-2.oe2303
[   73s] [99/647] installing openjpeg2-2.5.0-2.oe2303
[   73s] [100/647] installing opus-1.3.1-4.oe2303
[   74s] [101/647] installing pixman-0.42.2-1.oe2303
[   74s] [102/647] installing pkgconf-1.8.0-3.oe2303
[   74s] [103/647] installing which-2.21-15.oe2303
[   74s] [104/647] installing xz-libs-5.2.10-1.oe2303
[   75s] [105/647] installing alsa-lib-1.2.8-1.oe2303
[   75s] [106/647] installing attr-2.5.1-4.oe2303
[   76s] [107/647] installing libidn-1.38-4.oe2303
[   76s] [108/647] installing libstdc++-10.3.1-27.oe2303
[   76s] [109/647] installing mesa-libglapi-23.0.0-1.oe2303
[   77s] [110/647] installing zlib-1.2.13-1.oe2303
[   77s] [111/647] installing ncurses-libs-6.4-1.oe2303
[   77s] [112/647] installing libglvnd-core-devel-1:1.3.4-3.oe2303
[   78s] [113/647] installing libstdc++-devel-10.3.1-27.oe2303
[   80s] [114/647] installing xorg-x11-proto-devel-2021.5-2.oe2303
[   80s] [115/647] installing audit-libs-1:3.0.9-1.oe2303
[   80s] [116/647] installing elfutils-libelf-0.187-10.oe2303
[   81s] [117/647] installing fribidi-devel-1.0.12-1.oe2303
[   81s] [118/647] installing gmp-1:6.2.1-3.oe2303
[   81s] [119/647] installing less-608-4.oe2303
[   82s] [120/647] installing libacl-2.3.1-1.oe2303
[   82s] [121/647] installing libassuan-2.5.5-2.oe2303
[   82s] [122/647] installing libedit-3.1-29.oe2303
[   83s] [123/647] installing libfontenc-1.1.6-1.oe2303
[   83s] [124/647] installing libgcrypt-1.9.4-1.oe2303
[   83s] [125/647] installing libglvnd-opengl-1:1.3.4-3.oe2303
[   84s] [126/647] installing libpng-2:1.6.38-2.oe2303
[   84s] [127/647] installing libsepol-devel-3.4-1.oe2303
[   85s] [128/647] installing libtalloc-devel-2.3.4-1.oe2303
[   85s] [129/647] installing libtdb-devel-1.4.7-1.oe2303
[   86s] [130/647] installing libtevent-0.13.0-1.oe2303
[   86s] [131/647] installing libthai-0.1.29-1.oe2303
[   86s] [132/647] installing libtheora-1:1.1.1-26.oe2303
[   87s] [133/647] installing libvorbis-1:1.3.7-2.oe2303
[   87s] [134/647] installing libxcb-1.15-1.oe2303
[   87s] [135/647] installing p11-kit-0.24.1-1.oe2303
[   88s] [136/647] installing pixman-devel-0.42.2-1.oe2303
[   88s] [137/647] installing psmisc-23.6-1.oe2303
[   88s] [138/647] installing wayland-1.21.0-2.oe2303
[   89s] [139/647] installing zlib-devel-1.2.13-1.oe2303
[   89s] [140/647] installing fuse-2.9.9-11.oe2303
[   90s] [141/647] installing gdbm-1:1.23-2.oe2303
[   90s] [142/647] installing libSM-1.2.4-1.oe2303
[   90s] [143/647] installing libdatrie-devel-0.2.13-1.oe2303
[   91s] [144/647] installing libdb-5.3.28-41.oe2303
[   92s] [145/647] installing libffi-devel-3.4.4-2.oe2303
[   93s] [146/647] installing libicu-72.1-5.oe2303
[   98s] [147/647] installing libjpeg-turbo-devel-2.1.1-3.oe2303
[   98s] [148/647] installing libnetfilter_conntrack-1.0.9-4.oe2303
[   98s] [149/647] installing libxml2-2.9.14-7.oe2303
[   99s] [150/647] installing patch-2.7.6-20.oe2303
[   99s] [151/647] installing python3-tdb-1.4.7-1.oe2303
[  100s] [152/647] installing bash-5.1.8-7.oe2303
[  101s] [153/647] installing gc-8.2.2-1.oe2303
[  101s] [154/647] installing pcre-8.45-5.oe2303
[  101s] [155/647] installing perl-libs-4:5.34.0-4.oe2303
[  103s] [156/647] installing woff2-1.0.2-6.oe2303
[  103s] [157/647] installing hunspell-1.7.0-10.oe2303
[  103s] [158/647] installing ninja-build-1.11.1-1.oe2303
[  104s] [159/647] installing thin-provisioning-tools-0.9.0-4.oe2303
[  104s] [160/647] installing wxBase3-3.0.4-8.oe2303
[  105s] [161/647] installing zstd-1.5.2-1.oe2303
[  106s] [162/647] installing libtiff-4.5.0-3.oe2303
[  106s] [163/647] installing hunspell-en-2020.12.07-2.oe2303
[  106s] [164/647] installing perl-parent-1:0.238-2.oe2303
[  106s] [165/647] installing perl-perlfaq-5.20210520-2.oe2303
[  107s] [166/647] installing efi-filesystem-4-9.oe2303
[  107s] [167/647] installing elfutils-default-yama-scope-0.187-10.oe2303
[  107s] Couldn't write '0' to 'kernel/yama/ptrace_scope', ignoring: No such file or directory
[  107s] [168/647] installing gc-devel-8.2.2-1.oe2303
[  108s] [169/647] installing hicolor-icon-theme-0.17-7.oe2303
[  108s] [170/647] installing libX11-1.8.1-3.oe2303
[  109s] [171/647] installing mpfr-4.1.0-3.oe2303
[  109s] [172/647] installing nettle-3.8.1-1.oe2303
[  110s] [173/647] installing perl-Exporter-5.74-2.oe2303
[  110s] [174/647] installing publicsuffix-list-20211113-3.oe2303
[  110s] [175/647] installing uname-build-checks-1.0-0.5.oe2303
[  110s] [176/647] installing adwaita-icon-theme-43-1.oe2303
[  112s] [177/647] installing bzip2-1.0.8-7.oe2303
[  113s] [178/647] installing cyrus-sasl-lib-2.1.28-1.oe2303
[  113s] [179/647] installing gzip-1.12-3.oe2303
[  113s] [180/647] installing hostname-3.23-1.oe2303
[  114s] [181/647] installing jbig2dec-0.19-4.oe2303
[  114s] [182/647] installing libXau-devel-1.0.10-1.oe2303
[  114s] [183/647] installing libbpf-2:0.8.1-5.oe2303
[  115s] [184/647] installing libpaper-1.1.28-2.oe2303
[  115s] [185/647] installing libpng-devel-2:1.6.38-2.oe2303
[  115s] [186/647] installing libseccomp-2.5.4-1.oe2303
[  116s] [187/647] installing libtevent-devel-0.13.0-1.oe2303
[  116s] [188/647] installing libthai-devel-0.1.29-1.oe2303
[  116s] [189/647] installing libxkbcommon-1.5.0-1.oe2303
[  117s] [190/647] installing lksctp-tools-1.0.19-2.oe2303
[  117s] [191/647] installing luajit-2.1.0-4.5.oe2303
[  118s] [192/647] installing npth-1.6-7.oe2303
[  118s] [193/647] installing orc-0.4.33-1.oe2303
[  118s] [194/647] installing popt-1.19-2.oe2303
[  119s] [195/647] installing sed-4.9-1.oe2303
[  119s] [196/647] installing sgml-common-0.6.3-52.oe2303
[  119s] [197/647] installing acl-2.3.1-1.oe2303
[  120s] [198/647] installing dwz-0.15-1.oe2303
[  120s] [199/647] installing grep-3.8-1.oe2303
[  121s] [200/647] installing info-6.8-5.oe2303
[  121s] [201/647] installing iptables-libs-1.8.9-2.oe2303
[  121s] [202/647] installing libblkid-2.37.2-14.oe2303
[  122s] [203/647] installing libcomps-0.1.19-1.oe2303
[  122s] [204/647] installing libidn2-2.3.3-2.oe2303
[  123s] [205/647] installing libksba-1.6.3-1.oe2303
[  123s] [206/647] installing mesa-libgbm-23.0.0-1.oe2303
[  123s] [207/647] installing pcre-devel-8.45-5.oe2303
[  124s] [208/647] installing pcre2-devel-10.42-1.oe2303
[  126s] [209/647] installing tar-2:1.34-4.oe2303
[  127s] [210/647] installing tcl-1:8.6.13-2.oe2303
[  127s] [211/647] installing gmp-c++-1:6.2.1-3.oe2303
[  128s] [212/647] installing graphite2-1.3.14-6.oe2303
[  128s] [213/647] installing groff-base-1.22.4-12.oe2303
[  129s] [214/647] installing jsoncpp-1.9.5-3.oe2303
[  129s] [215/647] installing libgpg-error-devel-1.46-1.oe2303
[  130s] [216/647] installing lua-5.4.4-1.oe2303
[  130s] [217/647] installing python3-libxml2-2.9.14-7.oe2303
[  131s] [218/647] installing slang-2.3.3-1.oe2303
[  131s] [219/647] installing unixODBC-2.3.9-3.oe2303
[  132s] [220/647] installing aspell-12:0.60.8-1.oe2303
[  133s] [221/647] installing glibc-devel-2.36-13.oe2303
[  135s] [222/647] installing libunwind-2:1.6.2-4.oe2303
[  136s] [223/647] installing libxslt-1.1.37-1.oe2303
[  136s] [224/647] installing wayland-devel-1.21.0-2.oe2303
[  137s] [225/647] installing libicu-devel-72.1-5.oe2303
[  137s] [226/647] installing gettext-0.21.1-1.oe2303
[  138s] [227/647] installing guile-5:2.2.7-2.oe2303
[  143s] [228/647] installing iso-codes-4.7.0-1.oe2303
[  145s] [229/647] installing bzip2-devel-1.0.8-7.oe2303
[  146s] [230/647] installing crontabs-1.11-23.oe2303
[  146s] [231/647] installing gmp-devel-1:6.2.1-3.oe2303
[  147s] [232/647] installing graphite2-devel-1.3.14-6.oe2303
[  147s] [233/647] installing libXcomposite-0.4.6-1.oe2303
[  148s] [234/647] installing libXext-1.3.5-1.oe2303
[  148s] [235/647] installing libXfixes-6.0.0-2.oe2303
[  148s] [236/647] installing libXpm-3.5.15-1.oe2303
[  149s] [237/647] installing libXrender-0.9.11-1.oe2303
[  149s] [238/647] installing lua-devel-5.4.4-1.oe2303
[  149s] [239/647] installing luajit-devel-2.1.0-4.5.oe2303
[  150s] [240/647] installing perl-Carp-1.50-419.oe2303
[  150s] [241/647] installing perl-Perl-OSType-1.010-422.oe2303
[  150s] [242/647] installing perl-Pod-Escapes-1:1.07_01-1.oe2303
[  150s] [243/647] installing perl-Term-ANSIColor-5.01-2.oe2303
[  151s] [244/647] installing zip-3.0-30.oe2303
[  151s] [245/647] installing libfdisk-2.37.2-14.oe2303
[  151s] [246/647] installing libmpc-1.3.1-1.oe2303
[  152s] [247/647] installing libxcb-devel-1.15-1.oe2303
[  152s] [248/647] installing libxcrypt-devel-4.4.33-1.oe2303
[  153s] [249/647] installing lua-posix-35.0-1.oe2303
[  153s] [250/647] installing newt-0.52.23-1.oe2303
[  153s] [251/647] installing bc-1.07.1-12.oe2303
[  154s] [252/647] installing efibootmgr-18-4.oe2303
[  154s] [253/647] installing file-libs-5.44-1.oe2303
[  155s] [254/647] installing libXt-1.2.1-4.oe2303
[  155s] [255/647] installing libmount-2.37.2-14.oe2303
[  156s] [256/647] installing libselinux-devel-3.4-1.oe2303
[  156s] [257/647] installing libwpe-1.6.0-1.oe2303
[  157s] [258/647] installing unzip-6.0-51.oe2303
[  157s] [259/647] installing cracklib-2.9.8-1.oe2303
[  159s] [260/647] installing e2fsprogs-1.46.5-4.oe2303
[  160s] [261/647] installing libsemanage-3.4-1.oe2303
[  160s] [262/647] installing perl-MIME-Base64-3.16-2.oe2303
[  160s] [263/647] installing sqlite-3.37.2-5.oe2303
[  161s] [264/647] installing xz-5.2.10-1.oe2303
[  162s] [265/647] installing findutils-2:4.9.0-1.oe2303
[  162s] [266/647] installing freetype-2.12.1-1.oe2303
[  162s] [267/647] installing libpsl-0.21.2-1.oe2303
[  163s] [268/647] installing logrotate-3.20.1-1.oe2303
[  163s] [269/647] installing make-1:4.4-2.oe2303
[  164s] [270/647] installing elfutils-libs-0.187-10.oe2303
[  164s] [271/647] installing libgcrypt-devel-1.9.4-1.oe2303
[  164s] [272/647] installing gawk-5.2.0-3.oe2303
[  165s] [273/647] installing iproute-1:6.1.0-7.oe2303
[  166s] [274/647] installing mesa-libEGL-23.0.0-1.oe2303
[  166s] [275/647] installing perl-PerlIO-via-QuotedPrint-0.10-1.oe2303
[  166s] [276/647] installing xz-devel-5.2.10-1.oe2303
[  167s] [277/647] installing libXdamage-1.1.6-1.oe2303
[  167s] [278/647] installing libXi-1.8-2.oe2303
[  167s] [279/647] installing libXinerama-1.1.5-1.oe2303
[  168s] [280/647] installing libXv-1.0.12-1.oe2303
[  168s] [281/647] installing libXxf86vm-1.1.5-2.oe2303
[  168s] [282/647] installing libglvnd-egl-1:1.3.4-3.oe2303
[  169s] [283/647] installing libglvnd-gles-1:1.3.4-3.oe2303
[  169s] [284/647] installing perl-Text-ParseWords-3.30-420.oe2303
[  169s] [285/647] installing copy-jdk-configs-4.0-1.oe2303
[  170s] [286/647] installing libX11-devel-1.8.1-3.oe2303
[  170s] [287/647] installing libXcursor-1.2.1-1.oe2303
[  170s] [288/647] installing libXmu-1.1.4-1.oe2303
[  171s] [289/647] installing libXrandr-1.5.3-1.oe2303
[  171s] [290/647] installing openEuler-release-23.03-54.oe2303
[  171s] [291/647] installing perl-Digest-1.20-3.oe2303
[  172s] [292/647] installing chkconfig-1.21-2.oe2303
[  172s] [293/647] installing file-5.44-1.oe2303
[  172s] [294/647] installing guile-devel-5:2.2.7-2.oe2303
[  173s] [295/647] installing perl-Scalar-List-Utils-4:1.60-2.oe2303
[  173s] [296/647] installing perl-Time-HiRes-4:1.9767-3.oe2303
[  173s] [297/647] installing perl-Unicode-Normalize-1.28-2.oe2303
[  174s] [298/647] installing elfutils-0.187-10.oe2303
[  174s] [299/647] installing freetype-devel-2.12.1-1.oe2303
[  175s] [300/647] installing xorg-x11-font-utils-1:7.5-44.oe2303
[  175s] [301/647] installing cpp-10.3.1-27.oe2303
[  178s] [302/647] installing glib2-2.74.4-2.oe2303
[  180s] [303/647] installing man-db-2.11.0-1.oe2303
[  181s] [304/647] installing fontconfig-2.14.2-1.oe2303
[  184s] [305/647] installing gsettings-desktop-schemas-43.0-1.oe2303
[  185s] [306/647] installing atk-2.38.0-1.oe2303
[  186s] [307/647] installing graphene-1.10.6-2.oe2303
[  186s] [308/647] installing json-glib-1.6.6-2.oe2303
[  187s] [309/647] installing polkit-help-122-2.oe2303
[  187s] [310/647] installing setup-2.14.3-1.oe2303
[  187s] [311/647] installing libsecret-0.20.5-1.oe2303
[  188s] [312/647] installing libXext-devel-1.3.5-1.oe2303
[  188s] [313/647] installing libXfixes-devel-6.0.0-2.oe2303
[  189s] [314/647] installing libXrender-devel-0.9.11-1.oe2303
[  189s] [315/647] installing libXtst-1.2.4-1.oe2303
[  189s] [316/647] installing perl-Digest-MD5-2.58-2.oe2303
[  190s] [317/647] installing urw-base35-bookman-fonts-20200910-1.oe2303
[  190s] [318/647] installing urw-base35-c059-fonts-20200910-1.oe2303
[  191s] [319/647] installing urw-base35-d050000l-fonts-20200910-1.oe2303
[  192s] [320/647] installing urw-base35-gothic-fonts-20200910-1.oe2303
[  193s] [321/647] installing urw-base35-nimbus-mono-ps-fonts-20200910-1.oe2303
[  194s] [322/647] installing urw-base35-nimbus-roman-fonts-20200910-1.oe2303
[  195s] [323/647] installing urw-base35-nimbus-sans-fonts-20200910-1.oe2303
[  196s] [324/647] installing urw-base35-p052-fonts-20200910-1.oe2303
[  197s] [325/647] installing urw-base35-standard-symbols-ps-fonts-20200910-1.oe2303
[  198s] [326/647] installing urw-base35-z003-fonts-20200910-1.oe2303
[  199s] [327/647] installing xorg-x11-fonts-7.5-25.oe2303
[  207s] [328/647] installing elfutils-extra-0.187-10.oe2303
[  207s] [329/647] installing gobject-introspection-1.74.0-1.oe2303
[  208s] [330/647] installing libXft-2.3.7-1.oe2303
[  208s] [331/647] installing libtiff-devel-4.5.0-3.oe2303
[  208s] [332/647] installing shared-mime-info-2.2-1.oe2303
[  211s] [333/647] installing binutils-2.37-14.oe2303
[  214s] [334/647] installing enchant2-2.3.3-1.oe2303
[  214s] [335/647] installing libXaw-1.0.14-2.oe2303
[  214s] [336/647] installing harfbuzz-6.0.0-1.oe2303
[  215s] [337/647] installing libxml2-devel-2.9.14-7.oe2303
[  218s] [338/647] installing p11-kit-trust-0.24.1-1.oe2303
[  218s] [339/647] installing babeltrace-1.5.8-6.oe2303
[  219s] [340/647] installing wpebackend-fdo-1.6.1-2.oe2303
[  219s] [341/647] installing cairo-1.17.4-3.oe2303
[  220s] [342/647] installing mesa-libGL-23.0.0-1.oe2303
[  220s] [343/647] installing basesystem-12-3.oe2303
[  220s] [344/647] installing libxkbcommon-devel-1.5.0-1.oe2303
[  221s] [345/647] installing libraqm-0.7.0-3.oe2303
[  221s] [346/647] installing fontconfig-devel-2.14.2-1.oe2303
[  221s] [347/647] installing libXdamage-devel-1.1.6-1.oe2303
[  222s] [348/647] installing libXinerama-devel-1.1.5-1.oe2303
[  222s] [349/647] installing libglvnd-glx-1:1.3.4-3.oe2303
[  222s] [350/647] installing ca-certificates-2021.2.52-2.oe2303
[  228s] [351/647] installing libXcursor-devel-1.2.1-1.oe2303
[  228s] [352/647] installing libXi-devel-1.8-2.oe2303
[  229s] [353/647] installing libXrandr-devel-1.5.3-1.oe2303
[  229s] [354/647] installing gdk-pixbuf2-2.42.10-2.oe2303
[  230s] [355/647] installing pango-1.50.12-1.oe2303
[  230s] [356/647] installing urw-base35-fonts-20200910-1.oe2303
[  230s] [357/647] installing cairo-gobject-1.17.4-3.oe2303
[  231s] [358/647] installing gcc-10.3.1-27.oe2303
[  239s] [359/647] installing python-pip-wheel-22.3.1-1.oe2303
[  239s] [360/647] installing gtk-update-icon-cache-3.24.36-1.oe2303
[  240s] [361/647] installing gdk-pixbuf2-modules-2.42.10-2.oe2303
[  240s] [362/647] installing mesa-libGLU-9.0.2-1.oe2303
[  240s] [363/647] installing libXft-devel-2.3.7-1.oe2303
[  241s] [364/647] installing libglvnd-devel-1:1.3.4-3.oe2303
[  241s] [365/647] installing gcc-c++-10.3.1-27.oe2303
[  245s] [366/647] installing gd-2.3.2-1.oe2303
[  246s] [367/647] installing librsvg2-2.55.1-1.oe2303
[  247s] [368/647] installing libepoxy-devel-1.5.10-2.oe2303
[  248s] [369/647] installing python3-3.10.9-2.oe2303
[  252s] [370/647] installing python3-distro-1.6.0-2.oe2303
[  253s] [371/647] installing python3-markdown-3.3.7-2.oe2303
[  253s] [372/647] installing python3-markupsafe-2.1.1-1.oe2303
[  253s] [373/647] installing python3-dateutil-1:2.8.2-3.oe2303
[  254s] [374/647] installing python3-pip-22.3.1-1.oe2303
[  256s] [375/647] installing python3-rpm-generators-9-3.oe2303
[  256s] [376/647] installing crypto-policies-20200619-3.git781bbd4.oe2303
[  258s] [377/647] installing python3-libcomps-0.1.19-1.oe2303
[  258s] [378/647] installing gdb-headless-12.1-2.oe2303
[  260s] [379/647] installing gdb-12.1-2.oe2303
[  260s] [380/647] installing python3-mako-1.2.4-1.oe2303
[  261s] [381/647] installing compat-openssl11-libs-1:1.1.1m-3.oe2303
[  262s] [382/647] installing openssl-libs-1:3.0.8-3.oe2303
[  263s] [383/647] installing nss-3.85.0-2.oe2303
[  264s] [384/647] installing libevent-2.1.12-7.oe2303
[  265s] [385/647] installing openldap-2.6.3-2.oe2303
[  265s] [386/647] installing fipscheck-1.5.0-10.oe2303
[  266s] [387/647] installing kmod-libs-30-2.oe2303
[  266s] [388/647] installing nss-util-3.85.0-2.oe2303
[  267s] [389/647] installing kmod-30-2.oe2303
[  267s] [390/647] installing openssl-1:3.0.8-3.oe2303
[  268s] [391/647] installing libarchive-3.6.1-2.oe2303
[  268s] [392/647] installing debugedit-5.0-6.oe2303
[  269s] [393/647] installing libevent-devel-2.1.12-7.oe2303
[  269s] [394/647] installing libverto-0.3.2-3.oe2303
[  269s] [395/647] installing nss-softokn-3.85.0-2.oe2303
[  270s] [396/647] installing libldb-2.6.1-2.oe2303
[  270s] [397/647] installing libldb-devel-2.6.1-2.oe2303
[  271s] [398/647] installing python3-ldb-2.6.1-2.oe2303
[  271s] [399/647] installing krb5-libs-1.20.1-1.oe2303
[  272s] [400/647] installing libtirpc-1.3.3-2.oe2303
[  272s] [401/647] installing python3-ldb-devel-2.6.1-2.oe2303
[  273s] [402/647] installing libssh-0.10.4-2.oe2303
[  273s] [403/647] installing audit-1:3.0.9-1.oe2303
[  274s] Created symlink /etc/systemd/system/multi-user.target.wants/auditd.service -> /usr/lib/systemd/system/auditd.service.
[  274s] [404/647] installing libsoup3-3.2.2-1.oe2303
[  274s] [405/647] installing libnsl2-2.0.0-5.oe2303
[  275s] [406/647] installing libcurl-7.86.0-4.oe2303
[  275s] [407/647] installing libtracker-sparql3-3.4.2-1.oe2303
[  276s] [408/647] installing curl-7.86.0-4.oe2303
[  276s] [409/647] installing tpm2-tss-3.2.1-2.oe2303
[  277s] [410/647] installing pam-1.5.2-6.oe2303
[  278s] [411/647] installing ima-evm-utils-libs-1.4-1.oe2303
[  278s] [412/647] installing libpwquality-1.4.5-1.oe2303
[  278s] [413/647] installing libcap-2.66-1.oe2303
[  279s] [414/647] installing shadow-subid-devel-2:4.13-3.oe2303
[  279s] [415/647] installing sudo-1.9.12p2-3.oe2303
[  280s] [416/647] installing bubblewrap-0.4.1-1.oe2303
[  280s] [417/647] installing iputils-20221126-1.oe2303
[  281s] [418/647] installing gstreamer1-1.20.4-1.oe2303
[  282s] [419/647] installing systemd-libs-249-49.oe2303
[  283s] Detected system with incompatible nobody defined, creating /etc/systemd/dont-synthesize-nobody
[  283s] [420/647] installing shadow-2:4.13-3.oe2303
[  283s] [421/647] installing rpm-4.18.0-6.oe2303
[  284s] [422/647] installing efi-srpm-macros-4-9.oe2303
[  285s] [423/647] installing cmake-rpm-macros-3.24.3-1.oe2303
[  285s] [424/647] installing dbus-libs-1:1.14.0-2.oe2303
[  285s] [425/647] installing libgudev-237-2.oe2303
[  286s] [426/647] installing libusbx-1.0.26-1.oe2303
[  286s] [427/647] installing polkit-libs-122-2.oe2303
[  287s] [428/647] installing procps-ng-4.0.2-2.oe2303
[  287s] [429/647] installing libutempter-1.2.1-3.oe2303
[  288s] [430/647] installing webkit2gtk3-jsc-2.38.2-3.oe2303
[  291s] [431/647] installing erlang-erts-23.3.4.9-3.oe2303
[  293s] [432/647] installing rpm-libs-4.18.0-6.oe2303
[  294s] [433/647] installing gstreamer1-plugins-base-1.20.3-3.oe2303
[  295s] [434/647] installing systemd-249-49.oe2303
[  298s] [435/647] installing dbus-common-1:1.14.0-2.oe2303
[  299s] [436/647] installing dbus-tools-1:1.14.0-2.oe2303
[  299s] [437/647] installing erlang-erl_interface-23.3.4.9-3.oe2303
[  300s] [438/647] installing avahi-libs-0.8-15.oe2303
[  300s] [439/647] installing libgusb-0.3.10-1.oe2303
[  301s] [440/647] installing obs-env-1.0-7.oe2303
[  302s] fatal library error, lookup self
[  302s] [441/647] installing python3-dbus-1.3.2-1.oe2303
[  303s] [442/647] installing erlang-crypto-23.3.4.9-3.oe2303
[  303s] [443/647] installing libmodulemd-2.14.0-1.oe2303
[  304s] [444/647] installing net-tools-2.10-3.oe2303
[  305s] [445/647] installing pulseaudio-libs-16.1-8.oe2303
[  305s] [446/647] installing digest-list-tools-0.3.95-11.oe2303
[  306s] [447/647] installing sysprof-cli-3.46.0-1.oe2303
[  307s] [448/647] installing libsolv-0.7.22-1.oe2303
[  307s] [449/647] installing openEuler-rpm-config-30-37.oe2303
[  307s] [450/647] installing cmake-3.24.3-1.oe2303
[  313s] [451/647] installing python3-rpm-4.18.0-6.oe2303
[  313s] [452/647] installing util-linux-2.37.2-14.oe2303
[  315s] [453/647] installing pulseaudio-libs-glib2-16.1-8.oe2303
[  315s] [454/647] installing util-linux-devel-2.37.2-14.oe2303
[  316s] [455/647] installing cmake-data-3.24.3-1.oe2303
[  317s] [456/647] installing erlang-stdlib-23.3.4.9-3.oe2303
[  319s] [457/647] installing colord-libs-1.4.5-4.oe2303
[  319s] [458/647] installing device-mapper-8:1.02.182-2.oe2303
[  320s] [459/647] installing python3-devel-3.10.9-2.oe2303
[  327s] [460/647] installing dbus-daemon-1:1.14.0-2.oe2303
[  328s] [461/647] installing policycoreutils-3.4-1.oe2303
[  329s] Created symlink /etc/systemd/system/multi-user.target.wants/restorecond.service -> /usr/lib/systemd/system/restorecond.service.
[  329s] [462/647] installing rpm-build-4.18.0-6.oe2303
[  329s] [463/647] installing perl-4:5.34.0-4.oe2303
[  332s] [464/647] installing dbus-1:1.14.0-2.oe2303
[  332s] [465/647] installing erlang-kernel-23.3.4.9-3.oe2303
[  333s] [466/647] installing perl-B-Debug-1.26-6.oe2303
[  333s] [467/647] installing perl-Env-1.04-398.oe2303
[  333s] [468/647] installing perl-Text-Tabs+Wrap-2021.0814-2.oe2303
[  334s] [469/647] installing perl-Devel-PPPort-3.63-2.oe2303
[  334s] [470/647] installing perl-Algorithm-Diff-1:1.201-2.oe2303
[  334s] [471/647] installing perl-Params-Check-1:0.38-419.oe2303
[  335s] [472/647] installing perl-Term-Cap-1.17-511.oe2303
[  335s] [473/647] installing perl-TermReadKey-2.38-2.oe2303
[  335s] [474/647] installing perl-Text-Balanced-2.06-1.oe2303
[  336s] [475/647] installing perl-threads-2:2.26-2.oe2303
[  336s] [476/647] installing perl-CPAN-Meta-YAML-0.018-421.oe2303
[  337s] [477/647] installing perl-Config-Perl-V-0.33-2.oe2303
[  337s] [478/647] installing perl-Error-1:0.17029-3.oe2303
[  337s] [479/647] installing perl-Filter-2:1.64-1.oe2303
[  338s] [480/647] installing perl-IPC-SysV-2.09-2.oe2303
[  338s] [481/647] installing perl-Locale-Maketext-1:1.29-2.oe2303
[  339s] [482/647] installing perl-constant-1.33-422.oe2303
[  339s] [483/647] installing pesign-obs-integration-10.1-4.oe2303
[  339s] [484/647] installing selinux-policy-38.6-4.oe2303
[  340s] [485/647] installing perl-Socket-4:2.032-2.oe2303
[  341s] [486/647] installing perl-Storable-1:3.25-3.oe2303
[  341s] [487/647] installing device-mapper-event-8:1.02.182-2.oe2303
[  342s] Created symlink /etc/systemd/system/sockets.target.wants/dm-event.socket -> /usr/lib/systemd/system/dm-event.socket.
[  342s] [488/647] installing gcc_secure-1.0-0.12.oe2303
[  342s] [489/647] installing cryptsetup-2.6.0-2.oe2303
[  343s] [490/647] installing glib2-devel-2.74.4-2.oe2303
[  344s] [491/647] installing erlang-eunit-23.3.4.9-3.oe2303
[  345s] [492/647] installing erlang-ftp-23.3.4.9-3.oe2303
[  345s] [493/647] installing erlang-mnesia-23.3.4.9-3.oe2303
[  346s] [494/647] installing erlang-parsetools-23.3.4.9-3.oe2303
[  346s] [495/647] installing erlang-tftp-23.3.4.9-3.oe2303
[  347s] [496/647] installing erlang-xmerl-23.3.4.9-3.oe2303
[  347s] [497/647] installing graphene-devel-1.10.6-2.oe2303
[  348s] [498/647] installing xdg-dbus-proxy-0.1.2-1.oe2303
[  348s] [499/647] installing erlang-asn1-23.3.4.9-3.oe2303
[  349s] [500/647] installing erlang-syntax_tools-23.3.4.9-3.oe2303
[  350s] [501/647] installing polkit-devel-122-2.oe2303
[  350s] [502/647] installing selinux-policy-targeted-38.6-4.oe2303
[  353s] [503/647] installing erlang-odbc-23.3.4.9-3.oe2303
[  354s] [504/647] installing json-glib-devel-1.6.6-2.oe2303
[  354s] [505/647] installing perl-Filter-Simple-1:0.94-1.oe2303
[  354s] [506/647] installing perl-IO-Socket-IP-0.41-3.oe2303
[  355s] [507/647] installing perl-Text-Diff-1.45-8.oe2303
[  355s] [508/647] installing perl-Time-Local-2:1.300-2.oe2303
[  355s] [509/647] installing perl-version-8:0.99.29-2.oe2303
[  356s] [510/647] installing pulseaudio-libs-devel-16.1-8.oe2303
[  356s] [511/647] installing perl-IPC-System-Simple-1.30-3.oe2303
[  357s] [512/647] installing perl-threads-shared-1.62-2.oe2303
[  357s] [513/647] installing perl-Compress-Raw-Bzip2-2.201-1.oe2303
[  358s] [514/647] installing perl-Compress-Raw-Zlib-1:2.202-1.oe2303
[  358s] [515/647] installing perl-Locale-Codes-3.68-2.oe2303
[  359s] [516/647] installing perl-PathTools-3.80-2.oe2303
[  359s] [517/647] installing perl-Sys-Syslog-0.36-2.oe2303
[  360s] [518/647] installing perl-Math-BigInt-1:1.9998.27-2.oe2303
[  360s] [519/647] installing gdk-pixbuf2-devel-2.42.10-2.oe2303
[  361s] [520/647] installing perl-Data-Dumper-2.183-2.oe2303
[  361s] [521/647] installing unbound-libs-1.17.0-2.oe2303
[  362s] [522/647] installing at-spi2-core-2.44.1-2.oe2303
[  363s] [523/647] installing perl-Encode-4:3.16-2.oe2303
[  364s] [524/647] installing avahi-0.8-15.oe2303
[  365s] Created symlink /etc/systemd/system/sockets.target.wants/avahi-daemon.socket -> /usr/lib/systemd/system/avahi-daemon.socket.
[  365s] Created symlink /etc/systemd/system/dbus-org.freedesktop.Avahi.service -> /usr/lib/systemd/system/avahi-daemon.service.
[  365s] Created symlink /etc/systemd/system/multi-user.target.wants/avahi-daemon.service -> /usr/lib/systemd/system/avahi-daemon.service.
[  365s] [525/647] installing cairo-devel-1.17.4-3.oe2303
[  366s] [526/647] installing harfbuzz-devel-6.0.0-1.oe2303
[  367s] [527/647] installing lvm2-8:2.03.18-2.oe2303
[  368s] Created symlink /etc/systemd/system/sysinit.target.wants/lvm2-lvmpolld.socket -> /usr/lib/systemd/system/lvm2-lvmpolld.socket.
[  368s] [528/647] installing openssh-server-9.1p1-3.oe2303
[  369s] Created symlink /etc/systemd/system/multi-user.target.wants/sshd.service -> /usr/lib/systemd/system/sshd.service.
[  369s] [529/647] installing perl-Module-Load-1:0.36-2.oe2303
[  370s] [530/647] installing avahi-devel-0.8-15.oe2303
[  370s] [531/647] installing cairo-gobject-devel-1.17.4-3.oe2303
[  370s] [532/647] installing perl-Thread-Queue-3.13-4.oe2303
[  371s] [533/647] installing perl-experimental-0.030-1.oe2303
[  371s] [534/647] installing at-spi2-atk-2.38.0-2.oe2303
[  372s] [535/647] installing erlang-hipe-23.3.4.9-3.oe2303
[  372s] [536/647] installing erlang-public_key-23.3.4.9-3.oe2303
[  373s] [537/647] installing erlang-runtime_tools-23.3.4.9-3.oe2303
[  373s] [538/647] installing libraqm-devel-0.7.0-3.oe2303
[  374s] [539/647] installing perl-File-Path-2.18-2.oe2303
[  374s] [540/647] installing perl-Module-Metadata-1.000037-2.oe2303
[  375s] [541/647] installing perl-CPAN-Meta-Requirements-2.140-420.oe2303
[  375s] [542/647] installing perl-Encode-devel-4:3.16-2.oe2303
[  375s] [543/647] installing perl-HTTP-Tiny-0.080-1.oe2303
[  376s] [544/647] installing perl-Math-BigInt-FastCalc-0.5012-3.oe2303
[  376s] [545/647] installing perl-Math-BigRat-0.2620-2.oe2303
[  377s] [546/647] installing perl-Unicode-Collate-1.31-2.oe2303
[  378s] [547/647] installing perl-autodie-2.34-3.oe2303
[  378s] [548/647] installing openssh-9.1p1-3.oe2303
[  379s] [549/647] installing perl-libnet-3.14-2.oe2303
[  379s] [550/647] installing perl-podlators-1:4.14-2.oe2303
[  379s] [551/647] installing gnutls-3.7.8-2.oe2303
[  380s] [552/647] installing pango-devel-1.50.12-1.oe2303
[  382s] [553/647] installing NetworkManager-libnm-1:1.32.12-16.oe2303
[  383s] [554/647] installing cups-libs-1:2.4.0-5.oe2303
[  384s] [555/647] installing erlang-compiler-23.3.4.9-3.oe2303
[  384s] [556/647] installing erlang-ssh-23.3.4.9-3.oe2303
[  385s] [557/647] installing perl-ExtUtils-Command-1:7.62-2.oe2303
[  385s] [558/647] installing perl-ExtUtils-Manifest-1:1.73-2.oe2303
[  386s] [559/647] installing erlang-snmp-23.3.4.9-3.oe2303
[  387s] [560/647] installing perl-bignum-0.63-2.oe2303
[  387s] [561/647] installing erlang-inets-23.3.4.9-3.oe2303
[  388s] [562/647] installing perl-File-Temp-1:0.2311-3.oe2303
[  388s] [563/647] installing openssh-clients-9.1p1-3.oe2303
[  389s] [564/647] installing gnupg2-2.3.6-3.oe2303
[  390s] [565/647] installing gpgme-1.17.0-1.oe2303
[  391s] [566/647] installing erlang-otp_mibs-23.3.4.9-3.oe2303
[  391s] [567/647] installing erlang-ssl-23.3.4.9-3.oe2303
[  392s] [568/647] installing libproxy-0.4.18-1.oe2303
[  393s] [569/647] installing erlang-edoc-23.3.4.9-3.oe2303
[  393s] [570/647] installing erlang-tools-23.3.4.9-3.oe2303
[  394s] [571/647] installing git-core-2.39.1-3.oe2303
[  398s] [572/647] installing perl-Test-Simple-2:1.302188-2.oe2303
[  398s] [573/647] installing perl-Pod-Perldoc-1:3.28-5.oe2303
[  398s] [574/647] installing java-1.8.0-openjdk-headless-1:1.8.0.352.b08-5.oe2303
[  412s] [575/647] installing gtk2-2.24.33-7.oe2303
[  415s] [576/647] installing gtk3-3.24.36-1.oe2303
[  418s] [577/647] installing gtk4-4.9.1-1.oe2303
[  421s] [578/647] installing python3-gpgme-1.17.0-1.oe2303
[  422s] [579/647] installing erlang-sasl-23.3.4.9-3.oe2303
[  422s] [580/647] installing erlang-eldap-23.3.4.9-3.oe2303
[  423s] [581/647] installing erlang-erl_docgen-23.3.4.9-3.oe2303
[  423s] [582/647] installing javapackages-tools-5.3.0-5.oe2303
[  424s] [583/647] installing glib-networking-2.74.0-1.oe2303
[  425s] [584/647] installing libadwaita-1.2.0-1.oe2303
[  425s] [585/647] installing erlang-diameter-23.3.4.9-3.oe2303
[  426s] [586/647] installing librepo-1.15.1-1.oe2303
[  427s] [587/647] installing perl-Pod-Usage-4:2.03-2.oe2303
[  427s] [588/647] installing ghostscript-9.56.1-1.oe2303
[  431s] [589/647] installing gtk4-devel-4.9.1-1.oe2303
[  441s] [590/647] installing erlang-jinterface-23.3.4.9-3.oe2303
[  441s] [591/647] installing erlang-os_mon-23.3.4.9-3.oe2303
[  442s] [592/647] installing libsysprof-ui-3.46.0-1.oe2303
[  442s] [593/647] installing perl-Getopt-Long-1:2.52-2.oe2303
[  443s] [594/647] installing libsoup-2.74.3-1.oe2303
[  444s] [595/647] installing libdnf-0.69.0-3.oe2303
[  444s] [596/647] installing graphviz-2.48.0-3.oe2303
[  446s] [597/647] installing graphviz-devel-2.48.0-3.oe2303
[  447s] [598/647] installing gssdp-1.4.0.1-1.oe2303
[  447s] [599/647] installing perl-ExtUtils-ParseXS-2:3.35-2.oe2303
[  448s] [600/647] installing perl-Module-CoreList-1:5.20211020-2.oe2303
[  448s] [601/647] installing perl-Digest-SHA-1:6.02-8.oe2303
[  449s] [602/647] installing perl-Pod-Parser-1.63-399.oe2303
[  449s] [603/647] installing perl-Pod-Simple-1:3.43-2.oe2303
[  450s] [604/647] installing perl-Test-Harness-2:3.44-1.oe2303
[  450s] [605/647] installing sysprof-3.46.0-1.oe2303
[  452s] [606/647] installing perl-IO-Compress-2.201-1.oe2303
[  453s] [607/647] installing perl-JSON-PP-1:4.12-2.oe2303
[  453s] [608/647] installing autoconf-2.71-3.oe2303
[  454s] [609/647] installing python3-libdnf-0.69.0-3.oe2303
[  455s] [610/647] installing git-2.39.1-3.oe2303
[  460s] [611/647] installing webkit2gtk3-2.38.2-3.oe2303
[  469s] [612/647] installing perl-Git-2.39.1-3.oe2303
[  469s] [613/647] installing vala-devel-0.56.3-3.oe2303
[  470s] [614/647] installing gupnp-1.4.3-2.oe2303
[  471s] [615/647] installing perl-Pod-Checker-4:1.74-2.oe2303
[  471s] [616/647] installing perl-CPAN-Meta-2.150010-420.oe2303
[  472s] [617/647] installing perl-Module-Load-Conditional-0.74-2.oe2303
[  472s] [618/647] installing perl-Archive-Tar-2.40-2.oe2303
[  472s] [619/647] installing automake-1.16.5-4.oe2303
[  473s] [620/647] installing perl-ExtUtils-MakeMaker-1:7.62-2.oe2303
[  473s] [621/647] installing python3-hawkey-0.69.0-3.oe2303
[  474s] [622/647] installing wxGTK3-3.0.4-8.oe2303
[  476s] [623/647] installing gupnp-igd-1.2.0-1.oe2303
[  477s] [624/647] installing libtool-2.4.7-2.oe2303
[  478s] [625/647] installing perl-ExtUtils-Install-2.20-2.oe2303
[  478s] [626/647] installing python3-dnf-4.14.0-13.oe2303
[  479s] [627/647] installing erlang-wx-23.3.4.9-3.oe2303
[  480s] [628/647] installing perl-IPC-Cmd-2:1.04-4.oe2303
[  481s] [629/647] installing dnf-4.14.0-13.oe2303
[  481s] [630/647] installing libnice-0.1.19-1.oe2303
[  482s] [631/647] installing erlang-debugger-23.3.4.9-3.oe2303
[  483s] [632/647] installing erlang-et-23.3.4.9-3.oe2303
[  483s] [633/647] installing python3-dnf-plugins-core-4.3.1-2.oe2303
[  484s] [634/647] installing erlang-reltool-23.3.4.9-3.oe2303
[  484s] [635/647] installing erlang-dialyzer-23.3.4.9-3.oe2303
[  485s] [636/647] installing gobject-introspection-devel-1.74.0-1.oe2303
[  487s] [637/647] installing perl-File-Fetch-1.04-1.oe2303
[  487s] [638/647] installing dnf-plugins-core-4.3.1-2.oe2303
[  488s] [639/647] installing erlang-megaco-23.3.4.9-3.oe2303
[  490s] [640/647] installing erlang-observer-23.3.4.9-3.oe2303
[  491s] [641/647] installing vala-0.56.3-3.oe2303
[  492s] [642/647] installing gstreamer1-plugins-bad-free-1.16.2-6.oe2303
[  494s] [643/647] installing libadwaita-devel-1.2.0-1.oe2303
[  494s] [644/647] installing supermin-5.3.2-1.oe2303
[  495s] [645/647] installing erlang-common_test-23.3.4.9-3.oe2303
[  496s] [646/647] installing sysprof-devel-3.46.0-1.oe2303
[  496s] [647/647] installing erlang-23.3.4.9-3.oe2303
[  497s] now finalizing build dir...
[  497s] egrep: warning: egrep is obsolescent; using grep -E
[  498s] egrep: warning: egrep is obsolescent; using grep -E
[  498s] RTNETLINK answers: File exists
[  498s] RTNETLINK answers: Permission denied
[  498s] Network setup
[  498s] Cannot find device "eth0"
[  498s] Cannot find device "eth0"
[  498s] Cannot find device "eth0"
[  498s] Error: Nexthop has invalid gateway.
[  498s] /home/abuild/rpmbuild
[  499s] Running build time source services...
[  503s] -----------------------------------------------------------------
[  503s] ----- building spirv-tools.spec (user abuild)
[  503s] -----------------------------------------------------------------
[  503s] -----------------------------------------------------------------
[  503s] egrep: warning: egrep is obsolescent; using grep -E
[  504s] /.build:/.build:/sbin:/usr/sbin:/bin:/usr/bin:/.build:/sbin:/usr/sbin:/bin:/usr/bin:/usr/local/sbin:/usr/local/bin:/usr/sbin:/usr/bin:/sbin:/bin
[  504s] printenv PATH
[  504s] export PATH=/usr/local/sbin:/usr/local/bin:/usr/sbin:/usr/bin:/.build:/.build:/sbin:/usr/sbin:/bin:/usr/bin:/.build:/sbin:/usr/sbin:/bin:/usr/bin:/usr/local/sbin:/usr/local/bin:/usr/sbin:/usr/bin:/sbin:/bin
[  504s] rpmspec -P /home/abuild/rpmbuild/SOURCES/spirv-tools.spec || echo parse spec fail.
[  504s] #!/bin/sh -x
[  504s] exec "rpmbuild" "--noclean" "-ba" "--define" "_srcdefattr (-,root,root)" "--nosignature" "--define" "disturl obs://private/openEuler:23.03/23.03/175151385602ad8caf7f20ea161826ca-spirv-tools" "/home/abuild/rpmbuild/SOURCES/spirv-tools.spec"
[  504s] /usr/local/bin:/usr/bin
[  504s] Name:           spirv-tools
[  504s] Version:        2022.1
[  504s] Release:        2
[  504s] Summary:        API and commands for processing SPIR-V modules
[  504s] 
[  504s] License:        ASL 2.0
[  504s] URL:            https://github.com/KhronosGroup/SPIRV-Tools
[  504s] Source0:        https://github.com/KhronosGroup/SPIRV-Tools/archive/refs/tags/v2022.1.tar.gz
[  504s] 
[  504s] Patch0:		fix-gcc12-build-bug-with-Wrestrict.patch
[  504s] 
[  504s] BuildRequires:  cmake3
[  504s] BuildRequires:  gcc-c++
[  504s] BuildRequires:  ninja-build
[  504s] 
[  504s] 
[  504s] 
[  504s] BuildRequires:  python3-devel
[  504s] 
[  504s] BuildRequires:  python3-rpm-macros
[  504s] BuildRequires:  spirv-headers-devel
[  504s] Requires:       spirv-tools-libs(riscv-64) = 2022.1-2.oe2303
[  504s] 
[  504s] %description
[  504s] The package includes an assembler, binary module parser,
[  504s] disassembler, and validator for SPIR-V..
[  504s] 
[  504s] %package        libs
[  504s] Summary:        Library files for spirv-tools
[  504s] Provides:       spirv-tools-libs(riscv-64) = 2022.1
[  504s] 
[  504s] %description    libs
[  504s] library files for spirv-tools
[  504s] 
[  504s] %package        devel
[  504s] Summary:        Development files for spirv-tools
[  504s] Requires:       spirv-tools-libs(riscv-64) = 2022.1-2.oe2303
[  504s] 
[  504s] %description    devel
[  504s] Development files for spirv-tools
[  504s] 
[  504s] %prep
[  504s] 
[  504s] cd '/home/abuild/rpmbuild/BUILD'
[  504s] rm -rf 'SPIRV-Tools-2022.1'
[  504s] /usr/lib/rpm/rpmuncompress -x /home/abuild/rpmbuild/SOURCES/v2022.1.tar.gz
[  504s] STATUS=$?
[  504s] if [ $STATUS -ne 0 ]; then
[  504s]   exit $STATUS
[  504s] fi
[  504s] cd 'SPIRV-Tools-2022.1'
[  504s] /usr/bin/chmod -Rf a+rX,u+w,g-w,o-w .
[  504s] 
[  504s] 
[  504s] 
[  504s] /usr/lib/rpm/rpmuncompress /home/abuild/rpmbuild/SOURCES/fix-gcc12-build-bug-with-Wrestrict.patch | 
[  504s] /usr/bin/patch -p1 -s --fuzz=0 --no-backup-if-mismatch -f
[  504s] 
[  504s] 
[  504s] 
[  504s] /usr/bin/mkdir -p riscv64-openEuler-linux-gnu
[  504s] pushd riscv64-openEuler-linux-gnu
[  504s] 
[  504s]   CFLAGS="${CFLAGS:--O2 -g -pipe -Wall -Werror=format-security -Wp,-D_FORTIFY_SOURCE=2 -Wp,-D_GLIBCXX_ASSERTIONS -fstack-protector-strong -grecord-gcc-switches -specs=/usr/lib/rpm/generic-hardened-cc1 -fasynchronous-unwind-tables -fstack-clash-protection}" ; export CFLAGS ; 
[  504s]   CXXFLAGS="${CXXFLAGS:--O2 -g -pipe -Wall -Werror=format-security -Wp,-D_FORTIFY_SOURCE=2 -Wp,-D_GLIBCXX_ASSERTIONS -fstack-protector-strong -grecord-gcc-switches -specs=/usr/lib/rpm/generic-hardened-cc1 -fasynchronous-unwind-tables -fstack-clash-protection}" ; export CXXFLAGS ; 
[  504s]   FFLAGS="${FFLAGS:--O2 -g -pipe -Wall -Werror=format-security -Wp,-D_FORTIFY_SOURCE=2 -Wp,-D_GLIBCXX_ASSERTIONS -fstack-protector-strong -grecord-gcc-switches -specs=/usr/lib/rpm/generic-hardened-cc1 -fasynchronous-unwind-tables -fstack-clash-protection -I/usr/lib64/gfortran/modules}" ; export FFLAGS ; 
[  504s]   FCFLAGS="${FCFLAGS:--O2 -g -pipe -Wall -Werror=format-security -Wp,-D_FORTIFY_SOURCE=2 -Wp,-D_GLIBCXX_ASSERTIONS -fstack-protector-strong -grecord-gcc-switches -specs=/usr/lib/rpm/generic-hardened-cc1 -fasynchronous-unwind-tables -fstack-clash-protection -I/usr/lib64/gfortran/modules}" ; export FCFLAGS ; 
[  504s]   LDFLAGS="${LDFLAGS:--Wl,-z,relro   -Wl,-z,now -specs=/usr/lib/rpm/generic-hardened-ld}" ; export LDFLAGS ; 
[  504s]   /usr/bin/cmake \
[  504s]         -DCMAKE_C_FLAGS_RELEASE:STRING="-DNDEBUG" \
[  504s]         -DCMAKE_CXX_FLAGS_RELEASE:STRING="-DNDEBUG" \
[  504s]         -DCMAKE_Fortran_FLAGS_RELEASE:STRING="-DNDEBUG" \
[  504s]         -DCMAKE_VERBOSE_MAKEFILE:BOOL=ON \
[  504s]         -DCMAKE_INSTALL_PREFIX:PATH=/usr \
[  504s]         -DINCLUDE_INSTALL_DIR:PATH=/usr/include \
[  504s]         -DLIB_INSTALL_DIR:PATH=/usr/lib64 \
[  504s]         -DSYSCONF_INSTALL_DIR:PATH=/etc \
[  504s]         -DSHARE_INSTALL_PREFIX:PATH=/usr/share \
[  504s]         -DLIB_SUFFIX=64 \
[  504s]         -DBUILD_SHARED_LIBS:BOOL=ON -DCMAKE_BUILD_TYPE=Release \
[  504s]          -DCMAKE_INSTALL_LIBDIR=lib64 \
[  504s]          -DSPIRV-Headers_SOURCE_DIR=/usr \
[  504s]          -DPYTHON_EXECUTABLE=/usr/bin/python3 \
[  504s]          -DSPIRV_TOOLS_BUILD_STATIC=OFF \
[  504s]          -GNinja ..
[  504s] popd
[  504s] /usr/bin/cmake --build riscv64-openEuler-linux-gnu -j1 --verbose
[  504s] 
[  504s] 
[  504s] 
[  504s] %package debuginfo
[  504s] Summary: Debug information for package spirv-tools
[  504s] Group: Development/Debug
[  504s] AutoReq: 0
[  504s] AutoProv: 1
[  504s] %description debuginfo
[  504s] This package provides debug information for package spirv-tools.
[  504s] Debug information is useful when developing applications that use this
[  504s] package or when debugging this package.
[  504s] %files debuginfo -f debugfiles.list
[  504s] 
[  504s] 
[  504s] %package debugsource
[  504s] Summary: Debug sources for package spirv-tools
[  504s] Group: Development/Debug
[  504s] AutoReqProv: 0
[  504s] %description debugsource
[  504s] This package provides debug sources for package spirv-tools.
[  504s] Debug sources are useful when developing applications that use this
[  504s] package or when debugging this package.
[  504s] %files debugsource -f debugsourcefiles.list
[  504s] 
[  504s] 
[  504s] %install
[  504s] 
[  504s] #/usr/bin/make install DESTDIR=/home/abuild/rpmbuild/BUILDROOT/spirv-tools-2022.1-2.oe2303.riscv64 INSTALL="/usr/bin/install -p" -C riscv64-openEuler-linux-gnu
[  504s] DESTDIR="/home/abuild/rpmbuild/BUILDROOT/spirv-tools-2022.1-2.oe2303.riscv64" /usr/bin/cmake --install riscv64-openEuler-linux-gnu
[  504s] 
[  504s] 
[  504s] 
[  504s] %files
[  504s] %license LICENSE
[  504s] %doc README.md CHANGES
[  504s] /usr/bin/spirv-as
[  504s] /usr/bin/spirv-cfg
[  504s] /usr/bin/spirv-dis
[  504s] /usr/bin/spirv-lesspipe.sh
[  504s] /usr/bin/spirv-link
[  504s] /usr/bin/spirv-lint
[  504s] /usr/bin/spirv-opt
[  504s] /usr/bin/spirv-reduce
[  504s] /usr/bin/spirv-val
[  504s] 
[  504s] %files libs
[  504s] /usr/lib64/libSPIRV-Tools-link.so
[  504s] /usr/lib64/libSPIRV-Tools-lint.so
[  504s] /usr/lib64/libSPIRV-Tools-opt.so
[  504s] /usr/lib64/libSPIRV-Tools.so
[  504s] /usr/lib64/libSPIRV-Tools-reduce.so
[  504s] /usr/lib64/libSPIRV-Tools-shared.so
[  504s] 
[  504s] %files devel
[  504s] /usr/include/spirv-tools/
[  504s] /usr/lib64/cmake/*
[  504s] /usr/lib64/pkgconfig/SPIRV-Tools-shared.pc
[  504s] /usr/lib64/pkgconfig/SPIRV-Tools.pc
[  504s] 
[  504s] %changelog
[  504s] * Wed Feb 08 2023 wangjunqiang <wangjunqiang@iscas.ac.cn> - 2022.1-2
[  504s] - fix gcc 12 build
[  504s] 
[  504s] * Mon Jul 25 2022 loong_C <loong_c@yeah.net> - 2022.1-1
[  504s] - update to 2022.1
[  504s] 
[  504s] * Mon Dec 13 2021 wangqing <wangqing@uniontech.com> - 2019.5-2
[  504s] - delete .oe2303
[  504s] 
[  504s] * Fri Oct 09 2020 Zhiyi Weng <zhiyi@iscas.ac.cn> - 2019.5-1
[  504s] - Initial version.
[  504s] 
[  505s] Executing(%prep): /bin/sh -e /var/tmp/rpm-tmp.9lZDWb
[  505s] + umask 022
[  505s] + cd /home/abuild/rpmbuild/BUILD
[  505s] + case spirv-tools in
[  505s] + cd /home/abuild/rpmbuild/BUILD
[  505s] + rm -rf SPIRV-Tools-2022.1
[  505s] + /usr/lib/rpm/rpmuncompress -x /home/abuild/rpmbuild/SOURCES/v2022.1.tar.gz
[  505s] + STATUS=0
[  505s] + '[' 0 -ne 0 ']'
[  505s] + cd SPIRV-Tools-2022.1
[  505s] + /usr/bin/chmod -Rf a+rX,u+w,g-w,o-w .
[  505s] + /usr/lib/rpm/rpmuncompress /home/abuild/rpmbuild/SOURCES/fix-gcc12-build-bug-with-Wrestrict.patch
[  505s] + /usr/bin/patch -p1 -s --fuzz=0 --no-backup-if-mismatch -f
[  505s] + RPM_EC=0
[  505s] ++ jobs -p
[  505s] + exit 0
[  505s] Executing(%build): /bin/sh -e /var/tmp/rpm-tmp.AW2TIN
[  505s] + umask 022
[  505s] + cd /home/abuild/rpmbuild/BUILD
[  505s] + case spirv-tools in
[  505s] + cd SPIRV-Tools-2022.1
[  505s] + /usr/bin/mkdir -p riscv64-openEuler-linux-gnu
[  505s] + pushd riscv64-openEuler-linux-gnu
[  505s] ~/rpmbuild/BUILD/SPIRV-Tools-2022.1/riscv64-openEuler-linux-gnu ~/rpmbuild/BUILD/SPIRV-Tools-2022.1
[  505s] + CFLAGS='-O2 -g -pipe -Wall -Werror=format-security -Wp,-D_FORTIFY_SOURCE=2 -Wp,-D_GLIBCXX_ASSERTIONS -fstack-protector-strong -grecord-gcc-switches -specs=/usr/lib/rpm/generic-hardened-cc1 -fasynchronous-unwind-tables -fstack-clash-protection'
[  505s] + export CFLAGS
[  505s] + CXXFLAGS='-O2 -g -pipe -Wall -Werror=format-security -Wp,-D_FORTIFY_SOURCE=2 -Wp,-D_GLIBCXX_ASSERTIONS -fstack-protector-strong -grecord-gcc-switches -specs=/usr/lib/rpm/generic-hardened-cc1 -fasynchronous-unwind-tables -fstack-clash-protection'
[  505s] + export CXXFLAGS
[  505s] + FFLAGS='-O2 -g -pipe -Wall -Werror=format-security -Wp,-D_FORTIFY_SOURCE=2 -Wp,-D_GLIBCXX_ASSERTIONS -fstack-protector-strong -grecord-gcc-switches -specs=/usr/lib/rpm/generic-hardened-cc1 -fasynchronous-unwind-tables -fstack-clash-protection -I/usr/lib64/gfortran/modules'
[  505s] + export FFLAGS
[  505s] + FCFLAGS='-O2 -g -pipe -Wall -Werror=format-security -Wp,-D_FORTIFY_SOURCE=2 -Wp,-D_GLIBCXX_ASSERTIONS -fstack-protector-strong -grecord-gcc-switches -specs=/usr/lib/rpm/generic-hardened-cc1 -fasynchronous-unwind-tables -fstack-clash-protection -I/usr/lib64/gfortran/modules'
[  505s] + export FCFLAGS
[  505s] + LDFLAGS='-Wl,-z,relro   -Wl,-z,now -specs=/usr/lib/rpm/generic-hardened-ld'
[  505s] + export LDFLAGS
[  505s] + /usr/bin/cmake -DCMAKE_C_FLAGS_RELEASE:STRING=-DNDEBUG -DCMAKE_CXX_FLAGS_RELEASE:STRING=-DNDEBUG -DCMAKE_Fortran_FLAGS_RELEASE:STRING=-DNDEBUG -DCMAKE_VERBOSE_MAKEFILE:BOOL=ON -DCMAKE_INSTALL_PREFIX:PATH=/usr -DINCLUDE_INSTALL_DIR:PATH=/usr/include -DLIB_INSTALL_DIR:PATH=/usr/lib64 -DSYSCONF_INSTALL_DIR:PATH=/etc -DSHARE_INSTALL_PREFIX:PATH=/usr/share -DLIB_SUFFIX=64 -DBUILD_SHARED_LIBS:BOOL=ON -DCMAKE_BUILD_TYPE=Release -DCMAKE_INSTALL_LIBDIR=lib64 -DSPIRV-Headers_SOURCE_DIR=/usr -DPYTHON_EXECUTABLE=/usr/bin/python3 -DSPIRV_TOOLS_BUILD_STATIC=OFF -GNinja ..
[  507s] -- The C compiler identification is GNU 10.3.1
[  508s] -- The CXX compiler identification is GNU 10.3.1
[  509s] -- Detecting C compiler ABI info
[  510s] -- Detecting C compiler ABI info - done
[  510s] -- Check for working C compiler: /usr/bin/cc - skipped
[  510s] -- Detecting C compile features
[  510s] -- Detecting C compile features - done
[  510s] -- Detecting CXX compiler ABI info
[  512s] -- Detecting CXX compiler ABI info - done
[  512s] -- Check for working CXX compiler: /usr/bin/c++ - skipped
[  512s] -- Detecting CXX compile features
[  512s] -- Detecting CXX compile features - done
[  512s] -- Found PythonInterp: /usr/bin/python3 (found suitable version "3.10.9", minimum required is "3") 
[  512s] -- Did not find googletest, tests will not be built. To enable tests place googletest in '<spirv-dir>/external/googletest'.
[  512s] -- Configuring done
[  513s] -- Generating done
[  513s] CMake Warning:
[  513s]   Manually-specified variables were not used by the project:
[  513s] 
[  513s]     CMAKE_C_FLAGS_RELEASE
[  513s]     CMAKE_Fortran_FLAGS_RELEASE
[  513s]     CMAKE_VERBOSE_MAKEFILE
[  513s]     INCLUDE_INSTALL_DIR
[  513s]     LIB_INSTALL_DIR
[  513s]     LIB_SUFFIX
[  513s]     SHARE_INSTALL_PREFIX
[  513s]     SYSCONF_INSTALL_DIR
[  513s] 
[  513s] 
[  513s] -- Build files have been written to: /home/abuild/rpmbuild/BUILD/SPIRV-Tools-2022.1/riscv64-openEuler-linux-gnu
[  513s] + popd
[  513s] ~/rpmbuild/BUILD/SPIRV-Tools-2022.1
[  513s] + /usr/bin/cmake --build riscv64-openEuler-linux-gnu -j1 --verbose
[  513s] [1/322] cd /home/abuild/rpmbuild/BUILD/SPIRV-Tools-2022.1/riscv64-openEuler-linux-gnu && /usr/bin/cmake -DCHANGES_FILE=/home/abuild/rpmbuild/BUILD/SPIRV-Tools-2022.1/CHANGES -DTEMPLATE_FILE=/home/abuild/rpmbuild/BUILD/SPIRV-Tools-2022.1/cmake/SPIRV-Tools.pc.in -DOUT_FILE=/home/abuild/rpmbuild/BUILD/SPIRV-Tools-2022.1/riscv64-openEuler-linux-gnu/SPIRV-Tools.pc -DCMAKE_INSTALL_PREFIX=/usr -DCMAKE_INSTALL_LIBDIR=lib64 -DCMAKE_INSTALL_INCLUDEDIR=include -DSPIRV_LIBRARIES=-lSPIRV-Tools-opt\ -lSPIRV-Tools\ -lSPIRV-Tools-link -P /home/abuild/rpmbuild/BUILD/SPIRV-Tools-2022.1/cmake/write_pkg_config.cmake
[  513s] [2/322] cd /home/abuild/rpmbuild/BUILD/SPIRV-Tools-2022.1/riscv64-openEuler-linux-gnu && /usr/bin/cmake -DCHANGES_FILE=/home/abuild/rpmbuild/BUILD/SPIRV-Tools-2022.1/CHANGES -DTEMPLATE_FILE=/home/abuild/rpmbuild/BUILD/SPIRV-Tools-2022.1/cmake/SPIRV-Tools-shared.pc.in -DOUT_FILE=/home/abuild/rpmbuild/BUILD/SPIRV-Tools-2022.1/riscv64-openEuler-linux-gnu/SPIRV-Tools-shared.pc -DCMAKE_INSTALL_PREFIX=/usr -DCMAKE_INSTALL_LIBDIR=lib64 -DCMAKE_INSTALL_INCLUDEDIR=include -DSPIRV_SHARED_LIBRARIES=-lSPIRV-Tools-shared -P /home/abuild/rpmbuild/BUILD/SPIRV-Tools-2022.1/cmake/write_pkg_config.cmake
[  514s] [3/322] cd /home/abuild/rpmbuild/BUILD/SPIRV-Tools-2022.1/riscv64-openEuler-linux-gnu/source && /usr/bin/python3 /home/abuild/rpmbuild/BUILD/SPIRV-Tools-2022.1/utils/generate_grammar_tables.py --extinst-vendor-grammar=/usr/include/spirv/unified1/extinst.spv-amd-shader-explicit-vertex-parameter.grammar.json --vendor-insts-output=/home/abuild/rpmbuild/BUILD/SPIRV-Tools-2022.1/riscv64-openEuler-linux-gnu/spv-amd-shader-explicit-vertex-parameter.insts.inc --vendor-operand-kind-prefix=
[  514s] [4/322] cd /home/abuild/rpmbuild/BUILD/SPIRV-Tools-2022.1/riscv64-openEuler-linux-gnu/source && /usr/bin/python3 /home/abuild/rpmbuild/BUILD/SPIRV-Tools-2022.1/utils/generate_grammar_tables.py --extinst-vendor-grammar=/usr/include/spirv/unified1/extinst.spv-amd-shader-trinary-minmax.grammar.json --vendor-insts-output=/home/abuild/rpmbuild/BUILD/SPIRV-Tools-2022.1/riscv64-openEuler-linux-gnu/spv-amd-shader-trinary-minmax.insts.inc --vendor-operand-kind-prefix=
[  515s] [5/322] cd /home/abuild/rpmbuild/BUILD/SPIRV-Tools-2022.1/riscv64-openEuler-linux-gnu/source && /usr/bin/python3 /home/abuild/rpmbuild/BUILD/SPIRV-Tools-2022.1/utils/generate_grammar_tables.py --extinst-vendor-grammar=/usr/include/spirv/unified1/extinst.spv-amd-gcn-shader.grammar.json --vendor-insts-output=/home/abuild/rpmbuild/BUILD/SPIRV-Tools-2022.1/riscv64-openEuler-linux-gnu/spv-amd-gcn-shader.insts.inc --vendor-operand-kind-prefix=
[  515s] [6/322] cd /home/abuild/rpmbuild/BUILD/SPIRV-Tools-2022.1/riscv64-openEuler-linux-gnu/source && /usr/bin/python3 /home/abuild/rpmbuild/BUILD/SPIRV-Tools-2022.1/utils/generate_grammar_tables.py --extinst-vendor-grammar=/usr/include/spirv/unified1/extinst.spv-amd-shader-ballot.grammar.json --vendor-insts-output=/home/abuild/rpmbuild/BUILD/SPIRV-Tools-2022.1/riscv64-openEuler-linux-gnu/spv-amd-shader-ballot.insts.inc --vendor-operand-kind-prefix=
[  516s] [7/322] cd /home/abuild/rpmbuild/BUILD/SPIRV-Tools-2022.1/riscv64-openEuler-linux-gnu/source && /usr/bin/python3 /home/abuild/rpmbuild/BUILD/SPIRV-Tools-2022.1/utils/generate_grammar_tables.py --extinst-vendor-grammar=/usr/include/spirv/unified1/extinst.debuginfo.grammar.json --vendor-insts-output=/home/abuild/rpmbuild/BUILD/SPIRV-Tools-2022.1/riscv64-openEuler-linux-gnu/debuginfo.insts.inc --vendor-operand-kind-prefix=
[  516s] [8/322] cd /home/abuild/rpmbuild/BUILD/SPIRV-Tools-2022.1/riscv64-openEuler-linux-gnu/source && /usr/bin/python3 /home/abuild/rpmbuild/BUILD/SPIRV-Tools-2022.1/utils/generate_grammar_tables.py --extinst-vendor-grammar=/usr/include/spirv/unified1/extinst.opencl.debuginfo.100.grammar.json --vendor-insts-output=/home/abuild/rpmbuild/BUILD/SPIRV-Tools-2022.1/riscv64-openEuler-linux-gnu/opencl.debuginfo.100.insts.inc --vendor-operand-kind-prefix=CLDEBUG100_
[  517s] [9/322] cd /home/abuild/rpmbuild/BUILD/SPIRV-Tools-2022.1/riscv64-openEuler-linux-gnu/source && /usr/bin/python3 /home/abuild/rpmbuild/BUILD/SPIRV-Tools-2022.1/utils/generate_grammar_tables.py --extinst-vendor-grammar=/usr/include/spirv/unified1/extinst.nonsemantic.shader.debuginfo.100.grammar.json --vendor-insts-output=/home/abuild/rpmbuild/BUILD/SPIRV-Tools-2022.1/riscv64-openEuler-linux-gnu/nonsemantic.shader.debuginfo.100.insts.inc --vendor-operand-kind-prefix=SHDEBUG100_
[  517s] [10/322] cd /home/abuild/rpmbuild/BUILD/SPIRV-Tools-2022.1/riscv64-openEuler-linux-gnu/source && /usr/bin/python3 /home/abuild/rpmbuild/BUILD/SPIRV-Tools-2022.1/utils/generate_grammar_tables.py --extinst-vendor-grammar=/usr/include/spirv/unified1/extinst.nonsemantic.clspvreflection.grammar.json --vendor-insts-output=/home/abuild/rpmbuild/BUILD/SPIRV-Tools-2022.1/riscv64-openEuler-linux-gnu/nonsemantic.clspvreflection.insts.inc --vendor-operand-kind-prefix=
[  517s] [11/322] cd /home/abuild/rpmbuild/BUILD/SPIRV-Tools-2022.1/riscv64-openEuler-linux-gnu/source && /usr/bin/python3 /home/abuild/rpmbuild/BUILD/SPIRV-Tools-2022.1/utils/generate_language_headers.py --extinst-grammar=/usr/include/spirv/unified1/extinst.debuginfo.grammar.json --extinst-output-path=/home/abuild/rpmbuild/BUILD/SPIRV-Tools-2022.1/riscv64-openEuler-linux-gnu/DebugInfo.h
[  518s] [12/322] cd /home/abuild/rpmbuild/BUILD/SPIRV-Tools-2022.1/riscv64-openEuler-linux-gnu/source && /usr/bin/python3 /home/abuild/rpmbuild/BUILD/SPIRV-Tools-2022.1/utils/generate_language_headers.py --extinst-grammar=/usr/include/spirv/unified1/extinst.opencl.debuginfo.100.grammar.json --extinst-output-path=/home/abuild/rpmbuild/BUILD/SPIRV-Tools-2022.1/riscv64-openEuler-linux-gnu/OpenCLDebugInfo100.h
[  518s] [13/322] cd /home/abuild/rpmbuild/BUILD/SPIRV-Tools-2022.1/riscv64-openEuler-linux-gnu/source && /usr/bin/python3 /home/abuild/rpmbuild/BUILD/SPIRV-Tools-2022.1/utils/generate_language_headers.py --extinst-grammar=/usr/include/spirv/unified1/extinst.nonsemantic.shader.debuginfo.100.grammar.json --extinst-output-path=/home/abuild/rpmbuild/BUILD/SPIRV-Tools-2022.1/riscv64-openEuler-linux-gnu/NonSemanticShaderDebugInfo100.h
[  519s] [14/322] cd /home/abuild/rpmbuild/BUILD/SPIRV-Tools-2022.1/riscv64-openEuler-linux-gnu/source && /usr/bin/python3 /home/abuild/rpmbuild/BUILD/SPIRV-Tools-2022.1/utils/generate_grammar_tables.py --spirv-core-grammar=/usr/include/spirv/unified1/spirv.core.grammar.json --extinst-debuginfo-grammar=/usr/include/spirv/unified1/extinst.debuginfo.grammar.json --extinst-cldebuginfo100-grammar=/usr/include/spirv/unified1/extinst.opencl.debuginfo.100.grammar.json --core-insts-output=/home/abuild/rpmbuild/BUILD/SPIRV-Tools-2022.1/riscv64-openEuler-linux-gnu/core.insts-unified1.inc --operand-kinds-output=/home/abuild/rpmbuild/BUILD/SPIRV-Tools-2022.1/riscv64-openEuler-linux-gnu/operand.kinds-unified1.inc
[  520s] [15/322] cd /home/abuild/rpmbuild/BUILD/SPIRV-Tools-2022.1/riscv64-openEuler-linux-gnu/source && /usr/bin/python3 /home/abuild/rpmbuild/BUILD/SPIRV-Tools-2022.1/utils/generate_registry_tables.py --xml=/usr/include/spirv/spir-v.xml --generator-output=/home/abuild/rpmbuild/BUILD/SPIRV-Tools-2022.1/riscv64-openEuler-linux-gnu/generators.inc
[  520s] [16/322] cd /home/abuild/rpmbuild/BUILD/SPIRV-Tools-2022.1/riscv64-openEuler-linux-gnu/source && /usr/bin/python3 /home/abuild/rpmbuild/BUILD/SPIRV-Tools-2022.1/utils/generate_grammar_tables.py --spirv-core-grammar=/usr/include/spirv/unified1/spirv.core.grammar.json --extinst-debuginfo-grammar=/usr/include/spirv/unified1/extinst.debuginfo.grammar.json --extinst-cldebuginfo100-grammar=/usr/include/spirv/unified1/extinst.opencl.debuginfo.100.grammar.json --extension-enum-output=/home/abuild/rpmbuild/BUILD/SPIRV-Tools-2022.1/riscv64-openEuler-linux-gnu/extension_enum.inc --enum-string-mapping-output=/home/abuild/rpmbuild/BUILD/SPIRV-Tools-2022.1/riscv64-openEuler-linux-gnu/enum_string_mapping.inc
[  521s] [17/322] cd /home/abuild/rpmbuild/BUILD/SPIRV-Tools-2022.1/riscv64-openEuler-linux-gnu/source && /usr/bin/python3 /home/abuild/rpmbuild/BUILD/SPIRV-Tools-2022.1/utils/generate_grammar_tables.py --extinst-glsl-grammar=/usr/include/spirv/unified1/extinst.glsl.std.450.grammar.json --glsl-insts-output=/home/abuild/rpmbuild/BUILD/SPIRV-Tools-2022.1/riscv64-openEuler-linux-gnu/glsl.std.450.insts.inc
[  521s] [18/322] cd /home/abuild/rpmbuild/BUILD/SPIRV-Tools-2022.1/riscv64-openEuler-linux-gnu/source && /usr/bin/python3 /home/abuild/rpmbuild/BUILD/SPIRV-Tools-2022.1/utils/generate_grammar_tables.py --extinst-opencl-grammar=/usr/include/spirv/unified1/extinst.opencl.std.100.grammar.json --opencl-insts-output=/home/abuild/rpmbuild/BUILD/SPIRV-Tools-2022.1/riscv64-openEuler-linux-gnu/opencl.std.insts.inc
[  522s] [19/322] cd /home/abuild/rpmbuild/BUILD/SPIRV-Tools-2022.1/riscv64-openEuler-linux-gnu/source && /usr/bin/python3 /home/abuild/rpmbuild/BUILD/SPIRV-Tools-2022.1/utils/update_build_version.py /home/abuild/rpmbuild/BUILD/SPIRV-Tools-2022.1 /home/abuild/rpmbuild/BUILD/SPIRV-Tools-2022.1/riscv64-openEuler-linux-gnu/build-version.inc
[  526s] [20/322] /usr/bin/c++ -DSPIRV_COLOR_TERMINAL -DSPIRV_LINUX -DSPIRV_TIMER_ENABLED -DSPIRV_TOOLS_IMPLEMENTATION -DSPIRV_TOOLS_SHAREDLIB -DSPIRV_Tools_shared_EXPORTS -I/home/abuild/rpmbuild/BUILD/SPIRV-Tools-2022.1 -I/home/abuild/rpmbuild/BUILD/SPIRV-Tools-2022.1/include -I/home/abuild/rpmbuild/BUILD/SPIRV-Tools-2022.1/riscv64-openEuler-linux-gnu -O2 -g -pipe -Wall -Werror=format-security -Wp,-D_FORTIFY_SOURCE=2 -Wp,-D_GLIBCXX_ASSERTIONS -fstack-protector-strong -grecord-gcc-switches -specs=/usr/lib/rpm/generic-hardened-cc1 -fasynchronous-unwind-tables -fstack-clash-protection -DNDEBUG -fPIC -fvisibility=hidden -Wall -Wextra -Wnon-virtual-dtor -Wno-missing-field-initializers -Werror -std=c++11 -fno-exceptions -Wno-long-long -Wshadow -Wundef -Wconversion -Wno-sign-conversion -std=gnu++11 -MD -MT source/CMakeFiles/SPIRV-Tools-shared.dir/util/bit_vector.cpp.o -MF source/CMakeFiles/SPIRV-Tools-shared.dir/util/bit_vector.cpp.o.d -o source/CMakeFiles/SPIRV-Tools-shared.dir/util/bit_vector.cpp.o -c /home/abuild/rpmbuild/BUILD/SPIRV-Tools-2022.1/source/util/bit_vector.cpp
[  536s] [21/322] /usr/bin/c++ -DSPIRV_COLOR_TERMINAL -DSPIRV_LINUX -DSPIRV_TIMER_ENABLED -DSPIRV_TOOLS_IMPLEMENTATION -DSPIRV_TOOLS_SHAREDLIB -DSPIRV_Tools_shared_EXPORTS -I/home/abuild/rpmbuild/BUILD/SPIRV-Tools-2022.1 -I/home/abuild/rpmbuild/BUILD/SPIRV-Tools-2022.1/include -I/home/abuild/rpmbuild/BUILD/SPIRV-Tools-2022.1/riscv64-openEuler-linux-gnu -O2 -g -pipe -Wall -Werror=format-security -Wp,-D_FORTIFY_SOURCE=2 -Wp,-D_GLIBCXX_ASSERTIONS -fstack-protector-strong -grecord-gcc-switches -specs=/usr/lib/rpm/generic-hardened-cc1 -fasynchronous-unwind-tables -fstack-clash-protection -DNDEBUG -fPIC -fvisibility=hidden -Wall -Wextra -Wnon-virtual-dtor -Wno-missing-field-initializers -Werror -std=c++11 -fno-exceptions -Wno-long-long -Wshadow -Wundef -Wconversion -Wno-sign-conversion -std=gnu++11 -MD -MT source/CMakeFiles/SPIRV-Tools-shared.dir/util/parse_number.cpp.o -MF source/CMakeFiles/SPIRV-Tools-shared.dir/util/parse_number.cpp.o.d -o source/CMakeFiles/SPIRV-Tools-shared.dir/util/parse_number.cpp.o -c /home/abuild/rpmbuild/BUILD/SPIRV-Tools-2022.1/source/util/parse_number.cpp
[  542s] [22/322] /usr/bin/c++ -DSPIRV_COLOR_TERMINAL -DSPIRV_LINUX -DSPIRV_TIMER_ENABLED -DSPIRV_TOOLS_IMPLEMENTATION -DSPIRV_TOOLS_SHAREDLIB -DSPIRV_Tools_shared_EXPORTS -I/home/abuild/rpmbuild/BUILD/SPIRV-Tools-2022.1 -I/home/abuild/rpmbuild/BUILD/SPIRV-Tools-2022.1/include -I/home/abuild/rpmbuild/BUILD/SPIRV-Tools-2022.1/riscv64-openEuler-linux-gnu -O2 -g -pipe -Wall -Werror=format-security -Wp,-D_FORTIFY_SOURCE=2 -Wp,-D_GLIBCXX_ASSERTIONS -fstack-protector-strong -grecord-gcc-switches -specs=/usr/lib/rpm/generic-hardened-cc1 -fasynchronous-unwind-tables -fstack-clash-protection -DNDEBUG -fPIC -fvisibility=hidden -Wall -Wextra -Wnon-virtual-dtor -Wno-missing-field-initializers -Werror -std=c++11 -fno-exceptions -Wno-long-long -Wshadow -Wundef -Wconversion -Wno-sign-conversion -std=gnu++11 -MD -MT source/CMakeFiles/SPIRV-Tools-shared.dir/util/string_utils.cpp.o -MF source/CMakeFiles/SPIRV-Tools-shared.dir/util/string_utils.cpp.o.d -o source/CMakeFiles/SPIRV-Tools-shared.dir/util/string_utils.cpp.o -c /home/abuild/rpmbuild/BUILD/SPIRV-Tools-2022.1/source/util/string_utils.cpp
[  547s] [23/322] /usr/bin/c++ -DSPIRV_COLOR_TERMINAL -DSPIRV_LINUX -DSPIRV_TIMER_ENABLED -DSPIRV_TOOLS_IMPLEMENTATION -DSPIRV_TOOLS_SHAREDLIB -DSPIRV_Tools_shared_EXPORTS -I/home/abuild/rpmbuild/BUILD/SPIRV-Tools-2022.1 -I/home/abuild/rpmbuild/BUILD/SPIRV-Tools-2022.1/include -I/home/abuild/rpmbuild/BUILD/SPIRV-Tools-2022.1/riscv64-openEuler-linux-gnu -O2 -g -pipe -Wall -Werror=format-security -Wp,-D_FORTIFY_SOURCE=2 -Wp,-D_GLIBCXX_ASSERTIONS -fstack-protector-strong -grecord-gcc-switches -specs=/usr/lib/rpm/generic-hardened-cc1 -fasynchronous-unwind-tables -fstack-clash-protection -DNDEBUG -fPIC -fvisibility=hidden -Wall -Wextra -Wnon-virtual-dtor -Wno-missing-field-initializers -Werror -std=c++11 -fno-exceptions -Wno-long-long -Wshadow -Wundef -Wconversion -Wno-sign-conversion -std=gnu++11 -MD -MT source/CMakeFiles/SPIRV-Tools-shared.dir/assembly_grammar.cpp.o -MF source/CMakeFiles/SPIRV-Tools-shared.dir/assembly_grammar.cpp.o.d -o source/CMakeFiles/SPIRV-Tools-shared.dir/assembly_grammar.cpp.o -c /home/abuild/rpmbuild/BUILD/SPIRV-Tools-2022.1/source/assembly_grammar.cpp
[  558s] [24/322] /usr/bin/c++ -DSPIRV_COLOR_TERMINAL -DSPIRV_LINUX -DSPIRV_TIMER_ENABLED -DSPIRV_TOOLS_IMPLEMENTATION -DSPIRV_TOOLS_SHAREDLIB -DSPIRV_Tools_shared_EXPORTS -I/home/abuild/rpmbuild/BUILD/SPIRV-Tools-2022.1 -I/home/abuild/rpmbuild/BUILD/SPIRV-Tools-2022.1/include -I/home/abuild/rpmbuild/BUILD/SPIRV-Tools-2022.1/riscv64-openEuler-linux-gnu -O2 -g -pipe -Wall -Werror=format-security -Wp,-D_FORTIFY_SOURCE=2 -Wp,-D_GLIBCXX_ASSERTIONS -fstack-protector-strong -grecord-gcc-switches -specs=/usr/lib/rpm/generic-hardened-cc1 -fasynchronous-unwind-tables -fstack-clash-protection -DNDEBUG -fPIC -fvisibility=hidden -Wall -Wextra -Wnon-virtual-dtor -Wno-missing-field-initializers -Werror -std=c++11 -fno-exceptions -Wno-long-long -Wshadow -Wundef -Wconversion -Wno-sign-conversion -std=gnu++11 -MD -MT source/CMakeFiles/SPIRV-Tools-shared.dir/binary.cpp.o -MF source/CMakeFiles/SPIRV-Tools-shared.dir/binary.cpp.o.d -o source/CMakeFiles/SPIRV-Tools-shared.dir/binary.cpp.o -c /home/abuild/rpmbuild/BUILD/SPIRV-Tools-2022.1/source/binary.cpp
[  564s] [25/322] /usr/bin/c++ -DSPIRV_COLOR_TERMINAL -DSPIRV_LINUX -DSPIRV_TIMER_ENABLED -DSPIRV_TOOLS_IMPLEMENTATION -DSPIRV_TOOLS_SHAREDLIB -DSPIRV_Tools_shared_EXPORTS -I/home/abuild/rpmbuild/BUILD/SPIRV-Tools-2022.1 -I/home/abuild/rpmbuild/BUILD/SPIRV-Tools-2022.1/include -I/home/abuild/rpmbuild/BUILD/SPIRV-Tools-2022.1/riscv64-openEuler-linux-gnu -O2 -g -pipe -Wall -Werror=format-security -Wp,-D_FORTIFY_SOURCE=2 -Wp,-D_GLIBCXX_ASSERTIONS -fstack-protector-strong -grecord-gcc-switches -specs=/usr/lib/rpm/generic-hardened-cc1 -fasynchronous-unwind-tables -fstack-clash-protection -DNDEBUG -fPIC -fvisibility=hidden -Wall -Wextra -Wnon-virtual-dtor -Wno-missing-field-initializers -Werror -std=c++11 -fno-exceptions -Wno-long-long -Wshadow -Wundef -Wconversion -Wno-sign-conversion -std=gnu++11 -MD -MT source/CMakeFiles/SPIRV-Tools-shared.dir/diagnostic.cpp.o -MF source/CMakeFiles/SPIRV-Tools-shared.dir/diagnostic.cpp.o.d -o source/CMakeFiles/SPIRV-Tools-shared.dir/diagnostic.cpp.o -c /home/abuild/rpmbuild/BUILD/SPIRV-Tools-2022.1/source/diagnostic.cpp
[  574s] [26/322] /usr/bin/c++ -DSPIRV_COLOR_TERMINAL -DSPIRV_LINUX -DSPIRV_TIMER_ENABLED -DSPIRV_TOOLS_IMPLEMENTATION -DSPIRV_TOOLS_SHAREDLIB -DSPIRV_Tools_shared_EXPORTS -I/home/abuild/rpmbuild/BUILD/SPIRV-Tools-2022.1 -I/home/abuild/rpmbuild/BUILD/SPIRV-Tools-2022.1/include -I/home/abuild/rpmbuild/BUILD/SPIRV-Tools-2022.1/riscv64-openEuler-linux-gnu -O2 -g -pipe -Wall -Werror=format-security -Wp,-D_FORTIFY_SOURCE=2 -Wp,-D_GLIBCXX_ASSERTIONS -fstack-protector-strong -grecord-gcc-switches -specs=/usr/lib/rpm/generic-hardened-cc1 -fasynchronous-unwind-tables -fstack-clash-protection -DNDEBUG -fPIC -fvisibility=hidden -Wall -Wextra -Wnon-virtual-dtor -Wno-missing-field-initializers -Werror -std=c++11 -fno-exceptions -Wno-long-long -Wshadow -Wundef -Wconversion -Wno-sign-conversion -std=gnu++11 -MD -MT source/CMakeFiles/SPIRV-Tools-shared.dir/disassemble.cpp.o -MF source/CMakeFiles/SPIRV-Tools-shared.dir/disassemble.cpp.o.d -o source/CMakeFiles/SPIRV-Tools-shared.dir/disassemble.cpp.o -c /home/abuild/rpmbuild/BUILD/SPIRV-Tools-2022.1/source/disassemble.cpp
[  579s] [27/322] /usr/bin/c++ -DSPIRV_COLOR_TERMINAL -DSPIRV_LINUX -DSPIRV_TIMER_ENABLED -DSPIRV_TOOLS_IMPLEMENTATION -DSPIRV_TOOLS_SHAREDLIB -DSPIRV_Tools_shared_EXPORTS -I/home/abuild/rpmbuild/BUILD/SPIRV-Tools-2022.1 -I/home/abuild/rpmbuild/BUILD/SPIRV-Tools-2022.1/include -I/home/abuild/rpmbuild/BUILD/SPIRV-Tools-2022.1/riscv64-openEuler-linux-gnu -O2 -g -pipe -Wall -Werror=format-security -Wp,-D_FORTIFY_SOURCE=2 -Wp,-D_GLIBCXX_ASSERTIONS -fstack-protector-strong -grecord-gcc-switches -specs=/usr/lib/rpm/generic-hardened-cc1 -fasynchronous-unwind-tables -fstack-clash-protection -DNDEBUG -fPIC -fvisibility=hidden -Wall -Wextra -Wnon-virtual-dtor -Wno-missing-field-initializers -Werror -std=c++11 -fno-exceptions -Wno-long-long -Wshadow -Wundef -Wconversion -Wno-sign-conversion -std=gnu++11 -MD -MT source/CMakeFiles/SPIRV-Tools-shared.dir/enum_string_mapping.cpp.o -MF source/CMakeFiles/SPIRV-Tools-shared.dir/enum_string_mapping.cpp.o.d -o source/CMakeFiles/SPIRV-Tools-shared.dir/enum_string_mapping.cpp.o -c /home/abuild/rpmbuild/BUILD/SPIRV-Tools-2022.1/source/enum_string_mapping.cpp
[  583s] [28/322] /usr/bin/c++ -DSPIRV_COLOR_TERMINAL -DSPIRV_LINUX -DSPIRV_TIMER_ENABLED -DSPIRV_TOOLS_IMPLEMENTATION -DSPIRV_TOOLS_SHAREDLIB -DSPIRV_Tools_shared_EXPORTS -I/home/abuild/rpmbuild/BUILD/SPIRV-Tools-2022.1 -I/home/abuild/rpmbuild/BUILD/SPIRV-Tools-2022.1/include -I/home/abuild/rpmbuild/BUILD/SPIRV-Tools-2022.1/riscv64-openEuler-linux-gnu -O2 -g -pipe -Wall -Werror=format-security -Wp,-D_FORTIFY_SOURCE=2 -Wp,-D_GLIBCXX_ASSERTIONS -fstack-protector-strong -grecord-gcc-switches -specs=/usr/lib/rpm/generic-hardened-cc1 -fasynchronous-unwind-tables -fstack-clash-protection -DNDEBUG -fPIC -fvisibility=hidden -Wall -Wextra -Wnon-virtual-dtor -Wno-missing-field-initializers -Werror -std=c++11 -fno-exceptions -Wno-long-long -Wshadow -Wundef -Wconversion -Wno-sign-conversion -std=gnu++11 -MD -MT source/CMakeFiles/SPIRV-Tools-shared.dir/ext_inst.cpp.o -MF source/CMakeFiles/SPIRV-Tools-shared.dir/ext_inst.cpp.o.d -o source/CMakeFiles/SPIRV-Tools-shared.dir/ext_inst.cpp.o -c /home/abuild/rpmbuild/BUILD/SPIRV-Tools-2022.1/source/ext_inst.cpp
[  588s] [29/322] /usr/bin/c++ -DSPIRV_COLOR_TERMINAL -DSPIRV_LINUX -DSPIRV_TIMER_ENABLED -DSPIRV_TOOLS_IMPLEMENTATION -DSPIRV_TOOLS_SHAREDLIB -DSPIRV_Tools_shared_EXPORTS -I/home/abuild/rpmbuild/BUILD/SPIRV-Tools-2022.1 -I/home/abuild/rpmbuild/BUILD/SPIRV-Tools-2022.1/include -I/home/abuild/rpmbuild/BUILD/SPIRV-Tools-2022.1/riscv64-openEuler-linux-gnu -O2 -g -pipe -Wall -Werror=format-security -Wp,-D_FORTIFY_SOURCE=2 -Wp,-D_GLIBCXX_ASSERTIONS -fstack-protector-strong -grecord-gcc-switches -specs=/usr/lib/rpm/generic-hardened-cc1 -fasynchronous-unwind-tables -fstack-clash-protection -DNDEBUG -fPIC -fvisibility=hidden -Wall -Wextra -Wnon-virtual-dtor -Wno-missing-field-initializers -Werror -std=c++11 -fno-exceptions -Wno-long-long -Wshadow -Wundef -Wconversion -Wno-sign-conversion -std=gnu++11 -MD -MT source/CMakeFiles/SPIRV-Tools-shared.dir/extensions.cpp.o -MF source/CMakeFiles/SPIRV-Tools-shared.dir/extensions.cpp.o.d -o source/CMakeFiles/SPIRV-Tools-shared.dir/extensions.cpp.o -c /home/abuild/rpmbuild/BUILD/SPIRV-Tools-2022.1/source/extensions.cpp
[  594s] [30/322] /usr/bin/c++ -DSPIRV_COLOR_TERMINAL -DSPIRV_LINUX -DSPIRV_TIMER_ENABLED -DSPIRV_TOOLS_IMPLEMENTATION -DSPIRV_TOOLS_SHAREDLIB -DSPIRV_Tools_shared_EXPORTS -I/home/abuild/rpmbuild/BUILD/SPIRV-Tools-2022.1 -I/home/abuild/rpmbuild/BUILD/SPIRV-Tools-2022.1/include -I/home/abuild/rpmbuild/BUILD/SPIRV-Tools-2022.1/riscv64-openEuler-linux-gnu -O2 -g -pipe -Wall -Werror=format-security -Wp,-D_FORTIFY_SOURCE=2 -Wp,-D_GLIBCXX_ASSERTIONS -fstack-protector-strong -grecord-gcc-switches -specs=/usr/lib/rpm/generic-hardened-cc1 -fasynchronous-unwind-tables -fstack-clash-protection -DNDEBUG -fPIC -fvisibility=hidden -Wall -Wextra -Wnon-virtual-dtor -Wno-missing-field-initializers -Werror -std=c++11 -fno-exceptions -Wno-long-long -Wshadow -Wundef -Wconversion -Wno-sign-conversion -std=gnu++11 -MD -MT source/CMakeFiles/SPIRV-Tools-shared.dir/libspirv.cpp.o -MF source/CMakeFiles/SPIRV-Tools-shared.dir/libspirv.cpp.o.d -o source/CMakeFiles/SPIRV-Tools-shared.dir/libspirv.cpp.o -c /home/abuild/rpmbuild/BUILD/SPIRV-Tools-2022.1/source/libspirv.cpp
[  605s] [31/322] /usr/bin/c++ -DSPIRV_COLOR_TERMINAL -DSPIRV_LINUX -DSPIRV_TIMER_ENABLED -DSPIRV_TOOLS_IMPLEMENTATION -DSPIRV_TOOLS_SHAREDLIB -DSPIRV_Tools_shared_EXPORTS -I/home/abuild/rpmbuild/BUILD/SPIRV-Tools-2022.1 -I/home/abuild/rpmbuild/BUILD/SPIRV-Tools-2022.1/include -I/home/abuild/rpmbuild/BUILD/SPIRV-Tools-2022.1/riscv64-openEuler-linux-gnu -O2 -g -pipe -Wall -Werror=format-security -Wp,-D_FORTIFY_SOURCE=2 -Wp,-D_GLIBCXX_ASSERTIONS -fstack-protector-strong -grecord-gcc-switches -specs=/usr/lib/rpm/generic-hardened-cc1 -fasynchronous-unwind-tables -fstack-clash-protection -DNDEBUG -fPIC -fvisibility=hidden -Wall -Wextra -Wnon-virtual-dtor -Wno-missing-field-initializers -Werror -std=c++11 -fno-exceptions -Wno-long-long -Wshadow -Wundef -Wconversion -Wno-sign-conversion -std=gnu++11 -MD -MT source/CMakeFiles/SPIRV-Tools-shared.dir/name_mapper.cpp.o -MF source/CMakeFiles/SPIRV-Tools-shared.dir/name_mapper.cpp.o.d -o source/CMakeFiles/SPIRV-Tools-shared.dir/name_mapper.cpp.o -c /home/abuild/rpmbuild/BUILD/SPIRV-Tools-2022.1/source/name_mapper.cpp
[  611s] [32/322] /usr/bin/c++ -DSPIRV_COLOR_TERMINAL -DSPIRV_LINUX -DSPIRV_TIMER_ENABLED -DSPIRV_TOOLS_IMPLEMENTATION -DSPIRV_TOOLS_SHAREDLIB -DSPIRV_Tools_shared_EXPORTS -I/home/abuild/rpmbuild/BUILD/SPIRV-Tools-2022.1 -I/home/abuild/rpmbuild/BUILD/SPIRV-Tools-2022.1/include -I/home/abuild/rpmbuild/BUILD/SPIRV-Tools-2022.1/riscv64-openEuler-linux-gnu -O2 -g -pipe -Wall -Werror=format-security -Wp,-D_FORTIFY_SOURCE=2 -Wp,-D_GLIBCXX_ASSERTIONS -fstack-protector-strong -grecord-gcc-switches -specs=/usr/lib/rpm/generic-hardened-cc1 -fasynchronous-unwind-tables -fstack-clash-protection -DNDEBUG -fPIC -fvisibility=hidden -Wall -Wextra -Wnon-virtual-dtor -Wno-missing-field-initializers -Werror -std=c++11 -fno-exceptions -Wno-long-long -Wshadow -Wundef -Wconversion -Wno-sign-conversion -std=gnu++11 -MD -MT source/CMakeFiles/SPIRV-Tools-shared.dir/opcode.cpp.o -MF source/CMakeFiles/SPIRV-Tools-shared.dir/opcode.cpp.o.d -o source/CMakeFiles/SPIRV-Tools-shared.dir/opcode.cpp.o -c /home/abuild/rpmbuild/BUILD/SPIRV-Tools-2022.1/source/opcode.cpp
[  619s] [33/322] /usr/bin/c++ -DSPIRV_COLOR_TERMINAL -DSPIRV_LINUX -DSPIRV_TIMER_ENABLED -DSPIRV_TOOLS_IMPLEMENTATION -DSPIRV_TOOLS_SHAREDLIB -DSPIRV_Tools_shared_EXPORTS -I/home/abuild/rpmbuild/BUILD/SPIRV-Tools-2022.1 -I/home/abuild/rpmbuild/BUILD/SPIRV-Tools-2022.1/include -I/home/abuild/rpmbuild/BUILD/SPIRV-Tools-2022.1/riscv64-openEuler-linux-gnu -O2 -g -pipe -Wall -Werror=format-security -Wp,-D_FORTIFY_SOURCE=2 -Wp,-D_GLIBCXX_ASSERTIONS -fstack-protector-strong -grecord-gcc-switches -specs=/usr/lib/rpm/generic-hardened-cc1 -fasynchronous-unwind-tables -fstack-clash-protection -DNDEBUG -fPIC -fvisibility=hidden -Wall -Wextra -Wnon-virtual-dtor -Wno-missing-field-initializers -Werror -std=c++11 -fno-exceptions -Wno-long-long -Wshadow -Wundef -Wconversion -Wno-sign-conversion -std=gnu++11 -MD -MT source/CMakeFiles/SPIRV-Tools-shared.dir/operand.cpp.o -MF source/CMakeFiles/SPIRV-Tools-shared.dir/operand.cpp.o.d -o source/CMakeFiles/SPIRV-Tools-shared.dir/operand.cpp.o -c /home/abuild/rpmbuild/BUILD/SPIRV-Tools-2022.1/source/operand.cpp
[  624s] [34/322] /usr/bin/c++ -DSPIRV_COLOR_TERMINAL -DSPIRV_LINUX -DSPIRV_TIMER_ENABLED -DSPIRV_TOOLS_IMPLEMENTATION -DSPIRV_TOOLS_SHAREDLIB -DSPIRV_Tools_shared_EXPORTS -I/home/abuild/rpmbuild/BUILD/SPIRV-Tools-2022.1 -I/home/abuild/rpmbuild/BUILD/SPIRV-Tools-2022.1/include -I/home/abuild/rpmbuild/BUILD/SPIRV-Tools-2022.1/riscv64-openEuler-linux-gnu -O2 -g -pipe -Wall -Werror=format-security -Wp,-D_FORTIFY_SOURCE=2 -Wp,-D_GLIBCXX_ASSERTIONS -fstack-protector-strong -grecord-gcc-switches -specs=/usr/lib/rpm/generic-hardened-cc1 -fasynchronous-unwind-tables -fstack-clash-protection -DNDEBUG -fPIC -fvisibility=hidden -Wall -Wextra -Wnon-virtual-dtor -Wno-missing-field-initializers -Werror -std=c++11 -fno-exceptions -Wno-long-long -Wshadow -Wundef -Wconversion -Wno-sign-conversion -std=gnu++11 -MD -MT source/CMakeFiles/SPIRV-Tools-shared.dir/parsed_operand.cpp.o -MF source/CMakeFiles/SPIRV-Tools-shared.dir/parsed_operand.cpp.o.d -o source/CMakeFiles/SPIRV-Tools-shared.dir/parsed_operand.cpp.o -c /home/abuild/rpmbuild/BUILD/SPIRV-Tools-2022.1/source/parsed_operand.cpp
[  627s] [35/322] /usr/bin/c++ -DSPIRV_COLOR_TERMINAL -DSPIRV_LINUX -DSPIRV_TIMER_ENABLED -DSPIRV_TOOLS_IMPLEMENTATION -DSPIRV_TOOLS_SHAREDLIB -DSPIRV_Tools_shared_EXPORTS -I/home/abuild/rpmbuild/BUILD/SPIRV-Tools-2022.1 -I/home/abuild/rpmbuild/BUILD/SPIRV-Tools-2022.1/include -I/home/abuild/rpmbuild/BUILD/SPIRV-Tools-2022.1/riscv64-openEuler-linux-gnu -O2 -g -pipe -Wall -Werror=format-security -Wp,-D_FORTIFY_SOURCE=2 -Wp,-D_GLIBCXX_ASSERTIONS -fstack-protector-strong -grecord-gcc-switches -specs=/usr/lib/rpm/generic-hardened-cc1 -fasynchronous-unwind-tables -fstack-clash-protection -DNDEBUG -fPIC -fvisibility=hidden -Wall -Wextra -Wnon-virtual-dtor -Wno-missing-field-initializers -Werror -std=c++11 -fno-exceptions -Wno-long-long -Wshadow -Wundef -Wconversion -Wno-sign-conversion -std=gnu++11 -MD -MT source/CMakeFiles/SPIRV-Tools-shared.dir/print.cpp.o -MF source/CMakeFiles/SPIRV-Tools-shared.dir/print.cpp.o.d -o source/CMakeFiles/SPIRV-Tools-shared.dir/print.cpp.o -c /home/abuild/rpmbuild/BUILD/SPIRV-Tools-2022.1/source/print.cpp
[  628s] [36/322] /usr/bin/c++ -DSPIRV_COLOR_TERMINAL -DSPIRV_LINUX -DSPIRV_TIMER_ENABLED -DSPIRV_TOOLS_IMPLEMENTATION -DSPIRV_TOOLS_SHAREDLIB -DSPIRV_Tools_shared_EXPORTS -I/home/abuild/rpmbuild/BUILD/SPIRV-Tools-2022.1 -I/home/abuild/rpmbuild/BUILD/SPIRV-Tools-2022.1/include -I/home/abuild/rpmbuild/BUILD/SPIRV-Tools-2022.1/riscv64-openEuler-linux-gnu -O2 -g -pipe -Wall -Werror=format-security -Wp,-D_FORTIFY_SOURCE=2 -Wp,-D_GLIBCXX_ASSERTIONS -fstack-protector-strong -grecord-gcc-switches -specs=/usr/lib/rpm/generic-hardened-cc1 -fasynchronous-unwind-tables -fstack-clash-protection -DNDEBUG -fPIC -fvisibility=hidden -Wall -Wextra -Wnon-virtual-dtor -Wno-missing-field-initializers -Werror -std=c++11 -fno-exceptions -Wno-long-long -Wshadow -Wundef -Wconversion -Wno-sign-conversion -std=gnu++11 -MD -MT source/CMakeFiles/SPIRV-Tools-shared.dir/software_version.cpp.o -MF source/CMakeFiles/SPIRV-Tools-shared.dir/software_version.cpp.o.d -o source/CMakeFiles/SPIRV-Tools-shared.dir/software_version.cpp.o -c /home/abuild/rpmbuild/BUILD/SPIRV-Tools-2022.1/source/software_version.cpp
[  629s] [37/322] /usr/bin/c++ -DSPIRV_COLOR_TERMINAL -DSPIRV_LINUX -DSPIRV_TIMER_ENABLED -DSPIRV_TOOLS_IMPLEMENTATION -DSPIRV_TOOLS_SHAREDLIB -DSPIRV_Tools_shared_EXPORTS -I/home/abuild/rpmbuild/BUILD/SPIRV-Tools-2022.1 -I/home/abuild/rpmbuild/BUILD/SPIRV-Tools-2022.1/include -I/home/abuild/rpmbuild/BUILD/SPIRV-Tools-2022.1/riscv64-openEuler-linux-gnu -O2 -g -pipe -Wall -Werror=format-security -Wp,-D_FORTIFY_SOURCE=2 -Wp,-D_GLIBCXX_ASSERTIONS -fstack-protector-strong -grecord-gcc-switches -specs=/usr/lib/rpm/generic-hardened-cc1 -fasynchronous-unwind-tables -fstack-clash-protection -DNDEBUG -fPIC -fvisibility=hidden -Wall -Wextra -Wnon-virtual-dtor -Wno-missing-field-initializers -Werror -std=c++11 -fno-exceptions -Wno-long-long -Wshadow -Wundef -Wconversion -Wno-sign-conversion -std=gnu++11 -MD -MT source/CMakeFiles/SPIRV-Tools-shared.dir/spirv_endian.cpp.o -MF source/CMakeFiles/SPIRV-Tools-shared.dir/spirv_endian.cpp.o.d -o source/CMakeFiles/SPIRV-Tools-shared.dir/spirv_endian.cpp.o -c /home/abuild/rpmbuild/BUILD/SPIRV-Tools-2022.1/source/spirv_endian.cpp
[  631s] [38/322] /usr/bin/c++ -DSPIRV_COLOR_TERMINAL -DSPIRV_LINUX -DSPIRV_TIMER_ENABLED -DSPIRV_TOOLS_IMPLEMENTATION -DSPIRV_TOOLS_SHAREDLIB -DSPIRV_Tools_shared_EXPORTS -I/home/abuild/rpmbuild/BUILD/SPIRV-Tools-2022.1 -I/home/abuild/rpmbuild/BUILD/SPIRV-Tools-2022.1/include -I/home/abuild/rpmbuild/BUILD/SPIRV-Tools-2022.1/riscv64-openEuler-linux-gnu -O2 -g -pipe -Wall -Werror=format-security -Wp,-D_FORTIFY_SOURCE=2 -Wp,-D_GLIBCXX_ASSERTIONS -fstack-protector-strong -grecord-gcc-switches -specs=/usr/lib/rpm/generic-hardened-cc1 -fasynchronous-unwind-tables -fstack-clash-protection -DNDEBUG -fPIC -fvisibility=hidden -Wall -Wextra -Wnon-virtual-dtor -Wno-missing-field-initializers -Werror -std=c++11 -fno-exceptions -Wno-long-long -Wshadow -Wundef -Wconversion -Wno-sign-conversion -std=gnu++11 -MD -MT source/CMakeFiles/SPIRV-Tools-shared.dir/spirv_fuzzer_options.cpp.o -MF source/CMakeFiles/SPIRV-Tools-shared.dir/spirv_fuzzer_options.cpp.o.d -o source/CMakeFiles/SPIRV-Tools-shared.dir/spirv_fuzzer_options.cpp.o -c /home/abuild/rpmbuild/BUILD/SPIRV-Tools-2022.1/source/spirv_fuzzer_options.cpp
[  632s] [39/322] /usr/bin/c++ -DSPIRV_COLOR_TERMINAL -DSPIRV_LINUX -DSPIRV_TIMER_ENABLED -DSPIRV_TOOLS_IMPLEMENTATION -DSPIRV_TOOLS_SHAREDLIB -DSPIRV_Tools_shared_EXPORTS -I/home/abuild/rpmbuild/BUILD/SPIRV-Tools-2022.1 -I/home/abuild/rpmbuild/BUILD/SPIRV-Tools-2022.1/include -I/home/abuild/rpmbuild/BUILD/SPIRV-Tools-2022.1/riscv64-openEuler-linux-gnu -O2 -g -pipe -Wall -Werror=format-security -Wp,-D_FORTIFY_SOURCE=2 -Wp,-D_GLIBCXX_ASSERTIONS -fstack-protector-strong -grecord-gcc-switches -specs=/usr/lib/rpm/generic-hardened-cc1 -fasynchronous-unwind-tables -fstack-clash-protection -DNDEBUG -fPIC -fvisibility=hidden -Wall -Wextra -Wnon-virtual-dtor -Wno-missing-field-initializers -Werror -std=c++11 -fno-exceptions -Wno-long-long -Wshadow -Wundef -Wconversion -Wno-sign-conversion -std=gnu++11 -MD -MT source/CMakeFiles/SPIRV-Tools-shared.dir/spirv_optimizer_options.cpp.o -MF source/CMakeFiles/SPIRV-Tools-shared.dir/spirv_optimizer_options.cpp.o.d -o source/CMakeFiles/SPIRV-Tools-shared.dir/spirv_optimizer_options.cpp.o -c /home/abuild/rpmbuild/BUILD/SPIRV-Tools-2022.1/source/spirv_optimizer_options.cpp
[  635s] [40/322] /usr/bin/c++ -DSPIRV_COLOR_TERMINAL -DSPIRV_LINUX -DSPIRV_TIMER_ENABLED -DSPIRV_TOOLS_IMPLEMENTATION -DSPIRV_TOOLS_SHAREDLIB -DSPIRV_Tools_shared_EXPORTS -I/home/abuild/rpmbuild/BUILD/SPIRV-Tools-2022.1 -I/home/abuild/rpmbuild/BUILD/SPIRV-Tools-2022.1/include -I/home/abuild/rpmbuild/BUILD/SPIRV-Tools-2022.1/riscv64-openEuler-linux-gnu -O2 -g -pipe -Wall -Werror=format-security -Wp,-D_FORTIFY_SOURCE=2 -Wp,-D_GLIBCXX_ASSERTIONS -fstack-protector-strong -grecord-gcc-switches -specs=/usr/lib/rpm/generic-hardened-cc1 -fasynchronous-unwind-tables -fstack-clash-protection -DNDEBUG -fPIC -fvisibility=hidden -Wall -Wextra -Wnon-virtual-dtor -Wno-missing-field-initializers -Werror -std=c++11 -fno-exceptions -Wno-long-long -Wshadow -Wundef -Wconversion -Wno-sign-conversion -std=gnu++11 -MD -MT source/CMakeFiles/SPIRV-Tools-shared.dir/spirv_reducer_options.cpp.o -MF source/CMakeFiles/SPIRV-Tools-shared.dir/spirv_reducer_options.cpp.o.d -o source/CMakeFiles/SPIRV-Tools-shared.dir/spirv_reducer_options.cpp.o -c /home/abuild/rpmbuild/BUILD/SPIRV-Tools-2022.1/source/spirv_reducer_options.cpp
[  639s] [41/322] /usr/bin/c++ -DSPIRV_COLOR_TERMINAL -DSPIRV_LINUX -DSPIRV_TIMER_ENABLED -DSPIRV_TOOLS_IMPLEMENTATION -DSPIRV_TOOLS_SHAREDLIB -DSPIRV_Tools_shared_EXPORTS -I/home/abuild/rpmbuild/BUILD/SPIRV-Tools-2022.1 -I/home/abuild/rpmbuild/BUILD/SPIRV-Tools-2022.1/include -I/home/abuild/rpmbuild/BUILD/SPIRV-Tools-2022.1/riscv64-openEuler-linux-gnu -O2 -g -pipe -Wall -Werror=format-security -Wp,-D_FORTIFY_SOURCE=2 -Wp,-D_GLIBCXX_ASSERTIONS -fstack-protector-strong -grecord-gcc-switches -specs=/usr/lib/rpm/generic-hardened-cc1 -fasynchronous-unwind-tables -fstack-clash-protection -DNDEBUG -fPIC -fvisibility=hidden -Wall -Wextra -Wnon-virtual-dtor -Wno-missing-field-initializers -Werror -std=c++11 -fno-exceptions -Wno-long-long -Wshadow -Wundef -Wconversion -Wno-sign-conversion -std=gnu++11 -MD -MT source/CMakeFiles/SPIRV-Tools-shared.dir/spirv_target_env.cpp.o -MF source/CMakeFiles/SPIRV-Tools-shared.dir/spirv_target_env.cpp.o.d -o source/CMakeFiles/SPIRV-Tools-shared.dir/spirv_target_env.cpp.o -c /home/abuild/rpmbuild/BUILD/SPIRV-Tools-2022.1/source/spirv_target_env.cpp
[  640s] [42/322] /usr/bin/c++ -DSPIRV_COLOR_TERMINAL -DSPIRV_LINUX -DSPIRV_TIMER_ENABLED -DSPIRV_TOOLS_IMPLEMENTATION -DSPIRV_TOOLS_SHAREDLIB -DSPIRV_Tools_shared_EXPORTS -I/home/abuild/rpmbuild/BUILD/SPIRV-Tools-2022.1 -I/home/abuild/rpmbuild/BUILD/SPIRV-Tools-2022.1/include -I/home/abuild/rpmbuild/BUILD/SPIRV-Tools-2022.1/riscv64-openEuler-linux-gnu -O2 -g -pipe -Wall -Werror=format-security -Wp,-D_FORTIFY_SOURCE=2 -Wp,-D_GLIBCXX_ASSERTIONS -fstack-protector-strong -grecord-gcc-switches -specs=/usr/lib/rpm/generic-hardened-cc1 -fasynchronous-unwind-tables -fstack-clash-protection -DNDEBUG -fPIC -fvisibility=hidden -Wall -Wextra -Wnon-virtual-dtor -Wno-missing-field-initializers -Werror -std=c++11 -fno-exceptions -Wno-long-long -Wshadow -Wundef -Wconversion -Wno-sign-conversion -std=gnu++11 -MD -MT source/CMakeFiles/SPIRV-Tools-shared.dir/spirv_validator_options.cpp.o -MF source/CMakeFiles/SPIRV-Tools-shared.dir/spirv_validator_options.cpp.o.d -o source/CMakeFiles/SPIRV-Tools-shared.dir/spirv_validator_options.cpp.o -c /home/abuild/rpmbuild/BUILD/SPIRV-Tools-2022.1/source/spirv_validator_options.cpp
[  644s] [43/322] /usr/bin/c++ -DSPIRV_COLOR_TERMINAL -DSPIRV_LINUX -DSPIRV_TIMER_ENABLED -DSPIRV_TOOLS_IMPLEMENTATION -DSPIRV_TOOLS_SHAREDLIB -DSPIRV_Tools_shared_EXPORTS -I/home/abuild/rpmbuild/BUILD/SPIRV-Tools-2022.1 -I/home/abuild/rpmbuild/BUILD/SPIRV-Tools-2022.1/include -I/home/abuild/rpmbuild/BUILD/SPIRV-Tools-2022.1/riscv64-openEuler-linux-gnu -O2 -g -pipe -Wall -Werror=format-security -Wp,-D_FORTIFY_SOURCE=2 -Wp,-D_GLIBCXX_ASSERTIONS -fstack-protector-strong -grecord-gcc-switches -specs=/usr/lib/rpm/generic-hardened-cc1 -fasynchronous-unwind-tables -fstack-clash-protection -DNDEBUG -fPIC -fvisibility=hidden -Wall -Wextra -Wnon-virtual-dtor -Wno-missing-field-initializers -Werror -std=c++11 -fno-exceptions -Wno-long-long -Wshadow -Wundef -Wconversion -Wno-sign-conversion -std=gnu++11 -MD -MT source/CMakeFiles/SPIRV-Tools-shared.dir/table.cpp.o -MF source/CMakeFiles/SPIRV-Tools-shared.dir/table.cpp.o.d -o source/CMakeFiles/SPIRV-Tools-shared.dir/table.cpp.o -c /home/abuild/rpmbuild/BUILD/SPIRV-Tools-2022.1/source/table.cpp
[  655s] [44/322] /usr/bin/c++ -DSPIRV_COLOR_TERMINAL -DSPIRV_LINUX -DSPIRV_TIMER_ENABLED -DSPIRV_TOOLS_IMPLEMENTATION -DSPIRV_TOOLS_SHAREDLIB -DSPIRV_Tools_shared_EXPORTS -I/home/abuild/rpmbuild/BUILD/SPIRV-Tools-2022.1 -I/home/abuild/rpmbuild/BUILD/SPIRV-Tools-2022.1/include -I/home/abuild/rpmbuild/BUILD/SPIRV-Tools-2022.1/riscv64-openEuler-linux-gnu -O2 -g -pipe -Wall -Werror=format-security -Wp,-D_FORTIFY_SOURCE=2 -Wp,-D_GLIBCXX_ASSERTIONS -fstack-protector-strong -grecord-gcc-switches -specs=/usr/lib/rpm/generic-hardened-cc1 -fasynchronous-unwind-tables -fstack-clash-protection -DNDEBUG -fPIC -fvisibility=hidden -Wall -Wextra -Wnon-virtual-dtor -Wno-missing-field-initializers -Werror -std=c++11 -fno-exceptions -Wno-long-long -Wshadow -Wundef -Wconversion -Wno-sign-conversion -std=gnu++11 -MD -MT source/CMakeFiles/SPIRV-Tools-shared.dir/text.cpp.o -MF source/CMakeFiles/SPIRV-Tools-shared.dir/text.cpp.o.d -o source/CMakeFiles/SPIRV-Tools-shared.dir/text.cpp.o -c /home/abuild/rpmbuild/BUILD/SPIRV-Tools-2022.1/source/text.cpp
[  667s] [45/322] /usr/bin/c++ -DSPIRV_COLOR_TERMINAL -DSPIRV_LINUX -DSPIRV_TIMER_ENABLED -DSPIRV_TOOLS_IMPLEMENTATION -DSPIRV_TOOLS_SHAREDLIB -DSPIRV_Tools_shared_EXPORTS -I/home/abuild/rpmbuild/BUILD/SPIRV-Tools-2022.1 -I/home/abuild/rpmbuild/BUILD/SPIRV-Tools-2022.1/include -I/home/abuild/rpmbuild/BUILD/SPIRV-Tools-2022.1/riscv64-openEuler-linux-gnu -O2 -g -pipe -Wall -Werror=format-security -Wp,-D_FORTIFY_SOURCE=2 -Wp,-D_GLIBCXX_ASSERTIONS -fstack-protector-strong -grecord-gcc-switches -specs=/usr/lib/rpm/generic-hardened-cc1 -fasynchronous-unwind-tables -fstack-clash-protection -DNDEBUG -fPIC -fvisibility=hidden -Wall -Wextra -Wnon-virtual-dtor -Wno-missing-field-initializers -Werror -std=c++11 -fno-exceptions -Wno-long-long -Wshadow -Wundef -Wconversion -Wno-sign-conversion -std=gnu++11 -MD -MT source/CMakeFiles/SPIRV-Tools-shared.dir/text_handler.cpp.o -MF source/CMakeFiles/SPIRV-Tools-shared.dir/text_handler.cpp.o.d -o source/CMakeFiles/SPIRV-Tools-shared.dir/text_handler.cpp.o -c /home/abuild/rpmbuild/BUILD/SPIRV-Tools-2022.1/source/text_handler.cpp
[  685s] [46/322] /usr/bin/c++ -DSPIRV_COLOR_TERMINAL -DSPIRV_LINUX -DSPIRV_TIMER_ENABLED -DSPIRV_TOOLS_IMPLEMENTATION -DSPIRV_TOOLS_SHAREDLIB -DSPIRV_Tools_shared_EXPORTS -I/home/abuild/rpmbuild/BUILD/SPIRV-Tools-2022.1 -I/home/abuild/rpmbuild/BUILD/SPIRV-Tools-2022.1/include -I/home/abuild/rpmbuild/BUILD/SPIRV-Tools-2022.1/riscv64-openEuler-linux-gnu -O2 -g -pipe -Wall -Werror=format-security -Wp,-D_FORTIFY_SOURCE=2 -Wp,-D_GLIBCXX_ASSERTIONS -fstack-protector-strong -grecord-gcc-switches -specs=/usr/lib/rpm/generic-hardened-cc1 -fasynchronous-unwind-tables -fstack-clash-protection -DNDEBUG -fPIC -fvisibility=hidden -Wall -Wextra -Wnon-virtual-dtor -Wno-missing-field-initializers -Werror -std=c++11 -fno-exceptions -Wno-long-long -Wshadow -Wundef -Wconversion -Wno-sign-conversion -std=gnu++11 -MD -MT source/CMakeFiles/SPIRV-Tools-shared.dir/val/validate.cpp.o -MF source/CMakeFiles/SPIRV-Tools-shared.dir/val/validate.cpp.o.d -o source/CMakeFiles/SPIRV-Tools-shared.dir/val/validate.cpp.o -c /home/abuild/rpmbuild/BUILD/SPIRV-Tools-2022.1/source/val/validate.cpp
[  695s] [47/322] /usr/bin/c++ -DSPIRV_COLOR_TERMINAL -DSPIRV_LINUX -DSPIRV_TIMER_ENABLED -DSPIRV_TOOLS_IMPLEMENTATION -DSPIRV_TOOLS_SHAREDLIB -DSPIRV_Tools_shared_EXPORTS -I/home/abuild/rpmbuild/BUILD/SPIRV-Tools-2022.1 -I/home/abuild/rpmbuild/BUILD/SPIRV-Tools-2022.1/include -I/home/abuild/rpmbuild/BUILD/SPIRV-Tools-2022.1/riscv64-openEuler-linux-gnu -O2 -g -pipe -Wall -Werror=format-security -Wp,-D_FORTIFY_SOURCE=2 -Wp,-D_GLIBCXX_ASSERTIONS -fstack-protector-strong -grecord-gcc-switches -specs=/usr/lib/rpm/generic-hardened-cc1 -fasynchronous-unwind-tables -fstack-clash-protection -DNDEBUG -fPIC -fvisibility=hidden -Wall -Wextra -Wnon-virtual-dtor -Wno-missing-field-initializers -Werror -std=c++11 -fno-exceptions -Wno-long-long -Wshadow -Wundef -Wconversion -Wno-sign-conversion -std=gnu++11 -MD -MT source/CMakeFiles/SPIRV-Tools-shared.dir/val/validate_adjacency.cpp.o -MF source/CMakeFiles/SPIRV-Tools-shared.dir/val/validate_adjacency.cpp.o.d -o source/CMakeFiles/SPIRV-Tools-shared.dir/val/validate_adjacency.cpp.o -c /home/abuild/rpmbuild/BUILD/SPIRV-Tools-2022.1/source/val/validate_adjacency.cpp
[  711s] [48/322] /usr/bin/c++ -DSPIRV_COLOR_TERMINAL -DSPIRV_LINUX -DSPIRV_TIMER_ENABLED -DSPIRV_TOOLS_IMPLEMENTATION -DSPIRV_TOOLS_SHAREDLIB -DSPIRV_Tools_shared_EXPORTS -I/home/abuild/rpmbuild/BUILD/SPIRV-Tools-2022.1 -I/home/abuild/rpmbuild/BUILD/SPIRV-Tools-2022.1/include -I/home/abuild/rpmbuild/BUILD/SPIRV-Tools-2022.1/riscv64-openEuler-linux-gnu -O2 -g -pipe -Wall -Werror=format-security -Wp,-D_FORTIFY_SOURCE=2 -Wp,-D_GLIBCXX_ASSERTIONS -fstack-protector-strong -grecord-gcc-switches -specs=/usr/lib/rpm/generic-hardened-cc1 -fasynchronous-unwind-tables -fstack-clash-protection -DNDEBUG -fPIC -fvisibility=hidden -Wall -Wextra -Wnon-virtual-dtor -Wno-missing-field-initializers -Werror -std=c++11 -fno-exceptions -Wno-long-long -Wshadow -Wundef -Wconversion -Wno-sign-conversion -std=gnu++11 -MD -MT source/CMakeFiles/SPIRV-Tools-shared.dir/val/validate_annotation.cpp.o -MF source/CMakeFiles/SPIRV-Tools-shared.dir/val/validate_annotation.cpp.o.d -o source/CMakeFiles/SPIRV-Tools-shared.dir/val/validate_annotation.cpp.o -c /home/abuild/rpmbuild/BUILD/SPIRV-Tools-2022.1/source/val/validate_annotation.cpp
[  723s] [49/322] /usr/bin/c++ -DSPIRV_COLOR_TERMINAL -DSPIRV_LINUX -DSPIRV_TIMER_ENABLED -DSPIRV_TOOLS_IMPLEMENTATION -DSPIRV_TOOLS_SHAREDLIB -DSPIRV_Tools_shared_EXPORTS -I/home/abuild/rpmbuild/BUILD/SPIRV-Tools-2022.1 -I/home/abuild/rpmbuild/BUILD/SPIRV-Tools-2022.1/include -I/home/abuild/rpmbuild/BUILD/SPIRV-Tools-2022.1/riscv64-openEuler-linux-gnu -O2 -g -pipe -Wall -Werror=format-security -Wp,-D_FORTIFY_SOURCE=2 -Wp,-D_GLIBCXX_ASSERTIONS -fstack-protector-strong -grecord-gcc-switches -specs=/usr/lib/rpm/generic-hardened-cc1 -fasynchronous-unwind-tables -fstack-clash-protection -DNDEBUG -fPIC -fvisibility=hidden -Wall -Wextra -Wnon-virtual-dtor -Wno-missing-field-initializers -Werror -std=c++11 -fno-exceptions -Wno-long-long -Wshadow -Wundef -Wconversion -Wno-sign-conversion -std=gnu++11 -MD -MT source/CMakeFiles/SPIRV-Tools-shared.dir/val/validate_arithmetics.cpp.o -MF source/CMakeFiles/SPIRV-Tools-shared.dir/val/validate_arithmetics.cpp.o.d -o source/CMakeFiles/SPIRV-Tools-shared.dir/val/validate_arithmetics.cpp.o -c /home/abuild/rpmbuild/BUILD/SPIRV-Tools-2022.1/source/val/validate_arithmetics.cpp
[  735s] [50/322] /usr/bin/c++ -DSPIRV_COLOR_TERMINAL -DSPIRV_LINUX -DSPIRV_TIMER_ENABLED -DSPIRV_TOOLS_IMPLEMENTATION -DSPIRV_TOOLS_SHAREDLIB -DSPIRV_Tools_shared_EXPORTS -I/home/abuild/rpmbuild/BUILD/SPIRV-Tools-2022.1 -I/home/abuild/rpmbuild/BUILD/SPIRV-Tools-2022.1/include -I/home/abuild/rpmbuild/BUILD/SPIRV-Tools-2022.1/riscv64-openEuler-linux-gnu -O2 -g -pipe -Wall -Werror=format-security -Wp,-D_FORTIFY_SOURCE=2 -Wp,-D_GLIBCXX_ASSERTIONS -fstack-protector-strong -grecord-gcc-switches -specs=/usr/lib/rpm/generic-hardened-cc1 -fasynchronous-unwind-tables -fstack-clash-protection -DNDEBUG -fPIC -fvisibility=hidden -Wall -Wextra -Wnon-virtual-dtor -Wno-missing-field-initializers -Werror -std=c++11 -fno-exceptions -Wno-long-long -Wshadow -Wundef -Wconversion -Wno-sign-conversion -std=gnu++11 -MD -MT source/CMakeFiles/SPIRV-Tools-shared.dir/val/validate_atomics.cpp.o -MF source/CMakeFiles/SPIRV-Tools-shared.dir/val/validate_atomics.cpp.o.d -o source/CMakeFiles/SPIRV-Tools-shared.dir/val/validate_atomics.cpp.o -c /home/abuild/rpmbuild/BUILD/SPIRV-Tools-2022.1/source/val/validate_atomics.cpp
[  745s] [51/322] /usr/bin/c++ -DSPIRV_COLOR_TERMINAL -DSPIRV_LINUX -DSPIRV_TIMER_ENABLED -DSPIRV_TOOLS_IMPLEMENTATION -DSPIRV_TOOLS_SHAREDLIB -DSPIRV_Tools_shared_EXPORTS -I/home/abuild/rpmbuild/BUILD/SPIRV-Tools-2022.1 -I/home/abuild/rpmbuild/BUILD/SPIRV-Tools-2022.1/include -I/home/abuild/rpmbuild/BUILD/SPIRV-Tools-2022.1/riscv64-openEuler-linux-gnu -O2 -g -pipe -Wall -Werror=format-security -Wp,-D_FORTIFY_SOURCE=2 -Wp,-D_GLIBCXX_ASSERTIONS -fstack-protector-strong -grecord-gcc-switches -specs=/usr/lib/rpm/generic-hardened-cc1 -fasynchronous-unwind-tables -fstack-clash-protection -DNDEBUG -fPIC -fvisibility=hidden -Wall -Wextra -Wnon-virtual-dtor -Wno-missing-field-initializers -Werror -std=c++11 -fno-exceptions -Wno-long-long -Wshadow -Wundef -Wconversion -Wno-sign-conversion -std=gnu++11 -MD -MT source/CMakeFiles/SPIRV-Tools-shared.dir/val/validate_barriers.cpp.o -MF source/CMakeFiles/SPIRV-Tools-shared.dir/val/validate_barriers.cpp.o.d -o source/CMakeFiles/SPIRV-Tools-shared.dir/val/validate_barriers.cpp.o -c /home/abuild/rpmbuild/BUILD/SPIRV-Tools-2022.1/source/val/validate_barriers.cpp
[  756s] [52/322] /usr/bin/c++ -DSPIRV_COLOR_TERMINAL -DSPIRV_LINUX -DSPIRV_TIMER_ENABLED -DSPIRV_TOOLS_IMPLEMENTATION -DSPIRV_TOOLS_SHAREDLIB -DSPIRV_Tools_shared_EXPORTS -I/home/abuild/rpmbuild/BUILD/SPIRV-Tools-2022.1 -I/home/abuild/rpmbuild/BUILD/SPIRV-Tools-2022.1/include -I/home/abuild/rpmbuild/BUILD/SPIRV-Tools-2022.1/riscv64-openEuler-linux-gnu -O2 -g -pipe -Wall -Werror=format-security -Wp,-D_FORTIFY_SOURCE=2 -Wp,-D_GLIBCXX_ASSERTIONS -fstack-protector-strong -grecord-gcc-switches -specs=/usr/lib/rpm/generic-hardened-cc1 -fasynchronous-unwind-tables -fstack-clash-protection -DNDEBUG -fPIC -fvisibility=hidden -Wall -Wextra -Wnon-virtual-dtor -Wno-missing-field-initializers -Werror -std=c++11 -fno-exceptions -Wno-long-long -Wshadow -Wundef -Wconversion -Wno-sign-conversion -std=gnu++11 -MD -MT source/CMakeFiles/SPIRV-Tools-shared.dir/val/validate_bitwise.cpp.o -MF source/CMakeFiles/SPIRV-Tools-shared.dir/val/validate_bitwise.cpp.o.d -o source/CMakeFiles/SPIRV-Tools-shared.dir/val/validate_bitwise.cpp.o -c /home/abuild/rpmbuild/BUILD/SPIRV-Tools-2022.1/source/val/validate_bitwise.cpp
[  799s] [53/322] /usr/bin/c++ -DSPIRV_COLOR_TERMINAL -DSPIRV_LINUX -DSPIRV_TIMER_ENABLED -DSPIRV_TOOLS_IMPLEMENTATION -DSPIRV_TOOLS_SHAREDLIB -DSPIRV_Tools_shared_EXPORTS -I/home/abuild/rpmbuild/BUILD/SPIRV-Tools-2022.1 -I/home/abuild/rpmbuild/BUILD/SPIRV-Tools-2022.1/include -I/home/abuild/rpmbuild/BUILD/SPIRV-Tools-2022.1/riscv64-openEuler-linux-gnu -O2 -g -pipe -Wall -Werror=format-security -Wp,-D_FORTIFY_SOURCE=2 -Wp,-D_GLIBCXX_ASSERTIONS -fstack-protector-strong -grecord-gcc-switches -specs=/usr/lib/rpm/generic-hardened-cc1 -fasynchronous-unwind-tables -fstack-clash-protection -DNDEBUG -fPIC -fvisibility=hidden -Wall -Wextra -Wnon-virtual-dtor -Wno-missing-field-initializers -Werror -std=c++11 -fno-exceptions -Wno-long-long -Wshadow -Wundef -Wconversion -Wno-sign-conversion -std=gnu++11 -MD -MT source/CMakeFiles/SPIRV-Tools-shared.dir/val/validate_builtins.cpp.o -MF source/CMakeFiles/SPIRV-Tools-shared.dir/val/validate_builtins.cpp.o.d -o source/CMakeFiles/SPIRV-Tools-shared.dir/val/validate_builtins.cpp.o -c /home/abuild/rpmbuild/BUILD/SPIRV-Tools-2022.1/source/val/validate_builtins.cpp
[  799s] FAILED: source/CMakeFiles/SPIRV-Tools-shared.dir/val/validate_builtins.cpp.o 
[  799s] /usr/bin/c++ -DSPIRV_COLOR_TERMINAL -DSPIRV_LINUX -DSPIRV_TIMER_ENABLED -DSPIRV_TOOLS_IMPLEMENTATION -DSPIRV_TOOLS_SHAREDLIB -DSPIRV_Tools_shared_EXPORTS -I/home/abuild/rpmbuild/BUILD/SPIRV-Tools-2022.1 -I/home/abuild/rpmbuild/BUILD/SPIRV-Tools-2022.1/include -I/home/abuild/rpmbuild/BUILD/SPIRV-Tools-2022.1/riscv64-openEuler-linux-gnu -O2 -g -pipe -Wall -Werror=format-security -Wp,-D_FORTIFY_SOURCE=2 -Wp,-D_GLIBCXX_ASSERTIONS -fstack-protector-strong -grecord-gcc-switches -specs=/usr/lib/rpm/generic-hardened-cc1 -fasynchronous-unwind-tables -fstack-clash-protection -DNDEBUG -fPIC -fvisibility=hidden -Wall -Wextra -Wnon-virtual-dtor -Wno-missing-field-initializers -Werror -std=c++11 -fno-exceptions -Wno-long-long -Wshadow -Wundef -Wconversion -Wno-sign-conversion -std=gnu++11 -MD -MT source/CMakeFiles/SPIRV-Tools-shared.dir/val/validate_builtins.cpp.o -MF source/CMakeFiles/SPIRV-Tools-shared.dir/val/validate_builtins.cpp.o.d -o source/CMakeFiles/SPIRV-Tools-shared.dir/val/validate_builtins.cpp.o -c /home/abuild/rpmbuild/BUILD/SPIRV-Tools-2022.1/source/val/validate_builtins.cpp
[  799s] /home/abuild/rpmbuild/BUILD/SPIRV-Tools-2022.1/source/val/validate_builtins.cpp: In member function 'spv_result_t spvtools::val::{anonymous}::BuiltInsValidator::ValidateSingleBuiltInAtDefinition(const spvtools::val::Decoration&, const spvtools::val::Instruction&)':
[  799s] /home/abuild/rpmbuild/BUILD/SPIRV-Tools-2022.1/source/val/validate_builtins.cpp:4010:10: error: enumeration value 'SpvBuiltInCoreIDARM' not handled in switch [-Werror=switch]
[  799s]  4010 |   switch (label) {
[  799s]       |          ^
[  799s] /home/abuild/rpmbuild/BUILD/SPIRV-Tools-2022.1/source/val/validate_builtins.cpp:4010:10: error: enumeration value 'SpvBuiltInCoreCountARM' not handled in switch [-Werror=switch]
[  799s] /home/abuild/rpmbuild/BUILD/SPIRV-Tools-2022.1/source/val/validate_builtins.cpp:4010:10: error: enumeration value 'SpvBuiltInCoreMaxIDARM' not handled in switch [-Werror=switch]
[  799s] /home/abuild/rpmbuild/BUILD/SPIRV-Tools-2022.1/source/val/validate_builtins.cpp:4010:10: error: enumeration value 'SpvBuiltInWarpIDARM' not handled in switch [-Werror=switch]
[  799s] /home/abuild/rpmbuild/BUILD/SPIRV-Tools-2022.1/source/val/validate_builtins.cpp:4010:10: error: enumeration value 'SpvBuiltInWarpMaxIDARM' not handled in switch [-Werror=switch]
[  799s] /home/abuild/rpmbuild/BUILD/SPIRV-Tools-2022.1/source/val/validate_builtins.cpp:4010:10: error: enumeration value 'SpvBuiltInPrimitivePointIndicesEXT' not handled in switch [-Werror=switch]
[  799s] /home/abuild/rpmbuild/BUILD/SPIRV-Tools-2022.1/source/val/validate_builtins.cpp:4010:10: error: enumeration value 'SpvBuiltInPrimitiveLineIndicesEXT' not handled in switch [-Werror=switch]
[  799s] /home/abuild/rpmbuild/BUILD/SPIRV-Tools-2022.1/source/val/validate_builtins.cpp:4010:10: error: enumeration value 'SpvBuiltInPrimitiveTriangleIndicesEXT' not handled in switch [-Werror=switch]
[  799s] /home/abuild/rpmbuild/BUILD/SPIRV-Tools-2022.1/source/val/validate_builtins.cpp:4010:10: error: enumeration value 'SpvBuiltInCullPrimitiveEXT' not handled in switch [-Werror=switch]
[  799s] /home/abuild/rpmbuild/BUILD/SPIRV-Tools-2022.1/source/val/validate_builtins.cpp:4010:10: error: enumeration value 'SpvBuiltInCullMaskKHR' not handled in switch [-Werror=switch]
[  799s] cc1plus: all warnings being treated as errors
[  799s] ninja: build stopped: subcommand failed.
[  799s] error: Bad exit status from /var/tmp/rpm-tmp.AW2TIN (%build)
[  799s] 
[  799s] RPM build errors:
[  799s]     Bad exit status from /var/tmp/rpm-tmp.AW2TIN (%build)
[  800s] 
[  800s]  failed "build _service:tar_scm:spirv-tools.spec" at Sat Apr 15 02:14:12 UTC 2023.
[  800s] 
[  800s] 
[  800s] oerv-obs-worker-09 failed "build _service:tar_scm:spirv-tools.spec" at Sat Apr 15 02:14:12 UTC 2023.
[  800s] 
